
===========================================================================
report_checks -unconstrained
===========================================================================
======================= Typical Corner ===================================

Startpoint: _09341_ (rising edge-triggered flip-flop clocked by clk_i')
Endpoint: port1_data_o[15] (output port clocked by clk_i)
Path Group: clk_i
Path Type: max

Fanout     Cap    Slew   Delay    Time   Description
-----------------------------------------------------------------------------
                          5.00    5.00   clock clk_i' (rise edge)
                          0.00    5.00   clock source latency
                  0.01    0.00    5.00 v clk_i (in)
     1    0.00                           clk_i (net)
                  0.01    0.00    5.00 v _07986_/A (sky130_fd_sc_hd__buf_1)
                  0.05    0.10    5.10 v _07986_/X (sky130_fd_sc_hd__buf_1)
     1    0.01                           _04443_ (net)
                  0.05    0.00    5.10 v clkbuf_0__04443_/A (sky130_fd_sc_hd__clkbuf_16)
                  0.03    0.15    5.25 v clkbuf_0__04443_/X (sky130_fd_sc_hd__clkbuf_16)
     2    0.01                           clknet_0__04443_ (net)
                  0.03    0.00    5.25 v clkbuf_1_1__f__04443_/A (sky130_fd_sc_hd__clkbuf_16)
                  0.03    0.14    5.39 v clkbuf_1_1__f__04443_/X (sky130_fd_sc_hd__clkbuf_16)
     4    0.01                           clknet_1_1__leaf__04443_ (net)
                  0.03    0.00    5.39 v _08209_/A (sky130_fd_sc_hd__buf_1)
                  0.05    0.10    5.49 v _08209_/X (sky130_fd_sc_hd__buf_1)
     1    0.01                           _04457_ (net)
                  0.05    0.00    5.49 v clkbuf_0__04457_/A (sky130_fd_sc_hd__clkbuf_16)
                  0.03    0.15    5.64 v clkbuf_0__04457_/X (sky130_fd_sc_hd__clkbuf_16)
     2    0.01                           clknet_0__04457_ (net)
                  0.03    0.00    5.64 v clkbuf_1_0__f__04457_/A (sky130_fd_sc_hd__clkbuf_16)
                  0.03    0.14    5.79 v clkbuf_1_0__f__04457_/X (sky130_fd_sc_hd__clkbuf_16)
     6    0.01                           clknet_1_0__leaf__04457_ (net)
                  0.03    0.00    5.79 v _08270_/A (sky130_fd_sc_hd__buf_1)
                  0.05    0.11    5.89 v _08270_/X (sky130_fd_sc_hd__buf_1)
     1    0.01                           _04461_ (net)
                  0.05    0.00    5.89 v clkbuf_0__04461_/A (sky130_fd_sc_hd__clkbuf_16)
                  0.03    0.15    6.04 v clkbuf_0__04461_/X (sky130_fd_sc_hd__clkbuf_16)
     2    0.01                           clknet_0__04461_ (net)
                  0.03    0.00    6.04 v clkbuf_1_1__f__04461_/A (sky130_fd_sc_hd__clkbuf_16)
                  0.04    0.16    6.20 v clkbuf_1_1__f__04461_/X (sky130_fd_sc_hd__clkbuf_16)
     8    0.03                           clknet_1_1__leaf__04461_ (net)
                  0.04    0.00    6.20 v _08276__327/A (sky130_fd_sc_hd__inv_2)
                  0.02    0.04    6.24 ^ _08276__327/Y (sky130_fd_sc_hd__inv_2)
     1    0.00                           net439 (net)
                  0.02    0.00    6.24 ^ _09341_/CLK (sky130_fd_sc_hd__dfxtp_1)
                  0.03    0.30    6.54 v _09341_/Q (sky130_fd_sc_hd__dfxtp_1)
     3    0.00                           rf[17][15] (net)
                  0.03    0.00    6.54 v _06757_/A1 (sky130_fd_sc_hd__mux4_1)
                  0.08    0.49    7.03 v _06757_/X (sky130_fd_sc_hd__mux4_1)
     1    0.00                           _03276_ (net)
                  0.08    0.00    7.03 v _06758_/B (sky130_fd_sc_hd__or2_2)
                  0.05    0.29    7.32 v _06758_/X (sky130_fd_sc_hd__or2_2)
     1    0.00                           _03277_ (net)
                  0.05    0.00    7.32 v _06765_/A1 (sky130_fd_sc_hd__a221o_1)
                  0.05    0.31    7.63 v _06765_/X (sky130_fd_sc_hd__a221o_1)
     1    0.00                           _03284_ (net)
                  0.05    0.00    7.63 v _06766_/C (sky130_fd_sc_hd__and3_1)
                  0.03    0.18    7.81 v _06766_/X (sky130_fd_sc_hd__and3_1)
     1    0.00                           _03285_ (net)
                  0.03    0.00    7.81 v _06767_/A (sky130_fd_sc_hd__clkbuf_1)
                  0.02    0.08    7.89 v _06767_/X (sky130_fd_sc_hd__clkbuf_1)
     1    0.00                           net55 (net)
                  0.02    0.00    7.89 v output55/A (sky130_fd_sc_hd__buf_2)
                  0.09    0.18    8.07 v output55/X (sky130_fd_sc_hd__buf_2)
     1    0.03                           port1_data_o[15] (net)
                  0.09    0.00    8.07 v port1_data_o[15] (out)
                                  8.07   data arrival time

                         10.00   10.00   clock clk_i (rise edge)
                          0.00   10.00   clock network delay (propagated)
                         -0.25    9.75   clock uncertainty
                          0.00    9.75   clock reconvergence pessimism
                         -2.00    7.75   output external delay
                                  7.75   data required time
-----------------------------------------------------------------------------
                                  7.75   data required time
                                 -8.07   data arrival time
-----------------------------------------------------------------------------
                                 -0.32   slack (VIOLATED)




===========================================================================
report_checks --slack_max -0.01
============================================================================
======================= Typical Corner ===================================

Startpoint: _09341_ (rising edge-triggered flip-flop clocked by clk_i')
Endpoint: port1_data_o[15] (output port clocked by clk_i)
Path Group: clk_i
Path Type: max

Fanout     Cap    Slew   Delay    Time   Description
-----------------------------------------------------------------------------
                          5.00    5.00   clock clk_i' (rise edge)
                          0.00    5.00   clock source latency
                  0.01    0.00    5.00 v clk_i (in)
     1    0.00                           clk_i (net)
                  0.01    0.00    5.00 v _07986_/A (sky130_fd_sc_hd__buf_1)
                  0.05    0.10    5.10 v _07986_/X (sky130_fd_sc_hd__buf_1)
     1    0.01                           _04443_ (net)
                  0.05    0.00    5.10 v clkbuf_0__04443_/A (sky130_fd_sc_hd__clkbuf_16)
                  0.03    0.15    5.25 v clkbuf_0__04443_/X (sky130_fd_sc_hd__clkbuf_16)
     2    0.01                           clknet_0__04443_ (net)
                  0.03    0.00    5.25 v clkbuf_1_1__f__04443_/A (sky130_fd_sc_hd__clkbuf_16)
                  0.03    0.14    5.39 v clkbuf_1_1__f__04443_/X (sky130_fd_sc_hd__clkbuf_16)
     4    0.01                           clknet_1_1__leaf__04443_ (net)
                  0.03    0.00    5.39 v _08209_/A (sky130_fd_sc_hd__buf_1)
                  0.05    0.10    5.49 v _08209_/X (sky130_fd_sc_hd__buf_1)
     1    0.01                           _04457_ (net)
                  0.05    0.00    5.49 v clkbuf_0__04457_/A (sky130_fd_sc_hd__clkbuf_16)
                  0.03    0.15    5.64 v clkbuf_0__04457_/X (sky130_fd_sc_hd__clkbuf_16)
     2    0.01                           clknet_0__04457_ (net)
                  0.03    0.00    5.64 v clkbuf_1_0__f__04457_/A (sky130_fd_sc_hd__clkbuf_16)
                  0.03    0.14    5.79 v clkbuf_1_0__f__04457_/X (sky130_fd_sc_hd__clkbuf_16)
     6    0.01                           clknet_1_0__leaf__04457_ (net)
                  0.03    0.00    5.79 v _08270_/A (sky130_fd_sc_hd__buf_1)
                  0.05    0.11    5.89 v _08270_/X (sky130_fd_sc_hd__buf_1)
     1    0.01                           _04461_ (net)
                  0.05    0.00    5.89 v clkbuf_0__04461_/A (sky130_fd_sc_hd__clkbuf_16)
                  0.03    0.15    6.04 v clkbuf_0__04461_/X (sky130_fd_sc_hd__clkbuf_16)
     2    0.01                           clknet_0__04461_ (net)
                  0.03    0.00    6.04 v clkbuf_1_1__f__04461_/A (sky130_fd_sc_hd__clkbuf_16)
                  0.04    0.16    6.20 v clkbuf_1_1__f__04461_/X (sky130_fd_sc_hd__clkbuf_16)
     8    0.03                           clknet_1_1__leaf__04461_ (net)
                  0.04    0.00    6.20 v _08276__327/A (sky130_fd_sc_hd__inv_2)
                  0.02    0.04    6.24 ^ _08276__327/Y (sky130_fd_sc_hd__inv_2)
     1    0.00                           net439 (net)
                  0.02    0.00    6.24 ^ _09341_/CLK (sky130_fd_sc_hd__dfxtp_1)
                  0.03    0.30    6.54 v _09341_/Q (sky130_fd_sc_hd__dfxtp_1)
     3    0.00                           rf[17][15] (net)
                  0.03    0.00    6.54 v _06757_/A1 (sky130_fd_sc_hd__mux4_1)
                  0.08    0.49    7.03 v _06757_/X (sky130_fd_sc_hd__mux4_1)
     1    0.00                           _03276_ (net)
                  0.08    0.00    7.03 v _06758_/B (sky130_fd_sc_hd__or2_2)
                  0.05    0.29    7.32 v _06758_/X (sky130_fd_sc_hd__or2_2)
     1    0.00                           _03277_ (net)
                  0.05    0.00    7.32 v _06765_/A1 (sky130_fd_sc_hd__a221o_1)
                  0.05    0.31    7.63 v _06765_/X (sky130_fd_sc_hd__a221o_1)
     1    0.00                           _03284_ (net)
                  0.05    0.00    7.63 v _06766_/C (sky130_fd_sc_hd__and3_1)
                  0.03    0.18    7.81 v _06766_/X (sky130_fd_sc_hd__and3_1)
     1    0.00                           _03285_ (net)
                  0.03    0.00    7.81 v _06767_/A (sky130_fd_sc_hd__clkbuf_1)
                  0.02    0.08    7.89 v _06767_/X (sky130_fd_sc_hd__clkbuf_1)
     1    0.00                           net55 (net)
                  0.02    0.00    7.89 v output55/A (sky130_fd_sc_hd__buf_2)
                  0.09    0.18    8.07 v output55/X (sky130_fd_sc_hd__buf_2)
     1    0.03                           port1_data_o[15] (net)
                  0.09    0.00    8.07 v port1_data_o[15] (out)
                                  8.07   data arrival time

                         10.00   10.00   clock clk_i (rise edge)
                          0.00   10.00   clock network delay (propagated)
                         -0.25    9.75   clock uncertainty
                          0.00    9.75   clock reconvergence pessimism
                         -2.00    7.75   output external delay
                                  7.75   data required time
-----------------------------------------------------------------------------
                                  7.75   data required time
                                 -8.07   data arrival time
-----------------------------------------------------------------------------
                                 -0.32   slack (VIOLATED)




===========================================================================
 report_check_types -max_slew -max_cap -max_fanout -violators
============================================================================
======================= Typical Corner ===================================



===========================================================================
report_parasitic_annotation -report_unannotated
============================================================================
Found 5932 unannotated drivers.
 clk_i
 port1_reg_i[0]
 port1_reg_i[1]
 port1_reg_i[2]
 port1_reg_i[3]
 port1_reg_i[4]
 port2_reg_i[0]
 port2_reg_i[1]
 port2_reg_i[2]
 port2_reg_i[3]
 port2_reg_i[4]
 wr_data_i[0]
 wr_data_i[10]
 wr_data_i[11]
 wr_data_i[12]
 wr_data_i[13]
 wr_data_i[14]
 wr_data_i[15]
 wr_data_i[16]
 wr_data_i[17]
 wr_data_i[18]
 wr_data_i[19]
 wr_data_i[1]
 wr_data_i[20]
 wr_data_i[21]
 wr_data_i[22]
 wr_data_i[23]
 wr_data_i[24]
 wr_data_i[25]
 wr_data_i[26]
 wr_data_i[27]
 wr_data_i[28]
 wr_data_i[29]
 wr_data_i[2]
 wr_data_i[30]
 wr_data_i[31]
 wr_data_i[3]
 wr_data_i[4]
 wr_data_i[5]
 wr_data_i[6]
 wr_data_i[7]
 wr_data_i[8]
 wr_data_i[9]
 wr_en_i
 wr_reg_i[0]
 wr_reg_i[1]
 wr_reg_i[2]
 wr_reg_i[3]
 wr_reg_i[4]
 _04503_/X
 _04504_/X
 _04505_/X
 _04506_/Y
 _04507_/X
 _04508_/X
 _04509_/X
 _04510_/X
 _04511_/X
 _04512_/X
 _04513_/X
 _04514_/X
 _04515_/X
 _04516_/X
 _04517_/X
 _04518_/X
 _04519_/X
 _04520_/X
 _04521_/X
 _04522_/X
 _04523_/X
 _04524_/X
 _04525_/X
 _04526_/X
 _04527_/X
 _04528_/X
 _04529_/X
 _04530_/X
 _04531_/X
 _04532_/X
 _04533_/X
 _04534_/X
 _04535_/X
 _04536_/X
 _04537_/X
 _04538_/X
 _04539_/X
 _04540_/X
 _04541_/X
 _04542_/X
 _04543_/X
 _04544_/X
 _04545_/X
 _04546_/X
 _04547_/X
 _04548_/X
 _04549_/X
 _04550_/X
 _04551_/X
 _04552_/X
 _04553_/X
 _04554_/X
 _04555_/X
 _04556_/X
 _04557_/X
 _04558_/X
 _04559_/X
 _04560_/X
 _04561_/X
 _04562_/X
 _04563_/X
 _04564_/X
 _04565_/X
 _04566_/X
 _04567_/X
 _04568_/X
 _04569_/X
 _04570_/X
 _04571_/X
 _04572_/X
 _04573_/X
 _04574_/X
 _04575_/X
 _04576_/X
 _04577_/X
 _04578_/X
 _04579_/X
 _04580_/X
 _04581_/X
 _04582_/X
 _04583_/X
 _04584_/X
 _04585_/X
 _04586_/X
 _04587_/X
 _04588_/X
 _04589_/X
 _04590_/X
 _04591_/X
 _04592_/X
 _04593_/X
 _04594_/X
 _04595_/X
 _04596_/X
 _04597_/X
 _04598_/X
 _04599_/X
 _04600_/X
 _04601_/X
 _04602_/X
 _04603_/Y
 _04604_/X
 _04605_/Y
 _04606_/X
 _04607_/X
 _04608_/X
 _04609_/X
 _04610_/X
 _04611_/X
 _04612_/X
 _04613_/X
 _04614_/X
 _04615_/X
 _04616_/X
 _04617_/X
 _04618_/X
 _04619_/X
 _04620_/X
 _04621_/X
 _04622_/X
 _04623_/X
 _04624_/X
 _04625_/X
 _04626_/X
 _04627_/X
 _04628_/X
 _04629_/X
 _04630_/X
 _04631_/X
 _04632_/X
 _04633_/X
 _04634_/X
 _04635_/X
 _04636_/X
 _04637_/X
 _04638_/X
 _04639_/X
 _04640_/X
 _04641_/X
 _04642_/X
 _04643_/X
 _04644_/X
 _04645_/X
 _04646_/X
 _04647_/X
 _04648_/X
 _04649_/X
 _04650_/X
 _04651_/X
 _04652_/X
 _04653_/X
 _04654_/X
 _04655_/X
 _04656_/X
 _04657_/X
 _04658_/X
 _04659_/X
 _04660_/X
 _04661_/X
 _04662_/X
 _04663_/X
 _04664_/X
 _04665_/X
 _04666_/X
 _04667_/X
 _04668_/X
 _04669_/X
 _04670_/X
 _04671_/X
 _04672_/Y
 _04673_/X
 _04674_/X
 _04675_/X
 _04676_/X
 _04677_/X
 _04678_/X
 _04679_/X
 _04680_/X
 _04681_/X
 _04682_/X
 _04683_/X
 _04684_/X
 _04685_/X
 _04686_/X
 _04687_/X
 _04688_/X
 _04689_/X
 _04690_/X
 _04691_/X
 _04692_/X
 _04693_/X
 _04694_/X
 _04695_/X
 _04696_/X
 _04697_/X
 _04698_/X
 _04699_/X
 _04700_/X
 _04701_/X
 _04702_/X
 _04703_/X
 _04704_/X
 _04705_/X
 _04706_/X
 _04707_/X
 _04708_/X
 _04709_/X
 _04710_/X
 _04711_/X
 _04712_/X
 _04713_/X
 _04714_/X
 _04715_/X
 _04716_/X
 _04717_/X
 _04718_/X
 _04719_/X
 _04720_/X
 _04721_/X
 _04722_/X
 _04723_/X
 _04724_/X
 _04725_/X
 _04726_/X
 _04727_/X
 _04728_/X
 _04729_/X
 _04730_/X
 _04731_/X
 _04732_/X
 _04733_/X
 _04734_/X
 _04735_/X
 _04736_/X
 _04737_/X
 _04738_/X
 _04739_/X
 _04740_/Y
 _04741_/X
 _04742_/X
 _04743_/X
 _04744_/X
 _04745_/X
 _04746_/X
 _04747_/X
 _04748_/X
 _04749_/X
 _04750_/X
 _04751_/X
 _04752_/X
 _04753_/X
 _04754_/X
 _04755_/X
 _04756_/X
 _04757_/X
 _04758_/X
 _04759_/X
 _04760_/X
 _04761_/X
 _04762_/X
 _04763_/X
 _04764_/X
 _04765_/X
 _04766_/X
 _04767_/X
 _04768_/X
 _04769_/X
 _04770_/X
 _04771_/X
 _04772_/X
 _04773_/X
 _04774_/X
 _04775_/X
 _04776_/X
 _04777_/X
 _04778_/X
 _04779_/X
 _04780_/X
 _04781_/X
 _04782_/X
 _04783_/X
 _04784_/X
 _04785_/X
 _04786_/X
 _04787_/X
 _04788_/X
 _04789_/X
 _04790_/X
 _04791_/X
 _04792_/X
 _04793_/X
 _04794_/X
 _04795_/X
 _04796_/X
 _04797_/X
 _04798_/X
 _04799_/X
 _04800_/X
 _04801_/X
 _04802_/X
 _04803_/X
 _04804_/X
 _04805_/X
 _04806_/Y
 _04807_/X
 _04808_/Y
 _04809_/X
 _04810_/X
 _04811_/X
 _04812_/X
 _04813_/X
 _04814_/X
 _04815_/X
 _04816_/X
 _04817_/X
 _04818_/X
 _04819_/X
 _04820_/X
 _04821_/X
 _04822_/X
 _04823_/X
 _04824_/X
 _04825_/X
 _04826_/X
 _04827_/X
 _04828_/X
 _04829_/X
 _04830_/X
 _04831_/X
 _04832_/X
 _04833_/X
 _04834_/X
 _04835_/X
 _04836_/X
 _04837_/X
 _04838_/X
 _04839_/X
 _04840_/X
 _04841_/X
 _04842_/X
 _04843_/X
 _04844_/X
 _04845_/X
 _04846_/X
 _04847_/X
 _04848_/X
 _04849_/X
 _04850_/X
 _04851_/X
 _04852_/X
 _04853_/X
 _04854_/X
 _04855_/X
 _04856_/X
 _04857_/X
 _04858_/X
 _04859_/X
 _04860_/X
 _04861_/X
 _04862_/X
 _04863_/X
 _04864_/X
 _04865_/X
 _04866_/X
 _04867_/X
 _04868_/X
 _04869_/X
 _04870_/X
 _04871_/X
 _04872_/X
 _04873_/X
 _04874_/Y
 _04875_/X
 _04876_/Y
 _04877_/X
 _04878_/X
 _04879_/X
 _04880_/X
 _04881_/X
 _04882_/X
 _04883_/X
 _04884_/X
 _04885_/X
 _04886_/X
 _04887_/X
 _04888_/X
 _04889_/X
 _04890_/X
 _04891_/X
 _04892_/X
 _04893_/X
 _04894_/X
 _04895_/X
 _04896_/X
 _04897_/X
 _04898_/X
 _04899_/X
 _04900_/X
 _04901_/X
 _04902_/X
 _04903_/X
 _04904_/X
 _04905_/X
 _04906_/X
 _04907_/X
 _04908_/X
 _04909_/X
 _04910_/X
 _04911_/X
 _04912_/X
 _04913_/X
 _04914_/X
 _04915_/X
 _04916_/X
 _04917_/X
 _04918_/X
 _04919_/X
 _04920_/X
 _04921_/X
 _04922_/X
 _04923_/X
 _04924_/X
 _04925_/X
 _04926_/X
 _04927_/X
 _04928_/X
 _04929_/X
 _04930_/X
 _04931_/X
 _04932_/X
 _04933_/X
 _04934_/X
 _04935_/X
 _04936_/X
 _04937_/X
 _04938_/X
 _04939_/X
 _04940_/X
 _04941_/X
 _04942_/X
 _04943_/Y
 _04944_/X
 _04945_/X
 _04946_/X
 _04947_/X
 _04948_/X
 _04949_/X
 _04950_/X
 _04951_/X
 _04952_/X
 _04953_/X
 _04954_/X
 _04955_/X
 _04956_/X
 _04957_/X
 _04958_/X
 _04959_/X
 _04960_/X
 _04961_/X
 _04962_/X
 _04963_/X
 _04964_/X
 _04965_/X
 _04966_/X
 _04967_/X
 _04968_/X
 _04969_/X
 _04970_/X
 _04971_/X
 _04972_/X
 _04973_/X
 _04974_/X
 _04975_/X
 _04976_/X
 _04977_/X
 _04978_/X
 _04979_/X
 _04980_/X
 _04981_/X
 _04982_/X
 _04983_/X
 _04984_/X
 _04985_/X
 _04986_/X
 _04987_/X
 _04988_/X
 _04989_/X
 _04990_/X
 _04991_/X
 _04992_/X
 _04993_/X
 _04994_/X
 _04995_/X
 _04996_/X
 _04997_/X
 _04998_/X
 _04999_/X
 _05000_/X
 _05001_/X
 _05002_/X
 _05003_/X
 _05004_/X
 _05005_/X
 _05006_/X
 _05007_/X
 _05008_/X
 _05009_/Y
 _05010_/X
 _05011_/X
 _05012_/X
 _05013_/X
 _05014_/X
 _05015_/X
 _05016_/X
 _05017_/X
 _05018_/X
 _05019_/X
 _05020_/X
 _05021_/X
 _05022_/X
 _05023_/X
 _05024_/X
 _05025_/X
 _05026_/X
 _05027_/X
 _05028_/X
 _05029_/X
 _05030_/X
 _05031_/X
 _05032_/X
 _05033_/X
 _05034_/X
 _05035_/X
 _05036_/X
 _05037_/X
 _05038_/X
 _05039_/X
 _05040_/X
 _05041_/X
 _05042_/X
 _05043_/X
 _05044_/X
 _05045_/X
 _05046_/X
 _05047_/X
 _05048_/X
 _05049_/X
 _05050_/X
 _05051_/X
 _05052_/X
 _05053_/X
 _05054_/X
 _05055_/X
 _05056_/X
 _05057_/X
 _05058_/X
 _05059_/X
 _05060_/X
 _05061_/X
 _05062_/X
 _05063_/X
 _05064_/X
 _05065_/X
 _05066_/X
 _05067_/X
 _05068_/X
 _05069_/X
 _05070_/X
 _05071_/X
 _05072_/X
 _05073_/X
 _05074_/X
 _05075_/Y
 _05076_/X
 _05077_/X
 _05078_/X
 _05079_/X
 _05080_/X
 _05081_/X
 _05082_/X
 _05083_/X
 _05084_/X
 _05085_/X
 _05086_/X
 _05087_/X
 _05088_/X
 _05089_/X
 _05090_/X
 _05091_/X
 _05092_/X
 _05093_/X
 _05094_/X
 _05095_/X
 _05096_/X
 _05097_/X
 _05098_/X
 _05099_/X
 _05100_/X
 _05101_/X
 _05102_/X
 _05103_/X
 _05104_/X
 _05105_/X
 _05106_/X
 _05107_/X
 _05108_/X
 _05109_/X
 _05110_/X
 _05111_/X
 _05112_/X
 _05113_/X
 _05114_/X
 _05115_/X
 _05116_/X
 _05117_/X
 _05118_/X
 _05119_/X
 _05120_/X
 _05121_/X
 _05122_/X
 _05123_/X
 _05124_/X
 _05125_/X
 _05126_/X
 _05127_/X
 _05128_/X
 _05129_/X
 _05130_/X
 _05131_/X
 _05132_/X
 _05133_/X
 _05134_/X
 _05135_/X
 _05136_/X
 _05137_/X
 _05138_/X
 _05139_/X
 _05140_/X
 _05141_/Y
 _05142_/X
 _05143_/X
 _05144_/X
 _05145_/X
 _05146_/X
 _05147_/X
 _05148_/X
 _05149_/X
 _05150_/X
 _05151_/X
 _05152_/X
 _05153_/X
 _05154_/X
 _05155_/X
 _05156_/X
 _05157_/X
 _05158_/X
 _05159_/X
 _05160_/X
 _05161_/X
 _05162_/X
 _05163_/X
 _05164_/X
 _05165_/X
 _05166_/X
 _05167_/X
 _05168_/X
 _05169_/X
 _05170_/X
 _05171_/X
 _05172_/X
 _05173_/X
 _05174_/X
 _05175_/X
 _05176_/X
 _05177_/X
 _05178_/X
 _05179_/X
 _05180_/X
 _05181_/X
 _05182_/X
 _05183_/X
 _05184_/X
 _05185_/X
 _05186_/X
 _05187_/X
 _05188_/X
 _05189_/X
 _05190_/X
 _05191_/X
 _05192_/X
 _05193_/X
 _05194_/X
 _05195_/X
 _05196_/X
 _05197_/X
 _05198_/X
 _05199_/X
 _05200_/X
 _05201_/X
 _05202_/X
 _05203_/X
 _05204_/X
 _05205_/X
 _05206_/X
 _05207_/Y
 _05208_/Y
 _05209_/X
 _05210_/X
 _05211_/X
 _05212_/X
 _05213_/X
 _05214_/X
 _05215_/X
 _05216_/X
 _05217_/X
 _05218_/X
 _05219_/X
 _05220_/X
 _05221_/X
 _05222_/X
 _05223_/X
 _05224_/X
 _05225_/X
 _05226_/X
 _05227_/X
 _05228_/X
 _05229_/X
 _05230_/X
 _05231_/X
 _05232_/X
 _05233_/X
 _05234_/X
 _05235_/X
 _05236_/X
 _05237_/X
 _05238_/X
 _05239_/X
 _05240_/X
 _05241_/X
 _05242_/X
 _05243_/X
 _05244_/X
 _05245_/X
 _05246_/X
 _05247_/X
 _05248_/X
 _05249_/X
 _05250_/X
 _05251_/X
 _05252_/X
 _05253_/X
 _05254_/X
 _05255_/X
 _05256_/X
 _05257_/X
 _05258_/X
 _05259_/X
 _05260_/X
 _05261_/X
 _05262_/X
 _05263_/X
 _05264_/X
 _05265_/X
 _05266_/X
 _05267_/X
 _05268_/X
 _05269_/X
 _05270_/X
 _05271_/X
 _05272_/X
 _05273_/X
 _05274_/Y
 _05275_/X
 _05276_/X
 _05277_/X
 _05278_/X
 _05279_/X
 _05280_/X
 _05281_/X
 _05282_/X
 _05283_/X
 _05284_/X
 _05285_/X
 _05286_/X
 _05287_/X
 _05288_/X
 _05289_/X
 _05290_/X
 _05291_/X
 _05292_/X
 _05293_/X
 _05294_/X
 _05295_/X
 _05296_/X
 _05297_/X
 _05298_/X
 _05299_/X
 _05300_/X
 _05301_/X
 _05302_/X
 _05303_/X
 _05304_/X
 _05305_/X
 _05306_/X
 _05307_/X
 _05308_/X
 _05309_/X
 _05310_/X
 _05311_/X
 _05312_/X
 _05313_/X
 _05314_/X
 _05315_/X
 _05316_/X
 _05317_/X
 _05318_/X
 _05319_/X
 _05320_/X
 _05321_/X
 _05322_/X
 _05323_/X
 _05324_/X
 _05325_/X
 _05326_/X
 _05327_/X
 _05328_/X
 _05329_/X
 _05330_/X
 _05331_/X
 _05332_/X
 _05333_/X
 _05334_/X
 _05335_/X
 _05336_/X
 _05337_/X
 _05338_/X
 _05339_/X
 _05340_/Y
 _05341_/Y
 _05342_/X
 _05343_/X
 _05344_/X
 _05345_/X
 _05346_/X
 _05347_/X
 _05348_/X
 _05349_/X
 _05350_/X
 _05351_/X
 _05352_/X
 _05353_/X
 _05354_/X
 _05355_/X
 _05356_/X
 _05357_/X
 _05358_/X
 _05359_/X
 _05360_/X
 _05361_/X
 _05362_/X
 _05363_/X
 _05364_/X
 _05365_/X
 _05366_/X
 _05367_/X
 _05368_/X
 _05369_/X
 _05370_/X
 _05371_/X
 _05372_/X
 _05373_/X
 _05374_/X
 _05375_/X
 _05376_/X
 _05377_/X
 _05378_/X
 _05379_/X
 _05380_/X
 _05381_/X
 _05382_/X
 _05383_/X
 _05384_/X
 _05385_/X
 _05386_/X
 _05387_/X
 _05388_/X
 _05389_/X
 _05390_/X
 _05391_/X
 _05392_/X
 _05393_/X
 _05394_/X
 _05395_/X
 _05396_/X
 _05397_/X
 _05398_/X
 _05399_/X
 _05400_/X
 _05401_/X
 _05402_/X
 _05403_/X
 _05404_/X
 _05405_/X
 _05406_/X
 _05407_/X
 _05408_/Y
 _05409_/X
 _05410_/X
 _05411_/X
 _05412_/X
 _05413_/X
 _05414_/X
 _05415_/X
 _05416_/X
 _05417_/X
 _05418_/X
 _05419_/X
 _05420_/X
 _05421_/X
 _05422_/X
 _05423_/X
 _05424_/X
 _05425_/X
 _05426_/X
 _05427_/X
 _05428_/X
 _05429_/X
 _05430_/X
 _05431_/X
 _05432_/X
 _05433_/X
 _05434_/X
 _05435_/X
 _05436_/X
 _05437_/X
 _05438_/X
 _05439_/X
 _05440_/X
 _05441_/X
 _05442_/X
 _05443_/X
 _05444_/X
 _05445_/X
 _05446_/X
 _05447_/X
 _05448_/X
 _05449_/X
 _05450_/X
 _05451_/X
 _05452_/X
 _05453_/X
 _05454_/X
 _05455_/X
 _05456_/X
 _05457_/X
 _05458_/X
 _05459_/X
 _05460_/X
 _05461_/X
 _05462_/X
 _05463_/X
 _05464_/X
 _05465_/X
 _05466_/X
 _05467_/X
 _05468_/X
 _05469_/X
 _05470_/X
 _05471_/X
 _05472_/X
 _05473_/X
 _05474_/Y
 _05475_/X
 _05476_/X
 _05477_/X
 _05478_/X
 _05479_/X
 _05480_/X
 _05481_/X
 _05482_/X
 _05483_/X
 _05484_/X
 _05485_/X
 _05486_/X
 _05487_/X
 _05488_/X
 _05489_/X
 _05490_/X
 _05491_/X
 _05492_/X
 _05493_/X
 _05494_/X
 _05495_/X
 _05496_/X
 _05497_/X
 _05498_/X
 _05499_/X
 _05500_/X
 _05501_/X
 _05502_/X
 _05503_/X
 _05504_/X
 _05505_/X
 _05506_/X
 _05507_/X
 _05508_/X
 _05509_/X
 _05510_/X
 _05511_/X
 _05512_/X
 _05513_/X
 _05514_/X
 _05515_/X
 _05516_/X
 _05517_/X
 _05518_/X
 _05519_/X
 _05520_/X
 _05521_/X
 _05522_/X
 _05523_/X
 _05524_/X
 _05525_/X
 _05526_/X
 _05527_/X
 _05528_/X
 _05529_/X
 _05530_/X
 _05531_/X
 _05532_/X
 _05533_/X
 _05534_/X
 _05535_/X
 _05536_/X
 _05537_/X
 _05538_/X
 _05539_/X
 _05540_/Y
 _05541_/Y
 _05542_/X
 _05543_/X
 _05544_/X
 _05545_/X
 _05546_/X
 _05547_/X
 _05548_/X
 _05549_/X
 _05550_/X
 _05551_/X
 _05552_/X
 _05553_/X
 _05554_/X
 _05555_/X
 _05556_/X
 _05557_/X
 _05558_/X
 _05559_/X
 _05560_/X
 _05561_/X
 _05562_/X
 _05563_/X
 _05564_/X
 _05565_/X
 _05566_/X
 _05567_/X
 _05568_/X
 _05569_/X
 _05570_/X
 _05571_/X
 _05572_/X
 _05573_/X
 _05574_/X
 _05575_/X
 _05576_/X
 _05577_/X
 _05578_/X
 _05579_/X
 _05580_/X
 _05581_/X
 _05582_/X
 _05583_/X
 _05584_/X
 _05585_/X
 _05586_/X
 _05587_/X
 _05588_/X
 _05589_/X
 _05590_/X
 _05591_/X
 _05592_/X
 _05593_/X
 _05594_/X
 _05595_/X
 _05596_/X
 _05597_/X
 _05598_/X
 _05599_/X
 _05600_/X
 _05601_/X
 _05602_/X
 _05603_/X
 _05604_/X
 _05605_/X
 _05606_/X
 _05607_/X
 _05608_/X
 _05609_/X
 _05610_/X
 _05611_/X
 _05612_/X
 _05613_/X
 _05614_/X
 _05615_/X
 _05616_/X
 _05617_/X
 _05618_/X
 _05619_/X
 _05620_/X
 _05621_/X
 _05622_/X
 _05623_/X
 _05624_/X
 _05625_/X
 _05626_/X
 _05627_/X
 _05628_/X
 _05629_/X
 _05630_/X
 _05631_/X
 _05632_/X
 _05633_/X
 _05634_/X
 _05635_/X
 _05636_/X
 _05637_/X
 _05638_/X
 _05639_/X
 _05640_/X
 _05641_/X
 _05642_/X
 _05643_/X
 _05644_/X
 _05645_/X
 _05646_/X
 _05647_/X
 _05648_/X
 _05649_/X
 _05650_/X
 _05651_/X
 _05652_/X
 _05653_/X
 _05654_/X
 _05655_/X
 _05656_/X
 _05657_/X
 _05658_/X
 _05659_/X
 _05660_/X
 _05661_/X
 _05662_/X
 _05663_/X
 _05664_/X
 _05665_/X
 _05666_/X
 _05667_/X
 _05668_/X
 _05669_/X
 _05670_/X
 _05671_/X
 _05672_/X
 _05673_/X
 _05674_/X
 _05675_/Y
 _05676_/X
 _05677_/X
 _05678_/X
 _05679_/X
 _05680_/X
 _05681_/X
 _05682_/X
 _05683_/X
 _05684_/X
 _05685_/X
 _05686_/X
 _05687_/X
 _05688_/X
 _05689_/X
 _05690_/X
 _05691_/X
 _05692_/X
 _05693_/X
 _05694_/X
 _05695_/X
 _05696_/X
 _05697_/X
 _05698_/X
 _05699_/X
 _05700_/X
 _05701_/X
 _05702_/X
 _05703_/X
 _05704_/X
 _05705_/X
 _05706_/X
 _05707_/X
 _05708_/X
 _05709_/X
 _05710_/X
 _05711_/X
 _05712_/X
 _05713_/X
 _05714_/X
 _05715_/X
 _05716_/X
 _05717_/X
 _05718_/X
 _05719_/X
 _05720_/X
 _05721_/X
 _05722_/X
 _05723_/X
 _05724_/X
 _05725_/X
 _05726_/X
 _05727_/X
 _05728_/X
 _05729_/X
 _05730_/X
 _05731_/X
 _05732_/X
 _05733_/X
 _05734_/X
 _05735_/X
 _05736_/X
 _05737_/X
 _05738_/X
 _05739_/X
 _05740_/X
 _05741_/Y
 _05742_/X
 _05743_/X
 _05744_/X
 _05745_/X
 _05746_/X
 _05747_/X
 _05748_/X
 _05749_/X
 _05750_/X
 _05751_/X
 _05752_/X
 _05753_/X
 _05754_/X
 _05755_/X
 _05756_/X
 _05757_/X
 _05758_/X
 _05759_/X
 _05760_/X
 _05761_/X
 _05762_/X
 _05763_/X
 _05764_/X
 _05765_/X
 _05766_/X
 _05767_/X
 _05768_/X
 _05769_/X
 _05770_/X
 _05771_/X
 _05772_/X
 _05773_/X
 _05774_/X
 _05775_/X
 _05776_/X
 _05777_/X
 _05778_/X
 _05779_/X
 _05780_/X
 _05781_/X
 _05782_/X
 _05783_/X
 _05784_/X
 _05785_/X
 _05786_/X
 _05787_/X
 _05788_/X
 _05789_/X
 _05790_/X
 _05791_/X
 _05792_/X
 _05793_/X
 _05794_/X
 _05795_/X
 _05796_/X
 _05797_/X
 _05798_/X
 _05799_/X
 _05800_/X
 _05801_/X
 _05802_/X
 _05803_/X
 _05804_/X
 _05805_/X
 _05806_/X
 _05807_/Y
 _05808_/X
 _05809_/X
 _05810_/X
 _05811_/X
 _05812_/X
 _05813_/X
 _05814_/X
 _05815_/X
 _05816_/X
 _05817_/X
 _05818_/X
 _05819_/X
 _05820_/X
 _05821_/X
 _05822_/X
 _05823_/X
 _05824_/X
 _05825_/X
 _05826_/X
 _05827_/X
 _05828_/X
 _05829_/X
 _05830_/X
 _05831_/X
 _05832_/X
 _05833_/X
 _05834_/X
 _05835_/X
 _05836_/X
 _05837_/X
 _05838_/X
 _05839_/X
 _05840_/X
 _05841_/X
 _05842_/X
 _05843_/X
 _05844_/X
 _05845_/X
 _05846_/X
 _05847_/X
 _05848_/X
 _05849_/X
 _05850_/X
 _05851_/X
 _05852_/X
 _05853_/X
 _05854_/X
 _05855_/X
 _05856_/X
 _05857_/X
 _05858_/X
 _05859_/X
 _05860_/X
 _05861_/X
 _05862_/X
 _05863_/X
 _05864_/X
 _05865_/X
 _05866_/X
 _05867_/X
 _05868_/X
 _05869_/X
 _05870_/X
 _05871_/X
 _05872_/X
 _05873_/X
 _05874_/X
 _05875_/X
 _05876_/X
 _05877_/X
 _05878_/X
 _05879_/X
 _05880_/X
 _05881_/X
 _05882_/X
 _05883_/X
 _05884_/X
 _05885_/X
 _05886_/X
 _05887_/X
 _05888_/X
 _05889_/X
 _05890_/X
 _05891_/X
 _05892_/X
 _05893_/X
 _05894_/X
 _05895_/X
 _05896_/X
 _05897_/X
 _05898_/X
 _05899_/X
 _05900_/X
 _05901_/X
 _05902_/X
 _05903_/X
 _05904_/X
 _05905_/X
 _05906_/X
 _05907_/X
 _05908_/X
 _05909_/X
 _05910_/X
 _05911_/X
 _05912_/X
 _05913_/X
 _05914_/X
 _05915_/X
 _05916_/X
 _05917_/X
 _05918_/X
 _05919_/X
 _05920_/X
 _05921_/X
 _05922_/X
 _05923_/X
 _05924_/X
 _05925_/X
 _05926_/X
 _05927_/X
 _05928_/X
 _05929_/X
 _05930_/X
 _05931_/X
 _05932_/X
 _05933_/X
 _05934_/X
 _05935_/X
 _05936_/X
 _05937_/X
 _05938_/X
 _05939_/X
 _05940_/Y
 _05941_/X
 _05942_/X
 _05943_/X
 _05944_/X
 _05945_/X
 _05946_/X
 _05947_/X
 _05948_/X
 _05949_/X
 _05950_/X
 _05951_/X
 _05952_/X
 _05953_/X
 _05954_/X
 _05955_/X
 _05956_/X
 _05957_/X
 _05958_/X
 _05959_/X
 _05960_/X
 _05961_/X
 _05962_/X
 _05963_/X
 _05964_/X
 _05965_/X
 _05966_/X
 _05967_/X
 _05968_/X
 _05969_/X
 _05970_/X
 _05971_/X
 _05972_/X
 _05973_/X
 _05974_/X
 _05975_/X
 _05976_/X
 _05977_/X
 _05978_/X
 _05979_/X
 _05980_/X
 _05981_/X
 _05982_/X
 _05983_/X
 _05984_/X
 _05985_/X
 _05986_/X
 _05987_/X
 _05988_/X
 _05989_/X
 _05990_/X
 _05991_/X
 _05992_/X
 _05993_/X
 _05994_/X
 _05995_/X
 _05996_/X
 _05997_/X
 _05998_/X
 _05999_/X
 _06000_/X
 _06001_/X
 _06002_/X
 _06003_/X
 _06004_/X
 _06005_/X
 _06006_/Y
 _06007_/X
 _06008_/X
 _06009_/X
 _06010_/X
 _06011_/X
 _06012_/X
 _06013_/X
 _06014_/X
 _06015_/X
 _06016_/X
 _06017_/X
 _06018_/X
 _06019_/X
 _06020_/X
 _06021_/X
 _06022_/X
 _06023_/X
 _06024_/X
 _06025_/X
 _06026_/X
 _06027_/X
 _06028_/X
 _06029_/X
 _06030_/X
 _06031_/X
 _06032_/X
 _06033_/X
 _06034_/X
 _06035_/X
 _06036_/X
 _06037_/X
 _06038_/X
 _06039_/X
 _06040_/X
 _06041_/X
 _06042_/X
 _06043_/X
 _06044_/X
 _06045_/X
 _06046_/X
 _06047_/X
 _06048_/X
 _06049_/X
 _06050_/X
 _06051_/X
 _06052_/X
 _06053_/X
 _06054_/X
 _06055_/X
 _06056_/X
 _06057_/X
 _06058_/X
 _06059_/X
 _06060_/X
 _06061_/X
 _06062_/X
 _06063_/X
 _06064_/X
 _06065_/X
 _06066_/X
 _06067_/X
 _06068_/X
 _06069_/X
 _06070_/X
 _06071_/X
 _06072_/Y
 _06073_/X
 _06074_/X
 _06075_/X
 _06076_/X
 _06077_/X
 _06078_/X
 _06079_/X
 _06080_/X
 _06081_/X
 _06082_/X
 _06083_/X
 _06084_/X
 _06085_/X
 _06086_/X
 _06087_/X
 _06088_/X
 _06089_/X
 _06090_/X
 _06091_/X
 _06092_/X
 _06093_/X
 _06094_/X
 _06095_/X
 _06096_/X
 _06097_/X
 _06098_/X
 _06099_/X
 _06100_/X
 _06101_/X
 _06102_/X
 _06103_/X
 _06104_/X
 _06105_/X
 _06106_/X
 _06107_/X
 _06108_/X
 _06109_/X
 _06110_/X
 _06111_/X
 _06112_/X
 _06113_/X
 _06114_/X
 _06115_/X
 _06116_/X
 _06117_/X
 _06118_/X
 _06119_/X
 _06120_/X
 _06121_/X
 _06122_/X
 _06123_/X
 _06124_/X
 _06125_/X
 _06126_/X
 _06127_/X
 _06128_/X
 _06129_/X
 _06130_/X
 _06131_/X
 _06132_/X
 _06133_/X
 _06134_/X
 _06135_/X
 _06136_/X
 _06137_/X
 _06138_/Y
 _06139_/X
 _06140_/X
 _06141_/X
 _06142_/X
 _06143_/X
 _06144_/X
 _06145_/X
 _06146_/X
 _06147_/X
 _06148_/X
 _06149_/X
 _06150_/X
 _06151_/X
 _06152_/X
 _06153_/X
 _06154_/X
 _06155_/X
 _06156_/X
 _06157_/X
 _06158_/X
 _06159_/X
 _06160_/X
 _06161_/X
 _06162_/X
 _06163_/X
 _06164_/X
 _06165_/X
 _06166_/X
 _06167_/X
 _06168_/X
 _06169_/X
 _06170_/X
 _06171_/X
 _06172_/X
 _06173_/X
 _06174_/X
 _06175_/X
 _06176_/X
 _06177_/X
 _06178_/X
 _06179_/X
 _06180_/X
 _06181_/X
 _06182_/X
 _06183_/X
 _06184_/X
 _06185_/X
 _06186_/X
 _06187_/X
 _06188_/X
 _06189_/X
 _06190_/X
 _06191_/X
 _06192_/X
 _06193_/X
 _06194_/X
 _06195_/X
 _06196_/X
 _06197_/X
 _06198_/X
 _06199_/X
 _06200_/X
 _06201_/X
 _06202_/X
 _06203_/X
 _06204_/X
 _06205_/Y
 _06206_/X
 _06207_/X
 _06208_/X
 _06209_/X
 _06210_/X
 _06211_/X
 _06212_/X
 _06213_/X
 _06214_/X
 _06215_/X
 _06216_/X
 _06217_/X
 _06218_/X
 _06219_/X
 _06220_/X
 _06221_/X
 _06222_/X
 _06223_/X
 _06224_/X
 _06225_/X
 _06226_/X
 _06227_/X
 _06228_/X
 _06229_/X
 _06230_/X
 _06231_/X
 _06232_/X
 _06233_/X
 _06234_/X
 _06235_/X
 _06236_/X
 _06237_/X
 _06238_/X
 _06239_/X
 _06240_/X
 _06241_/X
 _06242_/X
 _06243_/X
 _06244_/X
 _06245_/X
 _06246_/X
 _06247_/X
 _06248_/X
 _06249_/X
 _06250_/X
 _06251_/X
 _06252_/X
 _06253_/X
 _06254_/X
 _06255_/X
 _06256_/X
 _06257_/X
 _06258_/X
 _06259_/X
 _06260_/X
 _06261_/X
 _06262_/X
 _06263_/X
 _06264_/X
 _06265_/X
 _06266_/X
 _06267_/X
 _06268_/X
 _06269_/X
 _06270_/X
 _06271_/Y
 _06272_/X
 _06273_/X
 _06274_/X
 _06275_/X
 _06276_/X
 _06277_/X
 _06278_/X
 _06279_/X
 _06280_/X
 _06281_/X
 _06282_/X
 _06283_/X
 _06284_/X
 _06285_/X
 _06286_/X
 _06287_/X
 _06288_/X
 _06289_/X
 _06290_/X
 _06291_/X
 _06292_/X
 _06293_/X
 _06294_/X
 _06295_/X
 _06296_/X
 _06297_/X
 _06298_/X
 _06299_/X
 _06300_/X
 _06301_/X
 _06302_/X
 _06303_/X
 _06304_/X
 _06305_/X
 _06306_/X
 _06307_/X
 _06308_/X
 _06309_/X
 _06310_/X
 _06311_/X
 _06312_/X
 _06313_/X
 _06314_/X
 _06315_/X
 _06316_/X
 _06317_/X
 _06318_/X
 _06319_/X
 _06320_/X
 _06321_/X
 _06322_/X
 _06323_/X
 _06324_/X
 _06325_/X
 _06326_/X
 _06327_/X
 _06328_/X
 _06329_/X
 _06330_/X
 _06331_/X
 _06332_/X
 _06333_/X
 _06334_/X
 _06335_/X
 _06336_/X
 _06337_/Y
 _06338_/X
 _06339_/X
 _06340_/X
 _06341_/X
 _06342_/X
 _06343_/X
 _06344_/X
 _06345_/X
 _06346_/X
 _06347_/X
 _06348_/X
 _06349_/X
 _06350_/X
 _06351_/X
 _06352_/X
 _06353_/X
 _06354_/X
 _06355_/X
 _06356_/X
 _06357_/X
 _06358_/X
 _06359_/X
 _06360_/X
 _06361_/X
 _06362_/X
 _06363_/X
 _06364_/X
 _06365_/X
 _06366_/X
 _06367_/X
 _06368_/X
 _06369_/X
 _06370_/X
 _06371_/X
 _06372_/X
 _06373_/X
 _06374_/X
 _06375_/X
 _06376_/X
 _06377_/X
 _06378_/X
 _06379_/X
 _06380_/X
 _06381_/X
 _06382_/X
 _06383_/X
 _06384_/X
 _06385_/X
 _06386_/X
 _06387_/X
 _06388_/X
 _06389_/X
 _06390_/X
 _06391_/X
 _06392_/X
 _06393_/X
 _06394_/X
 _06395_/X
 _06396_/X
 _06397_/X
 _06398_/X
 _06399_/X
 _06400_/X
 _06401_/X
 _06402_/X
 _06403_/X
 _06404_/X
 _06405_/X
 _06406_/X
 _06407_/X
 _06408_/X
 _06409_/X
 _06410_/X
 _06411_/X
 _06412_/X
 _06413_/X
 _06414_/X
 _06415_/X
 _06416_/X
 _06417_/X
 _06418_/X
 _06419_/X
 _06420_/X
 _06421_/X
 _06422_/X
 _06423_/X
 _06424_/X
 _06425_/X
 _06426_/X
 _06427_/X
 _06428_/X
 _06429_/X
 _06430_/X
 _06431_/X
 _06432_/X
 _06433_/X
 _06434_/X
 _06435_/X
 _06436_/X
 _06437_/X
 _06438_/X
 _06439_/X
 _06440_/X
 _06441_/X
 _06442_/X
 _06443_/X
 _06444_/X
 _06445_/X
 _06446_/X
 _06447_/X
 _06448_/X
 _06449_/X
 _06450_/X
 _06451_/X
 _06452_/X
 _06453_/X
 _06454_/X
 _06455_/X
 _06456_/X
 _06457_/X
 _06458_/X
 _06459_/X
 _06460_/X
 _06461_/X
 _06462_/X
 _06463_/X
 _06464_/X
 _06465_/X
 _06466_/X
 _06467_/X
 _06468_/X
 _06469_/X
 _06470_/Y
 _06471_/X
 _06472_/X
 _06473_/X
 _06474_/X
 _06475_/X
 _06476_/X
 _06477_/X
 _06478_/X
 _06479_/X
 _06480_/X
 _06481_/X
 _06482_/X
 _06483_/X
 _06484_/X
 _06485_/X
 _06486_/X
 _06487_/X
 _06488_/X
 _06489_/X
 _06490_/X
 _06491_/X
 _06492_/X
 _06493_/X
 _06494_/X
 _06495_/X
 _06496_/X
 _06497_/X
 _06498_/X
 _06499_/X
 _06500_/X
 _06501_/X
 _06502_/X
 _06503_/X
 _06504_/X
 _06505_/X
 _06506_/X
 _06507_/X
 _06508_/X
 _06509_/X
 _06510_/X
 _06511_/X
 _06512_/X
 _06513_/X
 _06514_/X
 _06515_/X
 _06516_/X
 _06517_/X
 _06518_/X
 _06519_/X
 _06520_/X
 _06521_/X
 _06522_/X
 _06523_/X
 _06524_/X
 _06525_/X
 _06526_/X
 _06527_/X
 _06528_/X
 _06529_/X
 _06530_/X
 _06531_/X
 _06532_/X
 _06533_/X
 _06534_/X
 _06535_/X
 _06536_/Y
 _06537_/X
 _06538_/X
 _06539_/X
 _06540_/X
 _06541_/X
 _06542_/X
 _06543_/X
 _06544_/X
 _06545_/X
 _06546_/X
 _06547_/X
 _06548_/X
 _06549_/X
 _06550_/X
 _06551_/X
 _06552_/X
 _06553_/X
 _06554_/X
 _06555_/X
 _06556_/X
 _06557_/X
 _06558_/X
 _06559_/X
 _06560_/X
 _06561_/X
 _06562_/X
 _06563_/X
 _06564_/X
 _06565_/X
 _06566_/X
 _06567_/X
 _06568_/X
 _06569_/X
 _06570_/X
 _06571_/X
 _06572_/X
 _06573_/X
 _06574_/X
 _06575_/X
 _06576_/X
 _06577_/X
 _06578_/X
 _06579_/X
 _06580_/X
 _06581_/X
 _06582_/X
 _06583_/X
 _06584_/X
 _06585_/X
 _06586_/X
 _06587_/X
 _06588_/X
 _06589_/X
 _06590_/X
 _06591_/X
 _06592_/X
 _06593_/X
 _06594_/X
 _06595_/X
 _06596_/X
 _06597_/X
 _06598_/X
 _06599_/X
 _06600_/X
 _06601_/X
 _06602_/X
 _06603_/X
 _06604_/X
 _06605_/X
 _06606_/X
 _06607_/X
 _06608_/X
 _06609_/X
 _06610_/X
 _06611_/X
 _06612_/X
 _06613_/X
 _06614_/X
 _06615_/X
 _06616_/X
 _06617_/X
 _06618_/X
 _06619_/X
 _06620_/X
 _06621_/X
 _06622_/X
 _06623_/X
 _06624_/X
 _06625_/X
 _06626_/X
 _06627_/X
 _06628_/X
 _06629_/X
 _06630_/X
 _06631_/X
 _06632_/X
 _06633_/X
 _06634_/X
 _06635_/X
 _06636_/X
 _06637_/X
 _06638_/X
 _06639_/X
 _06640_/X
 _06641_/X
 _06642_/X
 _06643_/X
 _06644_/X
 _06645_/X
 _06646_/X
 _06647_/X
 _06648_/X
 _06649_/X
 _06650_/X
 _06651_/X
 _06652_/X
 _06653_/X
 _06654_/X
 _06655_/X
 _06656_/X
 _06657_/X
 _06658_/X
 _06659_/X
 _06660_/X
 _06661_/X
 _06662_/X
 _06663_/X
 _06664_/X
 _06665_/X
 _06666_/X
 _06667_/X
 _06668_/X
 _06669_/X
 _06670_/X
 _06671_/X
 _06672_/X
 _06673_/X
 _06674_/Y
 _06675_/X
 _06676_/X
 _06677_/X
 _06678_/X
 _06679_/X
 _06680_/X
 _06681_/Y
 _06682_/X
 _06683_/X
 _06684_/X
 _06685_/X
 _06686_/X
 _06687_/X
 _06688_/X
 _06689_/X
 _06690_/X
 _06691_/X
 _06692_/X
 _06693_/X
 _06694_/X
 _06695_/X
 _06696_/X
 _06697_/X
 _06698_/X
 _06699_/X
 _06700_/X
 _06701_/X
 _06702_/X
 _06703_/X
 _06704_/X
 _06705_/X
 _06706_/X
 _06707_/X
 _06708_/X
 _06709_/Y
 _06710_/X
 _06711_/X
 _06712_/X
 _06713_/X
 _06714_/X
 _06715_/X
 _06716_/X
 _06717_/X
 _06718_/X
 _06719_/X
 _06720_/X
 _06721_/X
 _06722_/X
 _06723_/X
 _06724_/X
 _06725_/X
 _06726_/X
 _06727_/X
 _06728_/X
 _06729_/X
 _06730_/X
 _06731_/X
 _06732_/X
 _06733_/X
 _06734_/X
 _06735_/X
 _06736_/X
 _06737_/X
 _06738_/X
 _06739_/X
 _06740_/X
 _06741_/X
 _06742_/X
 _06743_/X
 _06744_/X
 _06745_/X
 _06746_/X
 _06747_/X
 _06748_/X
 _06749_/X
 _06750_/X
 _06751_/X
 _06752_/X
 _06753_/X
 _06754_/X
 _06755_/X
 _06756_/X
 _06757_/X
 _06758_/X
 _06759_/X
 _06760_/X
 _06761_/X
 _06762_/X
 _06763_/X
 _06764_/X
 _06765_/X
 _06766_/X
 _06767_/X
 _06768_/X
 _06769_/X
 _06770_/X
 _06771_/X
 _06772_/X
 _06773_/X
 _06774_/X
 _06775_/X
 _06776_/X
 _06777_/X
 _06778_/X
 _06779_/X
 _06780_/X
 _06781_/X
 _06782_/X
 _06783_/X
 _06784_/X
 _06785_/X
 _06786_/X
 _06787_/X
 _06788_/X
 _06789_/X
 _06790_/X
 _06791_/X
 _06792_/X
 _06793_/X
 _06794_/X
 _06795_/X
 _06796_/X
 _06797_/X
 _06798_/X
 _06799_/X
 _06800_/X
 _06801_/X
 _06802_/X
 _06803_/X
 _06804_/X
 _06805_/X
 _06806_/X
 _06807_/X
 _06808_/X
 _06809_/X
 _06810_/X
 _06811_/X
 _06812_/X
 _06813_/X
 _06814_/X
 _06815_/X
 _06816_/X
 _06817_/X
 _06818_/X
 _06819_/X
 _06820_/X
 _06821_/X
 _06822_/X
 _06823_/X
 _06824_/X
 _06825_/X
 _06826_/X
 _06827_/X
 _06828_/X
 _06829_/X
 _06830_/X
 _06831_/X
 _06832_/X
 _06833_/X
 _06834_/X
 _06835_/X
 _06836_/X
 _06837_/X
 _06838_/X
 _06839_/X
 _06840_/X
 _06841_/X
 _06842_/X
 _06843_/X
 _06844_/X
 _06845_/X
 _06846_/X
 _06847_/X
 _06848_/X
 _06849_/X
 _06850_/X
 _06851_/X
 _06852_/X
 _06853_/X
 _06854_/X
 _06855_/X
 _06856_/X
 _06857_/X
 _06858_/X
 _06859_/X
 _06860_/X
 _06861_/X
 _06862_/X
 _06863_/X
 _06864_/X
 _06865_/X
 _06866_/X
 _06867_/X
 _06868_/X
 _06869_/X
 _06870_/X
 _06871_/X
 _06872_/X
 _06873_/X
 _06874_/X
 _06875_/X
 _06876_/X
 _06877_/X
 _06878_/X
 _06879_/X
 _06880_/X
 _06881_/X
 _06882_/X
 _06883_/X
 _06884_/X
 _06885_/X
 _06886_/X
 _06887_/X
 _06888_/X
 _06889_/X
 _06890_/X
 _06891_/X
 _06892_/X
 _06893_/X
 _06894_/X
 _06895_/X
 _06896_/X
 _06897_/X
 _06898_/X
 _06899_/X
 _06900_/X
 _06901_/X
 _06902_/X
 _06903_/X
 _06904_/X
 _06905_/X
 _06906_/X
 _06907_/X
 _06908_/X
 _06909_/X
 _06910_/X
 _06911_/X
 _06912_/X
 _06913_/X
 _06914_/X
 _06915_/X
 _06916_/X
 _06917_/X
 _06918_/X
 _06919_/X
 _06920_/X
 _06921_/X
 _06922_/X
 _06923_/X
 _06924_/X
 _06925_/X
 _06926_/X
 _06927_/X
 _06928_/X
 _06929_/X
 _06930_/X
 _06931_/X
 _06932_/X
 _06933_/X
 _06934_/X
 _06935_/X
 _06936_/X
 _06937_/X
 _06938_/X
 _06939_/X
 _06940_/X
 _06941_/X
 _06942_/X
 _06943_/X
 _06944_/X
 _06945_/X
 _06946_/X
 _06947_/X
 _06948_/X
 _06949_/X
 _06950_/X
 _06951_/X
 _06952_/X
 _06953_/X
 _06954_/X
 _06955_/X
 _06956_/X
 _06957_/X
 _06958_/X
 _06959_/X
 _06960_/X
 _06961_/X
 _06962_/X
 _06963_/X
 _06964_/X
 _06965_/X
 _06966_/X
 _06967_/X
 _06968_/X
 _06969_/X
 _06970_/X
 _06971_/X
 _06972_/X
 _06973_/X
 _06974_/X
 _06975_/X
 _06976_/X
 _06977_/X
 _06978_/X
 _06979_/X
 _06980_/X
 _06981_/X
 _06982_/X
 _06983_/X
 _06984_/X
 _06985_/X
 _06986_/X
 _06987_/X
 _06988_/X
 _06989_/X
 _06990_/X
 _06991_/X
 _06992_/X
 _06993_/X
 _06994_/X
 _06995_/X
 _06996_/X
 _06997_/X
 _06998_/X
 _06999_/X
 _07000_/X
 _07001_/X
 _07002_/X
 _07003_/X
 _07004_/X
 _07005_/X
 _07006_/X
 _07007_/X
 _07008_/X
 _07009_/X
 _07010_/X
 _07011_/X
 _07012_/X
 _07013_/X
 _07014_/X
 _07015_/X
 _07016_/X
 _07017_/X
 _07018_/X
 _07019_/X
 _07020_/X
 _07021_/X
 _07022_/X
 _07023_/X
 _07024_/X
 _07025_/X
 _07026_/X
 _07027_/X
 _07028_/X
 _07029_/X
 _07030_/X
 _07031_/X
 _07032_/X
 _07033_/X
 _07034_/X
 _07035_/X
 _07036_/X
 _07037_/X
 _07038_/X
 _07039_/X
 _07040_/X
 _07041_/X
 _07042_/X
 _07043_/X
 _07044_/X
 _07045_/X
 _07046_/X
 _07047_/X
 _07048_/X
 _07049_/X
 _07050_/X
 _07051_/X
 _07052_/X
 _07053_/X
 _07054_/X
 _07055_/X
 _07056_/X
 _07057_/X
 _07058_/X
 _07059_/X
 _07060_/X
 _07061_/X
 _07062_/X
 _07063_/X
 _07064_/X
 _07065_/X
 _07066_/X
 _07067_/X
 _07068_/X
 _07069_/X
 _07070_/X
 _07071_/X
 _07072_/X
 _07073_/X
 _07074_/X
 _07075_/X
 _07076_/X
 _07077_/X
 _07078_/X
 _07079_/X
 _07080_/X
 _07081_/X
 _07082_/X
 _07083_/X
 _07084_/X
 _07085_/Y
 _07086_/X
 _07087_/X
 _07088_/X
 _07089_/X
 _07090_/X
 _07091_/X
 _07092_/Y
 _07093_/X
 _07094_/X
 _07095_/X
 _07096_/X
 _07097_/X
 _07098_/X
 _07099_/X
 _07100_/X
 _07101_/X
 _07102_/X
 _07103_/X
 _07104_/X
 _07105_/X
 _07106_/X
 _07107_/X
 _07108_/X
 _07109_/X
 _07110_/X
 _07111_/X
 _07112_/X
 _07113_/X
 _07114_/X
 _07115_/X
 _07116_/X
 _07117_/X
 _07118_/X
 _07119_/X
 _07120_/Y
 _07121_/X
 _07122_/X
 _07123_/X
 _07124_/X
 _07125_/X
 _07126_/X
 _07127_/X
 _07128_/X
 _07129_/X
 _07130_/X
 _07131_/X
 _07132_/X
 _07133_/X
 _07134_/X
 _07135_/X
 _07136_/X
 _07137_/X
 _07138_/X
 _07139_/X
 _07140_/X
 _07141_/X
 _07142_/X
 _07143_/X
 _07144_/X
 _07145_/X
 _07146_/X
 _07147_/X
 _07148_/X
 _07149_/X
 _07150_/X
 _07151_/X
 _07152_/X
 _07153_/X
 _07154_/X
 _07155_/X
 _07156_/X
 _07157_/X
 _07158_/X
 _07159_/X
 _07160_/X
 _07161_/X
 _07162_/X
 _07163_/X
 _07164_/X
 _07165_/X
 _07166_/X
 _07167_/X
 _07168_/X
 _07169_/X
 _07170_/X
 _07171_/X
 _07172_/X
 _07173_/X
 _07174_/X
 _07175_/X
 _07176_/X
 _07177_/X
 _07178_/X
 _07179_/X
 _07180_/X
 _07181_/X
 _07182_/X
 _07183_/X
 _07184_/X
 _07185_/X
 _07186_/X
 _07187_/X
 _07188_/X
 _07189_/X
 _07190_/X
 _07191_/X
 _07192_/X
 _07193_/X
 _07194_/X
 _07195_/X
 _07196_/X
 _07197_/X
 _07198_/X
 _07199_/X
 _07200_/X
 _07201_/X
 _07202_/X
 _07203_/X
 _07204_/X
 _07205_/X
 _07206_/X
 _07207_/X
 _07208_/X
 _07209_/X
 _07210_/X
 _07211_/X
 _07212_/X
 _07213_/X
 _07214_/X
 _07215_/X
 _07216_/X
 _07217_/X
 _07218_/X
 _07219_/X
 _07220_/X
 _07221_/X
 _07222_/X
 _07223_/X
 _07224_/X
 _07225_/X
 _07226_/X
 _07227_/X
 _07228_/X
 _07229_/X
 _07230_/X
 _07231_/X
 _07232_/X
 _07233_/X
 _07234_/X
 _07235_/X
 _07236_/X
 _07237_/X
 _07238_/X
 _07239_/X
 _07240_/X
 _07241_/X
 _07242_/X
 _07243_/X
 _07244_/X
 _07245_/X
 _07246_/X
 _07247_/X
 _07248_/X
 _07249_/X
 _07250_/X
 _07251_/X
 _07252_/X
 _07253_/X
 _07254_/X
 _07255_/X
 _07256_/X
 _07257_/X
 _07258_/X
 _07259_/X
 _07260_/X
 _07261_/X
 _07262_/X
 _07263_/X
 _07264_/X
 _07265_/X
 _07266_/X
 _07267_/X
 _07268_/X
 _07269_/X
 _07270_/X
 _07271_/X
 _07272_/X
 _07273_/X
 _07274_/X
 _07275_/X
 _07276_/X
 _07277_/X
 _07278_/X
 _07279_/X
 _07280_/X
 _07281_/X
 _07282_/X
 _07283_/X
 _07284_/X
 _07285_/X
 _07286_/X
 _07287_/X
 _07288_/X
 _07289_/X
 _07290_/X
 _07291_/X
 _07292_/X
 _07293_/X
 _07294_/X
 _07295_/X
 _07296_/X
 _07297_/X
 _07298_/X
 _07299_/X
 _07300_/X
 _07301_/X
 _07302_/X
 _07303_/X
 _07304_/X
 _07305_/X
 _07306_/X
 _07307_/X
 _07308_/X
 _07309_/X
 _07310_/X
 _07311_/X
 _07312_/X
 _07313_/X
 _07314_/X
 _07315_/X
 _07316_/X
 _07317_/X
 _07318_/X
 _07319_/X
 _07320_/X
 _07321_/X
 _07322_/X
 _07323_/X
 _07324_/X
 _07325_/X
 _07326_/X
 _07327_/X
 _07328_/X
 _07329_/X
 _07330_/X
 _07331_/X
 _07332_/X
 _07333_/X
 _07334_/X
 _07335_/X
 _07336_/X
 _07337_/X
 _07338_/X
 _07339_/X
 _07340_/X
 _07341_/X
 _07342_/X
 _07343_/X
 _07344_/X
 _07345_/X
 _07346_/X
 _07347_/X
 _07348_/X
 _07349_/X
 _07350_/X
 _07351_/X
 _07352_/X
 _07353_/X
 _07354_/X
 _07355_/X
 _07356_/X
 _07357_/X
 _07358_/X
 _07359_/X
 _07360_/X
 _07361_/X
 _07362_/X
 _07363_/X
 _07364_/X
 _07365_/X
 _07366_/X
 _07367_/X
 _07368_/X
 _07369_/X
 _07370_/X
 _07371_/X
 _07372_/X
 _07373_/X
 _07374_/X
 _07375_/X
 _07376_/X
 _07377_/X
 _07378_/X
 _07379_/X
 _07380_/X
 _07381_/X
 _07382_/X
 _07383_/X
 _07384_/X
 _07385_/X
 _07386_/X
 _07387_/X
 _07388_/X
 _07389_/X
 _07390_/X
 _07391_/X
 _07392_/X
 _07393_/X
 _07394_/X
 _07395_/X
 _07396_/X
 _07397_/X
 _07398_/X
 _07399_/X
 _07400_/X
 _07401_/X
 _07402_/X
 _07403_/X
 _07404_/X
 _07405_/X
 _07406_/X
 _07407_/X
 _07408_/X
 _07409_/X
 _07410_/X
 _07411_/X
 _07412_/X
 _07413_/X
 _07414_/X
 _07415_/X
 _07416_/X
 _07417_/X
 _07418_/X
 _07419_/X
 _07420_/X
 _07421_/X
 _07422_/X
 _07423_/X
 _07424_/X
 _07425_/X
 _07426_/X
 _07427_/X
 _07428_/X
 _07429_/X
 _07430_/X
 _07431_/X
 _07432_/X
 _07433_/X
 _07434_/X
 _07435_/X
 _07436_/X
 _07437_/X
 _07438_/X
 _07439_/X
 _07440_/X
 _07441_/X
 _07442_/X
 _07443_/X
 _07444_/X
 _07445_/X
 _07446_/X
 _07447_/X
 _07448_/X
 _07449_/X
 _07450_/X
 _07451_/X
 _07452_/X
 _07453_/X
 _07454_/X
 _07455_/X
 _07456_/X
 _07457_/X
 _07458_/X
 _07459_/X
 _07460_/X
 _07461_/X
 _07462_/X
 _07463_/X
 _07464_/X
 _07465_/X
 _07466_/X
 _07467_/X
 _07468_/X
 _07469_/X
 _07470_/X
 _07471_/X
 _07472_/X
 _07473_/X
 _07474_/X
 _07475_/X
 _07476_/X
 _07477_/X
 _07478_/X
 _07479_/X
 _07480_/X
 _07481_/X
 _07482_/X
 _07483_/X
 _07484_/X
 _07485_/X
 _07486_/X
 _07487_/X
 _07488_/X
 _07489_/X
 _07490_/X
 _07491_/X
 _07492_/X
 _07493_/X
 _07494_/X
 _07495_/X
 _07496_/X
 _07497_/X
 _07498_/X
 _07499_/X
 _07500_/X
 _07501_/X
 _07502_/X
 _07503_/X
 _07504_/X
 _07505_/X
 _07506_/X
 _07507_/X
 _07508_/X
 _07509_/X
 _07510_/X
 _07511_/X
 _07512_/X
 _07513_/X
 _07514_/X
 _07515_/X
 _07516_/X
 _07517_/X
 _07518_/X
 _07519_/X
 _07520_/X
 _07521_/X
 _07522_/X
 _07523_/X
 _07524_/X
 _07525_/X
 _07526_/X
 _07527_/X
 _07528_/X
 _07529_/X
 _07530_/X
 _07531_/X
 _07532_/X
 _07533_/X
 _07534_/X
 _07535_/X
 _07536_/X
 _07537_/X
 _07538_/X
 _07539_/X
 _07540_/X
 _07541_/X
 _07542_/X
 _07543_/X
 _07544_/X
 _07545_/X
 _07546_/X
 _07547_/X
 _07548_/X
 _07549_/X
 _07550_/X
 _07551_/X
 _07552_/X
 _07553_/X
 _07554_/X
 _07555_/X
 _07556_/X
 _07557_/X
 _07558_/X
 _07559_/X
 _07560_/X
 _07561_/X
 _07562_/X
 _07563_/X
 _07564_/X
 _07565_/X
 _07566_/X
 _07567_/X
 _07568_/X
 _07569_/X
 _07570_/X
 _07571_/X
 _07572_/X
 _07573_/X
 _07574_/X
 _07575_/X
 _07576_/X
 _07577_/X
 _07578_/X
 _07579_/X
 _07580_/X
 _07581_/X
 _07582_/X
 _07583_/X
 _07584_/X
 _07585_/X
 _07586_/X
 _07587_/X
 _07588_/X
 _07589_/X
 _07590_/X
 _07591_/X
 _07592_/X
 _07593_/X
 _07594_/X
 _07595_/X
 _07596_/X
 _07597_/X
 _07598_/X
 _07599_/X
 _07600_/X
 _07601_/X
 _07602_/X
 _07603_/X
 _07604_/X
 _07605_/X
 _07606_/X
 _07607_/X
 _07608_/X
 _07609_/X
 _07610_/X
 _07611_/X
 _07612_/X
 _07613_/X
 _07614_/X
 _07615_/X
 _07616_/X
 _07617_/X
 _07618_/X
 _07619_/X
 _07620_/X
 _07621_/X
 _07622_/X
 _07623_/X
 _07624_/X
 _07625_/X
 _07626_/X
 _07627_/X
 _07628_/X
 _07629_/X
 _07630_/X
 _07631_/X
 _07632_/X
 _07633_/X
 _07634_/X
 _07635_/X
 _07636_/X
 _07637_/X
 _07638_/X
 _07639_/X
 _07640_/X
 _07641_/X
 _07642_/X
 _07643_/X
 _07644_/X
 _07645_/X
 _07646_/X
 _07647_/X
 _07648_/X
 _07649_/X
 _07650_/X
 _07651_/X
 _07652_/X
 _07653_/X
 _07654_/X
 _07655_/X
 _07656_/X
 _07657_/X
 _07658_/X
 _07659_/X
 _07660_/X
 _07661_/X
 _07662_/X
 _07663_/X
 _07664_/X
 _07665_/X
 _07666_/X
 _07667_/X
 _07668_/X
 _07669_/X
 _07670_/X
 _07671_/X
 _07672_/X
 _07673_/X
 _07674_/X
 _07675_/X
 _07676_/X
 _07677_/X
 _07678_/X
 _07679_/X
 _07680_/X
 _07681_/X
 _07682_/X
 _07683_/X
 _07684_/X
 _07685_/X
 _07686_/X
 _07687_/X
 _07688_/X
 _07689_/X
 _07690_/X
 _07691_/X
 _07692_/X
 _07693_/X
 _07694_/X
 _07695_/X
 _07696_/X
 _07697_/X
 _07698_/X
 _07699_/X
 _07700_/X
 _07701_/X
 _07702_/X
 _07703_/X
 _07704_/X
 _07705_/X
 _07706_/X
 _07707_/X
 _07708_/X
 _07709_/X
 _07710_/X
 _07711_/X
 _07712_/X
 _07713_/X
 _07714_/X
 _07715_/X
 _07716_/X
 _07717_/X
 _07718_/X
 _07719_/X
 _07720_/X
 _07721_/X
 _07722_/X
 _07723_/X
 _07724_/X
 _07725_/X
 _07726_/X
 _07727_/X
 _07728_/X
 _07729_/X
 _07730_/X
 _07731_/X
 _07732_/X
 _07733_/X
 _07734_/X
 _07735_/X
 _07736_/X
 _07737_/X
 _07738_/X
 _07739_/X
 _07740_/X
 _07741_/X
 _07742_/X
 _07743_/X
 _07744_/X
 _07745_/X
 _07746_/X
 _07747_/X
 _07748_/X
 _07749_/X
 _07750_/X
 _07751_/X
 _07752_/X
 _07753_/X
 _07754_/X
 _07755_/X
 _07756_/X
 _07757_/X
 _07758_/X
 _07759_/X
 _07760_/X
 _07761_/X
 _07762_/X
 _07763_/X
 _07764_/X
 _07765_/X
 _07766_/X
 _07767_/X
 _07768_/X
 _07769_/X
 _07770_/X
 _07771_/X
 _07772_/X
 _07773_/X
 _07774_/X
 _07775_/X
 _07776_/X
 _07777_/X
 _07778_/X
 _07779_/X
 _07780_/X
 _07781_/X
 _07782_/X
 _07783_/X
 _07784_/X
 _07785_/X
 _07786_/X
 _07787_/X
 _07788_/X
 _07789_/X
 _07790_/X
 _07791_/X
 _07792_/X
 _07793_/X
 _07794_/X
 _07795_/X
 _07796_/X
 _07797_/X
 _07798_/X
 _07799_/X
 _07800_/X
 _07801_/X
 _07802_/X
 _07803_/X
 _07804_/X
 _07805_/X
 _07806_/X
 _07807_/X
 _07808_/X
 _07809_/X
 _07810_/X
 _07811_/X
 _07812_/X
 _07813_/X
 _07814_/X
 _07815_/X
 _07816_/X
 _07817_/X
 _07818_/X
 _07819_/X
 _07820_/X
 _07821_/X
 _07822_/X
 _07823_/X
 _07824_/X
 _07825_/X
 _07826_/X
 _07827_/X
 _07828_/X
 _07829_/X
 _07830_/X
 _07831_/X
 _07832_/X
 _07833_/X
 _07834_/X
 _07835_/X
 _07836_/X
 _07837_/X
 _07838_/X
 _07839_/X
 _07840_/X
 _07841_/X
 _07842_/X
 _07843_/X
 _07844_/X
 _07845_/X
 _07846_/X
 _07847_/X
 _07848_/X
 _07849_/X
 _07850_/X
 _07851_/X
 _07852_/X
 _07853_/X
 _07854_/X
 _07855_/X
 _07856_/X
 _07857_/X
 _07858_/X
 _07859_/X
 _07860_/X
 _07861_/X
 _07862_/X
 _07863_/X
 _07864_/X
 _07865_/X
 _07866_/X
 _07867_/X
 _07868_/X
 _07869_/X
 _07870_/X
 _07871_/X
 _07872_/X
 _07873_/X
 _07874_/X
 _07875_/X
 _07876_/X
 _07877_/X
 _07878_/X
 _07879_/X
 _07880_/X
 _07881_/X
 _07882_/X
 _07883_/X
 _07884_/X
 _07885_/X
 _07886_/X
 _07887_/X
 _07888_/X
 _07889_/X
 _07890_/X
 _07891_/X
 _07892_/X
 _07893_/X
 _07894_/X
 _07895_/X
 _07896_/X
 _07897_/X
 _07898_/X
 _07899_/X
 _07900_/X
 _07901_/X
 _07902_/X
 _07903_/X
 _07904_/X
 _07905_/X
 _07906_/X
 _07907_/X
 _07908_/X
 _07909_/X
 _07910_/X
 _07911_/X
 _07912_/X
 _07913_/X
 _07914_/X
 _07915_/X
 _07916_/X
 _07917_/X
 _07918_/X
 _07919_/X
 _07920_/X
 _07921_/X
 _07922_/X
 _07923_/X
 _07924_/X
 _07925_/X
 _07926_/X
 _07927_/X
 _07928_/X
 _07929_/X
 _07930_/X
 _07931_/X
 _07932_/X
 _07933_/X
 _07934_/X
 _07935_/X
 _07936_/X
 _07937_/X
 _07938_/X
 _07939_/X
 _07940_/X
 _07941_/X
 _07942_/X
 _07943_/X
 _07944_/X
 _07945_/X
 _07946_/X
 _07947_/X
 _07948_/X
 _07949_/X
 _07950_/X
 _07951_/X
 _07952_/X
 _07953_/X
 _07954_/X
 _07955_/X
 _07956_/X
 _07957_/X
 _07958_/X
 _07959_/X
 _07960_/X
 _07961_/X
 _07962_/X
 _07963_/X
 _07964_/X
 _07965_/X
 _07966_/X
 _07967_/X
 _07968_/X
 _07969_/X
 _07970_/X
 _07971_/X
 _07972_/X
 _07973_/X
 _07974_/X
 _07975_/X
 _07976_/X
 _07977_/X
 _07978_/X
 _07979_/X
 _07980_/X
 _07981_/X
 _07982_/X
 _07983_/X
 _07984_/X
 _07985_/X
 _07986_/X
 _07987_/X
 _07988_/X
 _07989__56/Y
 _07990__57/Y
 _07991__58/Y
 _07992__59/Y
 _07993__60/Y
 _07994__61/Y
 _07995__62/Y
 _07996__63/Y
 _07997__64/Y
 _07998__65/Y
 _07999__66/Y
 _08000__67/Y
 _08001__68/Y
 _08002__69/Y
 _08003__70/Y
 _08004__71/Y
 _08005__72/Y
 _08006__73/Y
 _08007__74/Y
 _08008_/X
 _08009_/X
 _08010__75/Y
 _08011__76/Y
 _08012__77/Y
 _08013__78/Y
 _08014__79/Y
 _08015__80/Y
 _08016__81/Y
 _08017__82/Y
 _08018__83/Y
 _08019__84/Y
 _08020__85/Y
 _08021__86/Y
 _08022__87/Y
 _08023__88/Y
 _08024__89/Y
 _08025__90/Y
 _08026__91/Y
 _08027__92/Y
 _08028__93/Y
 _08029_/X
 _08030__94/Y
 _08031__95/Y
 _08032__96/Y
 _08033__97/Y
 _08034__98/Y
 _08035__99/Y
 _08036__100/Y
 _08037__101/Y
 _08038__102/Y
 _08039__103/Y
 _08040__104/Y
 _08041__105/Y
 _08042__106/Y
 _08043__107/Y
 _08044__108/Y
 _08045__109/Y
 _08046__110/Y
 _08047__111/Y
 _08048__112/Y
 _08049_/X
 _08050__113/Y
 _08051__114/Y
 _08052__115/Y
 _08053__116/Y
 _08054__117/Y
 _08055__118/Y
 _08056__119/Y
 _08057__120/Y
 _08058__121/Y
 _08059__122/Y
 _08060__123/Y
 _08061__124/Y
 _08062__125/Y
 _08063__126/Y
 _08064__127/Y
 _08065__128/Y
 _08066__129/Y
 _08067__130/Y
 _08068__131/Y
 _08069_/X
 _08070__132/Y
 _08071__133/Y
 _08072__134/Y
 _08073__135/Y
 _08074__136/Y
 _08075__137/Y
 _08076__138/Y
 _08077__139/Y
 _08078__140/Y
 _08079__141/Y
 _08080__142/Y
 _08081__143/Y
 _08082__144/Y
 _08083__145/Y
 _08084__146/Y
 _08085__147/Y
 _08086__148/Y
 _08087__149/Y
 _08088__150/Y
 _08089_/X
 _08090__151/Y
 _08091__152/Y
 _08092__153/Y
 _08093__154/Y
 _08094__155/Y
 _08095__156/Y
 _08096__157/Y
 _08097__158/Y
 _08098__159/Y
 _08099__160/Y
 _08100__161/Y
 _08101__162/Y
 _08102__163/Y
 _08103__164/Y
 _08104__165/Y
 _08105__166/Y
 _08106__167/Y
 _08107__168/Y
 _08108__169/Y
 _08109_/X
 _08110__170/Y
 _08111__171/Y
 _08112__172/Y
 _08113__173/Y
 _08114__174/Y
 _08115__175/Y
 _08116__176/Y
 _08117__177/Y
 _08118__178/Y
 _08119__179/Y
 _08120__180/Y
 _08121__181/Y
 _08122__182/Y
 _08123__183/Y
 _08124__184/Y
 _08125__185/Y
 _08126__186/Y
 _08127__187/Y
 _08128__188/Y
 _08129_/X
 _08130__189/Y
 _08131__190/Y
 _08132__191/Y
 _08133__192/Y
 _08134__193/Y
 _08135__194/Y
 _08136__195/Y
 _08137__196/Y
 _08138__197/Y
 _08139__198/Y
 _08140__199/Y
 _08141__200/Y
 _08142__201/Y
 _08143__202/Y
 _08144__203/Y
 _08145__204/Y
 _08146__205/Y
 _08147__206/Y
 _08148__207/Y
 _08149_/X
 _08150__208/Y
 _08151__209/Y
 _08152__210/Y
 _08153__211/Y
 _08154__212/Y
 _08155__213/Y
 _08156__214/Y
 _08157__215/Y
 _08158__216/Y
 _08159__217/Y
 _08160__218/Y
 _08161__219/Y
 _08162__220/Y
 _08163__221/Y
 _08164__222/Y
 _08165__223/Y
 _08166__224/Y
 _08167__225/Y
 _08168__226/Y
 _08169_/X
 _08170__227/Y
 _08171__228/Y
 _08172__229/Y
 _08173__230/Y
 _08174__231/Y
 _08175__232/Y
 _08176__233/Y
 _08177__234/Y
 _08178__235/Y
 _08179__236/Y
 _08180__237/Y
 _08181__238/Y
 _08182__239/Y
 _08183__240/Y
 _08184__241/Y
 _08185__242/Y
 _08186__243/Y
 _08187__244/Y
 _08188__245/Y
 _08189_/X
 _08190__246/Y
 _08191__247/Y
 _08192__248/Y
 _08193__249/Y
 _08194__250/Y
 _08195__251/Y
 _08196__252/Y
 _08197__253/Y
 _08198__254/Y
 _08199__255/Y
 _08200__256/Y
 _08201__257/Y
 _08202__258/Y
 _08203__259/Y
 _08204__260/Y
 _08205__261/Y
 _08206__262/Y
 _08207__263/Y
 _08208__264/Y
 _08209_/X
 _08210_/X
 _08211__265/Y
 _08212__266/Y
 _08213__267/Y
 _08214__268/Y
 _08215__269/Y
 _08216__270/Y
 _08217__271/Y
 _08218__272/Y
 _08219__273/Y
 _08220__274/Y
 _08221__275/Y
 _08222__276/Y
 _08223__277/Y
 _08224__278/Y
 _08225__279/Y
 _08226__280/Y
 _08227__281/Y
 _08228__282/Y
 _08229__283/Y
 _08230_/X
 _08231__284/Y
 _08232__285/Y
 _08233__286/Y
 _08234__287/Y
 _08235__288/Y
 _08236__289/Y
 _08237__290/Y
 _08238__291/Y
 _08239__292/Y
 _08240__293/Y
 _08241__294/Y
 _08242__295/Y
 _08243__296/Y
 _08244__297/Y
 _08245__298/Y
 _08246__299/Y
 _08247__300/Y
 _08248__301/Y
 _08249__302/Y
 _08250_/X
 _08251__303/Y
 _08252__304/Y
 _08253__305/Y
 _08254__306/Y
 _08255__307/Y
 _08256__308/Y
 _08257__309/Y
 _08258__310/Y
 _08259__311/Y
 _08260__312/Y
 _08261__313/Y
 _08262__314/Y
 _08263__315/Y
 _08264__316/Y
 _08265__317/Y
 _08266__318/Y
 _08267__319/Y
 _08268__320/Y
 _08269__321/Y
 _08270_/X
 _08271__322/Y
 _08272__323/Y
 _08273__324/Y
 _08274__325/Y
 _08275__326/Y
 _08276__327/Y
 _08277__328/Y
 _08278__329/Y
 _08279__330/Y
 _08280__331/Y
 _08281__332/Y
 _08282__333/Y
 _08283__334/Y
 _08284__335/Y
 _08285__336/Y
 _08286__337/Y
 _08287__338/Y
 _08288__339/Y
 _08289__340/Y
 _08290_/X
 _08291__341/Y
 _08292__342/Y
 _08293__343/Y
 _08294__344/Y
 _08295__345/Y
 _08296__346/Y
 _08297__347/Y
 _08298__348/Y
 _08299__349/Y
 _08300__350/Y
 _08301__351/Y
 _08302__352/Y
 _08303__353/Y
 _08304__354/Y
 _08305__355/Y
 _08306__356/Y
 _08307__357/Y
 _08308__358/Y
 _08309__359/Y
 _08310_/X
 _08311__360/Y
 _08312__361/Y
 _08313__362/Y
 _08314__363/Y
 _08315__364/Y
 _08316__365/Y
 _08317__366/Y
 _08318__367/Y
 _08319__368/Y
 _08320__369/Y
 _08321__370/Y
 _08322__371/Y
 _08323__372/Y
 _08324__373/Y
 _08325__374/Y
 _08326__375/Y
 _08327__376/Y
 _08328__377/Y
 _08329__378/Y
 _08330_/X
 _08331__379/Y
 _08332__380/Y
 _08333__381/Y
 _08334__382/Y
 _08335__383/Y
 _08336__384/Y
 _08337__385/Y
 _08338__386/Y
 _08339__387/Y
 _08340__388/Y
 _08341__389/Y
 _08342__390/Y
 _08343__391/Y
 _08344__392/Y
 _08345__393/Y
 _08346__394/Y
 _08347__395/Y
 _08348__396/Y
 _08349__397/Y
 _08350_/X
 _08351__398/Y
 _08352__399/Y
 _08353__400/Y
 _08354__401/Y
 _08355__402/Y
 _08356__403/Y
 _08357__404/Y
 _08358__405/Y
 _08359__406/Y
 _08360__407/Y
 _08361__408/Y
 _08362__409/Y
 _08363__410/Y
 _08364__411/Y
 _08365__412/Y
 _08366__413/Y
 _08367__414/Y
 _08368__415/Y
 _08369__416/Y
 _08370_/X
 _08371__417/Y
 _08372__418/Y
 _08373__419/Y
 _08374__420/Y
 _08375__421/Y
 _08376__422/Y
 _08377__423/Y
 _08378__424/Y
 _08379__425/Y
 _08380__426/Y
 _08381__427/Y
 _08382__428/Y
 _08383__429/Y
 _08384__430/Y
 _08385__431/Y
 _08386__432/Y
 _08387__433/Y
 _08388__434/Y
 _08389__435/Y
 _08390_/X
 _08391__436/Y
 _08392__437/Y
 _08393__438/Y
 _08394__439/Y
 _08395__440/Y
 _08396__441/Y
 _08397__442/Y
 _08398__443/Y
 _08399__444/Y
 _08400__445/Y
 _08401__446/Y
 _08402__447/Y
 _08403__448/Y
 _08404__449/Y
 _08405__450/Y
 _08406__451/Y
 _08407__452/Y
 _08408__453/Y
 _08409__454/Y
 _08410_/X
 _08411_/X
 _08412__455/Y
 _08413__456/Y
 _08414__457/Y
 _08415__458/Y
 _08416__459/Y
 _08417__460/Y
 _08418__461/Y
 _08419__462/Y
 _08420__463/Y
 _08421__464/Y
 _08422__465/Y
 _08423__466/Y
 _08424__467/Y
 _08425__468/Y
 _08426__469/Y
 _08427__470/Y
 _08428__471/Y
 _08429__472/Y
 _08430__473/Y
 _08431_/X
 _08432__474/Y
 _08433__475/Y
 _08434__476/Y
 _08435__477/Y
 _08436__478/Y
 _08437__479/Y
 _08438__480/Y
 _08439__481/Y
 _08440__482/Y
 _08441__483/Y
 _08442__484/Y
 _08443__485/Y
 _08444__486/Y
 _08445__487/Y
 _08446__488/Y
 _08447__489/Y
 _08448__490/Y
 _08449__491/Y
 _08450__492/Y
 _08451_/X
 _08452__493/Y
 _08453__494/Y
 _08454__495/Y
 _08455__496/Y
 _08456__497/Y
 _08457__498/Y
 _08458__499/Y
 _08459__500/Y
 _08460__501/Y
 _08461__502/Y
 _08462__503/Y
 _08463__504/Y
 _08464__505/Y
 _08465__506/Y
 _08466__507/Y
 _08467__508/Y
 _08468__509/Y
 _08469__510/Y
 _08470__511/Y
 _08471_/X
 _08472__512/Y
 _08473__513/Y
 _08474__514/Y
 _08475__515/Y
 _08476__516/Y
 _08477__517/Y
 _08478__518/Y
 _08479__519/Y
 _08480__520/Y
 _08481__521/Y
 _08482__522/Y
 _08483__523/Y
 _08484__524/Y
 _08485__525/Y
 _08486__526/Y
 _08487__527/Y
 _08488__528/Y
 _08489__529/Y
 _08490__530/Y
 _08491_/X
 _08492__531/Y
 _08493__532/Y
 _08494__533/Y
 _08495__534/Y
 _08496__535/Y
 _08497__536/Y
 _08498__537/Y
 _08499__538/Y
 _08500__539/Y
 _08501__540/Y
 _08502__541/Y
 _08503__542/Y
 _08504__543/Y
 _08505__544/Y
 _08506__545/Y
 _08507__546/Y
 _08508__547/Y
 _08509__548/Y
 _08510__549/Y
 _08511_/X
 _08512__550/Y
 _08513__551/Y
 _08514__552/Y
 _08515__553/Y
 _08516__554/Y
 _08517__555/Y
 _08518__556/Y
 _08519__557/Y
 _08520__558/Y
 _08521__559/Y
 _08522__560/Y
 _08523__561/Y
 _08524__562/Y
 _08525__563/Y
 _08526__564/Y
 _08527__565/Y
 _08528__566/Y
 _08529__567/Y
 _08530__568/Y
 _08531_/X
 _08532__569/Y
 _08533__570/Y
 _08534__571/Y
 _08535__572/Y
 _08536__573/Y
 _08537__574/Y
 _08538__575/Y
 _08539__576/Y
 _08540__577/Y
 _08541__578/Y
 _08542__579/Y
 _08543__580/Y
 _08544__581/Y
 _08545__582/Y
 _08546__583/Y
 _08547__584/Y
 _08548__585/Y
 _08549__586/Y
 _08550__587/Y
 _08551_/X
 _08552__588/Y
 _08553__589/Y
 _08554__590/Y
 _08555__591/Y
 _08556__592/Y
 _08557__593/Y
 _08558__594/Y
 _08559__595/Y
 _08560__596/Y
 _08561__597/Y
 _08562__598/Y
 _08563__599/Y
 _08564__600/Y
 _08565__601/Y
 _08566__602/Y
 _08567__603/Y
 _08568__604/Y
 _08569__605/Y
 _08570__606/Y
 _08571_/X
 _08572__607/Y
 _08573__608/Y
 _08574__609/Y
 _08575__610/Y
 _08576__611/Y
 _08577__612/Y
 _08578__613/Y
 _08579__614/Y
 _08580__615/Y
 _08581__616/Y
 _08582__617/Y
 _08583__618/Y
 _08584__619/Y
 _08585__620/Y
 _08586__621/Y
 _08587__622/Y
 _08588__623/Y
 _08589__624/Y
 _08590__625/Y
 _08591_/X
 _08592__626/Y
 _08593__627/Y
 _08594__628/Y
 _08595__629/Y
 _08596__630/Y
 _08597__631/Y
 _08598__632/Y
 _08599__633/Y
 _08600__634/Y
 _08601__635/Y
 _08602__636/Y
 _08603__637/Y
 _08604__638/Y
 _08605__639/Y
 _08606__640/Y
 _08607__641/Y
 _08608__642/Y
 _08609__643/Y
 _08610__644/Y
 _08611_/X
 _08612_/X
 _08613__645/Y
 _08614__646/Y
 _08615__647/Y
 _08616__648/Y
 _08617__649/Y
 _08618__650/Y
 _08619__651/Y
 _08620__652/Y
 _08621__653/Y
 _08622__654/Y
 _08623__655/Y
 _08624__656/Y
 _08625__657/Y
 _08626__658/Y
 _08627__659/Y
 _08628__660/Y
 _08629__661/Y
 _08630__662/Y
 _08631__663/Y
 _08632_/X
 _08633__664/Y
 _08634__665/Y
 _08635__666/Y
 _08636__667/Y
 _08637__668/Y
 _08638__669/Y
 _08639__670/Y
 _08640__671/Y
 _08641__672/Y
 _08642__673/Y
 _08643__674/Y
 _08644__675/Y
 _08645__676/Y
 _08646__677/Y
 _08647__678/Y
 _08648__679/Y
 _08649__680/Y
 _08650__681/Y
 _08651__682/Y
 _08652_/X
 _08653__683/Y
 _08654__684/Y
 _08655__685/Y
 _08656__686/Y
 _08657__687/Y
 _08658__688/Y
 _08659__689/Y
 _08660__690/Y
 _08661__691/Y
 _08662__692/Y
 _08663__693/Y
 _08664__694/Y
 _08665__695/Y
 _08666__696/Y
 _08667__697/Y
 _08668__698/Y
 _08669__699/Y
 _08670__700/Y
 _08671__701/Y
 _08672_/X
 _08673__702/Y
 _08674__703/Y
 _08675__704/Y
 _08676__705/Y
 _08677__706/Y
 _08678__707/Y
 _08679__708/Y
 _08680__709/Y
 _08681__710/Y
 _08682__711/Y
 _08683__712/Y
 _08684__713/Y
 _08685__714/Y
 _08686__715/Y
 _08687__716/Y
 _08688__717/Y
 _08689__718/Y
 _08690__719/Y
 _08691__720/Y
 _08692_/X
 _08693__721/Y
 _08694__722/Y
 _08695__723/Y
 _08696__724/Y
 _08697__725/Y
 _08698__726/Y
 _08699__727/Y
 _08700__728/Y
 _08701__729/Y
 _08702__730/Y
 _08703__731/Y
 _08704__732/Y
 _08705__733/Y
 _08706__734/Y
 _08707__735/Y
 _08708__736/Y
 _08709__737/Y
 _08710__738/Y
 _08711__739/Y
 _08712_/X
 _08713__740/Y
 _08714__741/Y
 _08715__742/Y
 _08716__743/Y
 _08717__744/Y
 _08718__745/Y
 _08719__746/Y
 _08720__747/Y
 _08721__748/Y
 _08722__749/Y
 _08723__750/Y
 _08724__751/Y
 _08725__752/Y
 _08726__753/Y
 _08727__754/Y
 _08728__755/Y
 _08729__756/Y
 _08730__757/Y
 _08731__758/Y
 _08732_/X
 _08733__759/Y
 _08734__760/Y
 _08735__761/Y
 _08736__762/Y
 _08737__763/Y
 _08738__764/Y
 _08739__765/Y
 _08740__766/Y
 _08741__767/Y
 _08742__768/Y
 _08743__769/Y
 _08744__770/Y
 _08745__771/Y
 _08746__772/Y
 _08747__773/Y
 _08748__774/Y
 _08749__775/Y
 _08750__776/Y
 _08751__777/Y
 _08752_/X
 _08753__778/Y
 _08754__779/Y
 _08755__780/Y
 _08756__781/Y
 _08757__782/Y
 _08758__783/Y
 _08759__784/Y
 _08760__785/Y
 _08761__786/Y
 _08762__787/Y
 _08763__788/Y
 _08764__789/Y
 _08765__790/Y
 _08766__791/Y
 _08767__792/Y
 _08768__793/Y
 _08769__794/Y
 _08770__795/Y
 _08771__796/Y
 _08772_/X
 _08773__797/Y
 _08774__798/Y
 _08775__799/Y
 _08776__800/Y
 _08777__801/Y
 _08778__802/Y
 _08779__803/Y
 _08780__804/Y
 _08781__805/Y
 _08782__806/Y
 _08783__807/Y
 _08784__808/Y
 _08785__809/Y
 _08786__810/Y
 _08787__811/Y
 _08788__812/Y
 _08789__813/Y
 _08790__814/Y
 _08791__815/Y
 _08792_/X
 _08793__816/Y
 _08794__817/Y
 _08795__818/Y
 _08796__819/Y
 _08797__820/Y
 _08798__821/Y
 _08799__822/Y
 _08800__823/Y
 _08801__824/Y
 _08802__825/Y
 _08803__826/Y
 _08804__827/Y
 _08805__828/Y
 _08806__829/Y
 _08807__830/Y
 _08808__831/Y
 _08809__832/Y
 _08810__833/Y
 _08811__834/Y
 _08812_/X
 _08813_/X
 _08814__835/Y
 _08815__836/Y
 _08816__837/Y
 _08817__838/Y
 _08818__839/Y
 _08819__840/Y
 _08820__841/Y
 _08821__842/Y
 _08822__843/Y
 _08823__844/Y
 _08824__845/Y
 _08825__846/Y
 _08826__847/Y
 _08827__848/Y
 _08828__849/Y
 _08829__850/Y
 _08830__851/Y
 _08831__852/Y
 _08832__853/Y
 _08833_/X
 _08834__854/Y
 _08835__855/Y
 _08836__856/Y
 _08837__857/Y
 _08838__858/Y
 _08839__859/Y
 _08840__860/Y
 _08841__861/Y
 _08842__862/Y
 _08843__863/Y
 _08844__864/Y
 _08845__865/Y
 _08846__866/Y
 _08847__867/Y
 _08848__868/Y
 _08849__869/Y
 _08850__870/Y
 _08851__871/Y
 _08852__872/Y
 _08853_/X
 _08854__873/Y
 _08855__874/Y
 _08856__875/Y
 _08857__876/Y
 _08858__877/Y
 _08859__878/Y
 _08860__879/Y
 _08861__880/Y
 _08862__881/Y
 _08863__882/Y
 _08864__883/Y
 _08865__884/Y
 _08866__885/Y
 _08867__886/Y
 _08868__887/Y
 _08869__888/Y
 _08870__889/Y
 _08871__890/Y
 _08872__891/Y
 _08873_/X
 _08874__892/Y
 _08875__893/Y
 _08876__894/Y
 _08877__895/Y
 _08878__896/Y
 _08879__897/Y
 _08880__898/Y
 _08881__899/Y
 _08882__900/Y
 _08883__901/Y
 _08884__902/Y
 _08885__903/Y
 _08886__904/Y
 _08887__905/Y
 _08888__906/Y
 _08889__907/Y
 _08890__908/Y
 _08891__909/Y
 _08892__910/Y
 _08893_/X
 _08894__911/Y
 _08895__912/Y
 _08896__913/Y
 _08897__914/Y
 _08898__915/Y
 _08899__916/Y
 _08900__917/Y
 _08901__918/Y
 _08902__919/Y
 _08903__920/Y
 _08904__921/Y
 _08905__922/Y
 _08906__923/Y
 _08907__924/Y
 _08908__925/Y
 _08909__926/Y
 _08910__927/Y
 _08911__928/Y
 _08912__929/Y
 _08913_/X
 _08914__930/Y
 _08915__931/Y
 _08916__932/Y
 _08917__933/Y
 _08918__934/Y
 _08919__935/Y
 _08920__936/Y
 _08921__937/Y
 _08922__938/Y
 _08923__939/Y
 _08924__940/Y
 _08925__941/Y
 _08926__942/Y
 _08927__943/Y
 _08928__944/Y
 _08929__945/Y
 _08930__946/Y
 _08931__947/Y
 _08932__948/Y
 _08933_/X
 _08934__949/Y
 _08935__950/Y
 _08936__951/Y
 _08937__952/Y
 _08938__953/Y
 _08939__954/Y
 _08940__955/Y
 _08941__956/Y
 _08942__957/Y
 _08943__958/Y
 _08944__959/Y
 _08945__960/Y
 _08946__961/Y
 _08947__962/Y
 _08948__963/Y
 _08949__964/Y
 _08950__965/Y
 _08951__966/Y
 _08952__967/Y
 _08953_/X
 _08954__968/Y
 _08955__969/Y
 _08956__970/Y
 _08957__971/Y
 _08958__972/Y
 _08959__973/Y
 _08960__974/Y
 _08961__975/Y
 _08962__976/Y
 _08963__977/Y
 _08964__978/Y
 _08965__979/Y
 _08966__980/Y
 _08967__981/Y
 _08968__982/Y
 _08969__983/Y
 _08970__984/Y
 _08971__985/Y
 _08972__986/Y
 _08973_/X
 _08974__987/Y
 _08975__988/Y
 _08976__989/Y
 _08977__990/Y
 _08978__991/Y
 _08979__992/Y
 _08980__993/Y
 _08981__994/Y
 _08982__995/Y
 _08983__996/Y
 _08984__997/Y
 _08985__998/Y
 _08986__999/Y
 _08987__1000/Y
 _08988__1001/Y
 _08989__1002/Y
 _08990__1003/Y
 _08991__1004/Y
 _08992__1005/Y
 _08993_/X
 _08994__1006/Y
 _08995__1007/Y
 _08996__1008/Y
 _08997__1009/Y
 _08998__1010/Y
 _08999__1011/Y
 _09000__1012/Y
 _09001__1013/Y
 _09002__1014/Y
 _09003__1015/Y
 _09004__1016/Y
 _09005__1017/Y
 _09006__1018/Y
 _09007__1019/Y
 _09008__1020/Y
 _09009__1021/Y
 _09010__1022/Y
 _09011__1023/Y
 _09012__1024/Y
 _09013_/X
 _09014__18/Y
 _09015__19/Y
 _09016__20/Y
 _09017__21/Y
 _09018__22/Y
 _09019__23/Y
 _09020__24/Y
 _09021__25/Y
 _09022__26/Y
 _09023__27/Y
 _09024__28/Y
 _09025__29/Y
 _09026__30/Y
 _09027__31/Y
 _09028__32/Y
 _09029__33/Y
 _09030__34/Y
 _09031__35/Y
 _09032__36/Y
 _09033_/X
 _09034__37/Y
 _09035__38/Y
 _09036__39/Y
 _09037__40/Y
 _09038__41/Y
 _09039__42/Y
 _09040__43/Y
 _09041__44/Y
 _09042__45/Y
 _09043__46/Y
 _09044__47/Y
 _09045__48/Y
 _09046__49/Y
 _09047__50/Y
 _09048__51/Y
 _09049__52/Y
 _09050__53/Y
 _09051__54/Y
 _09052__55/Y
 _09053__1/Y
 _09054__2/Y
 _09055__3/Y
 _09056__4/Y
 _09057__5/Y
 _09058__6/Y
 _09059__7/Y
 _09060__8/Y
 _09061__9/Y
 _09062__10/Y
 _09063__11/Y
 _09064__12/Y
 _09065__13/Y
 _09066__14/Y
 _09067__15/Y
 _09068__16/Y
 _09069__17/Y
 _09070_/Q
 _09071_/Q
 _09072_/Q
 _09073_/Q
 _09074_/Q
 _09075_/Q
 _09076_/Q
 _09077_/Q
 _09078_/Q
 _09079_/Q
 _09080_/Q
 _09081_/Q
 _09082_/Q
 _09083_/Q
 _09084_/Q
 _09085_/Q
 _09086_/Q
 _09087_/Q
 _09088_/Q
 _09089_/Q
 _09090_/Q
 _09091_/Q
 _09092_/Q
 _09093_/Q
 _09094_/Q
 _09095_/Q
 _09096_/Q
 _09097_/Q
 _09098_/Q
 _09099_/Q
 _09100_/Q
 _09101_/Q
 _09102_/Q
 _09103_/Q
 _09104_/Q
 _09105_/Q
 _09106_/Q
 _09107_/Q
 _09108_/Q
 _09109_/Q
 _09110_/Q
 _09111_/Q
 _09112_/Q
 _09113_/Q
 _09114_/Q
 _09115_/Q
 _09116_/Q
 _09117_/Q
 _09118_/Q
 _09119_/Q
 _09120_/Q
 _09121_/Q
 _09122_/Q
 _09123_/Q
 _09124_/Q
 _09125_/Q
 _09126_/Q
 _09127_/Q
 _09128_/Q
 _09129_/Q
 _09130_/Q
 _09131_/Q
 _09132_/Q
 _09133_/Q
 _09134_/Q
 _09135_/Q
 _09136_/Q
 _09137_/Q
 _09138_/Q
 _09139_/Q
 _09140_/Q
 _09141_/Q
 _09142_/Q
 _09143_/Q
 _09144_/Q
 _09145_/Q
 _09146_/Q
 _09147_/Q
 _09148_/Q
 _09149_/Q
 _09150_/Q
 _09151_/Q
 _09152_/Q
 _09153_/Q
 _09154_/Q
 _09155_/Q
 _09156_/Q
 _09157_/Q
 _09158_/Q
 _09159_/Q
 _09160_/Q
 _09161_/Q
 _09162_/Q
 _09163_/Q
 _09164_/Q
 _09165_/Q
 _09166_/Q
 _09167_/Q
 _09168_/Q
 _09169_/Q
 _09170_/Q
 _09171_/Q
 _09172_/Q
 _09173_/Q
 _09174_/Q
 _09175_/Q
 _09176_/Q
 _09177_/Q
 _09178_/Q
 _09179_/Q
 _09180_/Q
 _09181_/Q
 _09182_/Q
 _09183_/Q
 _09184_/Q
 _09185_/Q
 _09186_/Q
 _09187_/Q
 _09188_/Q
 _09189_/Q
 _09190_/Q
 _09191_/Q
 _09192_/Q
 _09193_/Q
 _09194_/Q
 _09195_/Q
 _09196_/Q
 _09197_/Q
 _09198_/Q
 _09199_/Q
 _09200_/Q
 _09201_/Q
 _09202_/Q
 _09203_/Q
 _09204_/Q
 _09205_/Q
 _09206_/Q
 _09207_/Q
 _09208_/Q
 _09209_/Q
 _09210_/Q
 _09211_/Q
 _09212_/Q
 _09213_/Q
 _09214_/Q
 _09215_/Q
 _09216_/Q
 _09217_/Q
 _09218_/Q
 _09219_/Q
 _09220_/Q
 _09221_/Q
 _09222_/Q
 _09223_/Q
 _09224_/Q
 _09225_/Q
 _09226_/Q
 _09227_/Q
 _09228_/Q
 _09229_/Q
 _09230_/Q
 _09231_/Q
 _09232_/Q
 _09233_/Q
 _09234_/Q
 _09235_/Q
 _09236_/Q
 _09237_/Q
 _09238_/Q
 _09239_/Q
 _09240_/Q
 _09241_/Q
 _09242_/Q
 _09243_/Q
 _09244_/Q
 _09245_/Q
 _09246_/Q
 _09247_/Q
 _09248_/Q
 _09249_/Q
 _09250_/Q
 _09251_/Q
 _09252_/Q
 _09253_/Q
 _09254_/Q
 _09255_/Q
 _09256_/Q
 _09257_/Q
 _09258_/Q
 _09259_/Q
 _09260_/Q
 _09261_/Q
 _09262_/Q
 _09263_/Q
 _09264_/Q
 _09265_/Q
 _09266_/Q
 _09267_/Q
 _09268_/Q
 _09269_/Q
 _09270_/Q
 _09271_/Q
 _09272_/Q
 _09273_/Q
 _09274_/Q
 _09275_/Q
 _09276_/Q
 _09277_/Q
 _09278_/Q
 _09279_/Q
 _09280_/Q
 _09281_/Q
 _09282_/Q
 _09283_/Q
 _09284_/Q
 _09285_/Q
 _09286_/Q
 _09287_/Q
 _09288_/Q
 _09289_/Q
 _09290_/Q
 _09291_/Q
 _09292_/Q
 _09293_/Q
 _09294_/Q
 _09295_/Q
 _09296_/Q
 _09297_/Q
 _09298_/Q
 _09299_/Q
 _09300_/Q
 _09301_/Q
 _09302_/Q
 _09303_/Q
 _09304_/Q
 _09305_/Q
 _09306_/Q
 _09307_/Q
 _09308_/Q
 _09309_/Q
 _09310_/Q
 _09311_/Q
 _09312_/Q
 _09313_/Q
 _09314_/Q
 _09315_/Q
 _09316_/Q
 _09317_/Q
 _09318_/Q
 _09319_/Q
 _09320_/Q
 _09321_/Q
 _09322_/Q
 _09323_/Q
 _09324_/Q
 _09325_/Q
 _09326_/Q
 _09327_/Q
 _09328_/Q
 _09329_/Q
 _09330_/Q
 _09331_/Q
 _09332_/Q
 _09333_/Q
 _09334_/Q
 _09335_/Q
 _09336_/Q
 _09337_/Q
 _09338_/Q
 _09339_/Q
 _09340_/Q
 _09341_/Q
 _09342_/Q
 _09343_/Q
 _09344_/Q
 _09345_/Q
 _09346_/Q
 _09347_/Q
 _09348_/Q
 _09349_/Q
 _09350_/Q
 _09351_/Q
 _09352_/Q
 _09353_/Q
 _09354_/Q
 _09355_/Q
 _09356_/Q
 _09357_/Q
 _09358_/Q
 _09359_/Q
 _09360_/Q
 _09361_/Q
 _09362_/Q
 _09363_/Q
 _09364_/Q
 _09365_/Q
 _09366_/Q
 _09367_/Q
 _09368_/Q
 _09369_/Q
 _09370_/Q
 _09371_/Q
 _09372_/Q
 _09373_/Q
 _09374_/Q
 _09375_/Q
 _09376_/Q
 _09377_/Q
 _09378_/Q
 _09379_/Q
 _09380_/Q
 _09381_/Q
 _09382_/Q
 _09383_/Q
 _09384_/Q
 _09385_/Q
 _09386_/Q
 _09387_/Q
 _09388_/Q
 _09389_/Q
 _09390_/Q
 _09391_/Q
 _09392_/Q
 _09393_/Q
 _09394_/Q
 _09395_/Q
 _09396_/Q
 _09397_/Q
 _09398_/Q
 _09399_/Q
 _09400_/Q
 _09401_/Q
 _09402_/Q
 _09403_/Q
 _09404_/Q
 _09405_/Q
 _09406_/Q
 _09407_/Q
 _09408_/Q
 _09409_/Q
 _09410_/Q
 _09411_/Q
 _09412_/Q
 _09413_/Q
 _09414_/Q
 _09415_/Q
 _09416_/Q
 _09417_/Q
 _09418_/Q
 _09419_/Q
 _09420_/Q
 _09421_/Q
 _09422_/Q
 _09423_/Q
 _09424_/Q
 _09425_/Q
 _09426_/Q
 _09427_/Q
 _09428_/Q
 _09429_/Q
 _09430_/Q
 _09431_/Q
 _09432_/Q
 _09433_/Q
 _09434_/Q
 _09435_/Q
 _09436_/Q
 _09437_/Q
 _09438_/Q
 _09439_/Q
 _09440_/Q
 _09441_/Q
 _09442_/Q
 _09443_/Q
 _09444_/Q
 _09445_/Q
 _09446_/Q
 _09447_/Q
 _09448_/Q
 _09449_/Q
 _09450_/Q
 _09451_/Q
 _09452_/Q
 _09453_/Q
 _09454_/Q
 _09455_/Q
 _09456_/Q
 _09457_/Q
 _09458_/Q
 _09459_/Q
 _09460_/Q
 _09461_/Q
 _09462_/Q
 _09463_/Q
 _09464_/Q
 _09465_/Q
 _09466_/Q
 _09467_/Q
 _09468_/Q
 _09469_/Q
 _09470_/Q
 _09471_/Q
 _09472_/Q
 _09473_/Q
 _09474_/Q
 _09475_/Q
 _09476_/Q
 _09477_/Q
 _09478_/Q
 _09479_/Q
 _09480_/Q
 _09481_/Q
 _09482_/Q
 _09483_/Q
 _09484_/Q
 _09485_/Q
 _09486_/Q
 _09487_/Q
 _09488_/Q
 _09489_/Q
 _09490_/Q
 _09491_/Q
 _09492_/Q
 _09493_/Q
 _09494_/Q
 _09495_/Q
 _09496_/Q
 _09497_/Q
 _09498_/Q
 _09499_/Q
 _09500_/Q
 _09501_/Q
 _09502_/Q
 _09503_/Q
 _09504_/Q
 _09505_/Q
 _09506_/Q
 _09507_/Q
 _09508_/Q
 _09509_/Q
 _09510_/Q
 _09511_/Q
 _09512_/Q
 _09513_/Q
 _09514_/Q
 _09515_/Q
 _09516_/Q
 _09517_/Q
 _09518_/Q
 _09519_/Q
 _09520_/Q
 _09521_/Q
 _09522_/Q
 _09523_/Q
 _09524_/Q
 _09525_/Q
 _09526_/Q
 _09527_/Q
 _09528_/Q
 _09529_/Q
 _09530_/Q
 _09531_/Q
 _09532_/Q
 _09533_/Q
 _09534_/Q
 _09535_/Q
 _09536_/Q
 _09537_/Q
 _09538_/Q
 _09539_/Q
 _09540_/Q
 _09541_/Q
 _09542_/Q
 _09543_/Q
 _09544_/Q
 _09545_/Q
 _09546_/Q
 _09547_/Q
 _09548_/Q
 _09549_/Q
 _09550_/Q
 _09551_/Q
 _09552_/Q
 _09553_/Q
 _09554_/Q
 _09555_/Q
 _09556_/Q
 _09557_/Q
 _09558_/Q
 _09559_/Q
 _09560_/Q
 _09561_/Q
 _09562_/Q
 _09563_/Q
 _09564_/Q
 _09565_/Q
 _09566_/Q
 _09567_/Q
 _09568_/Q
 _09569_/Q
 _09570_/Q
 _09571_/Q
 _09572_/Q
 _09573_/Q
 _09574_/Q
 _09575_/Q
 _09576_/Q
 _09577_/Q
 _09578_/Q
 _09579_/Q
 _09580_/Q
 _09581_/Q
 _09582_/Q
 _09583_/Q
 _09584_/Q
 _09585_/Q
 _09586_/Q
 _09587_/Q
 _09588_/Q
 _09589_/Q
 _09590_/Q
 _09591_/Q
 _09592_/Q
 _09593_/Q
 _09594_/Q
 _09595_/Q
 _09596_/Q
 _09597_/Q
 _09598_/Q
 _09599_/Q
 _09600_/Q
 _09601_/Q
 _09602_/Q
 _09603_/Q
 _09604_/Q
 _09605_/Q
 _09606_/Q
 _09607_/Q
 _09608_/Q
 _09609_/Q
 _09610_/Q
 _09611_/Q
 _09612_/Q
 _09613_/Q
 _09614_/Q
 _09615_/Q
 _09616_/Q
 _09617_/Q
 _09618_/Q
 _09619_/Q
 _09620_/Q
 _09621_/Q
 _09622_/Q
 _09623_/Q
 _09624_/Q
 _09625_/Q
 _09626_/Q
 _09627_/Q
 _09628_/Q
 _09629_/Q
 _09630_/Q
 _09631_/Q
 _09632_/Q
 _09633_/Q
 _09634_/Q
 _09635_/Q
 _09636_/Q
 _09637_/Q
 _09638_/Q
 _09639_/Q
 _09640_/Q
 _09641_/Q
 _09642_/Q
 _09643_/Q
 _09644_/Q
 _09645_/Q
 _09646_/Q
 _09647_/Q
 _09648_/Q
 _09649_/Q
 _09650_/Q
 _09651_/Q
 _09652_/Q
 _09653_/Q
 _09654_/Q
 _09655_/Q
 _09656_/Q
 _09657_/Q
 _09658_/Q
 _09659_/Q
 _09660_/Q
 _09661_/Q
 _09662_/Q
 _09663_/Q
 _09664_/Q
 _09665_/Q
 _09666_/Q
 _09667_/Q
 _09668_/Q
 _09669_/Q
 _09670_/Q
 _09671_/Q
 _09672_/Q
 _09673_/Q
 _09674_/Q
 _09675_/Q
 _09676_/Q
 _09677_/Q
 _09678_/Q
 _09679_/Q
 _09680_/Q
 _09681_/Q
 _09682_/Q
 _09683_/Q
 _09684_/Q
 _09685_/Q
 _09686_/Q
 _09687_/Q
 _09688_/Q
 _09689_/Q
 _09690_/Q
 _09691_/Q
 _09692_/Q
 _09693_/Q
 _09694_/Q
 _09695_/Q
 _09696_/Q
 _09697_/Q
 _09698_/Q
 _09699_/Q
 _09700_/Q
 _09701_/Q
 _09702_/Q
 _09703_/Q
 _09704_/Q
 _09705_/Q
 _09706_/Q
 _09707_/Q
 _09708_/Q
 _09709_/Q
 _09710_/Q
 _09711_/Q
 _09712_/Q
 _09713_/Q
 _09714_/Q
 _09715_/Q
 _09716_/Q
 _09717_/Q
 _09718_/Q
 _09719_/Q
 _09720_/Q
 _09721_/Q
 _09722_/Q
 _09723_/Q
 _09724_/Q
 _09725_/Q
 _09726_/Q
 _09727_/Q
 _09728_/Q
 _09729_/Q
 _09730_/Q
 _09731_/Q
 _09732_/Q
 _09733_/Q
 _09734_/Q
 _09735_/Q
 _09736_/Q
 _09737_/Q
 _09738_/Q
 _09739_/Q
 _09740_/Q
 _09741_/Q
 _09742_/Q
 _09743_/Q
 _09744_/Q
 _09745_/Q
 _09746_/Q
 _09747_/Q
 _09748_/Q
 _09749_/Q
 _09750_/Q
 _09751_/Q
 _09752_/Q
 _09753_/Q
 _09754_/Q
 _09755_/Q
 _09756_/Q
 _09757_/Q
 _09758_/Q
 _09759_/Q
 _09760_/Q
 _09761_/Q
 _09762_/Q
 _09763_/Q
 _09764_/Q
 _09765_/Q
 _09766_/Q
 _09767_/Q
 _09768_/Q
 _09769_/Q
 _09770_/Q
 _09771_/Q
 _09772_/Q
 _09773_/Q
 _09774_/Q
 _09775_/Q
 _09776_/Q
 _09777_/Q
 _09778_/Q
 _09779_/Q
 _09780_/Q
 _09781_/Q
 _09782_/Q
 _09783_/Q
 _09784_/Q
 _09785_/Q
 _09786_/Q
 _09787_/Q
 _09788_/Q
 _09789_/Q
 _09790_/Q
 _09791_/Q
 _09792_/Q
 _09793_/Q
 _09794_/Q
 _09795_/Q
 _09796_/Q
 _09797_/Q
 _09798_/Q
 _09799_/Q
 _09800_/Q
 _09801_/Q
 _09802_/Q
 _09803_/Q
 _09804_/Q
 _09805_/Q
 _09806_/Q
 _09807_/Q
 _09808_/Q
 _09809_/Q
 _09810_/Q
 _09811_/Q
 _09812_/Q
 _09813_/Q
 _09814_/Q
 _09815_/Q
 _09816_/Q
 _09817_/Q
 _09818_/Q
 _09819_/Q
 _09820_/Q
 _09821_/Q
 _09822_/Q
 _09823_/Q
 _09824_/Q
 _09825_/Q
 _09826_/Q
 _09827_/Q
 _09828_/Q
 _09829_/Q
 _09830_/Q
 _09831_/Q
 _09832_/Q
 _09833_/Q
 _09834_/Q
 _09835_/Q
 _09836_/Q
 _09837_/Q
 _09838_/Q
 _09839_/Q
 _09840_/Q
 _09841_/Q
 _09842_/Q
 _09843_/Q
 _09844_/Q
 _09845_/Q
 _09846_/Q
 _09847_/Q
 _09848_/Q
 _09849_/Q
 _09850_/Q
 _09851_/Q
 _09852_/Q
 _09853_/Q
 _09854_/Q
 _09855_/Q
 _09856_/Q
 _09857_/Q
 _09858_/Q
 _09859_/Q
 _09860_/Q
 _09861_/Q
 _09862_/Q
 _09863_/Q
 _09864_/Q
 _09865_/Q
 _09866_/Q
 _09867_/Q
 _09868_/Q
 _09869_/Q
 _09870_/Q
 _09871_/Q
 _09872_/Q
 _09873_/Q
 _09874_/Q
 _09875_/Q
 _09876_/Q
 _09877_/Q
 _09878_/Q
 _09879_/Q
 _09880_/Q
 _09881_/Q
 _09882_/Q
 _09883_/Q
 _09884_/Q
 _09885_/Q
 _09886_/Q
 _09887_/Q
 _09888_/Q
 _09889_/Q
 _09890_/Q
 _09891_/Q
 _09892_/Q
 _09893_/Q
 _09894_/Q
 _09895_/Q
 _09896_/Q
 _09897_/Q
 _09898_/Q
 _09899_/Q
 _09900_/Q
 _09901_/Q
 _09902_/Q
 _09903_/Q
 _09904_/Q
 _09905_/Q
 _09906_/Q
 _09907_/Q
 _09908_/Q
 _09909_/Q
 _09910_/Q
 _09911_/Q
 _09912_/Q
 _09913_/Q
 _09914_/Q
 _09915_/Q
 _09916_/Q
 _09917_/Q
 _09918_/Q
 _09919_/Q
 _09920_/Q
 _09921_/Q
 _09922_/Q
 _09923_/Q
 _09924_/Q
 _09925_/Q
 _09926_/Q
 _09927_/Q
 _09928_/Q
 _09929_/Q
 _09930_/Q
 _09931_/Q
 _09932_/Q
 _09933_/Q
 _09934_/Q
 _09935_/Q
 _09936_/Q
 _09937_/Q
 _09938_/Q
 _09939_/Q
 _09940_/Q
 _09941_/Q
 _09942_/Q
 _09943_/Q
 _09944_/Q
 _09945_/Q
 _09946_/Q
 _09947_/Q
 _09948_/Q
 _09949_/Q
 _09950_/Q
 _09951_/Q
 _09952_/Q
 _09953_/Q
 _09954_/Q
 _09955_/Q
 _09956_/Q
 _09957_/Q
 _09958_/Q
 _09959_/Q
 _09960_/Q
 _09961_/Q
 _09962_/Q
 _09963_/Q
 _09964_/Q
 _09965_/Q
 _09966_/Q
 _09967_/Q
 _09968_/Q
 _09969_/Q
 _09970_/Q
 _09971_/Q
 _09972_/Q
 _09973_/Q
 _09974_/Q
 _09975_/Q
 _09976_/Q
 _09977_/Q
 _09978_/Q
 _09979_/Q
 _09980_/Q
 _09981_/Q
 _09982_/Q
 _09983_/Q
 _09984_/Q
 _09985_/Q
 _09986_/Q
 _09987_/Q
 _09988_/Q
 _09989_/Q
 _09990_/Q
 _09991_/Q
 _09992_/Q
 _09993_/Q
 _09994_/Q
 _09995_/Q
 _09996_/Q
 _09997_/Q
 _09998_/Q
 _09999_/Q
 _10000_/Q
 _10001_/Q
 _10002_/Q
 _10003_/Q
 _10004_/Q
 _10005_/Q
 _10006_/Q
 _10007_/Q
 _10008_/Q
 _10009_/Q
 _10010_/Q
 _10011_/Q
 _10012_/Q
 _10013_/Q
 _10014_/Q
 _10015_/Q
 _10016_/Q
 _10017_/Q
 _10018_/Q
 _10019_/Q
 _10020_/Q
 _10021_/Q
 _10022_/Q
 _10023_/Q
 _10024_/Q
 _10025_/Q
 _10026_/Q
 _10027_/Q
 _10028_/Q
 _10029_/Q
 _10030_/Q
 _10031_/Q
 _10032_/Q
 _10033_/Q
 _10034_/Q
 _10035_/Q
 _10036_/Q
 _10037_/Q
 _10038_/Q
 _10039_/Q
 _10040_/Q
 _10041_/Q
 _10042_/Q
 _10043_/Q
 _10044_/Q
 _10045_/Q
 _10046_/Q
 _10047_/Q
 _10048_/Q
 _10049_/Q
 _10050_/Q
 _10051_/Q
 _10052_/Q
 _10053_/Q
 _10054_/Q
 _10055_/Q
 _10056_/Q
 _10057_/Q
 _10058_/Q
 _10059_/Q
 _10060_/Q
 _10061_/Q
 _10062_/Q
 _10063_/Q
 _10064_/Q
 _10065_/Q
 _10066_/Q
 _10067_/Q
 _10068_/Q
 _10069_/Q
 _10070_/Q
 _10071_/Q
 _10072_/Q
 _10073_/Q
 _10074_/Q
 _10075_/Q
 _10076_/Q
 _10077_/Q
 _10078_/Q
 _10079_/Q
 _10080_/Q
 _10081_/Q
 _10082_/Q
 _10083_/Q
 _10084_/Q
 _10085_/Q
 _10086_/Q
 _10087_/Q
 _10088_/Q
 _10089_/Q
 _10090_/Q
 _10091_/Q
 _10092_/Q
 _10093_/Q
 clkbuf_0__04443_/X
 clkbuf_0__04444_/X
 clkbuf_0__04445_/X
 clkbuf_0__04446_/X
 clkbuf_0__04447_/X
 clkbuf_0__04448_/X
 clkbuf_0__04449_/X
 clkbuf_0__04450_/X
 clkbuf_0__04451_/X
 clkbuf_0__04452_/X
 clkbuf_0__04453_/X
 clkbuf_0__04454_/X
 clkbuf_0__04455_/X
 clkbuf_0__04456_/X
 clkbuf_0__04457_/X
 clkbuf_0__04458_/X
 clkbuf_0__04459_/X
 clkbuf_0__04460_/X
 clkbuf_0__04461_/X
 clkbuf_0__04462_/X
 clkbuf_0__04463_/X
 clkbuf_0__04464_/X
 clkbuf_0__04465_/X
 clkbuf_0__04466_/X
 clkbuf_0__04467_/X
 clkbuf_0__04468_/X
 clkbuf_0__04469_/X
 clkbuf_0__04470_/X
 clkbuf_0__04471_/X
 clkbuf_0__04472_/X
 clkbuf_0__04473_/X
 clkbuf_0__04474_/X
 clkbuf_0__04475_/X
 clkbuf_0__04476_/X
 clkbuf_0__04477_/X
 clkbuf_0__04478_/X
 clkbuf_0__04479_/X
 clkbuf_0__04480_/X
 clkbuf_0__04481_/X
 clkbuf_0__04482_/X
 clkbuf_0__04483_/X
 clkbuf_0__04484_/X
 clkbuf_0__04485_/X
 clkbuf_0__04486_/X
 clkbuf_0__04487_/X
 clkbuf_0__04488_/X
 clkbuf_0__04489_/X
 clkbuf_0__04490_/X
 clkbuf_0__04491_/X
 clkbuf_0__04492_/X
 clkbuf_0__04493_/X
 clkbuf_0__04494_/X
 clkbuf_0__04495_/X
 clkbuf_0__04496_/X
 clkbuf_0__04497_/X
 clkbuf_0__04498_/X
 clkbuf_0__04499_/X
 clkbuf_0__04500_/X
 clkbuf_0__04501_/X
 clkbuf_0__04502_/X
 clkbuf_1_0__f__04443_/X
 clkbuf_1_0__f__04444_/X
 clkbuf_1_0__f__04445_/X
 clkbuf_1_0__f__04446_/X
 clkbuf_1_0__f__04447_/X
 clkbuf_1_0__f__04448_/X
 clkbuf_1_0__f__04449_/X
 clkbuf_1_0__f__04450_/X
 clkbuf_1_0__f__04451_/X
 clkbuf_1_0__f__04452_/X
 clkbuf_1_0__f__04453_/X
 clkbuf_1_0__f__04454_/X
 clkbuf_1_0__f__04455_/X
 clkbuf_1_0__f__04456_/X
 clkbuf_1_0__f__04457_/X
 clkbuf_1_0__f__04458_/X
 clkbuf_1_0__f__04459_/X
 clkbuf_1_0__f__04460_/X
 clkbuf_1_0__f__04461_/X
 clkbuf_1_0__f__04462_/X
 clkbuf_1_0__f__04463_/X
 clkbuf_1_0__f__04464_/X
 clkbuf_1_0__f__04465_/X
 clkbuf_1_0__f__04466_/X
 clkbuf_1_0__f__04467_/X
 clkbuf_1_0__f__04468_/X
 clkbuf_1_0__f__04469_/X
 clkbuf_1_0__f__04470_/X
 clkbuf_1_0__f__04471_/X
 clkbuf_1_0__f__04472_/X
 clkbuf_1_0__f__04473_/X
 clkbuf_1_0__f__04474_/X
 clkbuf_1_0__f__04475_/X
 clkbuf_1_0__f__04476_/X
 clkbuf_1_0__f__04477_/X
 clkbuf_1_0__f__04478_/X
 clkbuf_1_0__f__04479_/X
 clkbuf_1_0__f__04480_/X
 clkbuf_1_0__f__04481_/X
 clkbuf_1_0__f__04482_/X
 clkbuf_1_0__f__04483_/X
 clkbuf_1_0__f__04484_/X
 clkbuf_1_0__f__04485_/X
 clkbuf_1_0__f__04486_/X
 clkbuf_1_0__f__04487_/X
 clkbuf_1_0__f__04488_/X
 clkbuf_1_0__f__04489_/X
 clkbuf_1_0__f__04490_/X
 clkbuf_1_0__f__04491_/X
 clkbuf_1_0__f__04492_/X
 clkbuf_1_0__f__04493_/X
 clkbuf_1_0__f__04494_/X
 clkbuf_1_0__f__04495_/X
 clkbuf_1_0__f__04496_/X
 clkbuf_1_0__f__04497_/X
 clkbuf_1_0__f__04498_/X
 clkbuf_1_0__f__04499_/X
 clkbuf_1_0__f__04500_/X
 clkbuf_1_0__f__04501_/X
 clkbuf_1_0__f__04502_/X
 clkbuf_1_1__f__04443_/X
 clkbuf_1_1__f__04444_/X
 clkbuf_1_1__f__04445_/X
 clkbuf_1_1__f__04446_/X
 clkbuf_1_1__f__04447_/X
 clkbuf_1_1__f__04448_/X
 clkbuf_1_1__f__04449_/X
 clkbuf_1_1__f__04450_/X
 clkbuf_1_1__f__04451_/X
 clkbuf_1_1__f__04452_/X
 clkbuf_1_1__f__04453_/X
 clkbuf_1_1__f__04454_/X
 clkbuf_1_1__f__04455_/X
 clkbuf_1_1__f__04456_/X
 clkbuf_1_1__f__04457_/X
 clkbuf_1_1__f__04458_/X
 clkbuf_1_1__f__04459_/X
 clkbuf_1_1__f__04460_/X
 clkbuf_1_1__f__04461_/X
 clkbuf_1_1__f__04462_/X
 clkbuf_1_1__f__04463_/X
 clkbuf_1_1__f__04464_/X
 clkbuf_1_1__f__04465_/X
 clkbuf_1_1__f__04466_/X
 clkbuf_1_1__f__04467_/X
 clkbuf_1_1__f__04468_/X
 clkbuf_1_1__f__04469_/X
 clkbuf_1_1__f__04470_/X
 clkbuf_1_1__f__04471_/X
 clkbuf_1_1__f__04472_/X
 clkbuf_1_1__f__04473_/X
 clkbuf_1_1__f__04474_/X
 clkbuf_1_1__f__04475_/X
 clkbuf_1_1__f__04476_/X
 clkbuf_1_1__f__04477_/X
 clkbuf_1_1__f__04478_/X
 clkbuf_1_1__f__04479_/X
 clkbuf_1_1__f__04480_/X
 clkbuf_1_1__f__04481_/X
 clkbuf_1_1__f__04482_/X
 clkbuf_1_1__f__04483_/X
 clkbuf_1_1__f__04484_/X
 clkbuf_1_1__f__04485_/X
 clkbuf_1_1__f__04486_/X
 clkbuf_1_1__f__04487_/X
 clkbuf_1_1__f__04488_/X
 clkbuf_1_1__f__04489_/X
 clkbuf_1_1__f__04490_/X
 clkbuf_1_1__f__04491_/X
 clkbuf_1_1__f__04492_/X
 clkbuf_1_1__f__04493_/X
 clkbuf_1_1__f__04494_/X
 clkbuf_1_1__f__04495_/X
 clkbuf_1_1__f__04496_/X
 clkbuf_1_1__f__04497_/X
 clkbuf_1_1__f__04498_/X
 clkbuf_1_1__f__04499_/X
 clkbuf_1_1__f__04500_/X
 clkbuf_1_1__f__04501_/X
 clkbuf_1_1__f__04502_/X
 input1/X
 input10/X
 input11/X
 input12/X
 input13/X
 input14/X
 input15/X
 input16/X
 input17/X
 input18/X
 input19/X
 input2/X
 input20/X
 input21/X
 input22/X
 input23/X
 input24/X
 input25/X
 input26/X
 input27/X
 input28/X
 input29/X
 input3/X
 input30/X
 input31/X
 input32/X
 input33/X
 input34/X
 input35/X
 input36/X
 input37/X
 input38/X
 input39/X
 input4/X
 input40/X
 input41/X
 input42/X
 input43/X
 input44/X
 input45/X
 input46/X
 input47/X
 input48/X
 input5/X
 input6/X
 input7/X
 input8/X
 input9/X
 output100/X
 output101/X
 output102/X
 output103/X
 output104/X
 output105/X
 output106/X
 output107/X
 output108/X
 output109/X
 output110/X
 output111/X
 output112/X
 output49/X
 output50/X
 output51/X
 output52/X
 output53/X
 output54/X
 output55/X
 output56/X
 output57/X
 output58/X
 output59/X
 output60/X
 output61/X
 output62/X
 output63/X
 output64/X
 output65/X
 output66/X
 output67/X
 output68/X
 output69/X
 output70/X
 output71/X
 output72/X
 output73/X
 output74/X
 output75/X
 output76/X
 output77/X
 output78/X
 output79/X
 output80/X
 output81/X
 output82/X
 output83/X
 output84/X
 output85/X
 output86/X
 output87/X
 output88/X
 output89/X
 output90/X
 output91/X
 output92/X
 output93/X
 output94/X
 output95/X
 output96/X
 output97/X
 output98/X
 output99/X
Found 0 partially unannotated drivers.

===========================================================================
max slew violation count 0
max fanout violation count 0
max cap violation count 0
============================================================================

===========================================================================
check_setup -verbose -unconstrained_endpoints -multiple_clock -no_clock -no_input_delay -loops -generated_clocks
===========================================================================
