OpenROAD b3db49ea3301a7e590bf24126d409bd40199b4af 
This program is licensed under the BSD-3 license. See the LICENSE file for details.
Components of this program may be licensed under more restrictive licenses which must be honored.
[INFO]: Reading ODB at '/openlane/designs/sv_core/runs/RUN_2023.05.11_22.16.27/tmp/placement/7-global.odb'…
define_corners Typical
read_liberty -corner Typical /openlane/designs/sv_core/runs/RUN_2023.05.11_22.16.27/tmp/synthesis/resizer_sky130_fd_sc_hd__tt_025C_1v80.lib
[INFO]: Setting RC values...
[INFO RSZ-0027] Inserted 131 input buffers.
[INFO RSZ-0028] Inserted 148 output buffers.
[INFO RSZ-0058] Using max wire length 3048um.
[INFO RSZ-0035] Found 1 fanout violations.
[INFO RSZ-0038] Inserted 18 buffers in 1 nets.
[INFO RSZ-0039] Resized 2981 instances.
[INFO RSZ-0042] Inserted 39 tie sky130_fd_sc_hd__conb_1 instances.
[INFO RSZ-0042] Inserted 1 tie sky130_fd_sc_hd__conb_1 instances.
Placement Analysis
---------------------------------
total displacement       9413.7 u
average displacement        1.5 u
max displacement           14.4 u
original HPWL          123220.1 u
legalized HPWL         130756.8 u
delta HPWL                    6 %

[INFO DPL-0020] Mirrored 1405 instances
[INFO DPL-0021] HPWL before          130756.8 u
[INFO DPL-0022] HPWL after           127954.3 u
[INFO DPL-0023] HPWL delta               -2.1 %
Setting global connections for newly added cells…
Writing OpenROAD database to '/openlane/designs/sv_core/runs/RUN_2023.05.11_22.16.27/tmp/placement/9-resizer.odb'…
Writing netlist to '/openlane/designs/sv_core/runs/RUN_2023.05.11_22.16.27/tmp/placement/9-resizer.nl.v'…
Writing powered netlist to '/openlane/designs/sv_core/runs/RUN_2023.05.11_22.16.27/tmp/placement/9-resizer.pnl.v'…
Writing layout to '/openlane/designs/sv_core/runs/RUN_2023.05.11_22.16.27/tmp/placement/9-resizer.def'…
Writing timing constraints to '/openlane/designs/sv_core/runs/RUN_2023.05.11_22.16.27/tmp/placement/9-resizer.sdc'…
