[INFO]: Run Directory: /openlane/designs/core_regfile/runs/RUN_2023.05.05_23.51.33
[INFO]: Preparing LEF files for the nom corner...
[INFO]: Preparing LEF files for the min corner...
[INFO]: Preparing LEF files for the max corner...
[INFO]: Running Verilator (log: designs/core_regfile/runs/RUN_2023.05.05_23.51.33/logs/synthesis/verilator.log)...
[ERROR]: 2 errors found by Verilator
[ERROR]: Step 0 (verilator_lint_check) failed with error:
-code 1 -level 0 -errorcode NONE -errorinfo {
    while executing
"throw_error"
    (procedure "run_verilator" line 34)
    invoked from within
"run_verilator"
    (procedure "run_verilator_step" line 3)
    invoked from within
"run_verilator_step"} -errorline 1
[INFO]: Saving current set of views in 'designs/core_regfile/runs/RUN_2023.05.05_23.51.33/results/final'...
[INFO]: Generating final set of reports...
[INFO]: Created manufacturability report at 'designs/core_regfile/runs/RUN_2023.05.05_23.51.33/reports/manufacturability.rpt'.
[INFO]: Created metrics report at 'designs/core_regfile/runs/RUN_2023.05.05_23.51.33/reports/metrics.csv'.
[INFO]: Saving runtime environment...
[ERROR]: Flow failed.
