OpenROAD b3db49ea3301a7e590bf24126d409bd40199b4af 
This program is licensed under the BSD-3 license. See the LICENSE file for details.
Components of this program may be licensed under more restrictive licenses which must be honored.
[INFO]: Reading ODB at '/openlane/designs/sv_core/runs/RUN_2023.04.27_21.17.24/tmp/17-core.odb'…
define_corners Typical
read_liberty -corner Typical /home/ubuntu/.volare/sky130A/libs.ref/sky130_fd_sc_hd/lib/sky130_fd_sc_hd__tt_025C_1v80.lib
[INFO]: Setting signal min routing layer to: met1 and clock min routing layer to met1. 
[INFO]: Setting signal max routing layer to: met5 and clock max routing layer to met5. 
-congestion_iterations 50 -verbose
[INFO GRT-0020] Min routing layer: met1
[INFO GRT-0021] Max routing layer: met5
[INFO GRT-0022] Global adjustment: 30%
[INFO GRT-0023] Grid origin: (0, 0)
[INFO GRT-0043] No OR_DEFAULT vias defined.
[INFO GRT-0088] Layer li1     Track-Pitch = 0.4600  line-2-Via Pitch: 0.3400
[INFO GRT-0088] Layer met1    Track-Pitch = 0.3400  line-2-Via Pitch: 0.3400
[INFO GRT-0088] Layer met2    Track-Pitch = 0.4600  line-2-Via Pitch: 0.3500
[INFO GRT-0088] Layer met3    Track-Pitch = 0.6800  line-2-Via Pitch: 0.6150
[INFO GRT-0088] Layer met4    Track-Pitch = 0.9200  line-2-Via Pitch: 1.0400
[INFO GRT-0088] Layer met5    Track-Pitch = 3.4000  line-2-Via Pitch: 3.1100
[INFO GRT-0019] Found 39 clock nets.
[INFO GRT-0001] Minimum degree: 2
[INFO GRT-0002] Maximum degree: 31
[INFO GRT-0003] Macros: 0
[INFO GRT-0004] Blockages: 6980

[INFO GRT-0053] Routing resources analysis:
          Routing      Original      Derated      Resource
Layer     Direction    Resources     Resources    Reduction (%)
---------------------------------------------------------------
li1        Vertical            0             0          0.00%
met1       Horizontal      82080         40527          50.62%
met2       Vertical        61560         41722          32.23%
met3       Horizontal      41040         28269          31.12%
met4       Vertical        24624         16139          34.46%
met5       Horizontal       8208          3920          52.24%
---------------------------------------------------------------

[INFO GRT-0101] Running extra iterations to remove overflow.
[INFO GRT-0197] Via related to pin nodes: 16223
[INFO GRT-0198] Via related Steiner nodes: 470
[INFO GRT-0199] Via filling finished.
[INFO GRT-0111] Final number of vias: 18740
[INFO GRT-0112] Final usage 3D: 77811

[INFO GRT-0096] Final congestion report:
Layer         Resource        Demand        Usage (%)    Max H / Max V / Total Overflow
---------------------------------------------------------------------------------------
li1                  0             0            0.00%             0 /  0 /  0
met1             40527          8803           21.72%             0 /  0 /  0
met2             41722          8985           21.54%             0 /  0 /  0
met3             28269          1645            5.82%             0 /  0 /  0
met4             16139          2115           13.10%             0 /  0 /  0
met5              3920            43            1.10%             0 /  0 /  0
---------------------------------------------------------------------------------------
Total           130577         21591           16.54%             0 /  0 /  0

[INFO GRT-0018] Total wirelength: 217508 um
[INFO GRT-0014] Routed nets: 3561
[INFO GRT-0006] Repairing antennas, iteration 1.
[INFO GRT-0043] No OR_DEFAULT vias defined.
[INFO GRT-0012] Found 0 antenna violations.
Setting global connections for newly added cells…
Writing OpenROAD database to '/openlane/designs/sv_core/runs/RUN_2023.04.27_21.17.24/tmp/routing/19-global.odb'…
Writing layout to '/openlane/designs/sv_core/runs/RUN_2023.04.27_21.17.24/tmp/routing/19-global.def'…
Writing routing guides to '/openlane/designs/sv_core/runs/RUN_2023.04.27_21.17.24/tmp/routing/19-global.guide'…
[INFO]: Setting RC values...
[INFO GRT-0020] Min routing layer: met1
[INFO GRT-0021] Max routing layer: met5
[INFO GRT-0022] Global adjustment: 30%
[INFO GRT-0023] Grid origin: (0, 0)
[INFO GRT-0043] No OR_DEFAULT vias defined.
[INFO GRT-0088] Layer li1     Track-Pitch = 0.4600  line-2-Via Pitch: 0.3400
[INFO GRT-0088] Layer met1    Track-Pitch = 0.3400  line-2-Via Pitch: 0.3400
[INFO GRT-0088] Layer met2    Track-Pitch = 0.4600  line-2-Via Pitch: 0.3500
[INFO GRT-0088] Layer met3    Track-Pitch = 0.6800  line-2-Via Pitch: 0.6150
[INFO GRT-0088] Layer met4    Track-Pitch = 0.9200  line-2-Via Pitch: 1.0400
[INFO GRT-0088] Layer met5    Track-Pitch = 3.4000  line-2-Via Pitch: 3.1100
[INFO GRT-0019] Found 39 clock nets.
[INFO GRT-0001] Minimum degree: 2
[INFO GRT-0002] Maximum degree: 31
[INFO GRT-0003] Macros: 0
[INFO GRT-0004] Blockages: 6980

[INFO GRT-0053] Routing resources analysis:
          Routing      Original      Derated      Resource
Layer     Direction    Resources     Resources    Reduction (%)
---------------------------------------------------------------
li1        Vertical            0             0          0.00%
met1       Horizontal      82080         40527          50.62%
met2       Vertical        61560         41722          32.23%
met3       Horizontal      41040         28269          31.12%
met4       Vertical        24624         16139          34.46%
met5       Horizontal       8208          3920          52.24%
---------------------------------------------------------------

[INFO GRT-0101] Running extra iterations to remove overflow.
[INFO GRT-0197] Via related to pin nodes: 16223
[INFO GRT-0198] Via related Steiner nodes: 470
[INFO GRT-0199] Via filling finished.
[INFO GRT-0111] Final number of vias: 18740
[INFO GRT-0112] Final usage 3D: 77811

[INFO GRT-0096] Final congestion report:
Layer         Resource        Demand        Usage (%)    Max H / Max V / Total Overflow
---------------------------------------------------------------------------------------
li1                  0             0            0.00%             0 /  0 /  0
met1             40527          8803           21.72%             0 /  0 /  0
met2             41722          8985           21.54%             0 /  0 /  0
met3             28269          1645            5.82%             0 /  0 /  0
met4             16139          2115           13.10%             0 /  0 /  0
met5              3920            43            1.10%             0 /  0 /  0
---------------------------------------------------------------------------------------
Total           130577         21591           16.54%             0 /  0 /  0

[INFO GRT-0018] Total wirelength: 217508 um
[INFO GRT-0014] Routed nets: 3561
