Thu May 11 22:16:28 UTC 2023 - Executing "openroad -exit -no_init -python /openlane/scripts/odbpy/lefutil.py get_metal_layers -o /openlane/designs/sv_core/runs/RUN_2023.05.11_22.16.27/tmp/layers.list /home/ubuntu/.volare/sky130A/libs.ref/sky130_fd_sc_hd/techlef/sky130_fd_sc_hd__nom.tlef"

Thu May 11 22:16:28 UTC 2023 - Executing "/openlane/scripts/mergeLef.py -o /openlane/designs/sv_core/runs/RUN_2023.05.11_22.16.27/tmp/merged.nom.lef -i /home/ubuntu/.volare/sky130A/libs.ref/sky130_fd_sc_hd/techlef/sky130_fd_sc_hd__nom.tlef {/home/ubuntu/.volare/sky130A/libs.ref/sky130_fd_sc_hd/lef/sky130_fd_sc_hd.lef /home/ubuntu/.volare/sky130A/libs.ref/sky130_fd_sc_hd/lef/sky130_ef_sc_hd.lef} |& tee /dev/null"

Thu May 11 22:16:28 UTC 2023 - Executing "/openlane/scripts/mergeLef.py -o /openlane/designs/sv_core/runs/RUN_2023.05.11_22.16.27/tmp/merged.min.lef -i /home/ubuntu/.volare/sky130A/libs.ref/sky130_fd_sc_hd/techlef/sky130_fd_sc_hd__min.tlef {/home/ubuntu/.volare/sky130A/libs.ref/sky130_fd_sc_hd/lef/sky130_fd_sc_hd.lef /home/ubuntu/.volare/sky130A/libs.ref/sky130_fd_sc_hd/lef/sky130_ef_sc_hd.lef} |& tee /dev/null"

Thu May 11 22:16:29 UTC 2023 - Executing "/openlane/scripts/mergeLef.py -o /openlane/designs/sv_core/runs/RUN_2023.05.11_22.16.27/tmp/merged.max.lef -i /home/ubuntu/.volare/sky130A/libs.ref/sky130_fd_sc_hd/techlef/sky130_fd_sc_hd__max.tlef {/home/ubuntu/.volare/sky130A/libs.ref/sky130_fd_sc_hd/lef/sky130_fd_sc_hd.lef /home/ubuntu/.volare/sky130A/libs.ref/sky130_fd_sc_hd/lef/sky130_ef_sc_hd.lef} |& tee /dev/null"

Thu May 11 22:16:29 UTC 2023 - Executing "python3 /openlane/scripts/mergeLib.py --output /openlane/designs/sv_core/runs/RUN_2023.05.11_22.16.27/tmp/synthesis/merged.lib --name sky130A_merged /home/ubuntu/.volare/sky130A/libs.ref/sky130_fd_sc_hd/lib/sky130_fd_sc_hd__tt_025C_1v80.lib"

Thu May 11 22:16:29 UTC 2023 - Executing "python3 /openlane/scripts/libtrim.py --cell-file /openlane/designs/sv_core/runs/RUN_2023.05.11_22.16.27/tmp/synthesis/trimmed.lib.exclude.list --output /openlane/designs/sv_core/runs/RUN_2023.05.11_22.16.27/tmp/synthesis/trimmed.lib /openlane/designs/sv_core/runs/RUN_2023.05.11_22.16.27/tmp/synthesis/merged.lib"

Thu May 11 22:16:29 UTC 2023 - Executing "python3 /openlane/scripts/libtrim.py --cell-file /openlane/designs/sv_core/runs/RUN_2023.05.11_22.16.27/tmp/cts/cts.lib.exclude.list --output /openlane/designs/sv_core/runs/RUN_2023.05.11_22.16.27/tmp/cts/cts.lib /home/ubuntu/.volare/sky130A/libs.ref/sky130_fd_sc_hd/lib/sky130_fd_sc_hd__tt_025C_1v80.lib"

Thu May 11 22:16:30 UTC 2023 - Executing "python3 /openlane/scripts/new_tracks.py -i /home/ubuntu/.volare/sky130A/libs.tech/openlane/sky130_fd_sc_hd/tracks.info -o /openlane/designs/sv_core/runs/RUN_2023.05.11_22.16.27/tmp/routing/config.tracks"

Thu May 11 22:16:30 UTC 2023 - Executing "echo {OpenLane 54f2a70cbdf02c96798a1db25e03984f3391d4bd} > /openlane/designs/sv_core/runs/RUN_2023.05.11_22.16.27/OPENLANE_VERSION"

Thu May 11 22:16:30 UTC 2023 - Executing "bash -c {verilator  --lint-only  -Wall  --Wno-DECLFILENAME  --top-module core  -I /home/ubuntu/.volare/sky130A/libs.ref/sky130_fd_sc_hd/verilog/primitives.v -I /home/ubuntu/.volare/sky130A/libs.ref/sky130_fd_sc_hd/verilog/sky130_fd_sc_hd.v /openlane/designs/sv_core/src/exec_stage.sv /openlane/designs/sv_core/src/prog_cntr.sv /openlane/designs/sv_core/src/decode_stage.sv /openlane/designs/sv_core/src/mem_slice_stage.sv /openlane/designs/sv_core/src/fetch_stage.sv /openlane/designs/sv_core/src/alu.sv /openlane/designs/sv_core/src/immed_gen.sv /openlane/designs/sv_core/src/branch_gen.sv /openlane/designs/sv_core/src/wb_stage.sv /openlane/designs/sv_core/src/core.sv /openlane/designs/sv_core/src/mem_prep.sv /openlane/designs/sv_core/src/reg_forwarder.sv /openlane/designs/sv_core/src/fwd_unit.sv /openlane/designs/sv_core/src/hazard_unit.sv /openlane/designs/sv_core/src/reg_file.sv /openlane/designs/sv_core/src/decoder.sv -Wno-fatal --relative-includes |& tee /openlane/designs/sv_core/runs/RUN_2023.05.11_22.16.27/logs/synthesis/verilator.log /dev/null}"

Thu May 11 22:16:31 UTC 2023 - Executing "sed -E {s/^([[:space:]]+)pg_pin(.*)/\1pin\2\n\1    direction : "inout";/g} /home/ubuntu/.volare/sky130A/libs.ref/sky130_fd_sc_hd/lib/sky130_fd_sc_hd__tt_025C_1v80.lib > /openlane/designs/sv_core/runs/RUN_2023.05.11_22.16.27/tmp/synthesis/1-sky130_fd_sc_hd__tt_025C_1v80.no_pg.lib"

Thu May 11 22:16:31 UTC 2023 - Executing "sed -E {s/^([[:space:]]+)pg_pin(.*)/\1pin\2\n\1    direction : "inout";/g} /openlane/designs/sv_core/runs/RUN_2023.05.11_22.16.27/tmp/synthesis/trimmed.lib > /openlane/designs/sv_core/runs/RUN_2023.05.11_22.16.27/tmp/synthesis/1-trimmed.no_pg.lib"

Thu May 11 22:16:31 UTC 2023 - Executing "yosys -c /openlane/scripts/yosys/synth.tcl |& tee /dev/null /openlane/designs/sv_core/runs/RUN_2023.05.11_22.16.27/logs/synthesis/1-synthesis.log"

Thu May 11 22:16:44 UTC 2023 - Executing "sed -i.bak -e {s/\(set ::env(CURRENT_NETLIST)\).*/\1 \/openlane\/designs\/sv_core\/runs\/RUN_2023.05.11_22.16.27\/results\/synthesis\/core.v/} /openlane/designs/sv_core/runs/RUN_2023.05.11_22.16.27/config.tcl"

Thu May 11 22:16:44 UTC 2023 - Executing "sed -i.bak /defparam/d /openlane/designs/sv_core/runs/RUN_2023.05.11_22.16.27/results/synthesis/core.v"

Thu May 11 22:16:44 UTC 2023 - Executing "sta -exit -no_init /openlane/scripts/openroad/sta/multi_corner.tcl |& tee /dev/null /openlane/designs/sv_core/runs/RUN_2023.05.11_22.16.27/logs/synthesis/2-sta.log"

Thu May 11 22:16:45 UTC 2023 - Executing "openroad -exit /openlane/scripts/openroad/floorplan.tcl |& tee /dev/null /openlane/designs/sv_core/runs/RUN_2023.05.11_22.16.27/logs/floorplan/3-initial_fp.log"

Thu May 11 22:16:46 UTC 2023 - Executing "openroad -exit -no_init -python /openlane/scripts/odbpy/defutil.py extract_core_dims --output-data /openlane/designs/sv_core/runs/RUN_2023.05.11_22.16.27/tmp/dimensions.txt --input-lef /openlane/designs/sv_core/runs/RUN_2023.05.11_22.16.27/tmp/merged.nom.lef /openlane/designs/sv_core/runs/RUN_2023.05.11_22.16.27/tmp/floorplan/3-initial_fp.def"

Thu May 11 22:16:47 UTC 2023 - Executing "openroad -exit -no_init -python /openlane/scripts/odbpy/io_place.py --config /openlane/designs/sv_core/pin_order.cfg --hor-layer met3 --ver-layer met2 --ver-width-mult 2 --hor-width-mult 2 --hor-extension 0 --ver-extension 0 --length 4 --unmatched-error --input-lef /openlane/designs/sv_core/runs/RUN_2023.05.11_22.16.27/tmp/merged.nom.lef --output-def /openlane/designs/sv_core/runs/RUN_2023.05.11_22.16.27/tmp/floorplan/4-io.def --output /openlane/designs/sv_core/runs/RUN_2023.05.11_22.16.27/tmp/floorplan/4-io.odb /openlane/designs/sv_core/runs/RUN_2023.05.11_22.16.27/tmp/floorplan/3-initial_fp.odb |& tee /dev/null /openlane/designs/sv_core/runs/RUN_2023.05.11_22.16.27/logs/floorplan/4-place_io.log"

Thu May 11 22:16:47 UTC 2023 - Executing "openroad -exit /openlane/scripts/openroad/tapcell.tcl |& tee /dev/null /openlane/designs/sv_core/runs/RUN_2023.05.11_22.16.27/logs/floorplan/5-tap.log"

Thu May 11 22:16:48 UTC 2023 - Executing "openroad -exit /openlane/scripts/openroad/pdn.tcl |& tee /dev/null /openlane/designs/sv_core/runs/RUN_2023.05.11_22.16.27/logs/floorplan/6-pdn.log"

Thu May 11 22:16:49 UTC 2023 - Executing "openroad -exit /openlane/scripts/openroad/gpl.tcl |& tee /dev/null /openlane/designs/sv_core/runs/RUN_2023.05.11_22.16.27/logs/placement/7-global.log"

Thu May 11 22:16:58 UTC 2023 - Executing "sed -i.bak -e {s/\(set ::env(CURRENT_NETLIST)\).*/\1 \/openlane\/designs\/sv_core\/runs\/RUN_2023.05.11_22.16.27\/tmp\/placement\/7-global.nl.v/} /openlane/designs/sv_core/runs/RUN_2023.05.11_22.16.27/config.tcl"

Thu May 11 22:16:58 UTC 2023 - Executing "sta -exit -no_init /openlane/scripts/openroad/sta/multi_corner.tcl |& tee /dev/null /openlane/designs/sv_core/runs/RUN_2023.05.11_22.16.27/logs/placement/8-gpl_sta.log"

Thu May 11 22:17:00 UTC 2023 - Executing "openroad -exit /openlane/scripts/openroad/resizer.tcl |& tee /dev/null /openlane/designs/sv_core/runs/RUN_2023.05.11_22.16.27/logs/placement/9-resizer.log"

Thu May 11 22:17:02 UTC 2023 - Executing "sed -i.bak -e {s/\(set ::env(CURRENT_NETLIST)\).*/\1 \/openlane\/designs\/sv_core\/runs\/RUN_2023.05.11_22.16.27\/tmp\/placement\/9-resizer.nl.v/} /openlane/designs/sv_core/runs/RUN_2023.05.11_22.16.27/config.tcl"

Thu May 11 22:17:02 UTC 2023 - Executing "openroad -exit /openlane/scripts/openroad/dpl.tcl |& tee /dev/null /openlane/designs/sv_core/runs/RUN_2023.05.11_22.16.27/logs/placement/10-detailed.log"

Thu May 11 22:17:03 UTC 2023 - Executing "sed -i.bak -e {s/\(set ::env(CURRENT_NETLIST)\).*/\1 \/openlane\/designs\/sv_core\/runs\/RUN_2023.05.11_22.16.27\/results\/placement\/core.nl.v/} /openlane/designs/sv_core/runs/RUN_2023.05.11_22.16.27/config.tcl"

Thu May 11 22:17:03 UTC 2023 - Executing "sta -exit -no_init /openlane/scripts/openroad/sta/multi_corner.tcl |& tee /dev/null /openlane/designs/sv_core/runs/RUN_2023.05.11_22.16.27/logs/placement/11-dpl_sta.log"

Thu May 11 22:17:04 UTC 2023 - Executing "openroad -exit /openlane/scripts/openroad/cts.tcl |& tee /dev/null /openlane/designs/sv_core/runs/RUN_2023.05.11_22.16.27/logs/cts/12-cts.log"

Thu May 11 22:17:49 UTC 2023 - Executing "sta -exit -no_init /openlane/scripts/openroad/sta/multi_corner.tcl |& tee /dev/null /openlane/designs/sv_core/runs/RUN_2023.05.11_22.16.27/logs/cts/13-cts_sta.log"

Thu May 11 22:17:50 UTC 2023 - Executing "openroad -exit /openlane/scripts/openroad/resizer_timing.tcl |& tee /dev/null /openlane/designs/sv_core/runs/RUN_2023.05.11_22.16.27/logs/cts/14-resizer.log"

Thu May 11 22:17:52 UTC 2023 - Executing "sed -i.bak -e {s/\(set ::env(CURRENT_NETLIST)\).*/\1 \/openlane\/designs\/sv_core\/runs\/RUN_2023.05.11_22.16.27\/tmp\/cts\/14-core.resized.nl.v/} /openlane/designs/sv_core/runs/RUN_2023.05.11_22.16.27/config.tcl"

Thu May 11 22:17:52 UTC 2023 - Executing "openroad -exit /openlane/scripts/openroad/resizer_routing_design.tcl |& tee /dev/null /openlane/designs/sv_core/runs/RUN_2023.05.11_22.16.27/logs/routing/15-resizer_design.log"

Thu May 11 22:18:13 UTC 2023 - Executing "sed -i.bak -e {s/\(set ::env(CURRENT_NETLIST)\).*/\1 \/openlane\/designs\/sv_core\/runs\/RUN_2023.05.11_22.16.27\/tmp\/15-core.nl.v/} /openlane/designs/sv_core/runs/RUN_2023.05.11_22.16.27/config.tcl"

Thu May 11 22:18:14 UTC 2023 - Executing "sta -exit -no_init /openlane/scripts/openroad/sta/multi_corner.tcl |& tee /dev/null /openlane/designs/sv_core/runs/RUN_2023.05.11_22.16.27/logs/routing/16-rsz_design_sta.log"

Thu May 11 22:18:15 UTC 2023 - Executing "openroad -exit /openlane/scripts/openroad/resizer_routing_timing.tcl |& tee /dev/null /openlane/designs/sv_core/runs/RUN_2023.05.11_22.16.27/logs/routing/17-resizer_timing.log"

Thu May 11 22:18:17 UTC 2023 - Executing "sed -i.bak -e {s/\(set ::env(CURRENT_NETLIST)\).*/\1 \/openlane\/designs\/sv_core\/runs\/RUN_2023.05.11_22.16.27\/tmp\/17-core.nl.v/} /openlane/designs/sv_core/runs/RUN_2023.05.11_22.16.27/config.tcl"

Thu May 11 22:18:17 UTC 2023 - Executing "sta -exit -no_init /openlane/scripts/openroad/sta/multi_corner.tcl |& tee /dev/null /openlane/designs/sv_core/runs/RUN_2023.05.11_22.16.27/logs/routing/18-rsz_timing_sta.log"

Thu May 11 22:18:19 UTC 2023 - Executing "openroad -exit /openlane/scripts/openroad/groute.tcl |& tee /dev/null /openlane/designs/sv_core/runs/RUN_2023.05.11_22.16.27/logs/routing/19-global.log"

Thu May 11 22:18:21 UTC 2023 - Executing "openroad -exit /openlane/scripts/openroad/write_views.tcl |& tee /dev/null /openlane/designs/sv_core/runs/RUN_2023.05.11_22.16.27/logs/routing/19-global_write_netlist.log"

Thu May 11 22:18:21 UTC 2023 - Executing "sed -i.bak -e {s/\(set ::env(CURRENT_NETLIST)\).*/\1 \/openlane\/designs\/sv_core\/runs\/RUN_2023.05.11_22.16.27\/tmp\/routing\/global.nl.v/} /openlane/designs/sv_core/runs/RUN_2023.05.11_22.16.27/config.tcl"

Thu May 11 22:18:21 UTC 2023 - Executing "sta -exit -no_init /openlane/scripts/openroad/sta/multi_corner.tcl |& tee /dev/null /openlane/designs/sv_core/runs/RUN_2023.05.11_22.16.27/logs/routing/21-grt_sta.log"

Thu May 11 22:18:23 UTC 2023 - Executing "openroad -exit /openlane/scripts/openroad/fill.tcl |& tee /dev/null /openlane/designs/sv_core/runs/RUN_2023.05.11_22.16.27/logs/routing/22-fill.log"

Thu May 11 22:18:24 UTC 2023 - Executing "sed -i.bak -e {s/\(set ::env(CURRENT_NETLIST)\).*/\1 \/openlane\/designs\/sv_core\/runs\/RUN_2023.05.11_22.16.27\/tmp\/routing\/22-fill.nl.v/} /openlane/designs/sv_core/runs/RUN_2023.05.11_22.16.27/config.tcl"

Thu May 11 22:18:24 UTC 2023 - Executing "openroad -exit /openlane/scripts/openroad/droute.tcl |& tee /dev/null /openlane/designs/sv_core/runs/RUN_2023.05.11_22.16.27/logs/routing/23-detailed.log"

Thu May 11 22:23:08 UTC 2023 - Executing "sed -i.bak -e {s/\(set ::env(CURRENT_NETLIST)\).*/\1 \/openlane\/designs\/sv_core\/runs\/RUN_2023.05.11_22.16.27\/results\/routing\/core.nl.v/} /openlane/designs/sv_core/runs/RUN_2023.05.11_22.16.27/config.tcl"

Thu May 11 22:23:08 UTC 2023 - Executing "python3 /openlane/scripts/drc_rosetta.py tr to_klayout -o /openlane/designs/sv_core/runs/RUN_2023.05.11_22.16.27/reports/routing/drt.klayout.xml --design-name core /openlane/designs/sv_core/runs/RUN_2023.05.11_22.16.27/reports/routing/drt.drc"

Thu May 11 22:23:09 UTC 2023 - Executing "openroad -exit -no_init -python /openlane/scripts/odbpy/wire_lengths.py --report-out /openlane/designs/sv_core/runs/RUN_2023.05.11_22.16.27/reports/routing/24-wire_lengths.csv --input-lef /openlane/designs/sv_core/runs/RUN_2023.05.11_22.16.27/tmp/merged.nom.lef --output-def /dev/null --output /openlane/designs/sv_core/runs/RUN_2023.05.11_22.16.27/results/routing/core.odb /openlane/designs/sv_core/runs/RUN_2023.05.11_22.16.27/results/routing/core.odb |& tee /dev/null /openlane/designs/sv_core/runs/RUN_2023.05.11_22.16.27/logs/routing/24-wire_lengths.log"

Thu May 11 22:23:10 UTC 2023 - Executing "openroad -exit /openlane/scripts/openroad/rcx.tcl |& tee /dev/null /openlane/designs/sv_core/runs/RUN_2023.05.11_22.16.27/logs/signoff/25-parasitics_extraction.min.log"

Thu May 11 22:23:12 UTC 2023 - Executing "sta -exit -no_init /openlane/scripts/openroad/sta/multi_corner.tcl |& tee /dev/null /openlane/designs/sv_core/runs/RUN_2023.05.11_22.16.27/logs/signoff/26-rcx_mcsta.min.log"

Thu May 11 22:23:25 UTC 2023 - Executing "openroad -exit /openlane/scripts/openroad/rcx.tcl |& tee /dev/null /openlane/designs/sv_core/runs/RUN_2023.05.11_22.16.27/logs/signoff/27-parasitics_extraction.max.log"

Thu May 11 22:23:28 UTC 2023 - Executing "sta -exit -no_init /openlane/scripts/openroad/sta/multi_corner.tcl |& tee /dev/null /openlane/designs/sv_core/runs/RUN_2023.05.11_22.16.27/logs/signoff/28-rcx_mcsta.max.log"

Thu May 11 22:23:42 UTC 2023 - Executing "openroad -exit /openlane/scripts/openroad/rcx.tcl |& tee /dev/null /openlane/designs/sv_core/runs/RUN_2023.05.11_22.16.27/logs/signoff/29-parasitics_extraction.nom.log"

Thu May 11 22:23:45 UTC 2023 - Executing "sta -exit -no_init /openlane/scripts/openroad/sta/multi_corner.tcl |& tee /dev/null /openlane/designs/sv_core/runs/RUN_2023.05.11_22.16.27/logs/signoff/30-rcx_mcsta.nom.log"

Thu May 11 22:23:58 UTC 2023 - Executing "sta -exit -no_init /openlane/scripts/openroad/sta/multi_corner.tcl |& tee /dev/null /openlane/designs/sv_core/runs/RUN_2023.05.11_22.16.27/logs/signoff/31-rcx_sta.log"

Thu May 11 22:24:02 UTC 2023 - Executing "openroad -exit /openlane/scripts/openroad/irdrop.tcl |& tee /dev/null /openlane/designs/sv_core/runs/RUN_2023.05.11_22.16.27/logs/signoff/32-irdrop.log"

Thu May 11 22:24:04 UTC 2023 - Executing "magic -noconsole -dnull -rcfile /home/ubuntu/.volare/sky130A/libs.tech/magic/sky130A.magicrc < /openlane/scripts/magic/wrapper.tcl |& tee /dev/null /openlane/designs/sv_core/runs/RUN_2023.05.11_22.16.27/logs/signoff/33-gdsii.log"

Thu May 11 22:24:07 UTC 2023 - Executing "magic -noconsole -dnull -rcfile /home/ubuntu/.volare/sky130A/libs.tech/magic/sky130A.magicrc < /openlane/scripts/magic/wrapper.tcl |& tee /dev/null /openlane/designs/sv_core/runs/RUN_2023.05.11_22.16.27/logs/signoff/33-gds_ptrs.log"

Thu May 11 22:24:10 UTC 2023 - Executing "sed -i.bak -n {/^<< properties >>/,/^<< end >>/p} /openlane/designs/sv_core/runs/RUN_2023.05.11_22.16.27/tmp/signoff/gds_ptrs.mag"

Thu May 11 22:24:10 UTC 2023 - Executing "magic -noconsole -dnull -rcfile /home/ubuntu/.volare/sky130A/libs.tech/magic/sky130A.magicrc < /openlane/scripts/magic/wrapper.tcl |& tee /dev/null /openlane/designs/sv_core/runs/RUN_2023.05.11_22.16.27/logs/signoff/33-lef.log"

Thu May 11 22:24:18 UTC 2023 - Executing "magic -noconsole -dnull -rcfile /home/ubuntu/.volare/sky130A/libs.tech/magic/sky130A.magicrc < /openlane/scripts/magic/wrapper.tcl |& tee /dev/null /openlane/designs/sv_core/runs/RUN_2023.05.11_22.16.27/logs/signoff/33-maglef.log"

Thu May 11 22:24:19 UTC 2023 - Executing "python3 /openlane/scripts/klayout/stream_out.py --output /openlane/designs/sv_core/runs/RUN_2023.05.11_22.16.27/results/signoff/core.klayout.gds --lyt /home/ubuntu/.volare/sky130A/libs.tech/klayout/tech/sky130A.lyt --lym /home/ubuntu/.volare/sky130A/libs.tech/klayout/tech/sky130A.map --lyp /home/ubuntu/.volare/sky130A/libs.tech/klayout/tech/sky130A.lyp --top core --with-gds-file /home/ubuntu/.volare/sky130A/libs.ref/sky130_fd_sc_hd/gds/sky130_fd_sc_hd.gds --input-lef /openlane/designs/sv_core/runs/RUN_2023.05.11_22.16.27/tmp/merged.nom.lef /openlane/designs/sv_core/runs/RUN_2023.05.11_22.16.27/results/routing/core.def |& tee /dev/null /openlane/designs/sv_core/runs/RUN_2023.05.11_22.16.27/logs/signoff/34-gdsii-klayout.log"

Thu May 11 22:24:20 UTC 2023 - Executing "klayout -b -r /openlane/scripts/klayout/xor.drc -rd a=/openlane/designs/sv_core/runs/RUN_2023.05.11_22.16.27/results/signoff/core.gds -rd b=/openlane/designs/sv_core/runs/RUN_2023.05.11_22.16.27/results/signoff/core.klayout.gds -rd jobs=1 -rd rdb_out=/openlane/designs/sv_core/runs/RUN_2023.05.11_22.16.27/reports/signoff/35-xor.xml -rd ignore=81/14 -rd rpt_out=/openlane/designs/sv_core/runs/RUN_2023.05.11_22.16.27/reports/signoff/35-xor.rpt |& tee /dev/null /openlane/designs/sv_core/runs/RUN_2023.05.11_22.16.27/logs/signoff/35-xor.log"

Thu May 11 22:24:33 UTC 2023 - Executing "magic -noconsole -dnull -rcfile /home/ubuntu/.volare/sky130A/libs.tech/magic/sky130A.magicrc < /openlane/scripts/magic/wrapper.tcl |& tee /dev/null /openlane/designs/sv_core/runs/RUN_2023.05.11_22.16.27/logs/signoff/36-spice.log"

Thu May 11 22:24:49 UTC 2023 - Executing "openroad -exit -no_init -python /openlane/scripts/odbpy/power_utils.py write_powered_def --output /openlane/designs/sv_core/runs/RUN_2023.05.11_22.16.27/tmp/signoff/36-core.p.def --input-lef /openlane/designs/sv_core/runs/RUN_2023.05.11_22.16.27/tmp/merged.nom.lef --power-port VPWR --ground-port VGND --powered-netlist {} /openlane/designs/sv_core/runs/RUN_2023.05.11_22.16.27/results/routing/core.def |& tee /dev/null /openlane/designs/sv_core/runs/RUN_2023.05.11_22.16.27/logs/signoff/37-write_powered_def.log"

Thu May 11 22:24:50 UTC 2023 - Executing "openroad -exit /openlane/scripts/openroad/write_views.tcl |& tee /dev/null /openlane/designs/sv_core/runs/RUN_2023.05.11_22.16.27/logs/signoff/37-write_powered_verilog.log"

Thu May 11 22:24:51 UTC 2023 - Executing "sed -i.bak -e {s/\(set ::env(CURRENT_NETLIST)\).*/\1 \/openlane\/designs\/sv_core\/runs\/RUN_2023.05.11_22.16.27\/tmp\/signoff\/36-core.nl.v/} /openlane/designs/sv_core/runs/RUN_2023.05.11_22.16.27/config.tcl"

Thu May 11 22:24:51 UTC 2023 - Executing "netgen -batch source /openlane/designs/sv_core/runs/RUN_2023.05.11_22.16.27/tmp/signoff/39-setup_file.lef.lvs |& tee /dev/null /openlane/designs/sv_core/runs/RUN_2023.05.11_22.16.27/logs/signoff/39-lvs.lef.log"

Thu May 11 22:24:53 UTC 2023 - Executing "magic -noconsole -dnull -rcfile /home/ubuntu/.volare/sky130A/libs.tech/magic/sky130A.magicrc < /openlane/scripts/magic/wrapper.tcl |& tee /dev/null /openlane/designs/sv_core/runs/RUN_2023.05.11_22.16.27/logs/signoff/40-drc.log"

Thu May 11 22:25:47 UTC 2023 - Executing "python3 /openlane/scripts/drc_rosetta.py magic to_tcl -o /openlane/designs/sv_core/runs/RUN_2023.05.11_22.16.27/reports/signoff/drc.tcl /openlane/designs/sv_core/runs/RUN_2023.05.11_22.16.27/reports/signoff/drc.rpt"

Thu May 11 22:25:48 UTC 2023 - Executing "python3 /openlane/scripts/drc_rosetta.py magic to_tr -o /openlane/designs/sv_core/runs/RUN_2023.05.11_22.16.27/reports/signoff/drc.tr /openlane/designs/sv_core/runs/RUN_2023.05.11_22.16.27/reports/signoff/drc.rpt"

Thu May 11 22:25:56 UTC 2023 - Executing "python3 /openlane/scripts/drc_rosetta.py tr to_klayout -o /openlane/designs/sv_core/runs/RUN_2023.05.11_22.16.27/reports/signoff/drc.klayout.xml --design-name core /openlane/designs/sv_core/runs/RUN_2023.05.11_22.16.27/reports/signoff/drc.tr"

Thu May 11 22:25:56 UTC 2023 - Executing "python3 /openlane/scripts/drc_rosetta.py magic to_rdb -o /openlane/designs/sv_core/runs/RUN_2023.05.11_22.16.27/reports/signoff/drc.rdb /openlane/designs/sv_core/runs/RUN_2023.05.11_22.16.27/reports/signoff/drc.rpt"

Thu May 11 22:26:00 UTC 2023 - Executing "openroad -exit /openlane/scripts/openroad/antenna_check.tcl |& tee /dev/null /openlane/designs/sv_core/runs/RUN_2023.05.11_22.16.27/logs/signoff/41-antenna.log"

Thu May 11 22:26:01 UTC 2023 - Executing "python3 /openlane/scripts/extract_antenna_violators.py --output /openlane/designs/sv_core/runs/RUN_2023.05.11_22.16.27/reports/signoff/41-antenna_violators.rpt /openlane/designs/sv_core/runs/RUN_2023.05.11_22.16.27/logs/signoff/41-antenna.log"

Thu May 11 22:26:02 UTC 2023 - Executing "awk -v vdd=VPWR -v gnd=VGND -f /home/ubuntu/.volare/sky130A/libs.tech/openlane/cvc/power.awk /openlane/designs/sv_core/runs/RUN_2023.05.11_22.16.27/tmp/signoff/36-core.nl.v > /openlane/designs/sv_core/runs/RUN_2023.05.11_22.16.27/tmp/signoff/core.power"

Thu May 11 22:26:02 UTC 2023 - Executing "awk -f /home/ubuntu/.volare/sky130A/libs.tech/openlane/cvc/cdl.awk /home/ubuntu/.volare/sky130A/libs.ref/sky130_fd_sc_hd/cdl/sky130_fd_sc_hd.cdl /openlane/designs/sv_core/runs/RUN_2023.05.11_22.16.27/results/signoff/core.lef.spice > /openlane/designs/sv_core/runs/RUN_2023.05.11_22.16.27/tmp/signoff/core.cdl"

Thu May 11 22:26:02 UTC 2023 - Executing "cvc_rv /home/ubuntu/.volare/sky130A/libs.tech/openlane/cvc/cvcrc |& tee /dev/null /openlane/designs/sv_core/runs/RUN_2023.05.11_22.16.27/logs/signoff/42-erc_screen.log"

