OpenROAD b3db49ea3301a7e590bf24126d409bd40199b4af 
This program is licensed under the BSD-3 license. See the LICENSE file for details.
Components of this program may be licensed under more restrictive licenses which must be honored.
[INFO]: Reading ODB at '/openlane/designs/sv_core/runs/RUN_2023.04.27_21.17.24/results/cts/core.odb'…
define_corners Typical
read_liberty -corner Typical /openlane/designs/sv_core/runs/RUN_2023.04.27_21.17.24/tmp/synthesis/resizer_sky130_fd_sc_hd__tt_025C_1v80.lib
[INFO]: Setting RC values...
[INFO RSZ-0046] Found 78 endpoints with hold violations.
[INFO RSZ-0032] Inserted 78 hold buffers.
Placement Analysis
---------------------------------
total displacement        280.8 u
average displacement        0.0 u
max displacement           13.1 u
original HPWL          131150.1 u
legalized HPWL         134645.3 u
delta HPWL                    3 %

[INFO DPL-0020] Mirrored 1502 instances
[INFO DPL-0021] HPWL before          134645.3 u
[INFO DPL-0022] HPWL after           131348.2 u
[INFO DPL-0023] HPWL delta               -2.4 %
Setting global connections for newly added cells…
Writing OpenROAD database to '/openlane/designs/sv_core/runs/RUN_2023.04.27_21.17.24/tmp/cts/14-core.resized.odb'…
Writing netlist to '/openlane/designs/sv_core/runs/RUN_2023.04.27_21.17.24/tmp/cts/14-core.resized.nl.v'…
Writing powered netlist to '/openlane/designs/sv_core/runs/RUN_2023.04.27_21.17.24/tmp/cts/14-core.resized.pnl.v'…
Writing layout to '/openlane/designs/sv_core/runs/RUN_2023.04.27_21.17.24/tmp/cts/14-core.resized.def'…
Writing timing constraints to '/openlane/designs/sv_core/runs/RUN_2023.04.27_21.17.24/tmp/cts/14-core.resized.sdc'…
