
===========================================================================
report_checks -unconstrained
===========================================================================
======================= Fastest Corner ===================================

Startpoint: rst_ni (input port clocked by clk_i)
Endpoint: _5033_ (recovery check against rising-edge clock clk_i)
Path Group: asynchronous
Path Type: max
Corner: Fastest

Fanout     Cap    Slew   Delay    Time   Description
-----------------------------------------------------------------------------
                          0.00    0.00   clock clk_i (rise edge)
                          0.00    0.00   clock network delay (propagated)
                          2.40    2.40 ^ input external delay
                  0.04    0.03    2.43 ^ rst_ni (in)
     1    0.01                           rst_ni (net)
                  0.04    0.00    2.43 ^ input131/A (sky130_fd_sc_hd__buf_12)
                  0.16    0.14    2.56 ^ input131/X (sky130_fd_sc_hd__buf_12)
    13    0.19                           net131 (net)
                  0.16    0.01    2.57 ^ fanout297/A (sky130_fd_sc_hd__buf_6)
                  0.15    0.17    2.74 ^ fanout297/X (sky130_fd_sc_hd__buf_6)
    15    0.10                           net297 (net)
                  0.15    0.00    2.75 ^ fanout296/A (sky130_fd_sc_hd__buf_8)
                  0.13    0.15    2.90 ^ fanout296/X (sky130_fd_sc_hd__buf_8)
    18    0.10                           net296 (net)
                  0.13    0.01    2.91 ^ fanout294/A (sky130_fd_sc_hd__buf_12)
                  0.13    0.16    3.07 ^ fanout294/X (sky130_fd_sc_hd__buf_12)
    29    0.15                           net294 (net)
                  0.13    0.00    3.07 ^ fanout293/A (sky130_fd_sc_hd__buf_12)
                  0.13    0.16    3.23 ^ fanout293/X (sky130_fd_sc_hd__buf_12)
    30    0.14                           net293 (net)
                  0.13    0.01    3.23 ^ _5033_/RESET_B (sky130_fd_sc_hd__dfrtp_4)
                                  3.23   data arrival time

                         12.00   12.00   clock clk_i (rise edge)
                          0.00   12.00   clock source latency
                  0.20    0.13   12.13 ^ clk_i (in)
     1    0.06                           clk_i (net)
                  0.20    0.00   12.13 ^ clkbuf_0_clk_i/A (sky130_fd_sc_hd__clkbuf_16)
                  0.08    0.15   12.28 ^ clkbuf_0_clk_i/X (sky130_fd_sc_hd__clkbuf_16)
     4    0.09                           clknet_0_clk_i (net)
                  0.08    0.00   12.28 ^ clkbuf_2_2__f_clk_i/A (sky130_fd_sc_hd__clkbuf_16)
                  0.08    0.13   12.41 ^ clkbuf_2_2__f_clk_i/X (sky130_fd_sc_hd__clkbuf_16)
     7    0.08                           clknet_2_2__leaf_clk_i (net)
                  0.08    0.00   12.41 ^ clkbuf_leaf_7_clk_i/A (sky130_fd_sc_hd__clkbuf_16)
                  0.05    0.11   12.52 ^ clkbuf_leaf_7_clk_i/X (sky130_fd_sc_hd__clkbuf_16)
    17    0.05                           clknet_leaf_7_clk_i (net)
                  0.05    0.00   12.52 ^ _5033_/CLK (sky130_fd_sc_hd__dfrtp_4)
                         -0.25   12.27   clock uncertainty
                          0.00   12.27   clock reconvergence pessimism
                          0.10   12.38   library recovery time
                                 12.38   data required time
-----------------------------------------------------------------------------
                                 12.38   data required time
                                 -3.23   data arrival time
-----------------------------------------------------------------------------
                                  9.14   slack (MET)


Startpoint: _5200_ (rising edge-triggered flip-flop clocked by clk_i)
Endpoint: dmem_be_o[2] (output port clocked by clk_i)
Path Group: clk_i
Path Type: max
Corner: Fastest

Fanout     Cap    Slew   Delay    Time   Description
-----------------------------------------------------------------------------
                          0.00    0.00   clock clk_i (rise edge)
                          0.00    0.00   clock source latency
                  0.20    0.15    0.15 ^ clk_i (in)
     1    0.06                           clk_i (net)
                  0.20    0.00    0.15 ^ clkbuf_0_clk_i/A (sky130_fd_sc_hd__clkbuf_16)
                  0.08    0.16    0.31 ^ clkbuf_0_clk_i/X (sky130_fd_sc_hd__clkbuf_16)
     4    0.09                           clknet_0_clk_i (net)
                  0.08    0.01    0.32 ^ clkbuf_2_0__f_clk_i/A (sky130_fd_sc_hd__clkbuf_16)
                  0.12    0.17    0.49 ^ clkbuf_2_0__f_clk_i/X (sky130_fd_sc_hd__clkbuf_16)
    10    0.14                           clknet_2_0__leaf_clk_i (net)
                  0.12    0.00    0.49 ^ clkbuf_leaf_26_clk_i/A (sky130_fd_sc_hd__clkbuf_16)
                  0.06    0.14    0.63 ^ clkbuf_leaf_26_clk_i/X (sky130_fd_sc_hd__clkbuf_16)
    20    0.06                           clknet_leaf_26_clk_i (net)
                  0.06    0.00    0.63 ^ _5200_/CLK (sky130_fd_sc_hd__dfrtp_4)
                  0.08    0.36    1.00 v _5200_/Q (sky130_fd_sc_hd__dfrtp_4)
     4    0.04                           net279 (net)
                  0.08    0.00    1.00 v _2347_/B (sky130_fd_sc_hd__xor2_2)
                  0.05    0.12    1.12 v _2347_/X (sky130_fd_sc_hd__xor2_2)
     2    0.01                           _2337_ (net)
                  0.05    0.00    1.12 v _2351_/A (sky130_fd_sc_hd__nor4b_4)
                  0.91    0.79    1.92 ^ _2351_/Y (sky130_fd_sc_hd__nor4b_4)
    28    0.10                           _2341_ (net)
                  0.91    0.00    1.92 ^ _2575_/A2 (sky130_fd_sc_hd__a21o_1)
                  0.07    0.10    2.02 ^ _2575_/X (sky130_fd_sc_hd__a21o_1)
     1    0.01                           _0515_ (net)
                  0.07    0.00    2.02 ^ _2580_/A2 (sky130_fd_sc_hd__a31oi_4)
                  0.14    0.13    2.15 v _2580_/Y (sky130_fd_sc_hd__a31oi_4)
     8    0.05                           _0519_ (net)
                  0.14    0.00    2.15 v _2586_/A2 (sky130_fd_sc_hd__a21oi_4)
                  0.58    0.52    2.67 ^ _2586_/Y (sky130_fd_sc_hd__a21oi_4)
    25    0.11                           _0525_ (net)
                  0.58    0.00    2.67 ^ _2978_/A (sky130_fd_sc_hd__and2_1)
                  0.05    0.11    2.79 ^ _2978_/X (sky130_fd_sc_hd__and2_1)
     1    0.00                           _0890_ (net)
                  0.05    0.00    2.79 ^ _2980_/A (sky130_fd_sc_hd__nor2_2)
                  0.06    0.04    2.83 v _2980_/Y (sky130_fd_sc_hd__nor2_2)
     5    0.01                           _0892_ (net)
                  0.06    0.00    2.83 v _2984_/A3 (sky130_fd_sc_hd__o311a_1)
                  0.06    0.21    3.04 v _2984_/X (sky130_fd_sc_hd__o311a_1)
     3    0.01                           _0896_ (net)
                  0.06    0.00    3.04 v _2985_/D (sky130_fd_sc_hd__or4_1)
                  0.09    0.28    3.33 v _2985_/X (sky130_fd_sc_hd__or4_1)
     3    0.01                           _0897_ (net)
                  0.09    0.00    3.33 v _3026_/A1 (sky130_fd_sc_hd__a21oi_1)
                  0.21    0.21    3.54 ^ _3026_/Y (sky130_fd_sc_hd__a21oi_1)
     2    0.01                           _0938_ (net)
                  0.21    0.00    3.54 ^ _3046_/A2 (sky130_fd_sc_hd__a21oi_2)
                  0.08    0.09    3.64 v _3046_/Y (sky130_fd_sc_hd__a21oi_2)
     5    0.02                           _0958_ (net)
                  0.08    0.00    3.64 v _3091_/A1 (sky130_fd_sc_hd__o21ai_2)
                  0.14    0.17    3.80 ^ _3091_/Y (sky130_fd_sc_hd__o21ai_2)
     4    0.01                           _1003_ (net)
                  0.14    0.00    3.80 ^ _3092_/D_N (sky130_fd_sc_hd__or4bb_2)
                  0.10    0.36    4.17 v _3092_/X (sky130_fd_sc_hd__or4bb_2)
     3    0.02                           _1004_ (net)
                  0.10    0.00    4.17 v _3105_/A1 (sky130_fd_sc_hd__a211o_1)
                  0.06    0.21    4.38 v _3105_/X (sky130_fd_sc_hd__a211o_1)
     3    0.01                           _1017_ (net)
                  0.06    0.00    4.38 v _3114_/A2 (sky130_fd_sc_hd__a21o_1)
                  0.04    0.15    4.53 v _3114_/X (sky130_fd_sc_hd__a21o_1)
     3    0.01                           _1026_ (net)
                  0.04    0.00    4.53 v _3124_/A1 (sky130_fd_sc_hd__a21o_1)
                  0.04    0.12    4.65 v _3124_/X (sky130_fd_sc_hd__a21o_1)
     2    0.01                           _1036_ (net)
                  0.04    0.00    4.65 v _3192_/A2 (sky130_fd_sc_hd__a31o_1)
                  0.03    0.14    4.78 v _3192_/X (sky130_fd_sc_hd__a31o_1)
     1    0.00                           _1104_ (net)
                  0.03    0.00    4.78 v _3193_/A (sky130_fd_sc_hd__buf_4)
                  0.08    0.15    4.94 v _3193_/X (sky130_fd_sc_hd__buf_4)
    10    0.08                           i_exec_stage.alu_out[0] (net)
                  0.08    0.00    4.94 v _3202_/D (sky130_fd_sc_hd__or4_1)
                  0.06    0.26    5.19 v _3202_/X (sky130_fd_sc_hd__or4_1)
     2    0.01                           _1111_ (net)
                  0.06    0.00    5.19 v _3203_/A2 (sky130_fd_sc_hd__a21oi_1)
                  0.10    0.13    5.32 ^ _3203_/Y (sky130_fd_sc_hd__a21oi_1)
     1    0.00                           net164 (net)
                  0.10    0.00    5.32 ^ output164/A (sky130_fd_sc_hd__clkbuf_4)
                  0.09    0.15    5.48 ^ output164/X (sky130_fd_sc_hd__clkbuf_4)
     1    0.04                           dmem_be_o[2] (net)
                  0.09    0.00    5.48 ^ dmem_be_o[2] (out)
                                  5.48   data arrival time

                         12.00   12.00   clock clk_i (rise edge)
                          0.00   12.00   clock network delay (propagated)
                         -0.25   11.75   clock uncertainty
                          0.00   11.75   clock reconvergence pessimism
                         -2.40    9.35   output external delay
                                  9.35   data required time
-----------------------------------------------------------------------------
                                  9.35   data required time
                                 -5.48   data arrival time
-----------------------------------------------------------------------------
                                  3.87   slack (MET)



======================= Slowest Corner ===================================

Startpoint: rst_ni (input port clocked by clk_i)
Endpoint: _5033_ (recovery check against rising-edge clock clk_i)
Path Group: asynchronous
Path Type: max
Corner: Slowest

Fanout     Cap    Slew   Delay    Time   Description
-----------------------------------------------------------------------------
                          0.00    0.00   clock clk_i (rise edge)
                          0.00    0.00   clock network delay (propagated)
                          2.40    2.40 ^ input external delay
                  0.08    0.06    2.46 ^ rst_ni (in)
     1    0.01                           rst_ni (net)
                  0.08    0.00    2.46 ^ input131/A (sky130_fd_sc_hd__buf_12)
                  0.34    0.37    2.83 ^ input131/X (sky130_fd_sc_hd__buf_12)
    13    0.19                           net131 (net)
                  0.34    0.01    2.83 ^ fanout297/A (sky130_fd_sc_hd__buf_6)
                  0.30    0.48    3.31 ^ fanout297/X (sky130_fd_sc_hd__buf_6)
    15    0.09                           net297 (net)
                  0.30    0.00    3.31 ^ fanout296/A (sky130_fd_sc_hd__buf_8)
                  0.25    0.43    3.74 ^ fanout296/X (sky130_fd_sc_hd__buf_8)
    18    0.10                           net296 (net)
                  0.25    0.01    3.75 ^ fanout294/A (sky130_fd_sc_hd__buf_12)
                  0.25    0.42    4.17 ^ fanout294/X (sky130_fd_sc_hd__buf_12)
    29    0.14                           net294 (net)
                  0.25    0.00    4.17 ^ fanout293/A (sky130_fd_sc_hd__buf_12)
                  0.24    0.41    4.58 ^ fanout293/X (sky130_fd_sc_hd__buf_12)
    30    0.13                           net293 (net)
                  0.24    0.01    4.59 ^ _5033_/RESET_B (sky130_fd_sc_hd__dfrtp_4)
                                  4.59   data arrival time

                         12.00   12.00   clock clk_i (rise edge)
                          0.00   12.00   clock source latency
                  0.41    0.28   12.28 ^ clk_i (in)
     1    0.06                           clk_i (net)
                  0.41    0.00   12.28 ^ clkbuf_0_clk_i/A (sky130_fd_sc_hd__clkbuf_16)
                  0.16    0.42   12.70 ^ clkbuf_0_clk_i/X (sky130_fd_sc_hd__clkbuf_16)
     4    0.09                           clknet_0_clk_i (net)
                  0.16    0.00   12.70 ^ clkbuf_2_2__f_clk_i/A (sky130_fd_sc_hd__clkbuf_16)
                  0.15    0.32   13.02 ^ clkbuf_2_2__f_clk_i/X (sky130_fd_sc_hd__clkbuf_16)
     7    0.08                           clknet_2_2__leaf_clk_i (net)
                  0.15    0.00   13.03 ^ clkbuf_leaf_7_clk_i/A (sky130_fd_sc_hd__clkbuf_16)
                  0.10    0.28   13.31 ^ clkbuf_leaf_7_clk_i/X (sky130_fd_sc_hd__clkbuf_16)
    17    0.05                           clknet_leaf_7_clk_i (net)
                  0.10    0.00   13.31 ^ _5033_/CLK (sky130_fd_sc_hd__dfrtp_4)
                         -0.25   13.06   clock uncertainty
                          0.00   13.06   clock reconvergence pessimism
                          0.37   13.43   library recovery time
                                 13.43   data required time
-----------------------------------------------------------------------------
                                 13.43   data required time
                                 -4.59   data arrival time
-----------------------------------------------------------------------------
                                  8.85   slack (MET)


Startpoint: _5200_ (rising edge-triggered flip-flop clocked by clk_i)
Endpoint: dmem_be_o[2] (output port clocked by clk_i)
Path Group: clk_i
Path Type: max
Corner: Slowest

Fanout     Cap    Slew   Delay    Time   Description
-----------------------------------------------------------------------------
                          0.00    0.00   clock clk_i (rise edge)
                          0.00    0.00   clock source latency
                  0.41    0.31    0.31 ^ clk_i (in)
     1    0.06                           clk_i (net)
                  0.41    0.00    0.31 ^ clkbuf_0_clk_i/A (sky130_fd_sc_hd__clkbuf_16)
                  0.16    0.47    0.78 ^ clkbuf_0_clk_i/X (sky130_fd_sc_hd__clkbuf_16)
     4    0.09                           clknet_0_clk_i (net)
                  0.16    0.01    0.78 ^ clkbuf_2_0__f_clk_i/A (sky130_fd_sc_hd__clkbuf_16)
                  0.23    0.42    1.20 ^ clkbuf_2_0__f_clk_i/X (sky130_fd_sc_hd__clkbuf_16)
    10    0.14                           clknet_2_0__leaf_clk_i (net)
                  0.23    0.00    1.20 ^ clkbuf_leaf_26_clk_i/A (sky130_fd_sc_hd__clkbuf_16)
                  0.12    0.36    1.57 ^ clkbuf_leaf_26_clk_i/X (sky130_fd_sc_hd__clkbuf_16)
    20    0.06                           clknet_leaf_26_clk_i (net)
                  0.12    0.00    1.57 ^ _5200_/CLK (sky130_fd_sc_hd__dfrtp_4)
                  0.20    1.19    2.76 v _5200_/Q (sky130_fd_sc_hd__dfrtp_4)
     4    0.04                           net279 (net)
                  0.20    0.00    2.76 v _2347_/B (sky130_fd_sc_hd__xor2_2)
                  0.14    0.36    3.12 v _2347_/X (sky130_fd_sc_hd__xor2_2)
     2    0.01                           _2337_ (net)
                  0.14    0.00    3.12 v _2371_/A (sky130_fd_sc_hd__or4b_1)
                  0.23    1.37    4.49 v _2371_/X (sky130_fd_sc_hd__or4b_1)
     1    0.01                           _0325_ (net)
                  0.23    0.00    4.49 v _2372_/A (sky130_fd_sc_hd__buf_4)
                  0.14    0.43    4.92 v _2372_/X (sky130_fd_sc_hd__buf_4)
    15    0.05                           _0326_ (net)
                  0.14    0.00    4.92 v _2438_/A2 (sky130_fd_sc_hd__o21a_1)
                  0.12    0.41    5.33 v _2438_/X (sky130_fd_sc_hd__o21a_1)
     1    0.01                           _0389_ (net)
                  0.12    0.00    5.33 v _2440_/A3 (sky130_fd_sc_hd__o31ai_4)
                  0.58    0.58    5.91 ^ _2440_/Y (sky130_fd_sc_hd__o31ai_4)
     4    0.03                           _0391_ (net)
                  0.58    0.00    5.91 ^ _2441_/A (sky130_fd_sc_hd__inv_2)
                  0.26    0.43    6.34 v _2441_/Y (sky130_fd_sc_hd__inv_2)
     4    0.05                           net178 (net)
                  0.26    0.00    6.35 v _2587_/A2 (sky130_fd_sc_hd__mux4_2)
                  0.23    1.29    7.64 v _2587_/X (sky130_fd_sc_hd__mux4_2)
     1    0.02                           _0526_ (net)
                  0.23    0.00    7.64 v _2588_/A (sky130_fd_sc_hd__buf_2)
                  0.16    0.44    8.07 v _2588_/X (sky130_fd_sc_hd__buf_2)
     6    0.03                           _0527_ (net)
                  0.16    0.00    8.07 v _2976_/A (sky130_fd_sc_hd__nor2_1)
                  0.23    0.26    8.33 ^ _2976_/Y (sky130_fd_sc_hd__nor2_1)
     1    0.01                           _0888_ (net)
                  0.23    0.00    8.33 ^ _2977_/B1 (sky130_fd_sc_hd__a21oi_2)
                  0.15    0.17    8.50 v _2977_/Y (sky130_fd_sc_hd__a21oi_2)
     5    0.01                           _0889_ (net)
                  0.15    0.00    8.50 v _2984_/A2 (sky130_fd_sc_hd__o311a_1)
                  0.14    0.74    9.25 v _2984_/X (sky130_fd_sc_hd__o311a_1)
     3    0.01                           _0896_ (net)
                  0.14    0.00    9.25 v _2985_/D (sky130_fd_sc_hd__or4_1)
                  0.28    1.19   10.43 v _2985_/X (sky130_fd_sc_hd__or4_1)
     3    0.01                           _0897_ (net)
                  0.28    0.00   10.43 v _3026_/A1 (sky130_fd_sc_hd__a21oi_1)
                  0.47    0.55   10.98 ^ _3026_/Y (sky130_fd_sc_hd__a21oi_1)
     2    0.01                           _0938_ (net)
                  0.47    0.00   10.98 ^ _3046_/A2 (sky130_fd_sc_hd__a21oi_2)
                  0.22    0.38   11.37 v _3046_/Y (sky130_fd_sc_hd__a21oi_2)
     5    0.02                           _0958_ (net)
                  0.22    0.00   11.37 v _3091_/A1 (sky130_fd_sc_hd__o21ai_2)
                  0.32    0.43   11.80 ^ _3091_/Y (sky130_fd_sc_hd__o21ai_2)
     4    0.01                           _1003_ (net)
                  0.32    0.00   11.80 ^ _3092_/D_N (sky130_fd_sc_hd__or4bb_2)
                  0.31    1.58   13.38 v _3092_/X (sky130_fd_sc_hd__or4bb_2)
     3    0.02                           _1004_ (net)
                  0.31    0.00   13.38 v _3105_/A1 (sky130_fd_sc_hd__a211o_1)
                  0.14    0.68   14.06 v _3105_/X (sky130_fd_sc_hd__a211o_1)
     3    0.01                           _1017_ (net)
                  0.14    0.00   14.06 v _3114_/A2 (sky130_fd_sc_hd__a21o_1)
                  0.11    0.42   14.48 v _3114_/X (sky130_fd_sc_hd__a21o_1)
     3    0.01                           _1026_ (net)
                  0.11    0.00   14.48 v _3124_/A1 (sky130_fd_sc_hd__a21o_1)
                  0.10    0.36   14.84 v _3124_/X (sky130_fd_sc_hd__a21o_1)
     2    0.01                           _1036_ (net)
                  0.10    0.00   14.84 v _3192_/A2 (sky130_fd_sc_hd__a31o_1)
                  0.07    0.40   15.24 v _3192_/X (sky130_fd_sc_hd__a31o_1)
     1    0.00                           _1104_ (net)
                  0.07    0.00   15.24 v _3193_/A (sky130_fd_sc_hd__buf_4)
                  0.20    0.41   15.65 v _3193_/X (sky130_fd_sc_hd__buf_4)
    10    0.08                           i_exec_stage.alu_out[0] (net)
                  0.20    0.00   15.65 v _3202_/D (sky130_fd_sc_hd__or4_1)
                  0.22    1.10   16.75 v _3202_/X (sky130_fd_sc_hd__or4_1)
     2    0.01                           _1111_ (net)
                  0.22    0.00   16.75 v _3203_/A2 (sky130_fd_sc_hd__a21oi_1)
                  0.22    0.35   17.10 ^ _3203_/Y (sky130_fd_sc_hd__a21oi_1)
     1    0.00                           net164 (net)
                  0.22    0.00   17.10 ^ output164/A (sky130_fd_sc_hd__clkbuf_4)
                  0.18    0.42   17.52 ^ output164/X (sky130_fd_sc_hd__clkbuf_4)
     1    0.04                           dmem_be_o[2] (net)
                  0.18    0.00   17.52 ^ dmem_be_o[2] (out)
                                 17.52   data arrival time

                         12.00   12.00   clock clk_i (rise edge)
                          0.00   12.00   clock network delay (propagated)
                         -0.25   11.75   clock uncertainty
                          0.00   11.75   clock reconvergence pessimism
                         -2.40    9.35   output external delay
                                  9.35   data required time
-----------------------------------------------------------------------------
                                  9.35   data required time
                                -17.52   data arrival time
-----------------------------------------------------------------------------
                                 -8.17   slack (VIOLATED)



======================= Typical Corner ===================================

Startpoint: rst_ni (input port clocked by clk_i)
Endpoint: _5033_ (recovery check against rising-edge clock clk_i)
Path Group: asynchronous
Path Type: max
Corner: Typical

Fanout     Cap    Slew   Delay    Time   Description
-----------------------------------------------------------------------------
                          0.00    0.00   clock clk_i (rise edge)
                          0.00    0.00   clock network delay (propagated)
                          2.40    2.40 ^ input external delay
                  0.05    0.04    2.44 ^ rst_ni (in)
     1    0.01                           rst_ni (net)
                  0.05    0.00    2.44 ^ input131/A (sky130_fd_sc_hd__buf_12)
                  0.22    0.21    2.64 ^ input131/X (sky130_fd_sc_hd__buf_12)
    13    0.19                           net131 (net)
                  0.22    0.01    2.65 ^ fanout297/A (sky130_fd_sc_hd__buf_6)
                  0.20    0.27    2.92 ^ fanout297/X (sky130_fd_sc_hd__buf_6)
    15    0.10                           net297 (net)
                  0.20    0.00    2.92 ^ fanout296/A (sky130_fd_sc_hd__buf_8)
                  0.17    0.24    3.16 ^ fanout296/X (sky130_fd_sc_hd__buf_8)
    18    0.10                           net296 (net)
                  0.17    0.01    3.17 ^ fanout294/A (sky130_fd_sc_hd__buf_12)
                  0.17    0.24    3.41 ^ fanout294/X (sky130_fd_sc_hd__buf_12)
    29    0.15                           net294 (net)
                  0.17    0.00    3.41 ^ fanout293/A (sky130_fd_sc_hd__buf_12)
                  0.17    0.24    3.65 ^ fanout293/X (sky130_fd_sc_hd__buf_12)
    30    0.14                           net293 (net)
                  0.17    0.01    3.66 ^ _5033_/RESET_B (sky130_fd_sc_hd__dfrtp_4)
                                  3.66   data arrival time

                         12.00   12.00   clock clk_i (rise edge)
                          0.00   12.00   clock source latency
                  0.26    0.18   12.18 ^ clk_i (in)
     1    0.06                           clk_i (net)
                  0.27    0.00   12.18 ^ clkbuf_0_clk_i/A (sky130_fd_sc_hd__clkbuf_16)
                  0.10    0.23   12.41 ^ clkbuf_0_clk_i/X (sky130_fd_sc_hd__clkbuf_16)
     4    0.09                           clknet_0_clk_i (net)
                  0.10    0.00   12.41 ^ clkbuf_2_2__f_clk_i/A (sky130_fd_sc_hd__clkbuf_16)
                  0.10    0.18   12.60 ^ clkbuf_2_2__f_clk_i/X (sky130_fd_sc_hd__clkbuf_16)
     7    0.08                           clknet_2_2__leaf_clk_i (net)
                  0.10    0.00   12.60 ^ clkbuf_leaf_7_clk_i/A (sky130_fd_sc_hd__clkbuf_16)
                  0.07    0.16   12.76 ^ clkbuf_leaf_7_clk_i/X (sky130_fd_sc_hd__clkbuf_16)
    17    0.05                           clknet_leaf_7_clk_i (net)
                  0.07    0.00   12.76 ^ _5033_/CLK (sky130_fd_sc_hd__dfrtp_4)
                         -0.25   12.51   clock uncertainty
                          0.00   12.51   clock reconvergence pessimism
                          0.18   12.69   library recovery time
                                 12.69   data required time
-----------------------------------------------------------------------------
                                 12.69   data required time
                                 -3.66   data arrival time
-----------------------------------------------------------------------------
                                  9.03   slack (MET)


Startpoint: _5200_ (rising edge-triggered flip-flop clocked by clk_i)
Endpoint: dmem_be_o[2] (output port clocked by clk_i)
Path Group: clk_i
Path Type: max
Corner: Typical

Fanout     Cap    Slew   Delay    Time   Description
-----------------------------------------------------------------------------
                          0.00    0.00   clock clk_i (rise edge)
                          0.00    0.00   clock source latency
                  0.26    0.20    0.20 ^ clk_i (in)
     1    0.06                           clk_i (net)
                  0.27    0.00    0.20 ^ clkbuf_0_clk_i/A (sky130_fd_sc_hd__clkbuf_16)
                  0.10    0.26    0.45 ^ clkbuf_0_clk_i/X (sky130_fd_sc_hd__clkbuf_16)
     4    0.09                           clknet_0_clk_i (net)
                  0.10    0.01    0.46 ^ clkbuf_2_0__f_clk_i/A (sky130_fd_sc_hd__clkbuf_16)
                  0.15    0.25    0.71 ^ clkbuf_2_0__f_clk_i/X (sky130_fd_sc_hd__clkbuf_16)
    10    0.14                           clknet_2_0__leaf_clk_i (net)
                  0.15    0.00    0.71 ^ clkbuf_leaf_26_clk_i/A (sky130_fd_sc_hd__clkbuf_16)
                  0.08    0.21    0.91 ^ clkbuf_leaf_26_clk_i/X (sky130_fd_sc_hd__clkbuf_16)
    20    0.06                           clknet_leaf_26_clk_i (net)
                  0.08    0.00    0.92 ^ _5200_/CLK (sky130_fd_sc_hd__dfrtp_4)
                  0.11    0.57    1.49 v _5200_/Q (sky130_fd_sc_hd__dfrtp_4)
     4    0.04                           net279 (net)
                  0.11    0.00    1.49 v _2347_/B (sky130_fd_sc_hd__xor2_2)
                  0.08    0.19    1.68 v _2347_/X (sky130_fd_sc_hd__xor2_2)
     2    0.01                           _2337_ (net)
                  0.08    0.00    1.68 v _2351_/A (sky130_fd_sc_hd__nor4b_4)
                  1.24    1.12    2.80 ^ _2351_/Y (sky130_fd_sc_hd__nor4b_4)
    28    0.09                           _2341_ (net)
                  1.24    0.00    2.81 ^ _2575_/A2 (sky130_fd_sc_hd__a21o_1)
                  0.10    0.29    3.10 ^ _2575_/X (sky130_fd_sc_hd__a21o_1)
     1    0.01                           _0515_ (net)
                  0.10    0.00    3.10 ^ _2580_/A2 (sky130_fd_sc_hd__a31oi_4)
                  0.21    0.21    3.31 v _2580_/Y (sky130_fd_sc_hd__a31oi_4)
     8    0.05                           _0519_ (net)
                  0.21    0.00    3.32 v _2586_/A2 (sky130_fd_sc_hd__a21oi_4)
                  0.76    0.72    4.04 ^ _2586_/Y (sky130_fd_sc_hd__a21oi_4)
    25    0.11                           _0525_ (net)
                  0.76    0.00    4.04 ^ _2978_/A (sky130_fd_sc_hd__and2_1)
                  0.08    0.25    4.29 ^ _2978_/X (sky130_fd_sc_hd__and2_1)
     1    0.00                           _0890_ (net)
                  0.08    0.00    4.29 ^ _2980_/A (sky130_fd_sc_hd__nor2_2)
                  0.08    0.07    4.36 v _2980_/Y (sky130_fd_sc_hd__nor2_2)
     5    0.01                           _0892_ (net)
                  0.08    0.00    4.36 v _2984_/A3 (sky130_fd_sc_hd__o311a_1)
                  0.08    0.35    4.71 v _2984_/X (sky130_fd_sc_hd__o311a_1)
     3    0.01                           _0896_ (net)
                  0.08    0.00    4.71 v _2985_/D (sky130_fd_sc_hd__or4_1)
                  0.13    0.50    5.20 v _2985_/X (sky130_fd_sc_hd__or4_1)
     3    0.01                           _0897_ (net)
                  0.13    0.00    5.20 v _3026_/A1 (sky130_fd_sc_hd__a21oi_1)
                  0.29    0.31    5.51 ^ _3026_/Y (sky130_fd_sc_hd__a21oi_1)
     2    0.01                           _0938_ (net)
                  0.29    0.00    5.51 ^ _3046_/A2 (sky130_fd_sc_hd__a21oi_2)
                  0.11    0.17    5.69 v _3046_/Y (sky130_fd_sc_hd__a21oi_2)
     5    0.02                           _0958_ (net)
                  0.11    0.00    5.69 v _3091_/A1 (sky130_fd_sc_hd__o21ai_2)
                  0.19    0.24    5.93 ^ _3091_/Y (sky130_fd_sc_hd__o21ai_2)
     4    0.01                           _1003_ (net)
                  0.19    0.00    5.93 ^ _3092_/D_N (sky130_fd_sc_hd__or4bb_2)
                  0.14    0.66    6.59 v _3092_/X (sky130_fd_sc_hd__or4bb_2)
     3    0.02                           _1004_ (net)
                  0.14    0.00    6.59 v _3105_/A1 (sky130_fd_sc_hd__a211o_1)
                  0.08    0.34    6.93 v _3105_/X (sky130_fd_sc_hd__a211o_1)
     3    0.01                           _1017_ (net)
                  0.08    0.00    6.93 v _3114_/A2 (sky130_fd_sc_hd__a21o_1)
                  0.06    0.22    7.16 v _3114_/X (sky130_fd_sc_hd__a21o_1)
     3    0.01                           _1026_ (net)
                  0.06    0.00    7.16 v _3124_/A1 (sky130_fd_sc_hd__a21o_1)
                  0.06    0.19    7.34 v _3124_/X (sky130_fd_sc_hd__a21o_1)
     2    0.01                           _1036_ (net)
                  0.06    0.00    7.34 v _3192_/A2 (sky130_fd_sc_hd__a31o_1)
                  0.04    0.21    7.56 v _3192_/X (sky130_fd_sc_hd__a31o_1)
     1    0.00                           _1104_ (net)
                  0.04    0.00    7.56 v _3193_/A (sky130_fd_sc_hd__buf_4)
                  0.11    0.22    7.78 v _3193_/X (sky130_fd_sc_hd__buf_4)
    10    0.08                           i_exec_stage.alu_out[0] (net)
                  0.11    0.00    7.78 v _3202_/D (sky130_fd_sc_hd__or4_1)
                  0.10    0.46    8.24 v _3202_/X (sky130_fd_sc_hd__or4_1)
     2    0.01                           _1111_ (net)
                  0.10    0.00    8.24 v _3203_/A2 (sky130_fd_sc_hd__a21oi_1)
                  0.14    0.19    8.43 ^ _3203_/Y (sky130_fd_sc_hd__a21oi_1)
     1    0.00                           net164 (net)
                  0.14    0.00    8.43 ^ output164/A (sky130_fd_sc_hd__clkbuf_4)
                  0.12    0.23    8.66 ^ output164/X (sky130_fd_sc_hd__clkbuf_4)
     1    0.04                           dmem_be_o[2] (net)
                  0.12    0.00    8.66 ^ dmem_be_o[2] (out)
                                  8.66   data arrival time

                         12.00   12.00   clock clk_i (rise edge)
                          0.00   12.00   clock network delay (propagated)
                         -0.25   11.75   clock uncertainty
                          0.00   11.75   clock reconvergence pessimism
                         -2.40    9.35   output external delay
                                  9.35   data required time
-----------------------------------------------------------------------------
                                  9.35   data required time
                                 -8.66   data arrival time
-----------------------------------------------------------------------------
                                  0.69   slack (MET)




===========================================================================
report_checks --slack_max -0.01
============================================================================
======================= Fastest Corner ===================================

No paths found.

======================= Slowest Corner ===================================

Startpoint: _5200_ (rising edge-triggered flip-flop clocked by clk_i)
Endpoint: dmem_be_o[2] (output port clocked by clk_i)
Path Group: clk_i
Path Type: max
Corner: Slowest

Fanout     Cap    Slew   Delay    Time   Description
-----------------------------------------------------------------------------
                          0.00    0.00   clock clk_i (rise edge)
                          0.00    0.00   clock source latency
                  0.41    0.31    0.31 ^ clk_i (in)
     1    0.06                           clk_i (net)
                  0.41    0.00    0.31 ^ clkbuf_0_clk_i/A (sky130_fd_sc_hd__clkbuf_16)
                  0.16    0.47    0.78 ^ clkbuf_0_clk_i/X (sky130_fd_sc_hd__clkbuf_16)
     4    0.09                           clknet_0_clk_i (net)
                  0.16    0.01    0.78 ^ clkbuf_2_0__f_clk_i/A (sky130_fd_sc_hd__clkbuf_16)
                  0.23    0.42    1.20 ^ clkbuf_2_0__f_clk_i/X (sky130_fd_sc_hd__clkbuf_16)
    10    0.14                           clknet_2_0__leaf_clk_i (net)
                  0.23    0.00    1.20 ^ clkbuf_leaf_26_clk_i/A (sky130_fd_sc_hd__clkbuf_16)
                  0.12    0.36    1.57 ^ clkbuf_leaf_26_clk_i/X (sky130_fd_sc_hd__clkbuf_16)
    20    0.06                           clknet_leaf_26_clk_i (net)
                  0.12    0.00    1.57 ^ _5200_/CLK (sky130_fd_sc_hd__dfrtp_4)
                  0.20    1.19    2.76 v _5200_/Q (sky130_fd_sc_hd__dfrtp_4)
     4    0.04                           net279 (net)
                  0.20    0.00    2.76 v _2347_/B (sky130_fd_sc_hd__xor2_2)
                  0.14    0.36    3.12 v _2347_/X (sky130_fd_sc_hd__xor2_2)
     2    0.01                           _2337_ (net)
                  0.14    0.00    3.12 v _2371_/A (sky130_fd_sc_hd__or4b_1)
                  0.23    1.37    4.49 v _2371_/X (sky130_fd_sc_hd__or4b_1)
     1    0.01                           _0325_ (net)
                  0.23    0.00    4.49 v _2372_/A (sky130_fd_sc_hd__buf_4)
                  0.14    0.43    4.92 v _2372_/X (sky130_fd_sc_hd__buf_4)
    15    0.05                           _0326_ (net)
                  0.14    0.00    4.92 v _2438_/A2 (sky130_fd_sc_hd__o21a_1)
                  0.12    0.41    5.33 v _2438_/X (sky130_fd_sc_hd__o21a_1)
     1    0.01                           _0389_ (net)
                  0.12    0.00    5.33 v _2440_/A3 (sky130_fd_sc_hd__o31ai_4)
                  0.58    0.58    5.91 ^ _2440_/Y (sky130_fd_sc_hd__o31ai_4)
     4    0.03                           _0391_ (net)
                  0.58    0.00    5.91 ^ _2441_/A (sky130_fd_sc_hd__inv_2)
                  0.26    0.43    6.34 v _2441_/Y (sky130_fd_sc_hd__inv_2)
     4    0.05                           net178 (net)
                  0.26    0.00    6.35 v _2587_/A2 (sky130_fd_sc_hd__mux4_2)
                  0.23    1.29    7.64 v _2587_/X (sky130_fd_sc_hd__mux4_2)
     1    0.02                           _0526_ (net)
                  0.23    0.00    7.64 v _2588_/A (sky130_fd_sc_hd__buf_2)
                  0.16    0.44    8.07 v _2588_/X (sky130_fd_sc_hd__buf_2)
     6    0.03                           _0527_ (net)
                  0.16    0.00    8.07 v _2976_/A (sky130_fd_sc_hd__nor2_1)
                  0.23    0.26    8.33 ^ _2976_/Y (sky130_fd_sc_hd__nor2_1)
     1    0.01                           _0888_ (net)
                  0.23    0.00    8.33 ^ _2977_/B1 (sky130_fd_sc_hd__a21oi_2)
                  0.15    0.17    8.50 v _2977_/Y (sky130_fd_sc_hd__a21oi_2)
     5    0.01                           _0889_ (net)
                  0.15    0.00    8.50 v _2984_/A2 (sky130_fd_sc_hd__o311a_1)
                  0.14    0.74    9.25 v _2984_/X (sky130_fd_sc_hd__o311a_1)
     3    0.01                           _0896_ (net)
                  0.14    0.00    9.25 v _2985_/D (sky130_fd_sc_hd__or4_1)
                  0.28    1.19   10.43 v _2985_/X (sky130_fd_sc_hd__or4_1)
     3    0.01                           _0897_ (net)
                  0.28    0.00   10.43 v _3026_/A1 (sky130_fd_sc_hd__a21oi_1)
                  0.47    0.55   10.98 ^ _3026_/Y (sky130_fd_sc_hd__a21oi_1)
     2    0.01                           _0938_ (net)
                  0.47    0.00   10.98 ^ _3046_/A2 (sky130_fd_sc_hd__a21oi_2)
                  0.22    0.38   11.37 v _3046_/Y (sky130_fd_sc_hd__a21oi_2)
     5    0.02                           _0958_ (net)
                  0.22    0.00   11.37 v _3091_/A1 (sky130_fd_sc_hd__o21ai_2)
                  0.32    0.43   11.80 ^ _3091_/Y (sky130_fd_sc_hd__o21ai_2)
     4    0.01                           _1003_ (net)
                  0.32    0.00   11.80 ^ _3092_/D_N (sky130_fd_sc_hd__or4bb_2)
                  0.31    1.58   13.38 v _3092_/X (sky130_fd_sc_hd__or4bb_2)
     3    0.02                           _1004_ (net)
                  0.31    0.00   13.38 v _3105_/A1 (sky130_fd_sc_hd__a211o_1)
                  0.14    0.68   14.06 v _3105_/X (sky130_fd_sc_hd__a211o_1)
     3    0.01                           _1017_ (net)
                  0.14    0.00   14.06 v _3114_/A2 (sky130_fd_sc_hd__a21o_1)
                  0.11    0.42   14.48 v _3114_/X (sky130_fd_sc_hd__a21o_1)
     3    0.01                           _1026_ (net)
                  0.11    0.00   14.48 v _3124_/A1 (sky130_fd_sc_hd__a21o_1)
                  0.10    0.36   14.84 v _3124_/X (sky130_fd_sc_hd__a21o_1)
     2    0.01                           _1036_ (net)
                  0.10    0.00   14.84 v _3192_/A2 (sky130_fd_sc_hd__a31o_1)
                  0.07    0.40   15.24 v _3192_/X (sky130_fd_sc_hd__a31o_1)
     1    0.00                           _1104_ (net)
                  0.07    0.00   15.24 v _3193_/A (sky130_fd_sc_hd__buf_4)
                  0.20    0.41   15.65 v _3193_/X (sky130_fd_sc_hd__buf_4)
    10    0.08                           i_exec_stage.alu_out[0] (net)
                  0.20    0.00   15.65 v _3202_/D (sky130_fd_sc_hd__or4_1)
                  0.22    1.10   16.75 v _3202_/X (sky130_fd_sc_hd__or4_1)
     2    0.01                           _1111_ (net)
                  0.22    0.00   16.75 v _3203_/A2 (sky130_fd_sc_hd__a21oi_1)
                  0.22    0.35   17.10 ^ _3203_/Y (sky130_fd_sc_hd__a21oi_1)
     1    0.00                           net164 (net)
                  0.22    0.00   17.10 ^ output164/A (sky130_fd_sc_hd__clkbuf_4)
                  0.18    0.42   17.52 ^ output164/X (sky130_fd_sc_hd__clkbuf_4)
     1    0.04                           dmem_be_o[2] (net)
                  0.18    0.00   17.52 ^ dmem_be_o[2] (out)
                                 17.52   data arrival time

                         12.00   12.00   clock clk_i (rise edge)
                          0.00   12.00   clock network delay (propagated)
                         -0.25   11.75   clock uncertainty
                          0.00   11.75   clock reconvergence pessimism
                         -2.40    9.35   output external delay
                                  9.35   data required time
-----------------------------------------------------------------------------
                                  9.35   data required time
                                -17.52   data arrival time
-----------------------------------------------------------------------------
                                 -8.17   slack (VIOLATED)



======================= Typical Corner ===================================

No paths found.


===========================================================================
 report_check_types -max_slew -max_cap -max_fanout -violators
============================================================================
======================= Fastest Corner ===================================


======================= Slowest Corner ===================================

max slew

Pin                                    Limit    Slew   Slack
------------------------------------------------------------
_2351_/Y                                1.49    1.99   -0.50 (VIOLATED)
_2812_/B                                1.50    1.99   -0.49 (VIOLATED)
_2842_/B                                1.50    1.99   -0.49 (VIOLATED)
_2859_/B                                1.50    1.99   -0.49 (VIOLATED)
_3106_/B                                1.50    1.99   -0.49 (VIOLATED)
_3116_/B                                1.50    1.99   -0.49 (VIOLATED)
_2813_/B                                1.50    1.99   -0.49 (VIOLATED)
_2824_/B                                1.50    1.99   -0.49 (VIOLATED)
_2832_/B                                1.50    1.99   -0.49 (VIOLATED)
_2352_/A2                               1.50    1.99   -0.49 (VIOLATED)
_2642_/A2                               1.50    1.99   -0.49 (VIOLATED)
_2869_/B                                1.50    1.99   -0.49 (VIOLATED)
_2938_/B                                1.50    1.99   -0.49 (VIOLATED)
_3047_/B                                1.50    1.99   -0.49 (VIOLATED)
_3055_/B                                1.50    1.99   -0.49 (VIOLATED)
_3064_/B                                1.50    1.99   -0.49 (VIOLATED)
_2575_/A2                               1.50    1.99   -0.49 (VIOLATED)
_2877_/B                                1.50    1.99   -0.49 (VIOLATED)
_2886_/B                                1.50    1.99   -0.49 (VIOLATED)
_2895_/B                                1.50    1.99   -0.49 (VIOLATED)
_3072_/B                                1.50    1.99   -0.49 (VIOLATED)
_2851_/B                                1.50    1.99   -0.49 (VIOLATED)
_2911_/B                                1.50    1.99   -0.49 (VIOLATED)
_2929_/B                                1.50    1.99   -0.49 (VIOLATED)
_2946_/B                                1.50    1.99   -0.49 (VIOLATED)
_2437_/B                                1.50    1.99   -0.49 (VIOLATED)
_3017_/B                                1.50    1.99   -0.49 (VIOLATED)
_2993_/B                                1.50    1.99   -0.49 (VIOLATED)
_3010_/B                                1.50    1.99   -0.49 (VIOLATED)

max capacitance

Pin                                    Limit     Cap   Slack
------------------------------------------------------------
_2351_/Y                                0.07    0.09   -0.03 (VIOLATED)


======================= Typical Corner ===================================



===========================================================================
report_parasitic_annotation -report_unannotated
============================================================================
Found 42 unannotated drivers.
 dmem_gnt_i
 dmem_rvalid_i
 core_298/HI
 core_299/HI
 core_300/HI
 core_301/HI
 core_302/HI
 core_303/HI
 core_304/HI
 core_305/HI
 core_306/HI
 core_307/HI
 core_308/HI
 core_309/HI
 core_310/HI
 core_311/HI
 core_312/HI
 core_313/HI
 core_314/HI
 core_315/HI
 core_316/HI
 core_317/HI
 core_318/HI
 core_319/HI
 core_320/HI
 core_321/HI
 core_322/HI
 core_323/HI
 core_324/HI
 core_325/HI
 core_326/HI
 core_327/HI
 core_328/HI
 core_329/HI
 core_330/HI
 core_331/HI
 core_332/HI
 core_333/HI
 core_334/HI
 core_335/HI
 core_336/HI
 core_337/LO
Found 0 partially unannotated drivers.

===========================================================================
max slew violation count 29
max fanout violation count 0
max cap violation count 1
============================================================================

===========================================================================
check_setup -verbose -unconstrained_endpoints -multiple_clock -no_clock -no_input_delay -loops -generated_clocks
===========================================================================
Warning: There are 40 unconstrained endpoints.
  dmem_addr_o[0]
  dmem_addr_o[1]
  imem_be_o[0]
  imem_be_o[1]
  imem_be_o[2]
  imem_be_o[3]
  imem_req_o
  imem_wdata_o[0]
  imem_wdata_o[10]
  imem_wdata_o[11]
  imem_wdata_o[12]
  imem_wdata_o[13]
  imem_wdata_o[14]
  imem_wdata_o[15]
  imem_wdata_o[16]
  imem_wdata_o[17]
  imem_wdata_o[18]
  imem_wdata_o[19]
  imem_wdata_o[1]
  imem_wdata_o[20]
  imem_wdata_o[21]
  imem_wdata_o[22]
  imem_wdata_o[23]
  imem_wdata_o[24]
  imem_wdata_o[25]
  imem_wdata_o[26]
  imem_wdata_o[27]
  imem_wdata_o[28]
  imem_wdata_o[29]
  imem_wdata_o[2]
  imem_wdata_o[30]
  imem_wdata_o[31]
  imem_wdata_o[3]
  imem_wdata_o[4]
  imem_wdata_o[5]
  imem_wdata_o[6]
  imem_wdata_o[7]
  imem_wdata_o[8]
  imem_wdata_o[9]
  imem_we_o
