OpenROAD b3db49ea3301a7e590bf24126d409bd40199b4af 
This program is licensed under the BSD-3 license. See the LICENSE file for details.
Components of this program may be licensed under more restrictive licenses which must be honored.
[INFO]: Reading ODB at '/openlane/designs/core_regfile/runs/RUN_2023.05.05_23.56.43/tmp/floorplan/5-tapcell.odb'…
define_corners Typical
read_liberty -corner Typical /Users/timothylee/.volare/sky130A/libs.ref/sky130_fd_sc_hd/lib/sky130_fd_sc_hd__tt_025C_1v80.lib
adding -skip_trim to pdngen
[INFO PDN-0001] Inserting grid: stdcell_grid
[WARNING PSM-0016] Voltage pad location (VSRC) file not specified, defaulting pad location to checkerboard pattern on core area.
[WARNING PSM-0017] X direction bump pitch is not specified, defaulting to 140um.
[WARNING PSM-0018] Y direction bump pitch is not specified, defaulting to 140um.
[WARNING PSM-0019] Voltage on net VPWR is not explicitly set.
[WARNING PSM-0022] Using voltage 1.800V for VDD network.
[WARNING PSM-0065] VSRC location not specified, using default checkerboard pattern with one VDD every size bumps in x-direction and one in two bumps in the y-direction
[INFO PSM-0076] Setting metal node density to be standard cell height times 5.
[WARNING PSM-0030] VSRC location at (107.560um, 112.240um) and size 10.000um, is not located on an existing power stripe node. Moving to closest node at (175.440um, 180.710um).
[INFO PSM-0031] Number of PDN nodes on net VPWR = 3180.
[INFO PSM-0064] Number of voltage sources = 1.
[INFO PSM-0040] All PDN stripes on net VPWR are connected.
[WARNING PSM-0016] Voltage pad location (VSRC) file not specified, defaulting pad location to checkerboard pattern on core area.
[WARNING PSM-0017] X direction bump pitch is not specified, defaulting to 140um.
[WARNING PSM-0018] Y direction bump pitch is not specified, defaulting to 140um.
[WARNING PSM-0019] Voltage on net VGND is not explicitly set.
[WARNING PSM-0021] Using voltage 0.000V for ground network.
[WARNING PSM-0065] VSRC location not specified, using default checkerboard pattern with one VDD every size bumps in x-direction and one in two bumps in the y-direction
[INFO PSM-0076] Setting metal node density to be standard cell height times 5.
[WARNING PSM-0030] VSRC location at (107.560um, 112.240um) and size 10.000um, is not located on an existing power stripe node. Moving to closest node at (178.740um, 184.010um).
[INFO PSM-0031] Number of PDN nodes on net VGND = 3230.
[INFO PSM-0064] Number of voltage sources = 1.
[INFO PSM-0040] All PDN stripes on net VGND are connected.
Setting global connections for newly added cells…
Writing OpenROAD database to '/openlane/designs/core_regfile/runs/RUN_2023.05.05_23.56.43/results/floorplan/reg_file.odb'…
Writing layout to '/openlane/designs/core_regfile/runs/RUN_2023.05.05_23.56.43/results/floorplan/reg_file.def'…
