Fri May 05 23:56:45 UTC 2023 - Executing "openroad -exit -no_init -python /openlane/scripts/odbpy/lefutil.py get_metal_layers -o /openlane/designs/core_regfile/runs/RUN_2023.05.05_23.56.43/tmp/layers.list /Users/timothylee/.volare/sky130A/libs.ref/sky130_fd_sc_hd/techlef/sky130_fd_sc_hd__nom.tlef"

Fri May 05 23:56:46 UTC 2023 - Executing "/openlane/scripts/mergeLef.py -o /openlane/designs/core_regfile/runs/RUN_2023.05.05_23.56.43/tmp/merged.nom.lef -i /Users/timothylee/.volare/sky130A/libs.ref/sky130_fd_sc_hd/techlef/sky130_fd_sc_hd__nom.tlef {/Users/timothylee/.volare/sky130A/libs.ref/sky130_fd_sc_hd/lef/sky130_ef_sc_hd.lef /Users/timothylee/.volare/sky130A/libs.ref/sky130_fd_sc_hd/lef/sky130_fd_sc_hd.lef} |& tee /dev/null"

Fri May 05 23:56:46 UTC 2023 - Executing "/openlane/scripts/mergeLef.py -o /openlane/designs/core_regfile/runs/RUN_2023.05.05_23.56.43/tmp/merged.min.lef -i /Users/timothylee/.volare/sky130A/libs.ref/sky130_fd_sc_hd/techlef/sky130_fd_sc_hd__min.tlef {/Users/timothylee/.volare/sky130A/libs.ref/sky130_fd_sc_hd/lef/sky130_ef_sc_hd.lef /Users/timothylee/.volare/sky130A/libs.ref/sky130_fd_sc_hd/lef/sky130_fd_sc_hd.lef} |& tee /dev/null"

Fri May 05 23:56:46 UTC 2023 - Executing "/openlane/scripts/mergeLef.py -o /openlane/designs/core_regfile/runs/RUN_2023.05.05_23.56.43/tmp/merged.max.lef -i /Users/timothylee/.volare/sky130A/libs.ref/sky130_fd_sc_hd/techlef/sky130_fd_sc_hd__max.tlef {/Users/timothylee/.volare/sky130A/libs.ref/sky130_fd_sc_hd/lef/sky130_ef_sc_hd.lef /Users/timothylee/.volare/sky130A/libs.ref/sky130_fd_sc_hd/lef/sky130_fd_sc_hd.lef} |& tee /dev/null"

Fri May 05 23:56:47 UTC 2023 - Executing "python3 /openlane/scripts/mergeLib.py --output /openlane/designs/core_regfile/runs/RUN_2023.05.05_23.56.43/tmp/synthesis/merged.lib --name sky130A_merged /Users/timothylee/.volare/sky130A/libs.ref/sky130_fd_sc_hd/lib/sky130_fd_sc_hd__tt_025C_1v80.lib"

Fri May 05 23:56:47 UTC 2023 - Executing "python3 /openlane/scripts/libtrim.py --cell-file /openlane/designs/core_regfile/runs/RUN_2023.05.05_23.56.43/tmp/synthesis/trimmed.lib.exclude.list --output /openlane/designs/core_regfile/runs/RUN_2023.05.05_23.56.43/tmp/synthesis/trimmed.lib /openlane/designs/core_regfile/runs/RUN_2023.05.05_23.56.43/tmp/synthesis/merged.lib"

Fri May 05 23:56:52 UTC 2023 - Executing "python3 /openlane/scripts/libtrim.py --cell-file /openlane/designs/core_regfile/runs/RUN_2023.05.05_23.56.43/tmp/cts/cts.lib.exclude.list --output /openlane/designs/core_regfile/runs/RUN_2023.05.05_23.56.43/tmp/cts/cts.lib /Users/timothylee/.volare/sky130A/libs.ref/sky130_fd_sc_hd/lib/sky130_fd_sc_hd__tt_025C_1v80.lib"

Fri May 05 23:56:55 UTC 2023 - Executing "python3 /openlane/scripts/new_tracks.py -i /Users/timothylee/.volare/sky130A/libs.tech/openlane/sky130_fd_sc_hd/tracks.info -o /openlane/designs/core_regfile/runs/RUN_2023.05.05_23.56.43/tmp/routing/config.tracks"

Fri May 05 23:56:55 UTC 2023 - Executing "echo {OpenLane 0ba45946293bd017b2fd6fb1a26687261d18014e} > /openlane/designs/core_regfile/runs/RUN_2023.05.05_23.56.43/OPENLANE_VERSION"

Fri May 05 23:56:55 UTC 2023 - Executing "bash -c {verilator  --lint-only  -Wall  --Wno-DECLFILENAME  --top-module reg_file  -I /Users/timothylee/.volare/sky130A/libs.ref/sky130_fd_sc_hd/verilog/primitives.v -I /Users/timothylee/.volare/sky130A/libs.ref/sky130_fd_sc_hd/verilog/sky130_fd_sc_hd.v /openlane/designs/core_regfile/src/reg_file.sv -Wno-fatal --relative-includes |& tee /openlane/designs/core_regfile/runs/RUN_2023.05.05_23.56.43/logs/synthesis/verilator.log /dev/null}"

Fri May 05 23:56:57 UTC 2023 - Executing "sed -E {s/^([[:space:]]+)pg_pin(.*)/\1pin\2\n\1    direction : "inout";/g} /Users/timothylee/.volare/sky130A/libs.ref/sky130_fd_sc_hd/lib/sky130_fd_sc_hd__tt_025C_1v80.lib > /openlane/designs/core_regfile/runs/RUN_2023.05.05_23.56.43/tmp/synthesis/1-sky130_fd_sc_hd__tt_025C_1v80.no_pg.lib"

Fri May 05 23:57:01 UTC 2023 - Executing "sed -E {s/^([[:space:]]+)pg_pin(.*)/\1pin\2\n\1    direction : "inout";/g} /openlane/designs/core_regfile/runs/RUN_2023.05.05_23.56.43/tmp/synthesis/trimmed.lib > /openlane/designs/core_regfile/runs/RUN_2023.05.05_23.56.43/tmp/synthesis/1-trimmed.no_pg.lib"

Fri May 05 23:57:02 UTC 2023 - Executing "yosys -c /openlane/scripts/yosys/synth.tcl |& tee /dev/null /openlane/designs/core_regfile/runs/RUN_2023.05.05_23.56.43/logs/synthesis/1-synthesis.log"

Fri May 05 23:57:10 UTC 2023 - Executing "sed -i.bak -e {s/\(set ::env(CURRENT_NETLIST)\).*/\1 \/openlane\/designs\/core_regfile\/runs\/RUN_2023.05.05_23.56.43\/results\/synthesis\/reg_file.v/} /openlane/designs/core_regfile/runs/RUN_2023.05.05_23.56.43/config.tcl"

Fri May 05 23:57:10 UTC 2023 - Executing "sed -i.bak /defparam/d /openlane/designs/core_regfile/runs/RUN_2023.05.05_23.56.43/results/synthesis/reg_file.v"

Fri May 05 23:57:38 UTC 2023 - Executing "sta -exit -no_init /openlane/scripts/openroad/sta/multi_corner.tcl |& tee /dev/null /openlane/designs/core_regfile/runs/RUN_2023.05.05_23.56.43/logs/synthesis/2-sta.log"

Fri May 05 23:57:42 UTC 2023 - Executing "openroad -exit /openlane/scripts/openroad/floorplan.tcl |& tee /dev/null /openlane/designs/core_regfile/runs/RUN_2023.05.05_23.56.43/logs/floorplan/3-initial_fp.log"

Fri May 05 23:57:46 UTC 2023 - Executing "openroad -exit -no_init -python /openlane/scripts/odbpy/defutil.py extract_core_dims --output-data /openlane/designs/core_regfile/runs/RUN_2023.05.05_23.56.43/tmp/dimensions.txt --input-lef /openlane/designs/core_regfile/runs/RUN_2023.05.05_23.56.43/tmp/merged.nom.lef /openlane/designs/core_regfile/runs/RUN_2023.05.05_23.56.43/tmp/floorplan/3-initial_fp.def"

Fri May 05 23:57:48 UTC 2023 - Executing "openroad -exit -no_init -python /openlane/scripts/odbpy/io_place.py --config /openlane/designs/core_regfile/pin_order.cfg --hor-layer met3 --ver-layer met2 --ver-width-mult 2 --hor-width-mult 2 --hor-extension 0 --ver-extension 0 --length 4 --unmatched-error --input-lef /openlane/designs/core_regfile/runs/RUN_2023.05.05_23.56.43/tmp/merged.nom.lef --output-def /openlane/designs/core_regfile/runs/RUN_2023.05.05_23.56.43/tmp/floorplan/4-io.def --output /openlane/designs/core_regfile/runs/RUN_2023.05.05_23.56.43/tmp/floorplan/4-io.odb /openlane/designs/core_regfile/runs/RUN_2023.05.05_23.56.43/tmp/floorplan/3-initial_fp.odb |& tee /dev/null /openlane/designs/core_regfile/runs/RUN_2023.05.05_23.56.43/logs/floorplan/4-place_io.log"

Fri May 05 23:57:52 UTC 2023 - Executing "openroad -exit /openlane/scripts/openroad/tapcell.tcl |& tee /dev/null /openlane/designs/core_regfile/runs/RUN_2023.05.05_23.56.43/logs/floorplan/5-tap.log"

Fri May 05 23:57:56 UTC 2023 - Executing "openroad -exit /openlane/scripts/openroad/pdn.tcl |& tee /dev/null /openlane/designs/core_regfile/runs/RUN_2023.05.05_23.56.43/logs/floorplan/6-pdn.log"

Fri May 05 23:58:02 UTC 2023 - Executing "openroad -exit /openlane/scripts/openroad/gpl.tcl |& tee /dev/null /openlane/designs/core_regfile/runs/RUN_2023.05.05_23.56.43/logs/placement/7-global.log"

Fri May 05 23:58:12 UTC 2023 - Executing "sed -i.bak -e {s/\(set ::env(CURRENT_NETLIST)\).*/\1 \/openlane\/designs\/core_regfile\/runs\/RUN_2023.05.05_23.56.43\/tmp\/placement\/7-global.nl.v/} /openlane/designs/core_regfile/runs/RUN_2023.05.05_23.56.43/config.tcl"

Fri May 05 23:58:13 UTC 2023 - Executing "sta -exit -no_init /openlane/scripts/openroad/sta/multi_corner.tcl |& tee /dev/null /openlane/designs/core_regfile/runs/RUN_2023.05.05_23.56.43/logs/placement/8-gpl_sta.log"

Fri May 05 23:58:18 UTC 2023 - Executing "openroad -exit /openlane/scripts/openroad/resizer.tcl |& tee /dev/null /openlane/designs/core_regfile/runs/RUN_2023.05.05_23.56.43/logs/placement/9-resizer.log"

Fri May 05 23:58:23 UTC 2023 - Executing "sed -i.bak -e {s/\(set ::env(CURRENT_NETLIST)\).*/\1 \/openlane\/designs\/core_regfile\/runs\/RUN_2023.05.05_23.56.43\/tmp\/placement\/9-resizer.nl.v/} /openlane/designs/core_regfile/runs/RUN_2023.05.05_23.56.43/config.tcl"

Fri May 05 23:58:24 UTC 2023 - Executing "openroad -exit /openlane/scripts/openroad/dpl.tcl |& tee /dev/null /openlane/designs/core_regfile/runs/RUN_2023.05.05_23.56.43/logs/placement/10-detailed.log"

Fri May 05 23:58:28 UTC 2023 - Executing "sed -i.bak -e {s/\(set ::env(CURRENT_NETLIST)\).*/\1 \/openlane\/designs\/core_regfile\/runs\/RUN_2023.05.05_23.56.43\/results\/placement\/reg_file.nl.v/} /openlane/designs/core_regfile/runs/RUN_2023.05.05_23.56.43/config.tcl"

Fri May 05 23:58:29 UTC 2023 - Executing "sta -exit -no_init /openlane/scripts/openroad/sta/multi_corner.tcl |& tee /dev/null /openlane/designs/core_regfile/runs/RUN_2023.05.05_23.56.43/logs/placement/11-dpl_sta.log"

Fri May 05 23:58:32 UTC 2023 - Executing "openroad -exit /openlane/scripts/openroad/cts.tcl |& tee /dev/null /openlane/designs/core_regfile/runs/RUN_2023.05.05_23.56.43/logs/cts/12-cts.log"

Fri May 05 23:58:59 UTC 2023 - Executing "sta -exit -no_init /openlane/scripts/openroad/sta/multi_corner.tcl |& tee /dev/null /openlane/designs/core_regfile/runs/RUN_2023.05.05_23.56.43/logs/cts/13-cts_sta.log"

Fri May 05 23:59:04 UTC 2023 - Executing "openroad -exit /openlane/scripts/openroad/resizer_timing.tcl |& tee /dev/null /openlane/designs/core_regfile/runs/RUN_2023.05.05_23.56.43/logs/cts/14-resizer.log"

Fri May 05 23:59:09 UTC 2023 - Executing "sed -i.bak -e {s/\(set ::env(CURRENT_NETLIST)\).*/\1 \/openlane\/designs\/core_regfile\/runs\/RUN_2023.05.05_23.56.43\/tmp\/cts\/14-reg_file.resized.nl.v/} /openlane/designs/core_regfile/runs/RUN_2023.05.05_23.56.43/config.tcl"

Fri May 05 23:59:12 UTC 2023 - Executing "openroad -exit /openlane/scripts/openroad/resizer_routing_design.tcl |& tee /dev/null /openlane/designs/core_regfile/runs/RUN_2023.05.05_23.56.43/logs/routing/15-resizer_design.log"

Fri May 05 23:59:42 UTC 2023 - Executing "sed -i.bak -e {s/\(set ::env(CURRENT_NETLIST)\).*/\1 \/openlane\/designs\/core_regfile\/runs\/RUN_2023.05.05_23.56.43\/tmp\/15-reg_file.nl.v/} /openlane/designs/core_regfile/runs/RUN_2023.05.05_23.56.43/config.tcl"

Fri May 05 23:59:43 UTC 2023 - Executing "sta -exit -no_init /openlane/scripts/openroad/sta/multi_corner.tcl |& tee /dev/null /openlane/designs/core_regfile/runs/RUN_2023.05.05_23.56.43/logs/routing/16-rsz_design_sta.log"

Fri May 05 23:59:49 UTC 2023 - Executing "openroad -exit /openlane/scripts/openroad/resizer_routing_timing.tcl |& tee /dev/null /openlane/designs/core_regfile/runs/RUN_2023.05.05_23.56.43/logs/routing/17-resizer_timing.log"

Fri May 05 23:59:59 UTC 2023 - Executing "sed -i.bak -e {s/\(set ::env(CURRENT_NETLIST)\).*/\1 \/openlane\/designs\/core_regfile\/runs\/RUN_2023.05.05_23.56.43\/tmp\/17-reg_file.nl.v/} /openlane/designs/core_regfile/runs/RUN_2023.05.05_23.56.43/config.tcl"

Sat May 06 00:00:00 UTC 2023 - Executing "sta -exit -no_init /openlane/scripts/openroad/sta/multi_corner.tcl |& tee /dev/null /openlane/designs/core_regfile/runs/RUN_2023.05.05_23.56.43/logs/routing/18-rsz_timing_sta.log"

Sat May 06 00:00:05 UTC 2023 - Executing "openroad -exit /openlane/scripts/openroad/groute.tcl |& tee /dev/null /openlane/designs/core_regfile/runs/RUN_2023.05.05_23.56.43/logs/routing/19-global.log"

Sat May 06 00:00:11 UTC 2023 - Executing "openroad -exit /openlane/scripts/openroad/write_views.tcl |& tee /dev/null /openlane/designs/core_regfile/runs/RUN_2023.05.05_23.56.43/logs/routing/19-global_write_netlist.log"

Sat May 06 00:00:13 UTC 2023 - Executing "sed -i.bak -e {s/\(set ::env(CURRENT_NETLIST)\).*/\1 \/openlane\/designs\/core_regfile\/runs\/RUN_2023.05.05_23.56.43\/tmp\/routing\/global.nl.v/} /openlane/designs/core_regfile/runs/RUN_2023.05.05_23.56.43/config.tcl"

Sat May 06 00:00:14 UTC 2023 - Executing "sta -exit -no_init /openlane/scripts/openroad/sta/multi_corner.tcl |& tee /dev/null /openlane/designs/core_regfile/runs/RUN_2023.05.05_23.56.43/logs/routing/21-grt_sta.log"

Sat May 06 00:00:20 UTC 2023 - Executing "openroad -exit /openlane/scripts/openroad/fill.tcl |& tee /dev/null /openlane/designs/core_regfile/runs/RUN_2023.05.05_23.56.43/logs/routing/22-fill.log"

Sat May 06 00:00:24 UTC 2023 - Executing "sed -i.bak -e {s/\(set ::env(CURRENT_NETLIST)\).*/\1 \/openlane\/designs\/core_regfile\/runs\/RUN_2023.05.05_23.56.43\/tmp\/routing\/22-fill.nl.v/} /openlane/designs/core_regfile/runs/RUN_2023.05.05_23.56.43/config.tcl"

Sat May 06 00:00:25 UTC 2023 - Executing "openroad -exit /openlane/scripts/openroad/droute.tcl |& tee /dev/null /openlane/designs/core_regfile/runs/RUN_2023.05.05_23.56.43/logs/routing/23-detailed.log"

Sat May 06 00:07:43 UTC 2023 - Executing "sed -i.bak -e {s/\(set ::env(CURRENT_NETLIST)\).*/\1 \/openlane\/designs\/core_regfile\/runs\/RUN_2023.05.05_23.56.43\/results\/routing\/reg_file.nl.v/} /openlane/designs/core_regfile/runs/RUN_2023.05.05_23.56.43/config.tcl"

Sat May 06 00:07:43 UTC 2023 - Executing "python3 /openlane/scripts/drc_rosetta.py tr to_klayout -o /openlane/designs/core_regfile/runs/RUN_2023.05.05_23.56.43/reports/routing/drt.klayout.xml --design-name reg_file /openlane/designs/core_regfile/runs/RUN_2023.05.05_23.56.43/reports/routing/drt.drc"

Sat May 06 00:07:44 UTC 2023 - Executing "openroad -exit -no_init -python /openlane/scripts/odbpy/wire_lengths.py --report-out /openlane/designs/core_regfile/runs/RUN_2023.05.05_23.56.43/reports/routing/24-wire_lengths.csv --input-lef /openlane/designs/core_regfile/runs/RUN_2023.05.05_23.56.43/tmp/merged.nom.lef --output-def /dev/null --output /openlane/designs/core_regfile/runs/RUN_2023.05.05_23.56.43/results/routing/reg_file.odb /openlane/designs/core_regfile/runs/RUN_2023.05.05_23.56.43/results/routing/reg_file.odb |& tee /dev/null /openlane/designs/core_regfile/runs/RUN_2023.05.05_23.56.43/logs/routing/24-wire_lengths.log"

Sat May 06 00:07:48 UTC 2023 - Executing "openroad -exit /openlane/scripts/openroad/rcx.tcl |& tee /dev/null /openlane/designs/core_regfile/runs/RUN_2023.05.05_23.56.43/logs/signoff/25-parasitics_extraction.min.log"

Sat May 06 00:07:54 UTC 2023 - Executing "sta -exit -no_init /openlane/scripts/openroad/sta/multi_corner.tcl |& tee /dev/null /openlane/designs/core_regfile/runs/RUN_2023.05.05_23.56.43/logs/signoff/26-rcx_mcsta.min.log"

Sat May 06 00:08:22 UTC 2023 - Executing "openroad -exit /openlane/scripts/openroad/rcx.tcl |& tee /dev/null /openlane/designs/core_regfile/runs/RUN_2023.05.05_23.56.43/logs/signoff/27-parasitics_extraction.max.log"

Sat May 06 00:08:27 UTC 2023 - Executing "sta -exit -no_init /openlane/scripts/openroad/sta/multi_corner.tcl |& tee /dev/null /openlane/designs/core_regfile/runs/RUN_2023.05.05_23.56.43/logs/signoff/28-rcx_mcsta.max.log"

Sat May 06 00:08:55 UTC 2023 - Executing "openroad -exit /openlane/scripts/openroad/rcx.tcl |& tee /dev/null /openlane/designs/core_regfile/runs/RUN_2023.05.05_23.56.43/logs/signoff/29-parasitics_extraction.nom.log"

Sat May 06 00:08:59 UTC 2023 - Executing "sta -exit -no_init /openlane/scripts/openroad/sta/multi_corner.tcl |& tee /dev/null /openlane/designs/core_regfile/runs/RUN_2023.05.05_23.56.43/logs/signoff/30-rcx_mcsta.nom.log"

Sat May 06 00:09:22 UTC 2023 - Executing "sta -exit -no_init /openlane/scripts/openroad/sta/multi_corner.tcl |& tee /dev/null /openlane/designs/core_regfile/runs/RUN_2023.05.05_23.56.43/logs/signoff/31-rcx_sta.log"

Sat May 06 00:09:33 UTC 2023 - Executing "openroad -exit /openlane/scripts/openroad/irdrop.tcl |& tee /dev/null /openlane/designs/core_regfile/runs/RUN_2023.05.05_23.56.43/logs/signoff/32-irdrop.log"

Sat May 06 00:09:35 UTC 2023 - Executing "magic -noconsole -dnull -rcfile /Users/timothylee/.volare/sky130A/libs.tech/magic/sky130A.magicrc < /openlane/scripts/magic/wrapper.tcl |& tee /dev/null /openlane/designs/core_regfile/runs/RUN_2023.05.05_23.56.43/logs/signoff/33-gdsii.log"

Sat May 06 00:09:51 UTC 2023 - Executing "magic -noconsole -dnull -rcfile /Users/timothylee/.volare/sky130A/libs.tech/magic/sky130A.magicrc < /openlane/scripts/magic/wrapper.tcl |& tee /dev/null /openlane/designs/core_regfile/runs/RUN_2023.05.05_23.56.43/logs/signoff/33-gds_ptrs.log"

Sat May 06 00:09:56 UTC 2023 - Executing "sed -i.bak -n {/^<< properties >>/,/^<< end >>/p} /openlane/designs/core_regfile/runs/RUN_2023.05.05_23.56.43/tmp/signoff/gds_ptrs.mag"

Sat May 06 00:09:57 UTC 2023 - Executing "magic -noconsole -dnull -rcfile /Users/timothylee/.volare/sky130A/libs.tech/magic/sky130A.magicrc < /openlane/scripts/magic/wrapper.tcl |& tee /dev/null /openlane/designs/core_regfile/runs/RUN_2023.05.05_23.56.43/logs/signoff/33-lef.log"

Sat May 06 00:10:04 UTC 2023 - Executing "magic -noconsole -dnull -rcfile /Users/timothylee/.volare/sky130A/libs.tech/magic/sky130A.magicrc < /openlane/scripts/magic/wrapper.tcl |& tee /dev/null /openlane/designs/core_regfile/runs/RUN_2023.05.05_23.56.43/logs/signoff/33-maglef.log"

Sat May 06 00:10:05 UTC 2023 - Executing "python3 /openlane/scripts/klayout/stream_out.py --output /openlane/designs/core_regfile/runs/RUN_2023.05.05_23.56.43/results/signoff/reg_file.klayout.gds --lyt /Users/timothylee/.volare/sky130A/libs.tech/klayout/tech/sky130A.lyt --lym /Users/timothylee/.volare/sky130A/libs.tech/klayout/tech/sky130A.map --lyp /Users/timothylee/.volare/sky130A/libs.tech/klayout/tech/sky130A.lyp --top reg_file --with-gds-file /Users/timothylee/.volare/sky130A/libs.ref/sky130_fd_sc_hd/gds/sky130_fd_sc_hd.gds --input-lef /openlane/designs/core_regfile/runs/RUN_2023.05.05_23.56.43/tmp/merged.nom.lef /openlane/designs/core_regfile/runs/RUN_2023.05.05_23.56.43/results/routing/reg_file.def |& tee /dev/null /openlane/designs/core_regfile/runs/RUN_2023.05.05_23.56.43/logs/signoff/34-gdsii-klayout.log"

Sat May 06 00:10:08 UTC 2023 - Executing "klayout -b -r /openlane/scripts/klayout/xor.drc -rd a=/openlane/designs/core_regfile/runs/RUN_2023.05.05_23.56.43/results/signoff/reg_file.gds -rd b=/openlane/designs/core_regfile/runs/RUN_2023.05.05_23.56.43/results/signoff/reg_file.klayout.gds -rd jobs=1 -rd rdb_out=/openlane/designs/core_regfile/runs/RUN_2023.05.05_23.56.43/reports/signoff/35-xor.xml -rd ignore=81/14 -rd rpt_out=/openlane/designs/core_regfile/runs/RUN_2023.05.05_23.56.43/reports/signoff/35-xor.rpt |& tee /dev/null /openlane/designs/core_regfile/runs/RUN_2023.05.05_23.56.43/logs/signoff/35-xor.log"

Sat May 06 00:10:16 UTC 2023 - Executing "magic -noconsole -dnull -rcfile /Users/timothylee/.volare/sky130A/libs.tech/magic/sky130A.magicrc < /openlane/scripts/magic/wrapper.tcl |& tee /dev/null /openlane/designs/core_regfile/runs/RUN_2023.05.05_23.56.43/logs/signoff/36-spice.log"

Sat May 06 00:17:49 UTC 2023 - Executing "openroad -exit -no_init -python /openlane/scripts/odbpy/power_utils.py write_powered_def --output /openlane/designs/core_regfile/runs/RUN_2023.05.05_23.56.43/tmp/signoff/36-reg_file.p.def --input-lef /openlane/designs/core_regfile/runs/RUN_2023.05.05_23.56.43/tmp/merged.nom.lef --power-port VPWR --ground-port VGND --powered-netlist {} /openlane/designs/core_regfile/runs/RUN_2023.05.05_23.56.43/results/routing/reg_file.def |& tee /dev/null /openlane/designs/core_regfile/runs/RUN_2023.05.05_23.56.43/logs/signoff/37-write_powered_def.log"

Sat May 06 00:17:52 UTC 2023 - Executing "openroad -exit /openlane/scripts/openroad/write_views.tcl |& tee /dev/null /openlane/designs/core_regfile/runs/RUN_2023.05.05_23.56.43/logs/signoff/37-write_powered_verilog.log"

Sat May 06 00:17:54 UTC 2023 - Executing "sed -i.bak -e {s/\(set ::env(CURRENT_NETLIST)\).*/\1 \/openlane\/designs\/core_regfile\/runs\/RUN_2023.05.05_23.56.43\/tmp\/signoff\/36-reg_file.nl.v/} /openlane/designs/core_regfile/runs/RUN_2023.05.05_23.56.43/config.tcl"

Sat May 06 00:17:56 UTC 2023 - Executing "netgen -batch source /openlane/designs/core_regfile/runs/RUN_2023.05.05_23.56.43/tmp/signoff/39-setup_file.lef.lvs |& tee /dev/null /openlane/designs/core_regfile/runs/RUN_2023.05.05_23.56.43/logs/signoff/39-lvs.lef.log"

Sat May 06 00:17:58 UTC 2023 - Executing "magic -noconsole -dnull -rcfile /Users/timothylee/.volare/sky130A/libs.tech/magic/sky130A.magicrc < /openlane/scripts/magic/wrapper.tcl |& tee /dev/null /openlane/designs/core_regfile/runs/RUN_2023.05.05_23.56.43/logs/signoff/40-drc.log"

Sat May 06 00:18:46 UTC 2023 - Executing "python3 /openlane/scripts/drc_rosetta.py magic to_tcl -o /openlane/designs/core_regfile/runs/RUN_2023.05.05_23.56.43/reports/signoff/drc.tcl /openlane/designs/core_regfile/runs/RUN_2023.05.05_23.56.43/reports/signoff/drc.rpt"

Sat May 06 00:19:04 UTC 2023 - Executing "python3 /openlane/scripts/drc_rosetta.py magic to_tr -o /openlane/designs/core_regfile/runs/RUN_2023.05.05_23.56.43/reports/signoff/drc.tr /openlane/designs/core_regfile/runs/RUN_2023.05.05_23.56.43/reports/signoff/drc.rpt"

Sat May 06 00:19:09 UTC 2023 - Executing "python3 /openlane/scripts/drc_rosetta.py tr to_klayout -o /openlane/designs/core_regfile/runs/RUN_2023.05.05_23.56.43/reports/signoff/drc.klayout.xml --design-name reg_file /openlane/designs/core_regfile/runs/RUN_2023.05.05_23.56.43/reports/signoff/drc.tr"

Sat May 06 00:19:09 UTC 2023 - Executing "python3 /openlane/scripts/drc_rosetta.py magic to_rdb -o /openlane/designs/core_regfile/runs/RUN_2023.05.05_23.56.43/reports/signoff/drc.rdb /openlane/designs/core_regfile/runs/RUN_2023.05.05_23.56.43/reports/signoff/drc.rpt"

Sat May 06 00:19:19 UTC 2023 - Executing "openroad -exit /openlane/scripts/openroad/antenna_check.tcl |& tee /dev/null /openlane/designs/core_regfile/runs/RUN_2023.05.05_23.56.43/logs/signoff/41-antenna.log"

Sat May 06 00:19:21 UTC 2023 - Executing "python3 /openlane/scripts/extract_antenna_violators.py --output /openlane/designs/core_regfile/runs/RUN_2023.05.05_23.56.43/reports/signoff/41-antenna_violators.rpt /openlane/designs/core_regfile/runs/RUN_2023.05.05_23.56.43/logs/signoff/41-antenna.log"

Sat May 06 00:19:22 UTC 2023 - Executing "awk -v vdd=VPWR -v gnd=VGND -f /Users/timothylee/.volare/sky130A/libs.tech/openlane/cvc/power.awk /openlane/designs/core_regfile/runs/RUN_2023.05.05_23.56.43/tmp/signoff/36-reg_file.nl.v > /openlane/designs/core_regfile/runs/RUN_2023.05.05_23.56.43/tmp/signoff/reg_file.power"

Sat May 06 00:19:22 UTC 2023 - Executing "awk -f /Users/timothylee/.volare/sky130A/libs.tech/openlane/cvc/cdl.awk /Users/timothylee/.volare/sky130A/libs.ref/sky130_fd_sc_hd/cdl/sky130_fd_sc_hd.cdl /openlane/designs/core_regfile/runs/RUN_2023.05.05_23.56.43/results/signoff/reg_file.lef.spice > /openlane/designs/core_regfile/runs/RUN_2023.05.05_23.56.43/tmp/signoff/reg_file.cdl"

Sat May 06 00:19:22 UTC 2023 - Executing "cvc_rv /Users/timothylee/.volare/sky130A/libs.tech/openlane/cvc/cvcrc |& tee /dev/null /openlane/designs/core_regfile/runs/RUN_2023.05.05_23.56.43/logs/signoff/42-erc_screen.log"

