[INFO]: Run Directory: /openlane/designs/core_regfile/runs/RUN_2023.05.05_23.56.43
[INFO]: Preparing LEF files for the nom corner...
[INFO]: Preparing LEF files for the min corner...
[INFO]: Preparing LEF files for the max corner...
[INFO]: Running Verilator (log: designs/core_regfile/runs/RUN_2023.05.05_23.56.43/logs/synthesis/verilator.log)...
[INFO]: 0 errors found by Verilator
[INFO]: 0 warnings found by Verilator
[INFO]: Running Synthesis (log: designs/core_regfile/runs/RUN_2023.05.05_23.56.43/logs/synthesis/1-synthesis.log)...
[INFO]: Running Single-Corner Static Timing Analysis (log: designs/core_regfile/runs/RUN_2023.05.05_23.56.43/logs/synthesis/2-sta.log)...
[INFO]: Running Initial Floorplanning (log: designs/core_regfile/runs/RUN_2023.05.05_23.56.43/logs/floorplan/3-initial_fp.log)...
[INFO]: Floorplanned with width 344.08 and height 342.72.
[INFO]: Running IO Placement (log: designs/core_regfile/runs/RUN_2023.05.05_23.56.43/logs/floorplan/4-place_io.log)...
[INFO]: Running Tap/Decap Insertion (log: designs/core_regfile/runs/RUN_2023.05.05_23.56.43/logs/floorplan/5-tap.log)...
[INFO]: Power planning with power {VPWR} and ground {VGND}...
[INFO]: Generating PDN (log: designs/core_regfile/runs/RUN_2023.05.05_23.56.43/logs/floorplan/6-pdn.log)...
[INFO]: Running Global Placement (log: designs/core_regfile/runs/RUN_2023.05.05_23.56.43/logs/placement/7-global.log)...
[INFO]: Running Single-Corner Static Timing Analysis (log: designs/core_regfile/runs/RUN_2023.05.05_23.56.43/logs/placement/8-gpl_sta.log)...
[INFO]: Running Placement Resizer Design Optimizations (log: designs/core_regfile/runs/RUN_2023.05.05_23.56.43/logs/placement/9-resizer.log)...
[INFO]: Running Detailed Placement (log: designs/core_regfile/runs/RUN_2023.05.05_23.56.43/logs/placement/10-detailed.log)...
[INFO]: Running Single-Corner Static Timing Analysis (log: designs/core_regfile/runs/RUN_2023.05.05_23.56.43/logs/placement/11-dpl_sta.log)...
[INFO]: Running Clock Tree Synthesis (log: designs/core_regfile/runs/RUN_2023.05.05_23.56.43/logs/cts/12-cts.log)...
[INFO]: Running Single-Corner Static Timing Analysis (log: designs/core_regfile/runs/RUN_2023.05.05_23.56.43/logs/cts/13-cts_sta.log)...
[INFO]: Running Placement Resizer Timing Optimizations (log: designs/core_regfile/runs/RUN_2023.05.05_23.56.43/logs/cts/14-resizer.log)...
[INFO]: Running Global Routing Resizer Design Optimizations (log: designs/core_regfile/runs/RUN_2023.05.05_23.56.43/logs/routing/15-resizer_design.log)...
[INFO]: Running Single-Corner Static Timing Analysis (log: designs/core_regfile/runs/RUN_2023.05.05_23.56.43/logs/routing/16-rsz_design_sta.log)...
[INFO]: Running Global Routing Resizer Timing Optimizations (log: designs/core_regfile/runs/RUN_2023.05.05_23.56.43/logs/routing/17-resizer_timing.log)...
[INFO]: Running Single-Corner Static Timing Analysis (log: designs/core_regfile/runs/RUN_2023.05.05_23.56.43/logs/routing/18-rsz_timing_sta.log)...
[INFO]: Running Global Routing (log: designs/core_regfile/runs/RUN_2023.05.05_23.56.43/logs/routing/19-global.log)...
[INFO]: Starting OpenROAD Antenna Repair Iterations...
[INFO]: Writing Verilog (log: designs/core_regfile/runs/RUN_2023.05.05_23.56.43/logs/routing/19-global_write_netlist.log)...
[INFO]: Running Single-Corner Static Timing Analysis (log: designs/core_regfile/runs/RUN_2023.05.05_23.56.43/logs/routing/21-grt_sta.log)...
[INFO]: Running Fill Insertion (log: designs/core_regfile/runs/RUN_2023.05.05_23.56.43/logs/routing/22-fill.log)...
[INFO]: Running Detailed Routing (log: designs/core_regfile/runs/RUN_2023.05.05_23.56.43/logs/routing/23-detailed.log)...
[INFO]: No DRC violations after detailed routing.
[INFO]: Checking Wire Lengths (log: designs/core_regfile/runs/RUN_2023.05.05_23.56.43/logs/routing/24-wire_lengths.log)...
[INFO]: Running SPEF Extraction at the min process corner (log: designs/core_regfile/runs/RUN_2023.05.05_23.56.43/logs/signoff/25-parasitics_extraction.min.log)...
[INFO]: Running Multi-Corner Static Timing Analysis at the min process corner (log: designs/core_regfile/runs/RUN_2023.05.05_23.56.43/logs/signoff/26-rcx_mcsta.min.log)...
[INFO]: Running SPEF Extraction at the max process corner (log: designs/core_regfile/runs/RUN_2023.05.05_23.56.43/logs/signoff/27-parasitics_extraction.max.log)...
[INFO]: Running Multi-Corner Static Timing Analysis at the max process corner (log: designs/core_regfile/runs/RUN_2023.05.05_23.56.43/logs/signoff/28-rcx_mcsta.max.log)...
[INFO]: Running SPEF Extraction at the nom process corner (log: designs/core_regfile/runs/RUN_2023.05.05_23.56.43/logs/signoff/29-parasitics_extraction.nom.log)...
[INFO]: Running Multi-Corner Static Timing Analysis at the nom process corner (log: designs/core_regfile/runs/RUN_2023.05.05_23.56.43/logs/signoff/30-rcx_mcsta.nom.log)...
[INFO]: Running Single-Corner Static Timing Analysis at the nom process corner (log: designs/core_regfile/runs/RUN_2023.05.05_23.56.43/logs/signoff/31-rcx_sta.log)...
[WARNING]: Module sky130_fd_sc_hd__tapvpwrvgnd_1 blackboxed during sta
[WARNING]: Module sky130_fd_sc_hd__fill_1 blackboxed during sta
[WARNING]: Module sky130_ef_sc_hd__decap_12 blackboxed during sta
[WARNING]: Module sky130_fd_sc_hd__fill_2 blackboxed during sta
[INFO]: Creating IR Drop Report (log: designs/core_regfile/runs/RUN_2023.05.05_23.56.43/logs/signoff/32-irdrop.log)...
[INFO]: Running Magic to generate various views...
[INFO]: Streaming out GDSII with Magic (log: designs/core_regfile/runs/RUN_2023.05.05_23.56.43/logs/signoff/33-gdsii.log)...
[INFO]: Generating MAGLEF views...
[INFO]: Generating lef with Magic (/openlane/designs/core_regfile/runs/RUN_2023.05.05_23.56.43/logs/signoff/33-lef.log)...
[INFO]: Streaming out GDSII with KLayout (log: designs/core_regfile/runs/RUN_2023.05.05_23.56.43/logs/signoff/34-gdsii-klayout.log)...
[INFO]: Running XOR on the layouts using KLayout (log: designs/core_regfile/runs/RUN_2023.05.05_23.56.43/logs/signoff/35-xor.log)...
[INFO]: No XOR differences between KLayout and Magic gds.
[INFO]: Running Magic Spice Export from LEF (log: designs/core_regfile/runs/RUN_2023.05.05_23.56.43/logs/signoff/36-spice.log)...
[INFO]: Writing Powered Verilog (logs: designs/core_regfile/runs/RUN_2023.05.05_23.56.43/logs/signoff/37-write_powered_def.log, designs/core_regfile/runs/RUN_2023.05.05_23.56.43/logs/signoff/37-write_powered_verilog.log)...
[INFO]: Writing Verilog (log: designs/core_regfile/runs/RUN_2023.05.05_23.56.43/logs/signoff/37-write_powered_verilog.log)...
[INFO]: Running LVS (log: designs/core_regfile/runs/RUN_2023.05.05_23.56.43/logs/signoff/39-lvs.lef.log)...
[INFO]: Running Magic DRC (log: designs/core_regfile/runs/RUN_2023.05.05_23.56.43/logs/signoff/40-drc.log)...
[INFO]: Converting Magic DRC database to various tool-readable formats...
[INFO]: No DRC violations after GDS streaming out.
[INFO]: Running OpenROAD Antenna Rule Checker (log: designs/core_regfile/runs/RUN_2023.05.05_23.56.43/logs/signoff/41-antenna.log)...
[INFO]: Running Circuit Validity Checker ERC (log: designs/core_regfile/runs/RUN_2023.05.05_23.56.43/logs/signoff/42-erc_screen.log)...
[INFO]: Saving current set of views in 'designs/core_regfile/runs/RUN_2023.05.05_23.56.43/results/final'...
[INFO]: Saving runtime environment...
[INFO]: Generating final set of reports...
[INFO]: Created manufacturability report at 'designs/core_regfile/runs/RUN_2023.05.05_23.56.43/reports/manufacturability.rpt'.
[INFO]: Created metrics report at 'designs/core_regfile/runs/RUN_2023.05.05_23.56.43/reports/metrics.csv'.
[INFO]: There are no max slew, max fanout or max capacitance violations in the design at the typical corner.
[INFO]: There are no hold violations in the design at the typical corner.
[ERROR]: There are setup violations in the design at the typical corner. Please refer to 'designs/core_regfile/runs/RUN_2023.05.05_23.56.43/reports/signoff/31-rcx_sta.max.rpt'.
[INFO]: Saving current set of views in 'designs/core_regfile/runs/RUN_2023.05.05_23.56.43/results/final'...
[INFO]: Generating final set of reports...
[INFO]: Created manufacturability report at 'designs/core_regfile/runs/RUN_2023.05.05_23.56.43/reports/manufacturability.rpt'.
[INFO]: Created metrics report at 'designs/core_regfile/runs/RUN_2023.05.05_23.56.43/reports/metrics.csv'.
[INFO]: Saving runtime environment...
[ERROR]: Flow failed.
[INFO]: The failure may have been because of the following warnings:
