
76. Printing statistics.

=== core ===

   Number of wires:               2852
   Number of wire bits:           3149
   Number of public wires:         510
   Number of public wire bits:     807
   Number of memories:               0
   Number of memory bits:            0
   Number of processes:              0
   Number of cells:               3015
     sky130_fd_sc_hd__a211o_2       55
     sky130_fd_sc_hd__a211oi_2       4
     sky130_fd_sc_hd__a21bo_2       11
     sky130_fd_sc_hd__a21boi_2       1
     sky130_fd_sc_hd__a21o_2       134
     sky130_fd_sc_hd__a21oi_2      106
     sky130_fd_sc_hd__a221o_2       55
     sky130_fd_sc_hd__a221oi_2       1
     sky130_fd_sc_hd__a22o_2        83
     sky130_fd_sc_hd__a22oi_2        9
     sky130_fd_sc_hd__a2bb2o_2      30
     sky130_fd_sc_hd__a311o_2        5
     sky130_fd_sc_hd__a31o_2        43
     sky130_fd_sc_hd__a31oi_2        9
     sky130_fd_sc_hd__a32o_2         6
     sky130_fd_sc_hd__a32oi_2        1
     sky130_fd_sc_hd__a41o_2         3
     sky130_fd_sc_hd__and2_2        68
     sky130_fd_sc_hd__and2b_2       33
     sky130_fd_sc_hd__and3_2        54
     sky130_fd_sc_hd__and3b_2        9
     sky130_fd_sc_hd__and4_2        27
     sky130_fd_sc_hd__and4b_2        2
     sky130_fd_sc_hd__and4bb_2       2
     sky130_fd_sc_hd__buf_1        328
     sky130_fd_sc_hd__buf_2         11
     sky130_fd_sc_hd__conb_1        40
     sky130_fd_sc_hd__dfrtp_2      446
     sky130_fd_sc_hd__dfxtp_2       41
     sky130_fd_sc_hd__inv_2         75
     sky130_fd_sc_hd__mux2_2       444
     sky130_fd_sc_hd__mux4_2         1
     sky130_fd_sc_hd__nand2_2      119
     sky130_fd_sc_hd__nand2b_2       4
     sky130_fd_sc_hd__nand3_2        7
     sky130_fd_sc_hd__nand4_2        8
     sky130_fd_sc_hd__nand4b_2       1
     sky130_fd_sc_hd__nor2_2       157
     sky130_fd_sc_hd__nor2b_2        3
     sky130_fd_sc_hd__nor3_2         4
     sky130_fd_sc_hd__nor4_2         1
     sky130_fd_sc_hd__nor4b_2        1
     sky130_fd_sc_hd__o2111a_2       3
     sky130_fd_sc_hd__o2111ai_2      1
     sky130_fd_sc_hd__o211a_2       18
     sky130_fd_sc_hd__o211ai_2       5
     sky130_fd_sc_hd__o21a_2        58
     sky130_fd_sc_hd__o21ai_2       85
     sky130_fd_sc_hd__o21ba_2       11
     sky130_fd_sc_hd__o21bai_2       6
     sky130_fd_sc_hd__o221a_2       35
     sky130_fd_sc_hd__o221ai_2       6
     sky130_fd_sc_hd__o22a_2        20
     sky130_fd_sc_hd__o22ai_2        5
     sky130_fd_sc_hd__o2bb2a_2       9
     sky130_fd_sc_hd__o311a_2        5
     sky130_fd_sc_hd__o31a_2        38
     sky130_fd_sc_hd__o31ai_2       10
     sky130_fd_sc_hd__o32a_2         6
     sky130_fd_sc_hd__or2_2         84
     sky130_fd_sc_hd__or2b_2        35
     sky130_fd_sc_hd__or3_2         35
     sky130_fd_sc_hd__or3b_2        15
     sky130_fd_sc_hd__or4_2         33
     sky130_fd_sc_hd__or4b_2         4
     sky130_fd_sc_hd__or4bb_2        4
     sky130_fd_sc_hd__xnor2_2       25
     sky130_fd_sc_hd__xor2_2        17

   Chip area for module '\core': 33878.742400

