
===========================================================================
report_checks -unconstrained
===========================================================================
======================= Fastest Corner ===================================

Startpoint: rst_ni (input port clocked by clk_i)
Endpoint: _4926_ (recovery check against rising-edge clock clk_i)
Path Group: asynchronous
Path Type: max
Corner: Fastest

Fanout     Cap    Slew   Delay    Time   Description
-----------------------------------------------------------------------------
                          0.00    0.00   clock clk_i (rise edge)
                          0.00    0.00   clock network delay (propagated)
                          2.40    2.40 ^ input external delay
                  0.02    0.01    2.41 ^ rst_ni (in)
     1    0.00                           rst_ni (net)
                  0.02    0.00    2.41 ^ input131/A (sky130_fd_sc_hd__clkbuf_4)
                  0.15    0.17    2.58 ^ input131/X (sky130_fd_sc_hd__clkbuf_4)
     2    0.06                           net131 (net)
                  0.15    0.01    2.59 ^ fanout293/A (sky130_fd_sc_hd__buf_12)
                  0.17    0.18    2.77 ^ fanout293/X (sky130_fd_sc_hd__buf_12)
    17    0.19                           net293 (net)
                  0.17    0.01    2.78 ^ fanout288/A (sky130_fd_sc_hd__buf_6)
                  0.14    0.17    2.95 ^ fanout288/X (sky130_fd_sc_hd__buf_6)
    17    0.09                           net288 (net)
                  0.14    0.00    2.95 ^ fanout286/A (sky130_fd_sc_hd__buf_12)
                  0.14    0.16    3.11 ^ fanout286/X (sky130_fd_sc_hd__buf_12)
    30    0.15                           net286 (net)
                  0.14    0.01    3.12 ^ _4926_/RESET_B (sky130_fd_sc_hd__dfrtp_4)
                                  3.12   data arrival time

                         12.00   12.00   clock clk_i (rise edge)
                          0.00   12.00   clock source latency
                  0.20    0.13   12.13 ^ clk_i (in)
     1    0.06                           clk_i (net)
                  0.20    0.00   12.13 ^ clkbuf_0_clk_i/A (sky130_fd_sc_hd__clkbuf_16)
                  0.09    0.15   12.28 ^ clkbuf_0_clk_i/X (sky130_fd_sc_hd__clkbuf_16)
     4    0.09                           clknet_0_clk_i (net)
                  0.09    0.01   12.29 ^ clkbuf_2_1__f_clk_i/A (sky130_fd_sc_hd__clkbuf_16)
                  0.11    0.15   12.44 ^ clkbuf_2_1__f_clk_i/X (sky130_fd_sc_hd__clkbuf_16)
    10    0.14                           clknet_2_1__leaf_clk_i (net)
                  0.11    0.00   12.45 ^ clkbuf_leaf_22_clk_i/A (sky130_fd_sc_hd__clkbuf_16)
                  0.05    0.11   12.56 ^ clkbuf_leaf_22_clk_i/X (sky130_fd_sc_hd__clkbuf_16)
    13    0.04                           clknet_leaf_22_clk_i (net)
                  0.05    0.00   12.56 ^ _4926_/CLK (sky130_fd_sc_hd__dfrtp_4)
                         -0.25   12.31   clock uncertainty
                          0.00   12.31   clock reconvergence pessimism
                          0.10   12.41   library recovery time
                                 12.41   data required time
-----------------------------------------------------------------------------
                                 12.41   data required time
                                 -3.12   data arrival time
-----------------------------------------------------------------------------
                                  9.29   slack (MET)


Startpoint: _5200_ (rising edge-triggered flip-flop clocked by clk_i)
Endpoint: dmem_be_o[2] (output port clocked by clk_i)
Path Group: clk_i
Path Type: max
Corner: Fastest

Fanout     Cap    Slew   Delay    Time   Description
-----------------------------------------------------------------------------
                          0.00    0.00   clock clk_i (rise edge)
                          0.00    0.00   clock source latency
                  0.20    0.15    0.15 ^ clk_i (in)
     1    0.06                           clk_i (net)
                  0.20    0.00    0.15 ^ clkbuf_0_clk_i/A (sky130_fd_sc_hd__clkbuf_16)
                  0.09    0.17    0.31 ^ clkbuf_0_clk_i/X (sky130_fd_sc_hd__clkbuf_16)
     4    0.09                           clknet_0_clk_i (net)
                  0.09    0.01    0.32 ^ clkbuf_2_0__f_clk_i/A (sky130_fd_sc_hd__clkbuf_16)
                  0.12    0.17    0.49 ^ clkbuf_2_0__f_clk_i/X (sky130_fd_sc_hd__clkbuf_16)
    10    0.14                           clknet_2_0__leaf_clk_i (net)
                  0.12    0.00    0.50 ^ clkbuf_leaf_27_clk_i/A (sky130_fd_sc_hd__clkbuf_16)
                  0.07    0.14    0.64 ^ clkbuf_leaf_27_clk_i/X (sky130_fd_sc_hd__clkbuf_16)
    20    0.07                           clknet_leaf_27_clk_i (net)
                  0.07    0.00    0.64 ^ _5200_/CLK (sky130_fd_sc_hd__dfrtp_4)
                  0.08    0.37    1.01 v _5200_/Q (sky130_fd_sc_hd__dfrtp_4)
     4    0.04                           net279 (net)
                  0.08    0.00    1.01 v _2347_/B (sky130_fd_sc_hd__xor2_2)
                  0.06    0.13    1.13 v _2347_/X (sky130_fd_sc_hd__xor2_2)
     2    0.01                           _2337_ (net)
                  0.06    0.00    1.13 v _2371_/A (sky130_fd_sc_hd__or4b_1)
                  0.07    0.34    1.48 v _2371_/X (sky130_fd_sc_hd__or4b_1)
     1    0.01                           _0325_ (net)
                  0.07    0.00    1.48 v _2372_/A (sky130_fd_sc_hd__buf_4)
                  0.06    0.15    1.63 v _2372_/X (sky130_fd_sc_hd__buf_4)
    15    0.05                           _0326_ (net)
                  0.06    0.00    1.63 v _2438_/A2 (sky130_fd_sc_hd__o21a_1)
                  0.04    0.14    1.76 v _2438_/X (sky130_fd_sc_hd__o21a_1)
     1    0.01                           _0389_ (net)
                  0.04    0.00    1.77 v _2440_/A3 (sky130_fd_sc_hd__o31ai_4)
                  0.29    0.26    2.03 ^ _2440_/Y (sky130_fd_sc_hd__o31ai_4)
     4    0.03                           _0391_ (net)
                  0.29    0.00    2.03 ^ _2441_/A (sky130_fd_sc_hd__clkinv_2)
                  0.16    0.18    2.21 v _2441_/Y (sky130_fd_sc_hd__clkinv_2)
     4    0.04                           net178 (net)
                  0.16    0.00    2.21 v _2587_/A2 (sky130_fd_sc_hd__mux4_1)
                  0.11    0.39    2.60 v _2587_/X (sky130_fd_sc_hd__mux4_1)
     1    0.01                           _0526_ (net)
                  0.11    0.00    2.60 v _2588_/A (sky130_fd_sc_hd__buf_2)
                  0.08    0.17    2.77 v _2588_/X (sky130_fd_sc_hd__buf_2)
     6    0.05                           _0527_ (net)
                  0.08    0.00    2.77 v _2976_/A (sky130_fd_sc_hd__nor2_1)
                  0.09    0.10    2.88 ^ _2976_/Y (sky130_fd_sc_hd__nor2_1)
     1    0.00                           _0888_ (net)
                  0.09    0.00    2.88 ^ _2977_/B1 (sky130_fd_sc_hd__a21oi_2)
                  0.06    0.04    2.92 v _2977_/Y (sky130_fd_sc_hd__a21oi_2)
     5    0.01                           _0889_ (net)
                  0.06    0.00    2.92 v _2984_/A2 (sky130_fd_sc_hd__o311a_1)
                  0.06    0.24    3.16 v _2984_/X (sky130_fd_sc_hd__o311a_1)
     3    0.01                           _0896_ (net)
                  0.06    0.00    3.16 v _2985_/D (sky130_fd_sc_hd__or4_2)
                  0.10    0.36    3.53 v _2985_/X (sky130_fd_sc_hd__or4_2)
     3    0.02                           _0897_ (net)
                  0.10    0.00    3.53 v _3026_/A1 (sky130_fd_sc_hd__a21oi_2)
                  0.19    0.21    3.74 ^ _3026_/Y (sky130_fd_sc_hd__a21oi_2)
     2    0.02                           _0938_ (net)
                  0.19    0.00    3.74 ^ _3046_/A2 (sky130_fd_sc_hd__a21oi_4)
                  0.07    0.07    3.81 v _3046_/Y (sky130_fd_sc_hd__a21oi_4)
     5    0.03                           _0958_ (net)
                  0.07    0.00    3.82 v _3091_/A1 (sky130_fd_sc_hd__o21ai_2)
                  0.14    0.16    3.98 ^ _3091_/Y (sky130_fd_sc_hd__o21ai_2)
     4    0.01                           _1003_ (net)
                  0.14    0.00    3.98 ^ _3092_/D_N (sky130_fd_sc_hd__or4bb_2)
                  0.10    0.36    4.34 v _3092_/X (sky130_fd_sc_hd__or4bb_2)
     3    0.02                           _1004_ (net)
                  0.10    0.00    4.34 v _3105_/A1 (sky130_fd_sc_hd__a211o_1)
                  0.06    0.22    4.55 v _3105_/X (sky130_fd_sc_hd__a211o_1)
     3    0.01                           _1017_ (net)
                  0.06    0.00    4.55 v _3114_/A2 (sky130_fd_sc_hd__a21o_1)
                  0.04    0.15    4.70 v _3114_/X (sky130_fd_sc_hd__a21o_1)
     3    0.01                           _1026_ (net)
                  0.04    0.00    4.70 v _3124_/A1 (sky130_fd_sc_hd__a21o_1)
                  0.04    0.12    4.82 v _3124_/X (sky130_fd_sc_hd__a21o_1)
     2    0.01                           _1036_ (net)
                  0.04    0.00    4.82 v _3192_/A2 (sky130_fd_sc_hd__a31o_1)
                  0.03    0.14    4.96 v _3192_/X (sky130_fd_sc_hd__a31o_1)
     1    0.00                           _1104_ (net)
                  0.03    0.00    4.96 v _3193_/A (sky130_fd_sc_hd__buf_4)
                  0.08    0.15    5.12 v _3193_/X (sky130_fd_sc_hd__buf_4)
    10    0.09                           i_exec_stage.alu_out[0] (net)
                  0.08    0.00    5.12 v _3202_/D (sky130_fd_sc_hd__or4_1)
                  0.08    0.27    5.39 v _3202_/X (sky130_fd_sc_hd__or4_1)
     2    0.01                           _1111_ (net)
                  0.08    0.00    5.39 v _3203_/A2 (sky130_fd_sc_hd__a21oi_1)
                  0.09    0.12    5.52 ^ _3203_/Y (sky130_fd_sc_hd__a21oi_1)
     1    0.00                           net164 (net)
                  0.09    0.00    5.52 ^ output164/A (sky130_fd_sc_hd__clkbuf_4)
                  0.09    0.15    5.67 ^ output164/X (sky130_fd_sc_hd__clkbuf_4)
     1    0.04                           dmem_be_o[2] (net)
                  0.09    0.00    5.67 ^ dmem_be_o[2] (out)
                                  5.67   data arrival time

                         12.00   12.00   clock clk_i (rise edge)
                          0.00   12.00   clock network delay (propagated)
                         -0.25   11.75   clock uncertainty
                          0.00   11.75   clock reconvergence pessimism
                         -2.40    9.35   output external delay
                                  9.35   data required time
-----------------------------------------------------------------------------
                                  9.35   data required time
                                 -5.67   data arrival time
-----------------------------------------------------------------------------
                                  3.68   slack (MET)



======================= Slowest Corner ===================================

Startpoint: rst_ni (input port clocked by clk_i)
Endpoint: _4926_ (recovery check against rising-edge clock clk_i)
Path Group: asynchronous
Path Type: max
Corner: Slowest

Fanout     Cap    Slew   Delay    Time   Description
-----------------------------------------------------------------------------
                          0.00    0.00   clock clk_i (rise edge)
                          0.00    0.00   clock network delay (propagated)
                          2.40    2.40 ^ input external delay
                  0.04    0.02    2.42 ^ rst_ni (in)
     1    0.00                           rst_ni (net)
                  0.04    0.00    2.42 ^ input131/A (sky130_fd_sc_hd__clkbuf_4)
                  0.30    0.42    2.84 ^ input131/X (sky130_fd_sc_hd__clkbuf_4)
     2    0.06                           net131 (net)
                  0.30    0.01    2.85 ^ fanout293/A (sky130_fd_sc_hd__buf_12)
                  0.33    0.49    3.34 ^ fanout293/X (sky130_fd_sc_hd__buf_12)
    17    0.18                           net293 (net)
                  0.33    0.01    3.35 ^ fanout288/A (sky130_fd_sc_hd__buf_6)
                  0.28    0.47    3.82 ^ fanout288/X (sky130_fd_sc_hd__buf_6)
    17    0.09                           net288 (net)
                  0.28    0.00    3.82 ^ fanout286/A (sky130_fd_sc_hd__buf_12)
                  0.26    0.43    4.25 ^ fanout286/X (sky130_fd_sc_hd__buf_12)
    30    0.14                           net286 (net)
                  0.26    0.01    4.26 ^ _4926_/RESET_B (sky130_fd_sc_hd__dfrtp_4)
                                  4.26   data arrival time

                         12.00   12.00   clock clk_i (rise edge)
                          0.00   12.00   clock source latency
                  0.41    0.27   12.27 ^ clk_i (in)
     1    0.06                           clk_i (net)
                  0.41    0.00   12.27 ^ clkbuf_0_clk_i/A (sky130_fd_sc_hd__clkbuf_16)
                  0.17    0.43   12.71 ^ clkbuf_0_clk_i/X (sky130_fd_sc_hd__clkbuf_16)
     4    0.09                           clknet_0_clk_i (net)
                  0.17    0.01   12.71 ^ clkbuf_2_1__f_clk_i/A (sky130_fd_sc_hd__clkbuf_16)
                  0.23    0.38   13.09 ^ clkbuf_2_1__f_clk_i/X (sky130_fd_sc_hd__clkbuf_16)
    10    0.14                           clknet_2_1__leaf_clk_i (net)
                  0.23    0.00   13.09 ^ clkbuf_leaf_22_clk_i/A (sky130_fd_sc_hd__clkbuf_16)
                  0.09    0.30   13.39 ^ clkbuf_leaf_22_clk_i/X (sky130_fd_sc_hd__clkbuf_16)
    13    0.04                           clknet_leaf_22_clk_i (net)
                  0.09    0.00   13.39 ^ _4926_/CLK (sky130_fd_sc_hd__dfrtp_4)
                         -0.25   13.14   clock uncertainty
                          0.00   13.14   clock reconvergence pessimism
                          0.36   13.50   library recovery time
                                 13.50   data required time
-----------------------------------------------------------------------------
                                 13.50   data required time
                                 -4.26   data arrival time
-----------------------------------------------------------------------------
                                  9.24   slack (MET)


Startpoint: _5200_ (rising edge-triggered flip-flop clocked by clk_i)
Endpoint: dmem_be_o[2] (output port clocked by clk_i)
Path Group: clk_i
Path Type: max
Corner: Slowest

Fanout     Cap    Slew   Delay    Time   Description
-----------------------------------------------------------------------------
                          0.00    0.00   clock clk_i (rise edge)
                          0.00    0.00   clock source latency
                  0.41    0.30    0.30 ^ clk_i (in)
     1    0.06                           clk_i (net)
                  0.41    0.00    0.30 ^ clkbuf_0_clk_i/A (sky130_fd_sc_hd__clkbuf_16)
                  0.17    0.48    0.78 ^ clkbuf_0_clk_i/X (sky130_fd_sc_hd__clkbuf_16)
     4    0.09                           clknet_0_clk_i (net)
                  0.17    0.01    0.79 ^ clkbuf_2_0__f_clk_i/A (sky130_fd_sc_hd__clkbuf_16)
                  0.24    0.42    1.21 ^ clkbuf_2_0__f_clk_i/X (sky130_fd_sc_hd__clkbuf_16)
    10    0.14                           clknet_2_0__leaf_clk_i (net)
                  0.24    0.00    1.21 ^ clkbuf_leaf_27_clk_i/A (sky130_fd_sc_hd__clkbuf_16)
                  0.13    0.37    1.58 ^ clkbuf_leaf_27_clk_i/X (sky130_fd_sc_hd__clkbuf_16)
    20    0.06                           clknet_leaf_27_clk_i (net)
                  0.13    0.00    1.58 ^ _5200_/CLK (sky130_fd_sc_hd__dfrtp_4)
                  0.20    1.20    2.78 v _5200_/Q (sky130_fd_sc_hd__dfrtp_4)
     4    0.04                           net279 (net)
                  0.20    0.00    2.78 v _2347_/B (sky130_fd_sc_hd__xor2_2)
                  0.14    0.37    3.15 v _2347_/X (sky130_fd_sc_hd__xor2_2)
     2    0.01                           _2337_ (net)
                  0.14    0.00    3.15 v _2371_/A (sky130_fd_sc_hd__or4b_1)
                  0.24    1.39    4.54 v _2371_/X (sky130_fd_sc_hd__or4b_1)
     1    0.01                           _0325_ (net)
                  0.24    0.00    4.54 v _2372_/A (sky130_fd_sc_hd__buf_4)
                  0.14    0.43    4.97 v _2372_/X (sky130_fd_sc_hd__buf_4)
    15    0.05                           _0326_ (net)
                  0.14    0.00    4.97 v _2438_/A2 (sky130_fd_sc_hd__o21a_1)
                  0.12    0.41    5.38 v _2438_/X (sky130_fd_sc_hd__o21a_1)
     1    0.01                           _0389_ (net)
                  0.12    0.00    5.38 v _2440_/A3 (sky130_fd_sc_hd__o31ai_4)
                  0.62    0.61    5.99 ^ _2440_/Y (sky130_fd_sc_hd__o31ai_4)
     4    0.03                           _0391_ (net)
                  0.62    0.00    5.99 ^ _2441_/A (sky130_fd_sc_hd__clkinv_2)
                  0.36    0.56    6.56 v _2441_/Y (sky130_fd_sc_hd__clkinv_2)
     4    0.04                           net178 (net)
                  0.36    0.00    6.56 v _2587_/A2 (sky130_fd_sc_hd__mux4_1)
                  0.28    1.46    8.02 v _2587_/X (sky130_fd_sc_hd__mux4_1)
     1    0.01                           _0526_ (net)
                  0.28    0.00    8.02 v _2588_/A (sky130_fd_sc_hd__buf_2)
                  0.21    0.50    8.52 v _2588_/X (sky130_fd_sc_hd__buf_2)
     6    0.05                           _0527_ (net)
                  0.21    0.00    8.52 v _2976_/A (sky130_fd_sc_hd__nor2_1)
                  0.21    0.28    8.79 ^ _2976_/Y (sky130_fd_sc_hd__nor2_1)
     1    0.00                           _0888_ (net)
                  0.21    0.00    8.79 ^ _2977_/B1 (sky130_fd_sc_hd__a21oi_2)
                  0.15    0.16    8.95 v _2977_/Y (sky130_fd_sc_hd__a21oi_2)
     5    0.01                           _0889_ (net)
                  0.15    0.00    8.95 v _2984_/A2 (sky130_fd_sc_hd__o311a_1)
                  0.14    0.75    9.70 v _2984_/X (sky130_fd_sc_hd__o311a_1)
     3    0.01                           _0896_ (net)
                  0.14    0.00    9.70 v _2985_/D (sky130_fd_sc_hd__or4_2)
                  0.30    1.56   11.26 v _2985_/X (sky130_fd_sc_hd__or4_2)
     3    0.01                           _0897_ (net)
                  0.30    0.00   11.26 v _3026_/A1 (sky130_fd_sc_hd__a21oi_2)
                  0.43    0.54   11.80 ^ _3026_/Y (sky130_fd_sc_hd__a21oi_2)
     2    0.02                           _0938_ (net)
                  0.43    0.00   11.81 ^ _3046_/A2 (sky130_fd_sc_hd__a21oi_4)
                  0.17    0.31   12.12 v _3046_/Y (sky130_fd_sc_hd__a21oi_4)
     5    0.03                           _0958_ (net)
                  0.17    0.00   12.12 v _3091_/A1 (sky130_fd_sc_hd__o21ai_2)
                  0.31    0.40   12.52 ^ _3091_/Y (sky130_fd_sc_hd__o21ai_2)
     4    0.01                           _1003_ (net)
                  0.31    0.00   12.52 ^ _3092_/D_N (sky130_fd_sc_hd__or4bb_2)
                  0.31    1.57   14.10 v _3092_/X (sky130_fd_sc_hd__or4bb_2)
     3    0.02                           _1004_ (net)
                  0.31    0.00   14.10 v _3105_/A1 (sky130_fd_sc_hd__a211o_1)
                  0.15    0.69   14.79 v _3105_/X (sky130_fd_sc_hd__a211o_1)
     3    0.01                           _1017_ (net)
                  0.15    0.00   14.79 v _3114_/A2 (sky130_fd_sc_hd__a21o_1)
                  0.11    0.43   15.22 v _3114_/X (sky130_fd_sc_hd__a21o_1)
     3    0.01                           _1026_ (net)
                  0.11    0.00   15.22 v _3124_/A1 (sky130_fd_sc_hd__a21o_1)
                  0.09    0.35   15.57 v _3124_/X (sky130_fd_sc_hd__a21o_1)
     2    0.01                           _1036_ (net)
                  0.09    0.00   15.57 v _3192_/A2 (sky130_fd_sc_hd__a31o_1)
                  0.07    0.40   15.97 v _3192_/X (sky130_fd_sc_hd__a31o_1)
     1    0.00                           _1104_ (net)
                  0.07    0.00   15.97 v _3193_/A (sky130_fd_sc_hd__buf_4)
                  0.21    0.42   16.39 v _3193_/X (sky130_fd_sc_hd__buf_4)
    10    0.09                           i_exec_stage.alu_out[0] (net)
                  0.21    0.00   16.40 v _3202_/D (sky130_fd_sc_hd__or4_1)
                  0.24    1.15   17.55 v _3202_/X (sky130_fd_sc_hd__or4_1)
     2    0.01                           _1111_ (net)
                  0.24    0.00   17.55 v _3203_/A2 (sky130_fd_sc_hd__a21oi_1)
                  0.19    0.33   17.87 ^ _3203_/Y (sky130_fd_sc_hd__a21oi_1)
     1    0.00                           net164 (net)
                  0.19    0.00   17.87 ^ output164/A (sky130_fd_sc_hd__clkbuf_4)
                  0.19    0.41   18.28 ^ output164/X (sky130_fd_sc_hd__clkbuf_4)
     1    0.04                           dmem_be_o[2] (net)
                  0.19    0.00   18.28 ^ dmem_be_o[2] (out)
                                 18.28   data arrival time

                         12.00   12.00   clock clk_i (rise edge)
                          0.00   12.00   clock network delay (propagated)
                         -0.25   11.75   clock uncertainty
                          0.00   11.75   clock reconvergence pessimism
                         -2.40    9.35   output external delay
                                  9.35   data required time
-----------------------------------------------------------------------------
                                  9.35   data required time
                                -18.28   data arrival time
-----------------------------------------------------------------------------
                                 -8.93   slack (VIOLATED)



======================= Typical Corner ===================================

Startpoint: rst_ni (input port clocked by clk_i)
Endpoint: _4926_ (recovery check against rising-edge clock clk_i)
Path Group: asynchronous
Path Type: max
Corner: Typical

Fanout     Cap    Slew   Delay    Time   Description
-----------------------------------------------------------------------------
                          0.00    0.00   clock clk_i (rise edge)
                          0.00    0.00   clock network delay (propagated)
                          2.40    2.40 ^ input external delay
                  0.02    0.01    2.41 ^ rst_ni (in)
     1    0.00                           rst_ni (net)
                  0.02    0.00    2.41 ^ input131/A (sky130_fd_sc_hd__clkbuf_4)
                  0.19    0.24    2.66 ^ input131/X (sky130_fd_sc_hd__clkbuf_4)
     2    0.06                           net131 (net)
                  0.19    0.01    2.66 ^ fanout293/A (sky130_fd_sc_hd__buf_12)
                  0.22    0.28    2.94 ^ fanout293/X (sky130_fd_sc_hd__buf_12)
    17    0.19                           net293 (net)
                  0.22    0.01    2.95 ^ fanout288/A (sky130_fd_sc_hd__buf_6)
                  0.19    0.26    3.21 ^ fanout288/X (sky130_fd_sc_hd__buf_6)
    17    0.09                           net288 (net)
                  0.19    0.00    3.22 ^ fanout286/A (sky130_fd_sc_hd__buf_12)
                  0.18    0.25    3.47 ^ fanout286/X (sky130_fd_sc_hd__buf_12)
    30    0.15                           net286 (net)
                  0.18    0.01    3.48 ^ _4926_/RESET_B (sky130_fd_sc_hd__dfrtp_4)
                                  3.48   data arrival time

                         12.00   12.00   clock clk_i (rise edge)
                          0.00   12.00   clock source latency
                  0.26    0.18   12.18 ^ clk_i (in)
     1    0.06                           clk_i (net)
                  0.26    0.00   12.18 ^ clkbuf_0_clk_i/A (sky130_fd_sc_hd__clkbuf_16)
                  0.11    0.24   12.41 ^ clkbuf_0_clk_i/X (sky130_fd_sc_hd__clkbuf_16)
     4    0.09                           clknet_0_clk_i (net)
                  0.11    0.01   12.42 ^ clkbuf_2_1__f_clk_i/A (sky130_fd_sc_hd__clkbuf_16)
                  0.15    0.22   12.64 ^ clkbuf_2_1__f_clk_i/X (sky130_fd_sc_hd__clkbuf_16)
    10    0.14                           clknet_2_1__leaf_clk_i (net)
                  0.15    0.00   12.64 ^ clkbuf_leaf_22_clk_i/A (sky130_fd_sc_hd__clkbuf_16)
                  0.06    0.17   12.81 ^ clkbuf_leaf_22_clk_i/X (sky130_fd_sc_hd__clkbuf_16)
    13    0.04                           clknet_leaf_22_clk_i (net)
                  0.06    0.00   12.81 ^ _4926_/CLK (sky130_fd_sc_hd__dfrtp_4)
                         -0.25   12.56   clock uncertainty
                          0.00   12.56   clock reconvergence pessimism
                          0.18   12.74   library recovery time
                                 12.74   data required time
-----------------------------------------------------------------------------
                                 12.74   data required time
                                 -3.48   data arrival time
-----------------------------------------------------------------------------
                                  9.26   slack (MET)


Startpoint: _5200_ (rising edge-triggered flip-flop clocked by clk_i)
Endpoint: dmem_be_o[2] (output port clocked by clk_i)
Path Group: clk_i
Path Type: max
Corner: Typical

Fanout     Cap    Slew   Delay    Time   Description
-----------------------------------------------------------------------------
                          0.00    0.00   clock clk_i (rise edge)
                          0.00    0.00   clock source latency
                  0.26    0.19    0.19 ^ clk_i (in)
     1    0.06                           clk_i (net)
                  0.26    0.00    0.19 ^ clkbuf_0_clk_i/A (sky130_fd_sc_hd__clkbuf_16)
                  0.11    0.26    0.46 ^ clkbuf_0_clk_i/X (sky130_fd_sc_hd__clkbuf_16)
     4    0.09                           clknet_0_clk_i (net)
                  0.11    0.01    0.46 ^ clkbuf_2_0__f_clk_i/A (sky130_fd_sc_hd__clkbuf_16)
                  0.15    0.25    0.71 ^ clkbuf_2_0__f_clk_i/X (sky130_fd_sc_hd__clkbuf_16)
    10    0.14                           clknet_2_0__leaf_clk_i (net)
                  0.15    0.00    0.72 ^ clkbuf_leaf_27_clk_i/A (sky130_fd_sc_hd__clkbuf_16)
                  0.08    0.21    0.93 ^ clkbuf_leaf_27_clk_i/X (sky130_fd_sc_hd__clkbuf_16)
    20    0.07                           clknet_leaf_27_clk_i (net)
                  0.08    0.00    0.93 ^ _5200_/CLK (sky130_fd_sc_hd__dfrtp_4)
                  0.11    0.58    1.51 v _5200_/Q (sky130_fd_sc_hd__dfrtp_4)
     4    0.04                           net279 (net)
                  0.11    0.00    1.51 v _2347_/B (sky130_fd_sc_hd__xor2_2)
                  0.08    0.19    1.70 v _2347_/X (sky130_fd_sc_hd__xor2_2)
     2    0.01                           _2337_ (net)
                  0.08    0.00    1.70 v _2371_/A (sky130_fd_sc_hd__or4b_1)
                  0.11    0.60    2.30 v _2371_/X (sky130_fd_sc_hd__or4b_1)
     1    0.01                           _0325_ (net)
                  0.11    0.00    2.30 v _2372_/A (sky130_fd_sc_hd__buf_4)
                  0.08    0.23    2.52 v _2372_/X (sky130_fd_sc_hd__buf_4)
    15    0.05                           _0326_ (net)
                  0.08    0.00    2.53 v _2438_/A2 (sky130_fd_sc_hd__o21a_1)
                  0.06    0.21    2.74 v _2438_/X (sky130_fd_sc_hd__o21a_1)
     1    0.01                           _0389_ (net)
                  0.06    0.00    2.74 v _2440_/A3 (sky130_fd_sc_hd__o31ai_4)
                  0.40    0.37    3.11 ^ _2440_/Y (sky130_fd_sc_hd__o31ai_4)
     4    0.03                           _0391_ (net)
                  0.40    0.00    3.11 ^ _2441_/A (sky130_fd_sc_hd__clkinv_2)
                  0.21    0.29    3.40 v _2441_/Y (sky130_fd_sc_hd__clkinv_2)
     4    0.04                           net178 (net)
                  0.21    0.00    3.41 v _2587_/A2 (sky130_fd_sc_hd__mux4_1)
                  0.14    0.66    4.06 v _2587_/X (sky130_fd_sc_hd__mux4_1)
     1    0.01                           _0526_ (net)
                  0.14    0.00    4.07 v _2588_/A (sky130_fd_sc_hd__buf_2)
                  0.11    0.25    4.32 v _2588_/X (sky130_fd_sc_hd__buf_2)
     6    0.05                           _0527_ (net)
                  0.11    0.00    4.32 v _2976_/A (sky130_fd_sc_hd__nor2_1)
                  0.12    0.15    4.48 ^ _2976_/Y (sky130_fd_sc_hd__nor2_1)
     1    0.00                           _0888_ (net)
                  0.12    0.00    4.48 ^ _2977_/B1 (sky130_fd_sc_hd__a21oi_2)
                  0.08    0.07    4.55 v _2977_/Y (sky130_fd_sc_hd__a21oi_2)
     5    0.01                           _0889_ (net)
                  0.08    0.00    4.55 v _2984_/A2 (sky130_fd_sc_hd__o311a_1)
                  0.08    0.39    4.94 v _2984_/X (sky130_fd_sc_hd__o311a_1)
     3    0.01                           _0896_ (net)
                  0.08    0.00    4.94 v _2985_/D (sky130_fd_sc_hd__or4_2)
                  0.15    0.65    5.59 v _2985_/X (sky130_fd_sc_hd__or4_2)
     3    0.01                           _0897_ (net)
                  0.15    0.00    5.59 v _3026_/A1 (sky130_fd_sc_hd__a21oi_2)
                  0.26    0.31    5.90 ^ _3026_/Y (sky130_fd_sc_hd__a21oi_2)
     2    0.02                           _0938_ (net)
                  0.26    0.00    5.90 ^ _3046_/A2 (sky130_fd_sc_hd__a21oi_4)
                  0.09    0.14    6.04 v _3046_/Y (sky130_fd_sc_hd__a21oi_4)
     5    0.03                           _0958_ (net)
                  0.09    0.00    6.04 v _3091_/A1 (sky130_fd_sc_hd__o21ai_2)
                  0.19    0.23    6.28 ^ _3091_/Y (sky130_fd_sc_hd__o21ai_2)
     4    0.01                           _1003_ (net)
                  0.19    0.00    6.28 ^ _3092_/D_N (sky130_fd_sc_hd__or4bb_2)
                  0.14    0.65    6.93 v _3092_/X (sky130_fd_sc_hd__or4bb_2)
     3    0.02                           _1004_ (net)
                  0.14    0.00    6.93 v _3105_/A1 (sky130_fd_sc_hd__a211o_1)
                  0.08    0.35    7.28 v _3105_/X (sky130_fd_sc_hd__a211o_1)
     3    0.01                           _1017_ (net)
                  0.08    0.00    7.28 v _3114_/A2 (sky130_fd_sc_hd__a21o_1)
                  0.06    0.23    7.51 v _3114_/X (sky130_fd_sc_hd__a21o_1)
     3    0.01                           _1026_ (net)
                  0.06    0.00    7.51 v _3124_/A1 (sky130_fd_sc_hd__a21o_1)
                  0.05    0.18    7.69 v _3124_/X (sky130_fd_sc_hd__a21o_1)
     2    0.01                           _1036_ (net)
                  0.05    0.00    7.69 v _3192_/A2 (sky130_fd_sc_hd__a31o_1)
                  0.04    0.22    7.91 v _3192_/X (sky130_fd_sc_hd__a31o_1)
     1    0.00                           _1104_ (net)
                  0.04    0.00    7.91 v _3193_/A (sky130_fd_sc_hd__buf_4)
                  0.12    0.23    8.13 v _3193_/X (sky130_fd_sc_hd__buf_4)
    10    0.09                           i_exec_stage.alu_out[0] (net)
                  0.12    0.00    8.14 v _3202_/D (sky130_fd_sc_hd__or4_1)
                  0.12    0.48    8.62 v _3202_/X (sky130_fd_sc_hd__or4_1)
     2    0.01                           _1111_ (net)
                  0.12    0.00    8.62 v _3203_/A2 (sky130_fd_sc_hd__a21oi_1)
                  0.12    0.18    8.80 ^ _3203_/Y (sky130_fd_sc_hd__a21oi_1)
     1    0.00                           net164 (net)
                  0.12    0.00    8.80 ^ output164/A (sky130_fd_sc_hd__clkbuf_4)
                  0.12    0.23    9.03 ^ output164/X (sky130_fd_sc_hd__clkbuf_4)
     1    0.04                           dmem_be_o[2] (net)
                  0.12    0.00    9.03 ^ dmem_be_o[2] (out)
                                  9.03   data arrival time

                         12.00   12.00   clock clk_i (rise edge)
                          0.00   12.00   clock network delay (propagated)
                         -0.25   11.75   clock uncertainty
                          0.00   11.75   clock reconvergence pessimism
                         -2.40    9.35   output external delay
                                  9.35   data required time
-----------------------------------------------------------------------------
                                  9.35   data required time
                                 -9.03   data arrival time
-----------------------------------------------------------------------------
                                  0.32   slack (MET)




===========================================================================
report_checks --slack_max -0.01
============================================================================
======================= Fastest Corner ===================================

No paths found.

======================= Slowest Corner ===================================

Startpoint: _5200_ (rising edge-triggered flip-flop clocked by clk_i)
Endpoint: dmem_be_o[2] (output port clocked by clk_i)
Path Group: clk_i
Path Type: max
Corner: Slowest

Fanout     Cap    Slew   Delay    Time   Description
-----------------------------------------------------------------------------
                          0.00    0.00   clock clk_i (rise edge)
                          0.00    0.00   clock source latency
                  0.41    0.30    0.30 ^ clk_i (in)
     1    0.06                           clk_i (net)
                  0.41    0.00    0.30 ^ clkbuf_0_clk_i/A (sky130_fd_sc_hd__clkbuf_16)
                  0.17    0.48    0.78 ^ clkbuf_0_clk_i/X (sky130_fd_sc_hd__clkbuf_16)
     4    0.09                           clknet_0_clk_i (net)
                  0.17    0.01    0.79 ^ clkbuf_2_0__f_clk_i/A (sky130_fd_sc_hd__clkbuf_16)
                  0.24    0.42    1.21 ^ clkbuf_2_0__f_clk_i/X (sky130_fd_sc_hd__clkbuf_16)
    10    0.14                           clknet_2_0__leaf_clk_i (net)
                  0.24    0.00    1.21 ^ clkbuf_leaf_27_clk_i/A (sky130_fd_sc_hd__clkbuf_16)
                  0.13    0.37    1.58 ^ clkbuf_leaf_27_clk_i/X (sky130_fd_sc_hd__clkbuf_16)
    20    0.06                           clknet_leaf_27_clk_i (net)
                  0.13    0.00    1.58 ^ _5200_/CLK (sky130_fd_sc_hd__dfrtp_4)
                  0.20    1.20    2.78 v _5200_/Q (sky130_fd_sc_hd__dfrtp_4)
     4    0.04                           net279 (net)
                  0.20    0.00    2.78 v _2347_/B (sky130_fd_sc_hd__xor2_2)
                  0.14    0.37    3.15 v _2347_/X (sky130_fd_sc_hd__xor2_2)
     2    0.01                           _2337_ (net)
                  0.14    0.00    3.15 v _2371_/A (sky130_fd_sc_hd__or4b_1)
                  0.24    1.39    4.54 v _2371_/X (sky130_fd_sc_hd__or4b_1)
     1    0.01                           _0325_ (net)
                  0.24    0.00    4.54 v _2372_/A (sky130_fd_sc_hd__buf_4)
                  0.14    0.43    4.97 v _2372_/X (sky130_fd_sc_hd__buf_4)
    15    0.05                           _0326_ (net)
                  0.14    0.00    4.97 v _2438_/A2 (sky130_fd_sc_hd__o21a_1)
                  0.12    0.41    5.38 v _2438_/X (sky130_fd_sc_hd__o21a_1)
     1    0.01                           _0389_ (net)
                  0.12    0.00    5.38 v _2440_/A3 (sky130_fd_sc_hd__o31ai_4)
                  0.62    0.61    5.99 ^ _2440_/Y (sky130_fd_sc_hd__o31ai_4)
     4    0.03                           _0391_ (net)
                  0.62    0.00    5.99 ^ _2441_/A (sky130_fd_sc_hd__clkinv_2)
                  0.36    0.56    6.56 v _2441_/Y (sky130_fd_sc_hd__clkinv_2)
     4    0.04                           net178 (net)
                  0.36    0.00    6.56 v _2587_/A2 (sky130_fd_sc_hd__mux4_1)
                  0.28    1.46    8.02 v _2587_/X (sky130_fd_sc_hd__mux4_1)
     1    0.01                           _0526_ (net)
                  0.28    0.00    8.02 v _2588_/A (sky130_fd_sc_hd__buf_2)
                  0.21    0.50    8.52 v _2588_/X (sky130_fd_sc_hd__buf_2)
     6    0.05                           _0527_ (net)
                  0.21    0.00    8.52 v _2976_/A (sky130_fd_sc_hd__nor2_1)
                  0.21    0.28    8.79 ^ _2976_/Y (sky130_fd_sc_hd__nor2_1)
     1    0.00                           _0888_ (net)
                  0.21    0.00    8.79 ^ _2977_/B1 (sky130_fd_sc_hd__a21oi_2)
                  0.15    0.16    8.95 v _2977_/Y (sky130_fd_sc_hd__a21oi_2)
     5    0.01                           _0889_ (net)
                  0.15    0.00    8.95 v _2984_/A2 (sky130_fd_sc_hd__o311a_1)
                  0.14    0.75    9.70 v _2984_/X (sky130_fd_sc_hd__o311a_1)
     3    0.01                           _0896_ (net)
                  0.14    0.00    9.70 v _2985_/D (sky130_fd_sc_hd__or4_2)
                  0.30    1.56   11.26 v _2985_/X (sky130_fd_sc_hd__or4_2)
     3    0.01                           _0897_ (net)
                  0.30    0.00   11.26 v _3026_/A1 (sky130_fd_sc_hd__a21oi_2)
                  0.43    0.54   11.80 ^ _3026_/Y (sky130_fd_sc_hd__a21oi_2)
     2    0.02                           _0938_ (net)
                  0.43    0.00   11.81 ^ _3046_/A2 (sky130_fd_sc_hd__a21oi_4)
                  0.17    0.31   12.12 v _3046_/Y (sky130_fd_sc_hd__a21oi_4)
     5    0.03                           _0958_ (net)
                  0.17    0.00   12.12 v _3091_/A1 (sky130_fd_sc_hd__o21ai_2)
                  0.31    0.40   12.52 ^ _3091_/Y (sky130_fd_sc_hd__o21ai_2)
     4    0.01                           _1003_ (net)
                  0.31    0.00   12.52 ^ _3092_/D_N (sky130_fd_sc_hd__or4bb_2)
                  0.31    1.57   14.10 v _3092_/X (sky130_fd_sc_hd__or4bb_2)
     3    0.02                           _1004_ (net)
                  0.31    0.00   14.10 v _3105_/A1 (sky130_fd_sc_hd__a211o_1)
                  0.15    0.69   14.79 v _3105_/X (sky130_fd_sc_hd__a211o_1)
     3    0.01                           _1017_ (net)
                  0.15    0.00   14.79 v _3114_/A2 (sky130_fd_sc_hd__a21o_1)
                  0.11    0.43   15.22 v _3114_/X (sky130_fd_sc_hd__a21o_1)
     3    0.01                           _1026_ (net)
                  0.11    0.00   15.22 v _3124_/A1 (sky130_fd_sc_hd__a21o_1)
                  0.09    0.35   15.57 v _3124_/X (sky130_fd_sc_hd__a21o_1)
     2    0.01                           _1036_ (net)
                  0.09    0.00   15.57 v _3192_/A2 (sky130_fd_sc_hd__a31o_1)
                  0.07    0.40   15.97 v _3192_/X (sky130_fd_sc_hd__a31o_1)
     1    0.00                           _1104_ (net)
                  0.07    0.00   15.97 v _3193_/A (sky130_fd_sc_hd__buf_4)
                  0.21    0.42   16.39 v _3193_/X (sky130_fd_sc_hd__buf_4)
    10    0.09                           i_exec_stage.alu_out[0] (net)
                  0.21    0.00   16.40 v _3202_/D (sky130_fd_sc_hd__or4_1)
                  0.24    1.15   17.55 v _3202_/X (sky130_fd_sc_hd__or4_1)
     2    0.01                           _1111_ (net)
                  0.24    0.00   17.55 v _3203_/A2 (sky130_fd_sc_hd__a21oi_1)
                  0.19    0.33   17.87 ^ _3203_/Y (sky130_fd_sc_hd__a21oi_1)
     1    0.00                           net164 (net)
                  0.19    0.00   17.87 ^ output164/A (sky130_fd_sc_hd__clkbuf_4)
                  0.19    0.41   18.28 ^ output164/X (sky130_fd_sc_hd__clkbuf_4)
     1    0.04                           dmem_be_o[2] (net)
                  0.19    0.00   18.28 ^ dmem_be_o[2] (out)
                                 18.28   data arrival time

                         12.00   12.00   clock clk_i (rise edge)
                          0.00   12.00   clock network delay (propagated)
                         -0.25   11.75   clock uncertainty
                          0.00   11.75   clock reconvergence pessimism
                         -2.40    9.35   output external delay
                                  9.35   data required time
-----------------------------------------------------------------------------
                                  9.35   data required time
                                -18.28   data arrival time
-----------------------------------------------------------------------------
                                 -8.93   slack (VIOLATED)



======================= Typical Corner ===================================

No paths found.


===========================================================================
 report_check_types -max_slew -max_cap -max_fanout -violators
============================================================================
======================= Fastest Corner ===================================


======================= Slowest Corner ===================================

max slew

Pin                                    Limit    Slew   Slack
------------------------------------------------------------
_2351_/Y                                1.49    2.10   -0.60 (VIOLATED)
_2812_/B                                1.50    2.10   -0.60 (VIOLATED)
_2832_/B                                1.50    2.10   -0.60 (VIOLATED)
_2824_/B                                1.50    2.10   -0.60 (VIOLATED)
_2842_/B                                1.50    2.10   -0.60 (VIOLATED)
_2859_/B                                1.50    2.10   -0.60 (VIOLATED)
_2813_/B                                1.50    2.10   -0.60 (VIOLATED)
_3106_/B                                1.50    2.10   -0.60 (VIOLATED)
_3116_/B                                1.50    2.10   -0.60 (VIOLATED)
_2869_/B                                1.50    2.10   -0.60 (VIOLATED)
_2877_/B                                1.50    2.10   -0.60 (VIOLATED)
_2886_/B                                1.50    2.10   -0.60 (VIOLATED)
_3047_/B                                1.50    2.10   -0.60 (VIOLATED)
_3055_/B                                1.50    2.10   -0.60 (VIOLATED)
_2938_/B                                1.50    2.10   -0.60 (VIOLATED)
_3072_/B                                1.50    2.10   -0.60 (VIOLATED)
_2895_/B                                1.50    2.10   -0.60 (VIOLATED)
_3064_/B                                1.50    2.10   -0.60 (VIOLATED)
_2946_/B                                1.50    2.10   -0.60 (VIOLATED)
_2851_/B                                1.50    2.10   -0.60 (VIOLATED)
_2929_/B                                1.50    2.10   -0.60 (VIOLATED)
_2352_/A2                               1.50    2.10   -0.60 (VIOLATED)
_2575_/A2                               1.50    2.10   -0.60 (VIOLATED)
_2642_/A2                               1.50    2.10   -0.60 (VIOLATED)
_2437_/B                                1.50    2.10   -0.60 (VIOLATED)
_2911_/B                                1.50    2.10   -0.60 (VIOLATED)
_2993_/B                                1.50    2.10   -0.60 (VIOLATED)
_3010_/B                                1.50    2.10   -0.60 (VIOLATED)
_3017_/B                                1.50    2.10   -0.60 (VIOLATED)

max capacitance

Pin                                    Limit     Cap   Slack
------------------------------------------------------------
_2351_/Y                                0.07    0.10   -0.03 (VIOLATED)


======================= Typical Corner ===================================



===========================================================================
report_parasitic_annotation -report_unannotated
============================================================================
Found 42 unannotated drivers.
 dmem_gnt_i
 dmem_rvalid_i
 core_299/HI
 core_300/HI
 core_301/HI
 core_302/HI
 core_303/HI
 core_304/HI
 core_305/HI
 core_306/HI
 core_307/HI
 core_308/HI
 core_309/HI
 core_310/HI
 core_311/HI
 core_312/HI
 core_313/HI
 core_314/HI
 core_315/HI
 core_316/HI
 core_317/HI
 core_318/HI
 core_319/HI
 core_320/HI
 core_321/HI
 core_322/HI
 core_323/HI
 core_324/HI
 core_325/HI
 core_326/HI
 core_327/HI
 core_328/HI
 core_329/HI
 core_330/HI
 core_331/HI
 core_332/HI
 core_333/HI
 core_334/HI
 core_335/HI
 core_336/HI
 core_337/HI
 core_338/LO
Found 0 partially unannotated drivers.

===========================================================================
max slew violation count 29
max fanout violation count 0
max cap violation count 1
============================================================================

===========================================================================
check_setup -verbose -unconstrained_endpoints -multiple_clock -no_clock -no_input_delay -loops -generated_clocks
===========================================================================
Warning: There are 40 unconstrained endpoints.
  dmem_addr_o[0]
  dmem_addr_o[1]
  imem_be_o[0]
  imem_be_o[1]
  imem_be_o[2]
  imem_be_o[3]
  imem_req_o
  imem_wdata_o[0]
  imem_wdata_o[10]
  imem_wdata_o[11]
  imem_wdata_o[12]
  imem_wdata_o[13]
  imem_wdata_o[14]
  imem_wdata_o[15]
  imem_wdata_o[16]
  imem_wdata_o[17]
  imem_wdata_o[18]
  imem_wdata_o[19]
  imem_wdata_o[1]
  imem_wdata_o[20]
  imem_wdata_o[21]
  imem_wdata_o[22]
  imem_wdata_o[23]
  imem_wdata_o[24]
  imem_wdata_o[25]
  imem_wdata_o[26]
  imem_wdata_o[27]
  imem_wdata_o[28]
  imem_wdata_o[29]
  imem_wdata_o[2]
  imem_wdata_o[30]
  imem_wdata_o[31]
  imem_wdata_o[3]
  imem_wdata_o[4]
  imem_wdata_o[5]
  imem_wdata_o[6]
  imem_wdata_o[7]
  imem_wdata_o[8]
  imem_wdata_o[9]
  imem_we_o
