
===========================================================================
 report_power
============================================================================
======================= Fastest Corner ===================================

Group                  Internal  Switching    Leakage      Total
                          Power      Power      Power      Power (Watts)
----------------------------------------------------------------
Sequential             2.38e-03   6.74e-04   2.15e-06   3.06e-03  33.6%
Combinational          2.39e-03   3.66e-03   3.33e-08   6.05e-03  66.4%
Macro                  0.00e+00   0.00e+00   0.00e+00   0.00e+00   0.0%
Pad                    0.00e+00   0.00e+00   0.00e+00   0.00e+00   0.0%
----------------------------------------------------------------
Total                  4.77e-03   4.33e-03   2.18e-06   9.11e-03 100.0%
                          52.4%      47.6%       0.0%

======================= Slowest Corner ===================================

Group                  Internal  Switching    Leakage      Total
                          Power      Power      Power      Power (Watts)
----------------------------------------------------------------
Sequential             1.59e-03   4.46e-04   9.16e-06   2.05e-03  32.8%
Combinational          1.76e-03   2.41e-03   1.45e-05   4.19e-03  67.2%
Macro                  0.00e+00   0.00e+00   0.00e+00   0.00e+00   0.0%
Pad                    0.00e+00   0.00e+00   0.00e+00   0.00e+00   0.0%
----------------------------------------------------------------
Total                  3.35e-03   2.86e-03   2.37e-05   6.23e-03 100.0%
                          53.8%      45.8%       0.4%

======================= Typical Corner ===================================

Group                  Internal  Switching    Leakage      Total
                          Power      Power      Power      Power (Watts)
----------------------------------------------------------------
Sequential             2.06e-03   5.68e-04   2.14e-06   2.63e-03  33.4%
Combinational          2.16e-03   3.09e-03   2.19e-08   5.24e-03  66.6%
Macro                  0.00e+00   0.00e+00   0.00e+00   0.00e+00   0.0%
Pad                    0.00e+00   0.00e+00   0.00e+00   0.00e+00   0.0%
----------------------------------------------------------------
Total                  4.21e-03   3.66e-03   2.17e-06   7.87e-03 100.0%
                          53.5%      46.4%       0.0%

