OpenROAD b3db49ea3301a7e590bf24126d409bd40199b4af 
This program is licensed under the BSD-3 license. See the LICENSE file for details.
Components of this program may be licensed under more restrictive licenses which must be honored.
[INFO ODB-0222] Reading LEF file: /openlane/designs/sv_core/runs/RUN_2023.05.11_22.16.27/tmp/merged.min.lef
[WARNING ODB-0220] WARNING (LEFPARS-2036): SOURCE statement is obsolete in version 5.6 and later.
The LEF parser will ignore this statement.
To avoid this warning in the future, remove this statement from the LEF file with version 5.6 or later. See file /openlane/designs/sv_core/runs/RUN_2023.05.11_22.16.27/tmp/merged.min.lef at line 67040.

[INFO ODB-0223]     Created 13 technology layers
[INFO ODB-0224]     Created 25 technology vias
[INFO ODB-0225]     Created 441 library cells
[INFO ODB-0226] Finished LEF file:  /openlane/designs/sv_core/runs/RUN_2023.05.11_22.16.27/tmp/merged.min.lef
[INFO ODB-0127] Reading DEF file: /openlane/designs/sv_core/runs/RUN_2023.05.11_22.16.27/results/routing/core.def
[INFO ODB-0128] Design: core
[INFO ODB-0130]     Created 324 pins.
[INFO ODB-0131]     Created 20546 components and 88938 component-terminals.
[INFO ODB-0132]     Created 2 special nets and 76874 connections.
[INFO ODB-0133]     Created 3559 nets and 12024 connections.
[INFO ODB-0134] Finished DEF file: /openlane/designs/sv_core/runs/RUN_2023.05.11_22.16.27/results/routing/core.def
define_corners Typical
read_liberty -corner Typical /home/ubuntu/.volare/sky130A/libs.ref/sky130_fd_sc_hd/lib/sky130_fd_sc_hd__tt_025C_1v80.lib
Using RCX ruleset '/home/ubuntu/.volare/sky130A/libs.tech/openlane/rules.openrcx.sky130A.min.calibre'...
[INFO RCX-0431] Defined process_corner X with ext_model_index 0
[INFO RCX-0029] Defined extraction corner X
[INFO RCX-0008] extracting parasitics of core ...
[INFO RCX-0435] Reading extraction model file /home/ubuntu/.volare/sky130A/libs.tech/openlane/rules.openrcx.sky130A.min.calibre ...
[INFO RCX-0436] RC segment generation core (max_merge_res 50.0) ...
[INFO RCX-0040] Final 14473 rc segments
[INFO RCX-0439] Coupling Cap extraction core ...
[INFO RCX-0440] Coupling threshhold is 0.1000 fF, coupling capacitance less than 0.1000 fF will be grounded.
[INFO RCX-0043] 30131 wires to be extracted
[INFO RCX-0442] 52% completion -- 15719 wires have been extracted
[INFO RCX-0442] 100% completion -- 30131 wires have been extracted
[INFO RCX-0045] Extract 3559 nets, 18026 rsegs, 18026 caps, 37485 ccs
[INFO RCX-0015] Finished extracting core.
Writing result to /openlane/designs/sv_core/runs/RUN_2023.05.11_22.16.27/results/routing/mca/process_corner_min/core.spef...
Setting global connections for newly added cells…
[WARNING] Did not save OpenROAD database!
Writing extracted parasitics to '/openlane/designs/sv_core/runs/RUN_2023.05.11_22.16.27/results/routing/mca/process_corner_min/core.spef'…
[INFO RCX-0016] Writing SPEF ...
[INFO RCX-0443] 3559 nets finished
[INFO RCX-0017] Finished writing SPEF ...
