OpenROAD b3db49ea3301a7e590bf24126d409bd40199b4af 
This program is licensed under the BSD-3 license. See the LICENSE file for details.
Components of this program may be licensed under more restrictive licenses which must be honored.
[INFO ODB-0222] Reading LEF file: /openlane/designs/sv_core/runs/RUN_2023.05.11_22.16.27/tmp/merged.nom.lef
[WARNING ODB-0220] WARNING (LEFPARS-2036): SOURCE statement is obsolete in version 5.6 and later.
The LEF parser will ignore this statement.
To avoid this warning in the future, remove this statement from the LEF file with version 5.6 or later. See file /openlane/designs/sv_core/runs/RUN_2023.05.11_22.16.27/tmp/merged.nom.lef at line 67040.

[INFO ODB-0223]     Created 13 technology layers
[INFO ODB-0224]     Created 25 technology vias
[INFO ODB-0225]     Created 441 library cells
[INFO ODB-0226] Finished LEF file:  /openlane/designs/sv_core/runs/RUN_2023.05.11_22.16.27/tmp/merged.nom.lef
[INFO ODB-0127] Reading DEF file: /openlane/designs/sv_core/runs/RUN_2023.05.11_22.16.27/results/routing/core.def
[INFO ODB-0128] Design: core
[INFO ODB-0130]     Created 324 pins.
[INFO ODB-0131]     Created 20546 components and 88938 component-terminals.
[INFO ODB-0132]     Created 2 special nets and 76874 connections.
[INFO ODB-0133]     Created 3559 nets and 12024 connections.
[INFO ODB-0134] Finished DEF file: /openlane/designs/sv_core/runs/RUN_2023.05.11_22.16.27/results/routing/core.def
Top-level design name: core
Found default power net 'VPWR'
Found default ground net 'VGND'
Found 1 power ports.
Found 1 ground ports.
Modified power connections of 20546/20546 cells.
