OpenROAD b3db49ea3301a7e590bf24126d409bd40199b4af 
This program is licensed under the BSD-3 license. See the LICENSE file for details.
Components of this program may be licensed under more restrictive licenses which must be honored.
[INFO]: Reading ODB at '/openlane/designs/sv_core/runs/RUN_2023.04.27_21.17.24/results/floorplan/core.odb'…
define_corners Typical
read_liberty -corner Typical /home/ubuntu/.volare/sky130A/libs.ref/sky130_fd_sc_hd/lib/sky130_fd_sc_hd__tt_025C_1v80.lib
[INFO]: Setting RC values...
[INFO]: Setting signal min routing layer to: met1 and clock min routing layer to met1. 
[INFO]: Setting signal max routing layer to: met5 and clock max routing layer to met5. 
[INFO GPL-0002] DBU: 1000
[INFO GPL-0003] SiteSize: 460 2720
[INFO GPL-0004] CoreAreaLxLy: 5520 10880
[INFO GPL-0005] CoreAreaUxUy: 394220 486880
[INFO GPL-0006] NumInstances: 6020
[INFO GPL-0007] NumPlaceInstances: 3015
[INFO GPL-0008] NumFixedInstances: 3005
[INFO GPL-0009] NumDummyInstances: 0
[INFO GPL-0010] NumNets: 3149
[INFO GPL-0011] NumPins: 11526
[INFO GPL-0012] DieAreaLxLy: 0 0
[INFO GPL-0013] DieAreaUxUy: 400000 500000
[INFO GPL-0014] CoreAreaLxLy: 5520 10880
[INFO GPL-0015] CoreAreaUxUy: 394220 486880
[INFO GPL-0016] CoreArea: 185021200000
[INFO GPL-0017] NonPlaceInstsArea: 4635696000
[INFO GPL-0018] PlaceInstsArea: 33878742400
[INFO GPL-0019] Util(%): 18.78
[INFO GPL-0020] StdInstsArea: 33878742400
[INFO GPL-0021] MacroInstsArea: 0
[InitialPlace]  Iter: 1 CG residual: 0.00004675 HPWL: 146933920
[InitialPlace]  Iter: 2 CG residual: 0.00000012 HPWL: 93270606
[InitialPlace]  Iter: 3 CG residual: 0.00000009 HPWL: 85076240
[InitialPlace]  Iter: 4 CG residual: 0.00000010 HPWL: 82018624
[InitialPlace]  Iter: 5 CG residual: 0.00000009 HPWL: 80995602
[INFO GPL-0031] FillerInit: NumGCells: 9891
[INFO GPL-0032] FillerInit: NumGNets: 3149
[INFO GPL-0033] FillerInit: NumGPins: 11526
[INFO GPL-0023] TargetDensity: 0.60
[INFO GPL-0024] AveragePlaceInstArea: 11236730
[INFO GPL-0025] IdealBinArea: 18727882
[INFO GPL-0026] IdealBinCnt: 9879
[INFO GPL-0027] TotalBinArea: 185021200000
[INFO GPL-0028] BinCnt: 64 64
[INFO GPL-0029] BinSize: 6074 7438
[INFO GPL-0030] NumBins: 4096
[NesterovSolve] Iter: 1 overflow: 0.960743 HPWL: 69443065
[NesterovSolve] Iter: 10 overflow: 0.80472 HPWL: 93485766
[INFO GPL-0100] worst slack 2.12e-09
[INFO GPL-0103] Weighted 351 nets.
[NesterovSolve] Iter: 20 overflow: 0.740257 HPWL: 96219197
[NesterovSolve] Iter: 30 overflow: 0.736337 HPWL: 96535836
[NesterovSolve] Iter: 40 overflow: 0.73635 HPWL: 96409446
[NesterovSolve] Iter: 50 overflow: 0.736319 HPWL: 95937252
[NesterovSolve] Iter: 60 overflow: 0.736688 HPWL: 95815754
[NesterovSolve] Iter: 70 overflow: 0.735311 HPWL: 96088149
[NesterovSolve] Iter: 80 overflow: 0.733792 HPWL: 96409112
[NesterovSolve] Iter: 90 overflow: 0.732771 HPWL: 96657556
[NesterovSolve] Iter: 100 overflow: 0.731531 HPWL: 96779163
[NesterovSolve] Iter: 110 overflow: 0.73098 HPWL: 96773894
[NesterovSolve] Iter: 120 overflow: 0.732042 HPWL: 96646168
[NesterovSolve] Iter: 130 overflow: 0.73348 HPWL: 96458601
[NesterovSolve] Iter: 140 overflow: 0.733488 HPWL: 96281020
[NesterovSolve] Iter: 150 overflow: 0.733377 HPWL: 96181135
[NesterovSolve] Iter: 160 overflow: 0.732919 HPWL: 96200925
[NesterovSolve] Iter: 170 overflow: 0.731606 HPWL: 96316986
[NesterovSolve] Iter: 180 overflow: 0.729987 HPWL: 96509368
[NesterovSolve] Iter: 190 overflow: 0.726901 HPWL: 96767503
[NesterovSolve] Iter: 200 overflow: 0.72161 HPWL: 97095174
[NesterovSolve] Iter: 210 overflow: 0.714193 HPWL: 97522157
[NesterovSolve] Iter: 220 overflow: 0.704751 HPWL: 98167397
[NesterovSolve] Iter: 230 overflow: 0.6943 HPWL: 99043508
[NesterovSolve] Iter: 240 overflow: 0.678035 HPWL: 100076714
[NesterovSolve] Iter: 250 overflow: 0.658232 HPWL: 101222301
[NesterovSolve] Iter: 260 overflow: 0.635029 HPWL: 102720846
[INFO GPL-0100] worst slack 2.13e-09
[INFO GPL-0103] Weighted 351 nets.
[NesterovSolve] Iter: 270 overflow: 0.603919 HPWL: 104155404
[NesterovSolve] Snapshot saved at iter = 271
[NesterovSolve] Iter: 280 overflow: 0.567449 HPWL: 106125575
[NesterovSolve] Iter: 290 overflow: 0.523021 HPWL: 108452033
[INFO GPL-0100] worst slack 2.04e-09
[INFO GPL-0103] Weighted 349 nets.
[NesterovSolve] Iter: 300 overflow: 0.47126 HPWL: 111033490
[NesterovSolve] Iter: 310 overflow: 0.42291 HPWL: 113327728
[NesterovSolve] Iter: 320 overflow: 0.377559 HPWL: 115300621
[NesterovSolve] Iter: 330 overflow: 0.331398 HPWL: 116583626
[NesterovSolve] Iter: 340 overflow: 0.284067 HPWL: 117484034
[INFO GPL-0100] worst slack 1.97e-09
[INFO GPL-0103] Weighted 351 nets.
[NesterovSolve] Iter: 350 overflow: 0.257542 HPWL: 118376814
[NesterovSolve] Iter: 360 overflow: 0.229277 HPWL: 119332047
[INFO GPL-0100] worst slack 1.84e-09
[INFO GPL-0103] Weighted 351 nets.
[INFO GPL-0075] Routability numCall: 1 inflationIterCnt: 1 bloatIterCnt: 0
[INFO GPL-0036] TileLxLy: 0 0
[INFO GPL-0037] TileSize: 6900 6900
[INFO GPL-0038] TileCnt: 57 72
[INFO GPL-0039] numRoutingLayers: 6
[INFO GPL-0040] NumTiles: 4104
[INFO GPL-0063] TotalRouteOverflowH2: 2.000000238418579
[INFO GPL-0064] TotalRouteOverflowV2: 6.8333340883255005
[INFO GPL-0065] OverflowTileCnt2: 52
[INFO GPL-0066] 0.5%RC: 1.1691666841506958
[INFO GPL-0067] 1.0%RC: 1.0864978998522214
[INFO GPL-0068] 2.0%RC: 1.0435244209447485
[INFO GPL-0069] 5.0%RC: 1.0040068228531371
[INFO GPL-0070] 0.5rcK: 1.0
[INFO GPL-0071] 1.0rcK: 1.0
[INFO GPL-0072] 2.0rcK: 0.0
[INFO GPL-0073] 5.0rcK: 0.0
[INFO GPL-0074] FinalRC: 1.1278323
[NesterovSolve] Iter: 370 overflow: 0.194079 HPWL: 119765440
[NesterovSolve] Iter: 380 overflow: 0.170214 HPWL: 120181959
[NesterovSolve] Iter: 390 overflow: 0.149803 HPWL: 120551156
[INFO GPL-0100] worst slack 1.92e-09
[INFO GPL-0103] Weighted 351 nets.
[NesterovSolve] Iter: 400 overflow: 0.12453 HPWL: 120810251
[NesterovSolve] Iter: 410 overflow: 0.104995 HPWL: 121100833
[NesterovSolve] Finished with Overflow: 0.099603
Setting global connections for newly added cells…
Writing OpenROAD database to '/openlane/designs/sv_core/runs/RUN_2023.04.27_21.17.24/tmp/placement/7-global.odb'…
Writing netlist to '/openlane/designs/sv_core/runs/RUN_2023.04.27_21.17.24/tmp/placement/7-global.nl.v'…
Writing powered netlist to '/openlane/designs/sv_core/runs/RUN_2023.04.27_21.17.24/tmp/placement/7-global.pnl.v'…
Writing layout to '/openlane/designs/sv_core/runs/RUN_2023.04.27_21.17.24/tmp/placement/7-global.def'…
[INFO]: Setting RC values...
