
===========================================================================
report_checks -unconstrained
===========================================================================
======================= Typical Corner ===================================

Startpoint: _09085_ (rising edge-triggered flip-flop clocked by clk_i')
Endpoint: port1_data_o[15] (output port clocked by clk_i)
Path Group: clk_i
Path Type: max

Fanout     Cap    Slew   Delay    Time   Description
-----------------------------------------------------------------------------
                          5.00    5.00   clock clk_i' (rise edge)
                          0.00    5.00   clock source latency
                  0.01    0.00    5.00 v clk_i (in)
     1    0.00                           clk_i (net)
                  0.01    0.00    5.00 v _07986_/A (sky130_fd_sc_hd__buf_1)
                  0.10    0.14    5.14 v _07986_/X (sky130_fd_sc_hd__buf_1)
     8    0.02                           _04443_ (net)
                  0.10    0.00    5.14 v _07987_/A (sky130_fd_sc_hd__buf_1)
                  0.42    0.44    5.58 v _07987_/X (sky130_fd_sc_hd__buf_1)
    18    0.07                           _04444_ (net)
                  0.42    0.00    5.58 v _07988_/A (sky130_fd_sc_hd__buf_1)
                  0.46    0.57    6.14 v _07988_/X (sky130_fd_sc_hd__buf_1)
    19    0.08                           _04445_ (net)
                  0.46    0.00    6.14 v _08004_/A (sky130_fd_sc_hd__inv_2)
                  0.08    0.12    6.26 ^ _08004_/Y (sky130_fd_sc_hd__inv_2)
     1    0.00                           _00033_ (net)
                  0.08    0.00    6.26 ^ _09085_/CLK (sky130_fd_sc_hd__dfxtp_1)
                  0.04    0.33    6.59 v _09085_/Q (sky130_fd_sc_hd__dfxtp_1)
     3    0.01                           rf[0][15] (net)
                  0.04    0.00    6.59 v _06750_/A0 (sky130_fd_sc_hd__mux4_1)
                  0.08    0.48    7.07 v _06750_/X (sky130_fd_sc_hd__mux4_1)
     1    0.00                           _03269_ (net)
                  0.08    0.00    7.07 v _06751_/B (sky130_fd_sc_hd__or2_1)
                  0.05    0.22    7.29 v _06751_/X (sky130_fd_sc_hd__or2_1)
     1    0.00                           _03270_ (net)
                  0.05    0.00    7.29 v _06756_/B1 (sky130_fd_sc_hd__a221o_1)
                  0.05    0.29    7.58 v _06756_/X (sky130_fd_sc_hd__a221o_1)
     1    0.00                           _03275_ (net)
                  0.05    0.00    7.58 v _06766_/B (sky130_fd_sc_hd__and3_1)
                  0.03    0.16    7.74 v _06766_/X (sky130_fd_sc_hd__and3_1)
     1    0.00                           _03285_ (net)
                  0.03    0.00    7.74 v _06767_/A (sky130_fd_sc_hd__clkbuf_1)
                  0.02    0.08    7.82 v _06767_/X (sky130_fd_sc_hd__clkbuf_1)
     1    0.00                           net55 (net)
                  0.02    0.00    7.82 v output55/A (sky130_fd_sc_hd__buf_2)
                  0.09    0.18    8.00 v output55/X (sky130_fd_sc_hd__buf_2)
     1    0.03                           port1_data_o[15] (net)
                  0.09    0.00    8.00 v port1_data_o[15] (out)
                                  8.00   data arrival time

                         10.00   10.00   clock clk_i (rise edge)
                          0.00   10.00   clock network delay (propagated)
                         -0.25    9.75   clock uncertainty
                          0.00    9.75   clock reconvergence pessimism
                         -2.00    7.75   output external delay
                                  7.75   data required time
-----------------------------------------------------------------------------
                                  7.75   data required time
                                 -8.00   data arrival time
-----------------------------------------------------------------------------
                                 -0.25   slack (VIOLATED)




===========================================================================
report_checks --slack_max -0.01
============================================================================
======================= Typical Corner ===================================

Startpoint: _09085_ (rising edge-triggered flip-flop clocked by clk_i')
Endpoint: port1_data_o[15] (output port clocked by clk_i)
Path Group: clk_i
Path Type: max

Fanout     Cap    Slew   Delay    Time   Description
-----------------------------------------------------------------------------
                          5.00    5.00   clock clk_i' (rise edge)
                          0.00    5.00   clock source latency
                  0.01    0.00    5.00 v clk_i (in)
     1    0.00                           clk_i (net)
                  0.01    0.00    5.00 v _07986_/A (sky130_fd_sc_hd__buf_1)
                  0.10    0.14    5.14 v _07986_/X (sky130_fd_sc_hd__buf_1)
     8    0.02                           _04443_ (net)
                  0.10    0.00    5.14 v _07987_/A (sky130_fd_sc_hd__buf_1)
                  0.42    0.44    5.58 v _07987_/X (sky130_fd_sc_hd__buf_1)
    18    0.07                           _04444_ (net)
                  0.42    0.00    5.58 v _07988_/A (sky130_fd_sc_hd__buf_1)
                  0.46    0.57    6.14 v _07988_/X (sky130_fd_sc_hd__buf_1)
    19    0.08                           _04445_ (net)
                  0.46    0.00    6.14 v _08004_/A (sky130_fd_sc_hd__inv_2)
                  0.08    0.12    6.26 ^ _08004_/Y (sky130_fd_sc_hd__inv_2)
     1    0.00                           _00033_ (net)
                  0.08    0.00    6.26 ^ _09085_/CLK (sky130_fd_sc_hd__dfxtp_1)
                  0.04    0.33    6.59 v _09085_/Q (sky130_fd_sc_hd__dfxtp_1)
     3    0.01                           rf[0][15] (net)
                  0.04    0.00    6.59 v _06750_/A0 (sky130_fd_sc_hd__mux4_1)
                  0.08    0.48    7.07 v _06750_/X (sky130_fd_sc_hd__mux4_1)
     1    0.00                           _03269_ (net)
                  0.08    0.00    7.07 v _06751_/B (sky130_fd_sc_hd__or2_1)
                  0.05    0.22    7.29 v _06751_/X (sky130_fd_sc_hd__or2_1)
     1    0.00                           _03270_ (net)
                  0.05    0.00    7.29 v _06756_/B1 (sky130_fd_sc_hd__a221o_1)
                  0.05    0.29    7.58 v _06756_/X (sky130_fd_sc_hd__a221o_1)
     1    0.00                           _03275_ (net)
                  0.05    0.00    7.58 v _06766_/B (sky130_fd_sc_hd__and3_1)
                  0.03    0.16    7.74 v _06766_/X (sky130_fd_sc_hd__and3_1)
     1    0.00                           _03285_ (net)
                  0.03    0.00    7.74 v _06767_/A (sky130_fd_sc_hd__clkbuf_1)
                  0.02    0.08    7.82 v _06767_/X (sky130_fd_sc_hd__clkbuf_1)
     1    0.00                           net55 (net)
                  0.02    0.00    7.82 v output55/A (sky130_fd_sc_hd__buf_2)
                  0.09    0.18    8.00 v output55/X (sky130_fd_sc_hd__buf_2)
     1    0.03                           port1_data_o[15] (net)
                  0.09    0.00    8.00 v port1_data_o[15] (out)
                                  8.00   data arrival time

                         10.00   10.00   clock clk_i (rise edge)
                          0.00   10.00   clock network delay (propagated)
                         -0.25    9.75   clock uncertainty
                          0.00    9.75   clock reconvergence pessimism
                         -2.00    7.75   output external delay
                                  7.75   data required time
-----------------------------------------------------------------------------
                                  7.75   data required time
                                 -8.00   data arrival time
-----------------------------------------------------------------------------
                                 -0.25   slack (VIOLATED)




===========================================================================
 report_check_types -max_slew -max_cap -max_fanout -violators
============================================================================
======================= Typical Corner ===================================



===========================================================================
report_parasitic_annotation -report_unannotated
============================================================================
Found 5752 unannotated drivers.
 clk_i
 port1_reg_i[0]
 port1_reg_i[1]
 port1_reg_i[2]
 port1_reg_i[3]
 port1_reg_i[4]
 port2_reg_i[0]
 port2_reg_i[1]
 port2_reg_i[2]
 port2_reg_i[3]
 port2_reg_i[4]
 wr_data_i[0]
 wr_data_i[10]
 wr_data_i[11]
 wr_data_i[12]
 wr_data_i[13]
 wr_data_i[14]
 wr_data_i[15]
 wr_data_i[16]
 wr_data_i[17]
 wr_data_i[18]
 wr_data_i[19]
 wr_data_i[1]
 wr_data_i[20]
 wr_data_i[21]
 wr_data_i[22]
 wr_data_i[23]
 wr_data_i[24]
 wr_data_i[25]
 wr_data_i[26]
 wr_data_i[27]
 wr_data_i[28]
 wr_data_i[29]
 wr_data_i[2]
 wr_data_i[30]
 wr_data_i[31]
 wr_data_i[3]
 wr_data_i[4]
 wr_data_i[5]
 wr_data_i[6]
 wr_data_i[7]
 wr_data_i[8]
 wr_data_i[9]
 wr_en_i
 wr_reg_i[0]
 wr_reg_i[1]
 wr_reg_i[2]
 wr_reg_i[3]
 wr_reg_i[4]
 _04503_/X
 _04504_/X
 _04505_/X
 _04506_/Y
 _04507_/X
 _04508_/X
 _04509_/X
 _04510_/X
 _04511_/X
 _04512_/X
 _04513_/X
 _04514_/X
 _04515_/X
 _04516_/X
 _04517_/X
 _04518_/X
 _04519_/X
 _04520_/X
 _04521_/X
 _04522_/X
 _04523_/X
 _04524_/X
 _04525_/X
 _04526_/X
 _04527_/X
 _04528_/X
 _04529_/X
 _04530_/X
 _04531_/X
 _04532_/X
 _04533_/X
 _04534_/X
 _04535_/X
 _04536_/X
 _04537_/X
 _04538_/X
 _04539_/X
 _04540_/X
 _04541_/X
 _04542_/X
 _04543_/X
 _04544_/X
 _04545_/X
 _04546_/X
 _04547_/X
 _04548_/X
 _04549_/X
 _04550_/X
 _04551_/X
 _04552_/X
 _04553_/X
 _04554_/X
 _04555_/X
 _04556_/X
 _04557_/X
 _04558_/X
 _04559_/X
 _04560_/X
 _04561_/X
 _04562_/X
 _04563_/X
 _04564_/X
 _04565_/X
 _04566_/X
 _04567_/X
 _04568_/X
 _04569_/X
 _04570_/X
 _04571_/X
 _04572_/X
 _04573_/X
 _04574_/X
 _04575_/X
 _04576_/X
 _04577_/X
 _04578_/X
 _04579_/X
 _04580_/X
 _04581_/X
 _04582_/X
 _04583_/X
 _04584_/X
 _04585_/X
 _04586_/X
 _04587_/X
 _04588_/X
 _04589_/X
 _04590_/X
 _04591_/X
 _04592_/X
 _04593_/X
 _04594_/X
 _04595_/X
 _04596_/X
 _04597_/X
 _04598_/X
 _04599_/X
 _04600_/X
 _04601_/X
 _04602_/X
 _04603_/Y
 _04604_/X
 _04605_/Y
 _04606_/X
 _04607_/X
 _04608_/X
 _04609_/X
 _04610_/X
 _04611_/X
 _04612_/X
 _04613_/X
 _04614_/X
 _04615_/X
 _04616_/X
 _04617_/X
 _04618_/X
 _04619_/X
 _04620_/X
 _04621_/X
 _04622_/X
 _04623_/X
 _04624_/X
 _04625_/X
 _04626_/X
 _04627_/X
 _04628_/X
 _04629_/X
 _04630_/X
 _04631_/X
 _04632_/X
 _04633_/X
 _04634_/X
 _04635_/X
 _04636_/X
 _04637_/X
 _04638_/X
 _04639_/X
 _04640_/X
 _04641_/X
 _04642_/X
 _04643_/X
 _04644_/X
 _04645_/X
 _04646_/X
 _04647_/X
 _04648_/X
 _04649_/X
 _04650_/X
 _04651_/X
 _04652_/X
 _04653_/X
 _04654_/X
 _04655_/X
 _04656_/X
 _04657_/X
 _04658_/X
 _04659_/X
 _04660_/X
 _04661_/X
 _04662_/X
 _04663_/X
 _04664_/X
 _04665_/X
 _04666_/X
 _04667_/X
 _04668_/X
 _04669_/X
 _04670_/X
 _04671_/X
 _04672_/Y
 _04673_/X
 _04674_/X
 _04675_/X
 _04676_/X
 _04677_/X
 _04678_/X
 _04679_/X
 _04680_/X
 _04681_/X
 _04682_/X
 _04683_/X
 _04684_/X
 _04685_/X
 _04686_/X
 _04687_/X
 _04688_/X
 _04689_/X
 _04690_/X
 _04691_/X
 _04692_/X
 _04693_/X
 _04694_/X
 _04695_/X
 _04696_/X
 _04697_/X
 _04698_/X
 _04699_/X
 _04700_/X
 _04701_/X
 _04702_/X
 _04703_/X
 _04704_/X
 _04705_/X
 _04706_/X
 _04707_/X
 _04708_/X
 _04709_/X
 _04710_/X
 _04711_/X
 _04712_/X
 _04713_/X
 _04714_/X
 _04715_/X
 _04716_/X
 _04717_/X
 _04718_/X
 _04719_/X
 _04720_/X
 _04721_/X
 _04722_/X
 _04723_/X
 _04724_/X
 _04725_/X
 _04726_/X
 _04727_/X
 _04728_/X
 _04729_/X
 _04730_/X
 _04731_/X
 _04732_/X
 _04733_/X
 _04734_/X
 _04735_/X
 _04736_/X
 _04737_/X
 _04738_/X
 _04739_/X
 _04740_/Y
 _04741_/X
 _04742_/X
 _04743_/X
 _04744_/X
 _04745_/X
 _04746_/X
 _04747_/X
 _04748_/X
 _04749_/X
 _04750_/X
 _04751_/X
 _04752_/X
 _04753_/X
 _04754_/X
 _04755_/X
 _04756_/X
 _04757_/X
 _04758_/X
 _04759_/X
 _04760_/X
 _04761_/X
 _04762_/X
 _04763_/X
 _04764_/X
 _04765_/X
 _04766_/X
 _04767_/X
 _04768_/X
 _04769_/X
 _04770_/X
 _04771_/X
 _04772_/X
 _04773_/X
 _04774_/X
 _04775_/X
 _04776_/X
 _04777_/X
 _04778_/X
 _04779_/X
 _04780_/X
 _04781_/X
 _04782_/X
 _04783_/X
 _04784_/X
 _04785_/X
 _04786_/X
 _04787_/X
 _04788_/X
 _04789_/X
 _04790_/X
 _04791_/X
 _04792_/X
 _04793_/X
 _04794_/X
 _04795_/X
 _04796_/X
 _04797_/X
 _04798_/X
 _04799_/X
 _04800_/X
 _04801_/X
 _04802_/X
 _04803_/X
 _04804_/X
 _04805_/X
 _04806_/Y
 _04807_/X
 _04808_/Y
 _04809_/X
 _04810_/X
 _04811_/X
 _04812_/X
 _04813_/X
 _04814_/X
 _04815_/X
 _04816_/X
 _04817_/X
 _04818_/X
 _04819_/X
 _04820_/X
 _04821_/X
 _04822_/X
 _04823_/X
 _04824_/X
 _04825_/X
 _04826_/X
 _04827_/X
 _04828_/X
 _04829_/X
 _04830_/X
 _04831_/X
 _04832_/X
 _04833_/X
 _04834_/X
 _04835_/X
 _04836_/X
 _04837_/X
 _04838_/X
 _04839_/X
 _04840_/X
 _04841_/X
 _04842_/X
 _04843_/X
 _04844_/X
 _04845_/X
 _04846_/X
 _04847_/X
 _04848_/X
 _04849_/X
 _04850_/X
 _04851_/X
 _04852_/X
 _04853_/X
 _04854_/X
 _04855_/X
 _04856_/X
 _04857_/X
 _04858_/X
 _04859_/X
 _04860_/X
 _04861_/X
 _04862_/X
 _04863_/X
 _04864_/X
 _04865_/X
 _04866_/X
 _04867_/X
 _04868_/X
 _04869_/X
 _04870_/X
 _04871_/X
 _04872_/X
 _04873_/X
 _04874_/Y
 _04875_/X
 _04876_/Y
 _04877_/X
 _04878_/X
 _04879_/X
 _04880_/X
 _04881_/X
 _04882_/X
 _04883_/X
 _04884_/X
 _04885_/X
 _04886_/X
 _04887_/X
 _04888_/X
 _04889_/X
 _04890_/X
 _04891_/X
 _04892_/X
 _04893_/X
 _04894_/X
 _04895_/X
 _04896_/X
 _04897_/X
 _04898_/X
 _04899_/X
 _04900_/X
 _04901_/X
 _04902_/X
 _04903_/X
 _04904_/X
 _04905_/X
 _04906_/X
 _04907_/X
 _04908_/X
 _04909_/X
 _04910_/X
 _04911_/X
 _04912_/X
 _04913_/X
 _04914_/X
 _04915_/X
 _04916_/X
 _04917_/X
 _04918_/X
 _04919_/X
 _04920_/X
 _04921_/X
 _04922_/X
 _04923_/X
 _04924_/X
 _04925_/X
 _04926_/X
 _04927_/X
 _04928_/X
 _04929_/X
 _04930_/X
 _04931_/X
 _04932_/X
 _04933_/X
 _04934_/X
 _04935_/X
 _04936_/X
 _04937_/X
 _04938_/X
 _04939_/X
 _04940_/X
 _04941_/X
 _04942_/X
 _04943_/Y
 _04944_/X
 _04945_/X
 _04946_/X
 _04947_/X
 _04948_/X
 _04949_/X
 _04950_/X
 _04951_/X
 _04952_/X
 _04953_/X
 _04954_/X
 _04955_/X
 _04956_/X
 _04957_/X
 _04958_/X
 _04959_/X
 _04960_/X
 _04961_/X
 _04962_/X
 _04963_/X
 _04964_/X
 _04965_/X
 _04966_/X
 _04967_/X
 _04968_/X
 _04969_/X
 _04970_/X
 _04971_/X
 _04972_/X
 _04973_/X
 _04974_/X
 _04975_/X
 _04976_/X
 _04977_/X
 _04978_/X
 _04979_/X
 _04980_/X
 _04981_/X
 _04982_/X
 _04983_/X
 _04984_/X
 _04985_/X
 _04986_/X
 _04987_/X
 _04988_/X
 _04989_/X
 _04990_/X
 _04991_/X
 _04992_/X
 _04993_/X
 _04994_/X
 _04995_/X
 _04996_/X
 _04997_/X
 _04998_/X
 _04999_/X
 _05000_/X
 _05001_/X
 _05002_/X
 _05003_/X
 _05004_/X
 _05005_/X
 _05006_/X
 _05007_/X
 _05008_/X
 _05009_/Y
 _05010_/X
 _05011_/X
 _05012_/X
 _05013_/X
 _05014_/X
 _05015_/X
 _05016_/X
 _05017_/X
 _05018_/X
 _05019_/X
 _05020_/X
 _05021_/X
 _05022_/X
 _05023_/X
 _05024_/X
 _05025_/X
 _05026_/X
 _05027_/X
 _05028_/X
 _05029_/X
 _05030_/X
 _05031_/X
 _05032_/X
 _05033_/X
 _05034_/X
 _05035_/X
 _05036_/X
 _05037_/X
 _05038_/X
 _05039_/X
 _05040_/X
 _05041_/X
 _05042_/X
 _05043_/X
 _05044_/X
 _05045_/X
 _05046_/X
 _05047_/X
 _05048_/X
 _05049_/X
 _05050_/X
 _05051_/X
 _05052_/X
 _05053_/X
 _05054_/X
 _05055_/X
 _05056_/X
 _05057_/X
 _05058_/X
 _05059_/X
 _05060_/X
 _05061_/X
 _05062_/X
 _05063_/X
 _05064_/X
 _05065_/X
 _05066_/X
 _05067_/X
 _05068_/X
 _05069_/X
 _05070_/X
 _05071_/X
 _05072_/X
 _05073_/X
 _05074_/X
 _05075_/Y
 _05076_/X
 _05077_/X
 _05078_/X
 _05079_/X
 _05080_/X
 _05081_/X
 _05082_/X
 _05083_/X
 _05084_/X
 _05085_/X
 _05086_/X
 _05087_/X
 _05088_/X
 _05089_/X
 _05090_/X
 _05091_/X
 _05092_/X
 _05093_/X
 _05094_/X
 _05095_/X
 _05096_/X
 _05097_/X
 _05098_/X
 _05099_/X
 _05100_/X
 _05101_/X
 _05102_/X
 _05103_/X
 _05104_/X
 _05105_/X
 _05106_/X
 _05107_/X
 _05108_/X
 _05109_/X
 _05110_/X
 _05111_/X
 _05112_/X
 _05113_/X
 _05114_/X
 _05115_/X
 _05116_/X
 _05117_/X
 _05118_/X
 _05119_/X
 _05120_/X
 _05121_/X
 _05122_/X
 _05123_/X
 _05124_/X
 _05125_/X
 _05126_/X
 _05127_/X
 _05128_/X
 _05129_/X
 _05130_/X
 _05131_/X
 _05132_/X
 _05133_/X
 _05134_/X
 _05135_/X
 _05136_/X
 _05137_/X
 _05138_/X
 _05139_/X
 _05140_/X
 _05141_/Y
 _05142_/X
 _05143_/X
 _05144_/X
 _05145_/X
 _05146_/X
 _05147_/X
 _05148_/X
 _05149_/X
 _05150_/X
 _05151_/X
 _05152_/X
 _05153_/X
 _05154_/X
 _05155_/X
 _05156_/X
 _05157_/X
 _05158_/X
 _05159_/X
 _05160_/X
 _05161_/X
 _05162_/X
 _05163_/X
 _05164_/X
 _05165_/X
 _05166_/X
 _05167_/X
 _05168_/X
 _05169_/X
 _05170_/X
 _05171_/X
 _05172_/X
 _05173_/X
 _05174_/X
 _05175_/X
 _05176_/X
 _05177_/X
 _05178_/X
 _05179_/X
 _05180_/X
 _05181_/X
 _05182_/X
 _05183_/X
 _05184_/X
 _05185_/X
 _05186_/X
 _05187_/X
 _05188_/X
 _05189_/X
 _05190_/X
 _05191_/X
 _05192_/X
 _05193_/X
 _05194_/X
 _05195_/X
 _05196_/X
 _05197_/X
 _05198_/X
 _05199_/X
 _05200_/X
 _05201_/X
 _05202_/X
 _05203_/X
 _05204_/X
 _05205_/X
 _05206_/X
 _05207_/Y
 _05208_/Y
 _05209_/X
 _05210_/X
 _05211_/X
 _05212_/X
 _05213_/X
 _05214_/X
 _05215_/X
 _05216_/X
 _05217_/X
 _05218_/X
 _05219_/X
 _05220_/X
 _05221_/X
 _05222_/X
 _05223_/X
 _05224_/X
 _05225_/X
 _05226_/X
 _05227_/X
 _05228_/X
 _05229_/X
 _05230_/X
 _05231_/X
 _05232_/X
 _05233_/X
 _05234_/X
 _05235_/X
 _05236_/X
 _05237_/X
 _05238_/X
 _05239_/X
 _05240_/X
 _05241_/X
 _05242_/X
 _05243_/X
 _05244_/X
 _05245_/X
 _05246_/X
 _05247_/X
 _05248_/X
 _05249_/X
 _05250_/X
 _05251_/X
 _05252_/X
 _05253_/X
 _05254_/X
 _05255_/X
 _05256_/X
 _05257_/X
 _05258_/X
 _05259_/X
 _05260_/X
 _05261_/X
 _05262_/X
 _05263_/X
 _05264_/X
 _05265_/X
 _05266_/X
 _05267_/X
 _05268_/X
 _05269_/X
 _05270_/X
 _05271_/X
 _05272_/X
 _05273_/X
 _05274_/Y
 _05275_/X
 _05276_/X
 _05277_/X
 _05278_/X
 _05279_/X
 _05280_/X
 _05281_/X
 _05282_/X
 _05283_/X
 _05284_/X
 _05285_/X
 _05286_/X
 _05287_/X
 _05288_/X
 _05289_/X
 _05290_/X
 _05291_/X
 _05292_/X
 _05293_/X
 _05294_/X
 _05295_/X
 _05296_/X
 _05297_/X
 _05298_/X
 _05299_/X
 _05300_/X
 _05301_/X
 _05302_/X
 _05303_/X
 _05304_/X
 _05305_/X
 _05306_/X
 _05307_/X
 _05308_/X
 _05309_/X
 _05310_/X
 _05311_/X
 _05312_/X
 _05313_/X
 _05314_/X
 _05315_/X
 _05316_/X
 _05317_/X
 _05318_/X
 _05319_/X
 _05320_/X
 _05321_/X
 _05322_/X
 _05323_/X
 _05324_/X
 _05325_/X
 _05326_/X
 _05327_/X
 _05328_/X
 _05329_/X
 _05330_/X
 _05331_/X
 _05332_/X
 _05333_/X
 _05334_/X
 _05335_/X
 _05336_/X
 _05337_/X
 _05338_/X
 _05339_/X
 _05340_/Y
 _05341_/Y
 _05342_/X
 _05343_/X
 _05344_/X
 _05345_/X
 _05346_/X
 _05347_/X
 _05348_/X
 _05349_/X
 _05350_/X
 _05351_/X
 _05352_/X
 _05353_/X
 _05354_/X
 _05355_/X
 _05356_/X
 _05357_/X
 _05358_/X
 _05359_/X
 _05360_/X
 _05361_/X
 _05362_/X
 _05363_/X
 _05364_/X
 _05365_/X
 _05366_/X
 _05367_/X
 _05368_/X
 _05369_/X
 _05370_/X
 _05371_/X
 _05372_/X
 _05373_/X
 _05374_/X
 _05375_/X
 _05376_/X
 _05377_/X
 _05378_/X
 _05379_/X
 _05380_/X
 _05381_/X
 _05382_/X
 _05383_/X
 _05384_/X
 _05385_/X
 _05386_/X
 _05387_/X
 _05388_/X
 _05389_/X
 _05390_/X
 _05391_/X
 _05392_/X
 _05393_/X
 _05394_/X
 _05395_/X
 _05396_/X
 _05397_/X
 _05398_/X
 _05399_/X
 _05400_/X
 _05401_/X
 _05402_/X
 _05403_/X
 _05404_/X
 _05405_/X
 _05406_/X
 _05407_/X
 _05408_/Y
 _05409_/X
 _05410_/X
 _05411_/X
 _05412_/X
 _05413_/X
 _05414_/X
 _05415_/X
 _05416_/X
 _05417_/X
 _05418_/X
 _05419_/X
 _05420_/X
 _05421_/X
 _05422_/X
 _05423_/X
 _05424_/X
 _05425_/X
 _05426_/X
 _05427_/X
 _05428_/X
 _05429_/X
 _05430_/X
 _05431_/X
 _05432_/X
 _05433_/X
 _05434_/X
 _05435_/X
 _05436_/X
 _05437_/X
 _05438_/X
 _05439_/X
 _05440_/X
 _05441_/X
 _05442_/X
 _05443_/X
 _05444_/X
 _05445_/X
 _05446_/X
 _05447_/X
 _05448_/X
 _05449_/X
 _05450_/X
 _05451_/X
 _05452_/X
 _05453_/X
 _05454_/X
 _05455_/X
 _05456_/X
 _05457_/X
 _05458_/X
 _05459_/X
 _05460_/X
 _05461_/X
 _05462_/X
 _05463_/X
 _05464_/X
 _05465_/X
 _05466_/X
 _05467_/X
 _05468_/X
 _05469_/X
 _05470_/X
 _05471_/X
 _05472_/X
 _05473_/X
 _05474_/Y
 _05475_/X
 _05476_/X
 _05477_/X
 _05478_/X
 _05479_/X
 _05480_/X
 _05481_/X
 _05482_/X
 _05483_/X
 _05484_/X
 _05485_/X
 _05486_/X
 _05487_/X
 _05488_/X
 _05489_/X
 _05490_/X
 _05491_/X
 _05492_/X
 _05493_/X
 _05494_/X
 _05495_/X
 _05496_/X
 _05497_/X
 _05498_/X
 _05499_/X
 _05500_/X
 _05501_/X
 _05502_/X
 _05503_/X
 _05504_/X
 _05505_/X
 _05506_/X
 _05507_/X
 _05508_/X
 _05509_/X
 _05510_/X
 _05511_/X
 _05512_/X
 _05513_/X
 _05514_/X
 _05515_/X
 _05516_/X
 _05517_/X
 _05518_/X
 _05519_/X
 _05520_/X
 _05521_/X
 _05522_/X
 _05523_/X
 _05524_/X
 _05525_/X
 _05526_/X
 _05527_/X
 _05528_/X
 _05529_/X
 _05530_/X
 _05531_/X
 _05532_/X
 _05533_/X
 _05534_/X
 _05535_/X
 _05536_/X
 _05537_/X
 _05538_/X
 _05539_/X
 _05540_/Y
 _05541_/Y
 _05542_/X
 _05543_/X
 _05544_/X
 _05545_/X
 _05546_/X
 _05547_/X
 _05548_/X
 _05549_/X
 _05550_/X
 _05551_/X
 _05552_/X
 _05553_/X
 _05554_/X
 _05555_/X
 _05556_/X
 _05557_/X
 _05558_/X
 _05559_/X
 _05560_/X
 _05561_/X
 _05562_/X
 _05563_/X
 _05564_/X
 _05565_/X
 _05566_/X
 _05567_/X
 _05568_/X
 _05569_/X
 _05570_/X
 _05571_/X
 _05572_/X
 _05573_/X
 _05574_/X
 _05575_/X
 _05576_/X
 _05577_/X
 _05578_/X
 _05579_/X
 _05580_/X
 _05581_/X
 _05582_/X
 _05583_/X
 _05584_/X
 _05585_/X
 _05586_/X
 _05587_/X
 _05588_/X
 _05589_/X
 _05590_/X
 _05591_/X
 _05592_/X
 _05593_/X
 _05594_/X
 _05595_/X
 _05596_/X
 _05597_/X
 _05598_/X
 _05599_/X
 _05600_/X
 _05601_/X
 _05602_/X
 _05603_/X
 _05604_/X
 _05605_/X
 _05606_/X
 _05607_/X
 _05608_/X
 _05609_/X
 _05610_/X
 _05611_/X
 _05612_/X
 _05613_/X
 _05614_/X
 _05615_/X
 _05616_/X
 _05617_/X
 _05618_/X
 _05619_/X
 _05620_/X
 _05621_/X
 _05622_/X
 _05623_/X
 _05624_/X
 _05625_/X
 _05626_/X
 _05627_/X
 _05628_/X
 _05629_/X
 _05630_/X
 _05631_/X
 _05632_/X
 _05633_/X
 _05634_/X
 _05635_/X
 _05636_/X
 _05637_/X
 _05638_/X
 _05639_/X
 _05640_/X
 _05641_/X
 _05642_/X
 _05643_/X
 _05644_/X
 _05645_/X
 _05646_/X
 _05647_/X
 _05648_/X
 _05649_/X
 _05650_/X
 _05651_/X
 _05652_/X
 _05653_/X
 _05654_/X
 _05655_/X
 _05656_/X
 _05657_/X
 _05658_/X
 _05659_/X
 _05660_/X
 _05661_/X
 _05662_/X
 _05663_/X
 _05664_/X
 _05665_/X
 _05666_/X
 _05667_/X
 _05668_/X
 _05669_/X
 _05670_/X
 _05671_/X
 _05672_/X
 _05673_/X
 _05674_/X
 _05675_/Y
 _05676_/X
 _05677_/X
 _05678_/X
 _05679_/X
 _05680_/X
 _05681_/X
 _05682_/X
 _05683_/X
 _05684_/X
 _05685_/X
 _05686_/X
 _05687_/X
 _05688_/X
 _05689_/X
 _05690_/X
 _05691_/X
 _05692_/X
 _05693_/X
 _05694_/X
 _05695_/X
 _05696_/X
 _05697_/X
 _05698_/X
 _05699_/X
 _05700_/X
 _05701_/X
 _05702_/X
 _05703_/X
 _05704_/X
 _05705_/X
 _05706_/X
 _05707_/X
 _05708_/X
 _05709_/X
 _05710_/X
 _05711_/X
 _05712_/X
 _05713_/X
 _05714_/X
 _05715_/X
 _05716_/X
 _05717_/X
 _05718_/X
 _05719_/X
 _05720_/X
 _05721_/X
 _05722_/X
 _05723_/X
 _05724_/X
 _05725_/X
 _05726_/X
 _05727_/X
 _05728_/X
 _05729_/X
 _05730_/X
 _05731_/X
 _05732_/X
 _05733_/X
 _05734_/X
 _05735_/X
 _05736_/X
 _05737_/X
 _05738_/X
 _05739_/X
 _05740_/X
 _05741_/Y
 _05742_/X
 _05743_/X
 _05744_/X
 _05745_/X
 _05746_/X
 _05747_/X
 _05748_/X
 _05749_/X
 _05750_/X
 _05751_/X
 _05752_/X
 _05753_/X
 _05754_/X
 _05755_/X
 _05756_/X
 _05757_/X
 _05758_/X
 _05759_/X
 _05760_/X
 _05761_/X
 _05762_/X
 _05763_/X
 _05764_/X
 _05765_/X
 _05766_/X
 _05767_/X
 _05768_/X
 _05769_/X
 _05770_/X
 _05771_/X
 _05772_/X
 _05773_/X
 _05774_/X
 _05775_/X
 _05776_/X
 _05777_/X
 _05778_/X
 _05779_/X
 _05780_/X
 _05781_/X
 _05782_/X
 _05783_/X
 _05784_/X
 _05785_/X
 _05786_/X
 _05787_/X
 _05788_/X
 _05789_/X
 _05790_/X
 _05791_/X
 _05792_/X
 _05793_/X
 _05794_/X
 _05795_/X
 _05796_/X
 _05797_/X
 _05798_/X
 _05799_/X
 _05800_/X
 _05801_/X
 _05802_/X
 _05803_/X
 _05804_/X
 _05805_/X
 _05806_/X
 _05807_/Y
 _05808_/X
 _05809_/X
 _05810_/X
 _05811_/X
 _05812_/X
 _05813_/X
 _05814_/X
 _05815_/X
 _05816_/X
 _05817_/X
 _05818_/X
 _05819_/X
 _05820_/X
 _05821_/X
 _05822_/X
 _05823_/X
 _05824_/X
 _05825_/X
 _05826_/X
 _05827_/X
 _05828_/X
 _05829_/X
 _05830_/X
 _05831_/X
 _05832_/X
 _05833_/X
 _05834_/X
 _05835_/X
 _05836_/X
 _05837_/X
 _05838_/X
 _05839_/X
 _05840_/X
 _05841_/X
 _05842_/X
 _05843_/X
 _05844_/X
 _05845_/X
 _05846_/X
 _05847_/X
 _05848_/X
 _05849_/X
 _05850_/X
 _05851_/X
 _05852_/X
 _05853_/X
 _05854_/X
 _05855_/X
 _05856_/X
 _05857_/X
 _05858_/X
 _05859_/X
 _05860_/X
 _05861_/X
 _05862_/X
 _05863_/X
 _05864_/X
 _05865_/X
 _05866_/X
 _05867_/X
 _05868_/X
 _05869_/X
 _05870_/X
 _05871_/X
 _05872_/X
 _05873_/X
 _05874_/X
 _05875_/X
 _05876_/X
 _05877_/X
 _05878_/X
 _05879_/X
 _05880_/X
 _05881_/X
 _05882_/X
 _05883_/X
 _05884_/X
 _05885_/X
 _05886_/X
 _05887_/X
 _05888_/X
 _05889_/X
 _05890_/X
 _05891_/X
 _05892_/X
 _05893_/X
 _05894_/X
 _05895_/X
 _05896_/X
 _05897_/X
 _05898_/X
 _05899_/X
 _05900_/X
 _05901_/X
 _05902_/X
 _05903_/X
 _05904_/X
 _05905_/X
 _05906_/X
 _05907_/X
 _05908_/X
 _05909_/X
 _05910_/X
 _05911_/X
 _05912_/X
 _05913_/X
 _05914_/X
 _05915_/X
 _05916_/X
 _05917_/X
 _05918_/X
 _05919_/X
 _05920_/X
 _05921_/X
 _05922_/X
 _05923_/X
 _05924_/X
 _05925_/X
 _05926_/X
 _05927_/X
 _05928_/X
 _05929_/X
 _05930_/X
 _05931_/X
 _05932_/X
 _05933_/X
 _05934_/X
 _05935_/X
 _05936_/X
 _05937_/X
 _05938_/X
 _05939_/X
 _05940_/Y
 _05941_/X
 _05942_/X
 _05943_/X
 _05944_/X
 _05945_/X
 _05946_/X
 _05947_/X
 _05948_/X
 _05949_/X
 _05950_/X
 _05951_/X
 _05952_/X
 _05953_/X
 _05954_/X
 _05955_/X
 _05956_/X
 _05957_/X
 _05958_/X
 _05959_/X
 _05960_/X
 _05961_/X
 _05962_/X
 _05963_/X
 _05964_/X
 _05965_/X
 _05966_/X
 _05967_/X
 _05968_/X
 _05969_/X
 _05970_/X
 _05971_/X
 _05972_/X
 _05973_/X
 _05974_/X
 _05975_/X
 _05976_/X
 _05977_/X
 _05978_/X
 _05979_/X
 _05980_/X
 _05981_/X
 _05982_/X
 _05983_/X
 _05984_/X
 _05985_/X
 _05986_/X
 _05987_/X
 _05988_/X
 _05989_/X
 _05990_/X
 _05991_/X
 _05992_/X
 _05993_/X
 _05994_/X
 _05995_/X
 _05996_/X
 _05997_/X
 _05998_/X
 _05999_/X
 _06000_/X
 _06001_/X
 _06002_/X
 _06003_/X
 _06004_/X
 _06005_/X
 _06006_/Y
 _06007_/X
 _06008_/X
 _06009_/X
 _06010_/X
 _06011_/X
 _06012_/X
 _06013_/X
 _06014_/X
 _06015_/X
 _06016_/X
 _06017_/X
 _06018_/X
 _06019_/X
 _06020_/X
 _06021_/X
 _06022_/X
 _06023_/X
 _06024_/X
 _06025_/X
 _06026_/X
 _06027_/X
 _06028_/X
 _06029_/X
 _06030_/X
 _06031_/X
 _06032_/X
 _06033_/X
 _06034_/X
 _06035_/X
 _06036_/X
 _06037_/X
 _06038_/X
 _06039_/X
 _06040_/X
 _06041_/X
 _06042_/X
 _06043_/X
 _06044_/X
 _06045_/X
 _06046_/X
 _06047_/X
 _06048_/X
 _06049_/X
 _06050_/X
 _06051_/X
 _06052_/X
 _06053_/X
 _06054_/X
 _06055_/X
 _06056_/X
 _06057_/X
 _06058_/X
 _06059_/X
 _06060_/X
 _06061_/X
 _06062_/X
 _06063_/X
 _06064_/X
 _06065_/X
 _06066_/X
 _06067_/X
 _06068_/X
 _06069_/X
 _06070_/X
 _06071_/X
 _06072_/Y
 _06073_/X
 _06074_/X
 _06075_/X
 _06076_/X
 _06077_/X
 _06078_/X
 _06079_/X
 _06080_/X
 _06081_/X
 _06082_/X
 _06083_/X
 _06084_/X
 _06085_/X
 _06086_/X
 _06087_/X
 _06088_/X
 _06089_/X
 _06090_/X
 _06091_/X
 _06092_/X
 _06093_/X
 _06094_/X
 _06095_/X
 _06096_/X
 _06097_/X
 _06098_/X
 _06099_/X
 _06100_/X
 _06101_/X
 _06102_/X
 _06103_/X
 _06104_/X
 _06105_/X
 _06106_/X
 _06107_/X
 _06108_/X
 _06109_/X
 _06110_/X
 _06111_/X
 _06112_/X
 _06113_/X
 _06114_/X
 _06115_/X
 _06116_/X
 _06117_/X
 _06118_/X
 _06119_/X
 _06120_/X
 _06121_/X
 _06122_/X
 _06123_/X
 _06124_/X
 _06125_/X
 _06126_/X
 _06127_/X
 _06128_/X
 _06129_/X
 _06130_/X
 _06131_/X
 _06132_/X
 _06133_/X
 _06134_/X
 _06135_/X
 _06136_/X
 _06137_/X
 _06138_/Y
 _06139_/X
 _06140_/X
 _06141_/X
 _06142_/X
 _06143_/X
 _06144_/X
 _06145_/X
 _06146_/X
 _06147_/X
 _06148_/X
 _06149_/X
 _06150_/X
 _06151_/X
 _06152_/X
 _06153_/X
 _06154_/X
 _06155_/X
 _06156_/X
 _06157_/X
 _06158_/X
 _06159_/X
 _06160_/X
 _06161_/X
 _06162_/X
 _06163_/X
 _06164_/X
 _06165_/X
 _06166_/X
 _06167_/X
 _06168_/X
 _06169_/X
 _06170_/X
 _06171_/X
 _06172_/X
 _06173_/X
 _06174_/X
 _06175_/X
 _06176_/X
 _06177_/X
 _06178_/X
 _06179_/X
 _06180_/X
 _06181_/X
 _06182_/X
 _06183_/X
 _06184_/X
 _06185_/X
 _06186_/X
 _06187_/X
 _06188_/X
 _06189_/X
 _06190_/X
 _06191_/X
 _06192_/X
 _06193_/X
 _06194_/X
 _06195_/X
 _06196_/X
 _06197_/X
 _06198_/X
 _06199_/X
 _06200_/X
 _06201_/X
 _06202_/X
 _06203_/X
 _06204_/X
 _06205_/Y
 _06206_/X
 _06207_/X
 _06208_/X
 _06209_/X
 _06210_/X
 _06211_/X
 _06212_/X
 _06213_/X
 _06214_/X
 _06215_/X
 _06216_/X
 _06217_/X
 _06218_/X
 _06219_/X
 _06220_/X
 _06221_/X
 _06222_/X
 _06223_/X
 _06224_/X
 _06225_/X
 _06226_/X
 _06227_/X
 _06228_/X
 _06229_/X
 _06230_/X
 _06231_/X
 _06232_/X
 _06233_/X
 _06234_/X
 _06235_/X
 _06236_/X
 _06237_/X
 _06238_/X
 _06239_/X
 _06240_/X
 _06241_/X
 _06242_/X
 _06243_/X
 _06244_/X
 _06245_/X
 _06246_/X
 _06247_/X
 _06248_/X
 _06249_/X
 _06250_/X
 _06251_/X
 _06252_/X
 _06253_/X
 _06254_/X
 _06255_/X
 _06256_/X
 _06257_/X
 _06258_/X
 _06259_/X
 _06260_/X
 _06261_/X
 _06262_/X
 _06263_/X
 _06264_/X
 _06265_/X
 _06266_/X
 _06267_/X
 _06268_/X
 _06269_/X
 _06270_/X
 _06271_/Y
 _06272_/X
 _06273_/X
 _06274_/X
 _06275_/X
 _06276_/X
 _06277_/X
 _06278_/X
 _06279_/X
 _06280_/X
 _06281_/X
 _06282_/X
 _06283_/X
 _06284_/X
 _06285_/X
 _06286_/X
 _06287_/X
 _06288_/X
 _06289_/X
 _06290_/X
 _06291_/X
 _06292_/X
 _06293_/X
 _06294_/X
 _06295_/X
 _06296_/X
 _06297_/X
 _06298_/X
 _06299_/X
 _06300_/X
 _06301_/X
 _06302_/X
 _06303_/X
 _06304_/X
 _06305_/X
 _06306_/X
 _06307_/X
 _06308_/X
 _06309_/X
 _06310_/X
 _06311_/X
 _06312_/X
 _06313_/X
 _06314_/X
 _06315_/X
 _06316_/X
 _06317_/X
 _06318_/X
 _06319_/X
 _06320_/X
 _06321_/X
 _06322_/X
 _06323_/X
 _06324_/X
 _06325_/X
 _06326_/X
 _06327_/X
 _06328_/X
 _06329_/X
 _06330_/X
 _06331_/X
 _06332_/X
 _06333_/X
 _06334_/X
 _06335_/X
 _06336_/X
 _06337_/Y
 _06338_/X
 _06339_/X
 _06340_/X
 _06341_/X
 _06342_/X
 _06343_/X
 _06344_/X
 _06345_/X
 _06346_/X
 _06347_/X
 _06348_/X
 _06349_/X
 _06350_/X
 _06351_/X
 _06352_/X
 _06353_/X
 _06354_/X
 _06355_/X
 _06356_/X
 _06357_/X
 _06358_/X
 _06359_/X
 _06360_/X
 _06361_/X
 _06362_/X
 _06363_/X
 _06364_/X
 _06365_/X
 _06366_/X
 _06367_/X
 _06368_/X
 _06369_/X
 _06370_/X
 _06371_/X
 _06372_/X
 _06373_/X
 _06374_/X
 _06375_/X
 _06376_/X
 _06377_/X
 _06378_/X
 _06379_/X
 _06380_/X
 _06381_/X
 _06382_/X
 _06383_/X
 _06384_/X
 _06385_/X
 _06386_/X
 _06387_/X
 _06388_/X
 _06389_/X
 _06390_/X
 _06391_/X
 _06392_/X
 _06393_/X
 _06394_/X
 _06395_/X
 _06396_/X
 _06397_/X
 _06398_/X
 _06399_/X
 _06400_/X
 _06401_/X
 _06402_/X
 _06403_/X
 _06404_/X
 _06405_/X
 _06406_/X
 _06407_/X
 _06408_/X
 _06409_/X
 _06410_/X
 _06411_/X
 _06412_/X
 _06413_/X
 _06414_/X
 _06415_/X
 _06416_/X
 _06417_/X
 _06418_/X
 _06419_/X
 _06420_/X
 _06421_/X
 _06422_/X
 _06423_/X
 _06424_/X
 _06425_/X
 _06426_/X
 _06427_/X
 _06428_/X
 _06429_/X
 _06430_/X
 _06431_/X
 _06432_/X
 _06433_/X
 _06434_/X
 _06435_/X
 _06436_/X
 _06437_/X
 _06438_/X
 _06439_/X
 _06440_/X
 _06441_/X
 _06442_/X
 _06443_/X
 _06444_/X
 _06445_/X
 _06446_/X
 _06447_/X
 _06448_/X
 _06449_/X
 _06450_/X
 _06451_/X
 _06452_/X
 _06453_/X
 _06454_/X
 _06455_/X
 _06456_/X
 _06457_/X
 _06458_/X
 _06459_/X
 _06460_/X
 _06461_/X
 _06462_/X
 _06463_/X
 _06464_/X
 _06465_/X
 _06466_/X
 _06467_/X
 _06468_/X
 _06469_/X
 _06470_/Y
 _06471_/X
 _06472_/X
 _06473_/X
 _06474_/X
 _06475_/X
 _06476_/X
 _06477_/X
 _06478_/X
 _06479_/X
 _06480_/X
 _06481_/X
 _06482_/X
 _06483_/X
 _06484_/X
 _06485_/X
 _06486_/X
 _06487_/X
 _06488_/X
 _06489_/X
 _06490_/X
 _06491_/X
 _06492_/X
 _06493_/X
 _06494_/X
 _06495_/X
 _06496_/X
 _06497_/X
 _06498_/X
 _06499_/X
 _06500_/X
 _06501_/X
 _06502_/X
 _06503_/X
 _06504_/X
 _06505_/X
 _06506_/X
 _06507_/X
 _06508_/X
 _06509_/X
 _06510_/X
 _06511_/X
 _06512_/X
 _06513_/X
 _06514_/X
 _06515_/X
 _06516_/X
 _06517_/X
 _06518_/X
 _06519_/X
 _06520_/X
 _06521_/X
 _06522_/X
 _06523_/X
 _06524_/X
 _06525_/X
 _06526_/X
 _06527_/X
 _06528_/X
 _06529_/X
 _06530_/X
 _06531_/X
 _06532_/X
 _06533_/X
 _06534_/X
 _06535_/X
 _06536_/Y
 _06537_/X
 _06538_/X
 _06539_/X
 _06540_/X
 _06541_/X
 _06542_/X
 _06543_/X
 _06544_/X
 _06545_/X
 _06546_/X
 _06547_/X
 _06548_/X
 _06549_/X
 _06550_/X
 _06551_/X
 _06552_/X
 _06553_/X
 _06554_/X
 _06555_/X
 _06556_/X
 _06557_/X
 _06558_/X
 _06559_/X
 _06560_/X
 _06561_/X
 _06562_/X
 _06563_/X
 _06564_/X
 _06565_/X
 _06566_/X
 _06567_/X
 _06568_/X
 _06569_/X
 _06570_/X
 _06571_/X
 _06572_/X
 _06573_/X
 _06574_/X
 _06575_/X
 _06576_/X
 _06577_/X
 _06578_/X
 _06579_/X
 _06580_/X
 _06581_/X
 _06582_/X
 _06583_/X
 _06584_/X
 _06585_/X
 _06586_/X
 _06587_/X
 _06588_/X
 _06589_/X
 _06590_/X
 _06591_/X
 _06592_/X
 _06593_/X
 _06594_/X
 _06595_/X
 _06596_/X
 _06597_/X
 _06598_/X
 _06599_/X
 _06600_/X
 _06601_/X
 _06602_/X
 _06603_/X
 _06604_/X
 _06605_/X
 _06606_/X
 _06607_/X
 _06608_/X
 _06609_/X
 _06610_/X
 _06611_/X
 _06612_/X
 _06613_/X
 _06614_/X
 _06615_/X
 _06616_/X
 _06617_/X
 _06618_/X
 _06619_/X
 _06620_/X
 _06621_/X
 _06622_/X
 _06623_/X
 _06624_/X
 _06625_/X
 _06626_/X
 _06627_/X
 _06628_/X
 _06629_/X
 _06630_/X
 _06631_/X
 _06632_/X
 _06633_/X
 _06634_/X
 _06635_/X
 _06636_/X
 _06637_/X
 _06638_/X
 _06639_/X
 _06640_/X
 _06641_/X
 _06642_/X
 _06643_/X
 _06644_/X
 _06645_/X
 _06646_/X
 _06647_/X
 _06648_/X
 _06649_/X
 _06650_/X
 _06651_/X
 _06652_/X
 _06653_/X
 _06654_/X
 _06655_/X
 _06656_/X
 _06657_/X
 _06658_/X
 _06659_/X
 _06660_/X
 _06661_/X
 _06662_/X
 _06663_/X
 _06664_/X
 _06665_/X
 _06666_/X
 _06667_/X
 _06668_/X
 _06669_/X
 _06670_/X
 _06671_/X
 _06672_/X
 _06673_/X
 _06674_/Y
 _06675_/X
 _06676_/X
 _06677_/X
 _06678_/X
 _06679_/X
 _06680_/X
 _06681_/Y
 _06682_/X
 _06683_/X
 _06684_/X
 _06685_/X
 _06686_/X
 _06687_/X
 _06688_/X
 _06689_/X
 _06690_/X
 _06691_/X
 _06692_/X
 _06693_/X
 _06694_/X
 _06695_/X
 _06696_/X
 _06697_/X
 _06698_/X
 _06699_/X
 _06700_/X
 _06701_/X
 _06702_/X
 _06703_/X
 _06704_/X
 _06705_/X
 _06706_/X
 _06707_/X
 _06708_/X
 _06709_/Y
 _06710_/X
 _06711_/X
 _06712_/X
 _06713_/X
 _06714_/X
 _06715_/X
 _06716_/X
 _06717_/X
 _06718_/X
 _06719_/X
 _06720_/X
 _06721_/X
 _06722_/X
 _06723_/X
 _06724_/X
 _06725_/X
 _06726_/X
 _06727_/X
 _06728_/X
 _06729_/X
 _06730_/X
 _06731_/X
 _06732_/X
 _06733_/X
 _06734_/X
 _06735_/X
 _06736_/X
 _06737_/X
 _06738_/X
 _06739_/X
 _06740_/X
 _06741_/X
 _06742_/X
 _06743_/X
 _06744_/X
 _06745_/X
 _06746_/X
 _06747_/X
 _06748_/X
 _06749_/X
 _06750_/X
 _06751_/X
 _06752_/X
 _06753_/X
 _06754_/X
 _06755_/X
 _06756_/X
 _06757_/X
 _06758_/X
 _06759_/X
 _06760_/X
 _06761_/X
 _06762_/X
 _06763_/X
 _06764_/X
 _06765_/X
 _06766_/X
 _06767_/X
 _06768_/X
 _06769_/X
 _06770_/X
 _06771_/X
 _06772_/X
 _06773_/X
 _06774_/X
 _06775_/X
 _06776_/X
 _06777_/X
 _06778_/X
 _06779_/X
 _06780_/X
 _06781_/X
 _06782_/X
 _06783_/X
 _06784_/X
 _06785_/X
 _06786_/X
 _06787_/X
 _06788_/X
 _06789_/X
 _06790_/X
 _06791_/X
 _06792_/X
 _06793_/X
 _06794_/X
 _06795_/X
 _06796_/X
 _06797_/X
 _06798_/X
 _06799_/X
 _06800_/X
 _06801_/X
 _06802_/X
 _06803_/X
 _06804_/X
 _06805_/X
 _06806_/X
 _06807_/X
 _06808_/X
 _06809_/X
 _06810_/X
 _06811_/X
 _06812_/X
 _06813_/X
 _06814_/X
 _06815_/X
 _06816_/X
 _06817_/X
 _06818_/X
 _06819_/X
 _06820_/X
 _06821_/X
 _06822_/X
 _06823_/X
 _06824_/X
 _06825_/X
 _06826_/X
 _06827_/X
 _06828_/X
 _06829_/X
 _06830_/X
 _06831_/X
 _06832_/X
 _06833_/X
 _06834_/X
 _06835_/X
 _06836_/X
 _06837_/X
 _06838_/X
 _06839_/X
 _06840_/X
 _06841_/X
 _06842_/X
 _06843_/X
 _06844_/X
 _06845_/X
 _06846_/X
 _06847_/X
 _06848_/X
 _06849_/X
 _06850_/X
 _06851_/X
 _06852_/X
 _06853_/X
 _06854_/X
 _06855_/X
 _06856_/X
 _06857_/X
 _06858_/X
 _06859_/X
 _06860_/X
 _06861_/X
 _06862_/X
 _06863_/X
 _06864_/X
 _06865_/X
 _06866_/X
 _06867_/X
 _06868_/X
 _06869_/X
 _06870_/X
 _06871_/X
 _06872_/X
 _06873_/X
 _06874_/X
 _06875_/X
 _06876_/X
 _06877_/X
 _06878_/X
 _06879_/X
 _06880_/X
 _06881_/X
 _06882_/X
 _06883_/X
 _06884_/X
 _06885_/X
 _06886_/X
 _06887_/X
 _06888_/X
 _06889_/X
 _06890_/X
 _06891_/X
 _06892_/X
 _06893_/X
 _06894_/X
 _06895_/X
 _06896_/X
 _06897_/X
 _06898_/X
 _06899_/X
 _06900_/X
 _06901_/X
 _06902_/X
 _06903_/X
 _06904_/X
 _06905_/X
 _06906_/X
 _06907_/X
 _06908_/X
 _06909_/X
 _06910_/X
 _06911_/X
 _06912_/X
 _06913_/X
 _06914_/X
 _06915_/X
 _06916_/X
 _06917_/X
 _06918_/X
 _06919_/X
 _06920_/X
 _06921_/X
 _06922_/X
 _06923_/X
 _06924_/X
 _06925_/X
 _06926_/X
 _06927_/X
 _06928_/X
 _06929_/X
 _06930_/X
 _06931_/X
 _06932_/X
 _06933_/X
 _06934_/X
 _06935_/X
 _06936_/X
 _06937_/X
 _06938_/X
 _06939_/X
 _06940_/X
 _06941_/X
 _06942_/X
 _06943_/X
 _06944_/X
 _06945_/X
 _06946_/X
 _06947_/X
 _06948_/X
 _06949_/X
 _06950_/X
 _06951_/X
 _06952_/X
 _06953_/X
 _06954_/X
 _06955_/X
 _06956_/X
 _06957_/X
 _06958_/X
 _06959_/X
 _06960_/X
 _06961_/X
 _06962_/X
 _06963_/X
 _06964_/X
 _06965_/X
 _06966_/X
 _06967_/X
 _06968_/X
 _06969_/X
 _06970_/X
 _06971_/X
 _06972_/X
 _06973_/X
 _06974_/X
 _06975_/X
 _06976_/X
 _06977_/X
 _06978_/X
 _06979_/X
 _06980_/X
 _06981_/X
 _06982_/X
 _06983_/X
 _06984_/X
 _06985_/X
 _06986_/X
 _06987_/X
 _06988_/X
 _06989_/X
 _06990_/X
 _06991_/X
 _06992_/X
 _06993_/X
 _06994_/X
 _06995_/X
 _06996_/X
 _06997_/X
 _06998_/X
 _06999_/X
 _07000_/X
 _07001_/X
 _07002_/X
 _07003_/X
 _07004_/X
 _07005_/X
 _07006_/X
 _07007_/X
 _07008_/X
 _07009_/X
 _07010_/X
 _07011_/X
 _07012_/X
 _07013_/X
 _07014_/X
 _07015_/X
 _07016_/X
 _07017_/X
 _07018_/X
 _07019_/X
 _07020_/X
 _07021_/X
 _07022_/X
 _07023_/X
 _07024_/X
 _07025_/X
 _07026_/X
 _07027_/X
 _07028_/X
 _07029_/X
 _07030_/X
 _07031_/X
 _07032_/X
 _07033_/X
 _07034_/X
 _07035_/X
 _07036_/X
 _07037_/X
 _07038_/X
 _07039_/X
 _07040_/X
 _07041_/X
 _07042_/X
 _07043_/X
 _07044_/X
 _07045_/X
 _07046_/X
 _07047_/X
 _07048_/X
 _07049_/X
 _07050_/X
 _07051_/X
 _07052_/X
 _07053_/X
 _07054_/X
 _07055_/X
 _07056_/X
 _07057_/X
 _07058_/X
 _07059_/X
 _07060_/X
 _07061_/X
 _07062_/X
 _07063_/X
 _07064_/X
 _07065_/X
 _07066_/X
 _07067_/X
 _07068_/X
 _07069_/X
 _07070_/X
 _07071_/X
 _07072_/X
 _07073_/X
 _07074_/X
 _07075_/X
 _07076_/X
 _07077_/X
 _07078_/X
 _07079_/X
 _07080_/X
 _07081_/X
 _07082_/X
 _07083_/X
 _07084_/X
 _07085_/Y
 _07086_/X
 _07087_/X
 _07088_/X
 _07089_/X
 _07090_/X
 _07091_/X
 _07092_/Y
 _07093_/X
 _07094_/X
 _07095_/X
 _07096_/X
 _07097_/X
 _07098_/X
 _07099_/X
 _07100_/X
 _07101_/X
 _07102_/X
 _07103_/X
 _07104_/X
 _07105_/X
 _07106_/X
 _07107_/X
 _07108_/X
 _07109_/X
 _07110_/X
 _07111_/X
 _07112_/X
 _07113_/X
 _07114_/X
 _07115_/X
 _07116_/X
 _07117_/X
 _07118_/X
 _07119_/X
 _07120_/Y
 _07121_/X
 _07122_/X
 _07123_/X
 _07124_/X
 _07125_/X
 _07126_/X
 _07127_/X
 _07128_/X
 _07129_/X
 _07130_/X
 _07131_/X
 _07132_/X
 _07133_/X
 _07134_/X
 _07135_/X
 _07136_/X
 _07137_/X
 _07138_/X
 _07139_/X
 _07140_/X
 _07141_/X
 _07142_/X
 _07143_/X
 _07144_/X
 _07145_/X
 _07146_/X
 _07147_/X
 _07148_/X
 _07149_/X
 _07150_/X
 _07151_/X
 _07152_/X
 _07153_/X
 _07154_/X
 _07155_/X
 _07156_/X
 _07157_/X
 _07158_/X
 _07159_/X
 _07160_/X
 _07161_/X
 _07162_/X
 _07163_/X
 _07164_/X
 _07165_/X
 _07166_/X
 _07167_/X
 _07168_/X
 _07169_/X
 _07170_/X
 _07171_/X
 _07172_/X
 _07173_/X
 _07174_/X
 _07175_/X
 _07176_/X
 _07177_/X
 _07178_/X
 _07179_/X
 _07180_/X
 _07181_/X
 _07182_/X
 _07183_/X
 _07184_/X
 _07185_/X
 _07186_/X
 _07187_/X
 _07188_/X
 _07189_/X
 _07190_/X
 _07191_/X
 _07192_/X
 _07193_/X
 _07194_/X
 _07195_/X
 _07196_/X
 _07197_/X
 _07198_/X
 _07199_/X
 _07200_/X
 _07201_/X
 _07202_/X
 _07203_/X
 _07204_/X
 _07205_/X
 _07206_/X
 _07207_/X
 _07208_/X
 _07209_/X
 _07210_/X
 _07211_/X
 _07212_/X
 _07213_/X
 _07214_/X
 _07215_/X
 _07216_/X
 _07217_/X
 _07218_/X
 _07219_/X
 _07220_/X
 _07221_/X
 _07222_/X
 _07223_/X
 _07224_/X
 _07225_/X
 _07226_/X
 _07227_/X
 _07228_/X
 _07229_/X
 _07230_/X
 _07231_/X
 _07232_/X
 _07233_/X
 _07234_/X
 _07235_/X
 _07236_/X
 _07237_/X
 _07238_/X
 _07239_/X
 _07240_/X
 _07241_/X
 _07242_/X
 _07243_/X
 _07244_/X
 _07245_/X
 _07246_/X
 _07247_/X
 _07248_/X
 _07249_/X
 _07250_/X
 _07251_/X
 _07252_/X
 _07253_/X
 _07254_/X
 _07255_/X
 _07256_/X
 _07257_/X
 _07258_/X
 _07259_/X
 _07260_/X
 _07261_/X
 _07262_/X
 _07263_/X
 _07264_/X
 _07265_/X
 _07266_/X
 _07267_/X
 _07268_/X
 _07269_/X
 _07270_/X
 _07271_/X
 _07272_/X
 _07273_/X
 _07274_/X
 _07275_/X
 _07276_/X
 _07277_/X
 _07278_/X
 _07279_/X
 _07280_/X
 _07281_/X
 _07282_/X
 _07283_/X
 _07284_/X
 _07285_/X
 _07286_/X
 _07287_/X
 _07288_/X
 _07289_/X
 _07290_/X
 _07291_/X
 _07292_/X
 _07293_/X
 _07294_/X
 _07295_/X
 _07296_/X
 _07297_/X
 _07298_/X
 _07299_/X
 _07300_/X
 _07301_/X
 _07302_/X
 _07303_/X
 _07304_/X
 _07305_/X
 _07306_/X
 _07307_/X
 _07308_/X
 _07309_/X
 _07310_/X
 _07311_/X
 _07312_/X
 _07313_/X
 _07314_/X
 _07315_/X
 _07316_/X
 _07317_/X
 _07318_/X
 _07319_/X
 _07320_/X
 _07321_/X
 _07322_/X
 _07323_/X
 _07324_/X
 _07325_/X
 _07326_/X
 _07327_/X
 _07328_/X
 _07329_/X
 _07330_/X
 _07331_/X
 _07332_/X
 _07333_/X
 _07334_/X
 _07335_/X
 _07336_/X
 _07337_/X
 _07338_/X
 _07339_/X
 _07340_/X
 _07341_/X
 _07342_/X
 _07343_/X
 _07344_/X
 _07345_/X
 _07346_/X
 _07347_/X
 _07348_/X
 _07349_/X
 _07350_/X
 _07351_/X
 _07352_/X
 _07353_/X
 _07354_/X
 _07355_/X
 _07356_/X
 _07357_/X
 _07358_/X
 _07359_/X
 _07360_/X
 _07361_/X
 _07362_/X
 _07363_/X
 _07364_/X
 _07365_/X
 _07366_/X
 _07367_/X
 _07368_/X
 _07369_/X
 _07370_/X
 _07371_/X
 _07372_/X
 _07373_/X
 _07374_/X
 _07375_/X
 _07376_/X
 _07377_/X
 _07378_/X
 _07379_/X
 _07380_/X
 _07381_/X
 _07382_/X
 _07383_/X
 _07384_/X
 _07385_/X
 _07386_/X
 _07387_/X
 _07388_/X
 _07389_/X
 _07390_/X
 _07391_/X
 _07392_/X
 _07393_/X
 _07394_/X
 _07395_/X
 _07396_/X
 _07397_/X
 _07398_/X
 _07399_/X
 _07400_/X
 _07401_/X
 _07402_/X
 _07403_/X
 _07404_/X
 _07405_/X
 _07406_/X
 _07407_/X
 _07408_/X
 _07409_/X
 _07410_/X
 _07411_/X
 _07412_/X
 _07413_/X
 _07414_/X
 _07415_/X
 _07416_/X
 _07417_/X
 _07418_/X
 _07419_/X
 _07420_/X
 _07421_/X
 _07422_/X
 _07423_/X
 _07424_/X
 _07425_/X
 _07426_/X
 _07427_/X
 _07428_/X
 _07429_/X
 _07430_/X
 _07431_/X
 _07432_/X
 _07433_/X
 _07434_/X
 _07435_/X
 _07436_/X
 _07437_/X
 _07438_/X
 _07439_/X
 _07440_/X
 _07441_/X
 _07442_/X
 _07443_/X
 _07444_/X
 _07445_/X
 _07446_/X
 _07447_/X
 _07448_/X
 _07449_/X
 _07450_/X
 _07451_/X
 _07452_/X
 _07453_/X
 _07454_/X
 _07455_/X
 _07456_/X
 _07457_/X
 _07458_/X
 _07459_/X
 _07460_/X
 _07461_/X
 _07462_/X
 _07463_/X
 _07464_/X
 _07465_/X
 _07466_/X
 _07467_/X
 _07468_/X
 _07469_/X
 _07470_/X
 _07471_/X
 _07472_/X
 _07473_/X
 _07474_/X
 _07475_/X
 _07476_/X
 _07477_/X
 _07478_/X
 _07479_/X
 _07480_/X
 _07481_/X
 _07482_/X
 _07483_/X
 _07484_/X
 _07485_/X
 _07486_/X
 _07487_/X
 _07488_/X
 _07489_/X
 _07490_/X
 _07491_/X
 _07492_/X
 _07493_/X
 _07494_/X
 _07495_/X
 _07496_/X
 _07497_/X
 _07498_/X
 _07499_/X
 _07500_/X
 _07501_/X
 _07502_/X
 _07503_/X
 _07504_/X
 _07505_/X
 _07506_/X
 _07507_/X
 _07508_/X
 _07509_/X
 _07510_/X
 _07511_/X
 _07512_/X
 _07513_/X
 _07514_/X
 _07515_/X
 _07516_/X
 _07517_/X
 _07518_/X
 _07519_/X
 _07520_/X
 _07521_/X
 _07522_/X
 _07523_/X
 _07524_/X
 _07525_/X
 _07526_/X
 _07527_/X
 _07528_/X
 _07529_/X
 _07530_/X
 _07531_/X
 _07532_/X
 _07533_/X
 _07534_/X
 _07535_/X
 _07536_/X
 _07537_/X
 _07538_/X
 _07539_/X
 _07540_/X
 _07541_/X
 _07542_/X
 _07543_/X
 _07544_/X
 _07545_/X
 _07546_/X
 _07547_/X
 _07548_/X
 _07549_/X
 _07550_/X
 _07551_/X
 _07552_/X
 _07553_/X
 _07554_/X
 _07555_/X
 _07556_/X
 _07557_/X
 _07558_/X
 _07559_/X
 _07560_/X
 _07561_/X
 _07562_/X
 _07563_/X
 _07564_/X
 _07565_/X
 _07566_/X
 _07567_/X
 _07568_/X
 _07569_/X
 _07570_/X
 _07571_/X
 _07572_/X
 _07573_/X
 _07574_/X
 _07575_/X
 _07576_/X
 _07577_/X
 _07578_/X
 _07579_/X
 _07580_/X
 _07581_/X
 _07582_/X
 _07583_/X
 _07584_/X
 _07585_/X
 _07586_/X
 _07587_/X
 _07588_/X
 _07589_/X
 _07590_/X
 _07591_/X
 _07592_/X
 _07593_/X
 _07594_/X
 _07595_/X
 _07596_/X
 _07597_/X
 _07598_/X
 _07599_/X
 _07600_/X
 _07601_/X
 _07602_/X
 _07603_/X
 _07604_/X
 _07605_/X
 _07606_/X
 _07607_/X
 _07608_/X
 _07609_/X
 _07610_/X
 _07611_/X
 _07612_/X
 _07613_/X
 _07614_/X
 _07615_/X
 _07616_/X
 _07617_/X
 _07618_/X
 _07619_/X
 _07620_/X
 _07621_/X
 _07622_/X
 _07623_/X
 _07624_/X
 _07625_/X
 _07626_/X
 _07627_/X
 _07628_/X
 _07629_/X
 _07630_/X
 _07631_/X
 _07632_/X
 _07633_/X
 _07634_/X
 _07635_/X
 _07636_/X
 _07637_/X
 _07638_/X
 _07639_/X
 _07640_/X
 _07641_/X
 _07642_/X
 _07643_/X
 _07644_/X
 _07645_/X
 _07646_/X
 _07647_/X
 _07648_/X
 _07649_/X
 _07650_/X
 _07651_/X
 _07652_/X
 _07653_/X
 _07654_/X
 _07655_/X
 _07656_/X
 _07657_/X
 _07658_/X
 _07659_/X
 _07660_/X
 _07661_/X
 _07662_/X
 _07663_/X
 _07664_/X
 _07665_/X
 _07666_/X
 _07667_/X
 _07668_/X
 _07669_/X
 _07670_/X
 _07671_/X
 _07672_/X
 _07673_/X
 _07674_/X
 _07675_/X
 _07676_/X
 _07677_/X
 _07678_/X
 _07679_/X
 _07680_/X
 _07681_/X
 _07682_/X
 _07683_/X
 _07684_/X
 _07685_/X
 _07686_/X
 _07687_/X
 _07688_/X
 _07689_/X
 _07690_/X
 _07691_/X
 _07692_/X
 _07693_/X
 _07694_/X
 _07695_/X
 _07696_/X
 _07697_/X
 _07698_/X
 _07699_/X
 _07700_/X
 _07701_/X
 _07702_/X
 _07703_/X
 _07704_/X
 _07705_/X
 _07706_/X
 _07707_/X
 _07708_/X
 _07709_/X
 _07710_/X
 _07711_/X
 _07712_/X
 _07713_/X
 _07714_/X
 _07715_/X
 _07716_/X
 _07717_/X
 _07718_/X
 _07719_/X
 _07720_/X
 _07721_/X
 _07722_/X
 _07723_/X
 _07724_/X
 _07725_/X
 _07726_/X
 _07727_/X
 _07728_/X
 _07729_/X
 _07730_/X
 _07731_/X
 _07732_/X
 _07733_/X
 _07734_/X
 _07735_/X
 _07736_/X
 _07737_/X
 _07738_/X
 _07739_/X
 _07740_/X
 _07741_/X
 _07742_/X
 _07743_/X
 _07744_/X
 _07745_/X
 _07746_/X
 _07747_/X
 _07748_/X
 _07749_/X
 _07750_/X
 _07751_/X
 _07752_/X
 _07753_/X
 _07754_/X
 _07755_/X
 _07756_/X
 _07757_/X
 _07758_/X
 _07759_/X
 _07760_/X
 _07761_/X
 _07762_/X
 _07763_/X
 _07764_/X
 _07765_/X
 _07766_/X
 _07767_/X
 _07768_/X
 _07769_/X
 _07770_/X
 _07771_/X
 _07772_/X
 _07773_/X
 _07774_/X
 _07775_/X
 _07776_/X
 _07777_/X
 _07778_/X
 _07779_/X
 _07780_/X
 _07781_/X
 _07782_/X
 _07783_/X
 _07784_/X
 _07785_/X
 _07786_/X
 _07787_/X
 _07788_/X
 _07789_/X
 _07790_/X
 _07791_/X
 _07792_/X
 _07793_/X
 _07794_/X
 _07795_/X
 _07796_/X
 _07797_/X
 _07798_/X
 _07799_/X
 _07800_/X
 _07801_/X
 _07802_/X
 _07803_/X
 _07804_/X
 _07805_/X
 _07806_/X
 _07807_/X
 _07808_/X
 _07809_/X
 _07810_/X
 _07811_/X
 _07812_/X
 _07813_/X
 _07814_/X
 _07815_/X
 _07816_/X
 _07817_/X
 _07818_/X
 _07819_/X
 _07820_/X
 _07821_/X
 _07822_/X
 _07823_/X
 _07824_/X
 _07825_/X
 _07826_/X
 _07827_/X
 _07828_/X
 _07829_/X
 _07830_/X
 _07831_/X
 _07832_/X
 _07833_/X
 _07834_/X
 _07835_/X
 _07836_/X
 _07837_/X
 _07838_/X
 _07839_/X
 _07840_/X
 _07841_/X
 _07842_/X
 _07843_/X
 _07844_/X
 _07845_/X
 _07846_/X
 _07847_/X
 _07848_/X
 _07849_/X
 _07850_/X
 _07851_/X
 _07852_/X
 _07853_/X
 _07854_/X
 _07855_/X
 _07856_/X
 _07857_/X
 _07858_/X
 _07859_/X
 _07860_/X
 _07861_/X
 _07862_/X
 _07863_/X
 _07864_/X
 _07865_/X
 _07866_/X
 _07867_/X
 _07868_/X
 _07869_/X
 _07870_/X
 _07871_/X
 _07872_/X
 _07873_/X
 _07874_/X
 _07875_/X
 _07876_/X
 _07877_/X
 _07878_/X
 _07879_/X
 _07880_/X
 _07881_/X
 _07882_/X
 _07883_/X
 _07884_/X
 _07885_/X
 _07886_/X
 _07887_/X
 _07888_/X
 _07889_/X
 _07890_/X
 _07891_/X
 _07892_/X
 _07893_/X
 _07894_/X
 _07895_/X
 _07896_/X
 _07897_/X
 _07898_/X
 _07899_/X
 _07900_/X
 _07901_/X
 _07902_/X
 _07903_/X
 _07904_/X
 _07905_/X
 _07906_/X
 _07907_/X
 _07908_/X
 _07909_/X
 _07910_/X
 _07911_/X
 _07912_/X
 _07913_/X
 _07914_/X
 _07915_/X
 _07916_/X
 _07917_/X
 _07918_/X
 _07919_/X
 _07920_/X
 _07921_/X
 _07922_/X
 _07923_/X
 _07924_/X
 _07925_/X
 _07926_/X
 _07927_/X
 _07928_/X
 _07929_/X
 _07930_/X
 _07931_/X
 _07932_/X
 _07933_/X
 _07934_/X
 _07935_/X
 _07936_/X
 _07937_/X
 _07938_/X
 _07939_/X
 _07940_/X
 _07941_/X
 _07942_/X
 _07943_/X
 _07944_/X
 _07945_/X
 _07946_/X
 _07947_/X
 _07948_/X
 _07949_/X
 _07950_/X
 _07951_/X
 _07952_/X
 _07953_/X
 _07954_/X
 _07955_/X
 _07956_/X
 _07957_/X
 _07958_/X
 _07959_/X
 _07960_/X
 _07961_/X
 _07962_/X
 _07963_/X
 _07964_/X
 _07965_/X
 _07966_/X
 _07967_/X
 _07968_/X
 _07969_/X
 _07970_/X
 _07971_/X
 _07972_/X
 _07973_/X
 _07974_/X
 _07975_/X
 _07976_/X
 _07977_/X
 _07978_/X
 _07979_/X
 _07980_/X
 _07981_/X
 _07982_/X
 _07983_/X
 _07984_/X
 _07985_/X
 _07986_/X
 _07987_/X
 _07988_/X
 _07989_/Y
 _07990_/Y
 _07991_/Y
 _07992_/Y
 _07993_/Y
 _07994_/Y
 _07995_/Y
 _07996_/Y
 _07997_/Y
 _07998_/Y
 _07999_/Y
 _08000_/Y
 _08001_/Y
 _08002_/Y
 _08003_/Y
 _08004_/Y
 _08005_/Y
 _08006_/Y
 _08007_/Y
 _08008_/X
 _08009_/X
 _08010_/Y
 _08011_/Y
 _08012_/Y
 _08013_/Y
 _08014_/Y
 _08015_/Y
 _08016_/Y
 _08017_/Y
 _08018_/Y
 _08019_/Y
 _08020_/Y
 _08021_/Y
 _08022_/Y
 _08023_/Y
 _08024_/Y
 _08025_/Y
 _08026_/Y
 _08027_/Y
 _08028_/Y
 _08029_/X
 _08030_/Y
 _08031_/Y
 _08032_/Y
 _08033_/Y
 _08034_/Y
 _08035_/Y
 _08036_/Y
 _08037_/Y
 _08038_/Y
 _08039_/Y
 _08040_/Y
 _08041_/Y
 _08042_/Y
 _08043_/Y
 _08044_/Y
 _08045_/Y
 _08046_/Y
 _08047_/Y
 _08048_/Y
 _08049_/X
 _08050_/Y
 _08051_/Y
 _08052_/Y
 _08053_/Y
 _08054_/Y
 _08055_/Y
 _08056_/Y
 _08057_/Y
 _08058_/Y
 _08059_/Y
 _08060_/Y
 _08061_/Y
 _08062_/Y
 _08063_/Y
 _08064_/Y
 _08065_/Y
 _08066_/Y
 _08067_/Y
 _08068_/Y
 _08069_/X
 _08070_/Y
 _08071_/Y
 _08072_/Y
 _08073_/Y
 _08074_/Y
 _08075_/Y
 _08076_/Y
 _08077_/Y
 _08078_/Y
 _08079_/Y
 _08080_/Y
 _08081_/Y
 _08082_/Y
 _08083_/Y
 _08084_/Y
 _08085_/Y
 _08086_/Y
 _08087_/Y
 _08088_/Y
 _08089_/X
 _08090_/Y
 _08091_/Y
 _08092_/Y
 _08093_/Y
 _08094_/Y
 _08095_/Y
 _08096_/Y
 _08097_/Y
 _08098_/Y
 _08099_/Y
 _08100_/Y
 _08101_/Y
 _08102_/Y
 _08103_/Y
 _08104_/Y
 _08105_/Y
 _08106_/Y
 _08107_/Y
 _08108_/Y
 _08109_/X
 _08110_/Y
 _08111_/Y
 _08112_/Y
 _08113_/Y
 _08114_/Y
 _08115_/Y
 _08116_/Y
 _08117_/Y
 _08118_/Y
 _08119_/Y
 _08120_/Y
 _08121_/Y
 _08122_/Y
 _08123_/Y
 _08124_/Y
 _08125_/Y
 _08126_/Y
 _08127_/Y
 _08128_/Y
 _08129_/X
 _08130_/Y
 _08131_/Y
 _08132_/Y
 _08133_/Y
 _08134_/Y
 _08135_/Y
 _08136_/Y
 _08137_/Y
 _08138_/Y
 _08139_/Y
 _08140_/Y
 _08141_/Y
 _08142_/Y
 _08143_/Y
 _08144_/Y
 _08145_/Y
 _08146_/Y
 _08147_/Y
 _08148_/Y
 _08149_/X
 _08150_/Y
 _08151_/Y
 _08152_/Y
 _08153_/Y
 _08154_/Y
 _08155_/Y
 _08156_/Y
 _08157_/Y
 _08158_/Y
 _08159_/Y
 _08160_/Y
 _08161_/Y
 _08162_/Y
 _08163_/Y
 _08164_/Y
 _08165_/Y
 _08166_/Y
 _08167_/Y
 _08168_/Y
 _08169_/X
 _08170_/Y
 _08171_/Y
 _08172_/Y
 _08173_/Y
 _08174_/Y
 _08175_/Y
 _08176_/Y
 _08177_/Y
 _08178_/Y
 _08179_/Y
 _08180_/Y
 _08181_/Y
 _08182_/Y
 _08183_/Y
 _08184_/Y
 _08185_/Y
 _08186_/Y
 _08187_/Y
 _08188_/Y
 _08189_/X
 _08190_/Y
 _08191_/Y
 _08192_/Y
 _08193_/Y
 _08194_/Y
 _08195_/Y
 _08196_/Y
 _08197_/Y
 _08198_/Y
 _08199_/Y
 _08200_/Y
 _08201_/Y
 _08202_/Y
 _08203_/Y
 _08204_/Y
 _08205_/Y
 _08206_/Y
 _08207_/Y
 _08208_/Y
 _08209_/X
 _08210_/X
 _08211_/Y
 _08212_/Y
 _08213_/Y
 _08214_/Y
 _08215_/Y
 _08216_/Y
 _08217_/Y
 _08218_/Y
 _08219_/Y
 _08220_/Y
 _08221_/Y
 _08222_/Y
 _08223_/Y
 _08224_/Y
 _08225_/Y
 _08226_/Y
 _08227_/Y
 _08228_/Y
 _08229_/Y
 _08230_/X
 _08231_/Y
 _08232_/Y
 _08233_/Y
 _08234_/Y
 _08235_/Y
 _08236_/Y
 _08237_/Y
 _08238_/Y
 _08239_/Y
 _08240_/Y
 _08241_/Y
 _08242_/Y
 _08243_/Y
 _08244_/Y
 _08245_/Y
 _08246_/Y
 _08247_/Y
 _08248_/Y
 _08249_/Y
 _08250_/X
 _08251_/Y
 _08252_/Y
 _08253_/Y
 _08254_/Y
 _08255_/Y
 _08256_/Y
 _08257_/Y
 _08258_/Y
 _08259_/Y
 _08260_/Y
 _08261_/Y
 _08262_/Y
 _08263_/Y
 _08264_/Y
 _08265_/Y
 _08266_/Y
 _08267_/Y
 _08268_/Y
 _08269_/Y
 _08270_/X
 _08271_/Y
 _08272_/Y
 _08273_/Y
 _08274_/Y
 _08275_/Y
 _08276_/Y
 _08277_/Y
 _08278_/Y
 _08279_/Y
 _08280_/Y
 _08281_/Y
 _08282_/Y
 _08283_/Y
 _08284_/Y
 _08285_/Y
 _08286_/Y
 _08287_/Y
 _08288_/Y
 _08289_/Y
 _08290_/X
 _08291_/Y
 _08292_/Y
 _08293_/Y
 _08294_/Y
 _08295_/Y
 _08296_/Y
 _08297_/Y
 _08298_/Y
 _08299_/Y
 _08300_/Y
 _08301_/Y
 _08302_/Y
 _08303_/Y
 _08304_/Y
 _08305_/Y
 _08306_/Y
 _08307_/Y
 _08308_/Y
 _08309_/Y
 _08310_/X
 _08311_/Y
 _08312_/Y
 _08313_/Y
 _08314_/Y
 _08315_/Y
 _08316_/Y
 _08317_/Y
 _08318_/Y
 _08319_/Y
 _08320_/Y
 _08321_/Y
 _08322_/Y
 _08323_/Y
 _08324_/Y
 _08325_/Y
 _08326_/Y
 _08327_/Y
 _08328_/Y
 _08329_/Y
 _08330_/X
 _08331_/Y
 _08332_/Y
 _08333_/Y
 _08334_/Y
 _08335_/Y
 _08336_/Y
 _08337_/Y
 _08338_/Y
 _08339_/Y
 _08340_/Y
 _08341_/Y
 _08342_/Y
 _08343_/Y
 _08344_/Y
 _08345_/Y
 _08346_/Y
 _08347_/Y
 _08348_/Y
 _08349_/Y
 _08350_/X
 _08351_/Y
 _08352_/Y
 _08353_/Y
 _08354_/Y
 _08355_/Y
 _08356_/Y
 _08357_/Y
 _08358_/Y
 _08359_/Y
 _08360_/Y
 _08361_/Y
 _08362_/Y
 _08363_/Y
 _08364_/Y
 _08365_/Y
 _08366_/Y
 _08367_/Y
 _08368_/Y
 _08369_/Y
 _08370_/X
 _08371_/Y
 _08372_/Y
 _08373_/Y
 _08374_/Y
 _08375_/Y
 _08376_/Y
 _08377_/Y
 _08378_/Y
 _08379_/Y
 _08380_/Y
 _08381_/Y
 _08382_/Y
 _08383_/Y
 _08384_/Y
 _08385_/Y
 _08386_/Y
 _08387_/Y
 _08388_/Y
 _08389_/Y
 _08390_/X
 _08391_/Y
 _08392_/Y
 _08393_/Y
 _08394_/Y
 _08395_/Y
 _08396_/Y
 _08397_/Y
 _08398_/Y
 _08399_/Y
 _08400_/Y
 _08401_/Y
 _08402_/Y
 _08403_/Y
 _08404_/Y
 _08405_/Y
 _08406_/Y
 _08407_/Y
 _08408_/Y
 _08409_/Y
 _08410_/X
 _08411_/X
 _08412_/Y
 _08413_/Y
 _08414_/Y
 _08415_/Y
 _08416_/Y
 _08417_/Y
 _08418_/Y
 _08419_/Y
 _08420_/Y
 _08421_/Y
 _08422_/Y
 _08423_/Y
 _08424_/Y
 _08425_/Y
 _08426_/Y
 _08427_/Y
 _08428_/Y
 _08429_/Y
 _08430_/Y
 _08431_/X
 _08432_/Y
 _08433_/Y
 _08434_/Y
 _08435_/Y
 _08436_/Y
 _08437_/Y
 _08438_/Y
 _08439_/Y
 _08440_/Y
 _08441_/Y
 _08442_/Y
 _08443_/Y
 _08444_/Y
 _08445_/Y
 _08446_/Y
 _08447_/Y
 _08448_/Y
 _08449_/Y
 _08450_/Y
 _08451_/X
 _08452_/Y
 _08453_/Y
 _08454_/Y
 _08455_/Y
 _08456_/Y
 _08457_/Y
 _08458_/Y
 _08459_/Y
 _08460_/Y
 _08461_/Y
 _08462_/Y
 _08463_/Y
 _08464_/Y
 _08465_/Y
 _08466_/Y
 _08467_/Y
 _08468_/Y
 _08469_/Y
 _08470_/Y
 _08471_/X
 _08472_/Y
 _08473_/Y
 _08474_/Y
 _08475_/Y
 _08476_/Y
 _08477_/Y
 _08478_/Y
 _08479_/Y
 _08480_/Y
 _08481_/Y
 _08482_/Y
 _08483_/Y
 _08484_/Y
 _08485_/Y
 _08486_/Y
 _08487_/Y
 _08488_/Y
 _08489_/Y
 _08490_/Y
 _08491_/X
 _08492_/Y
 _08493_/Y
 _08494_/Y
 _08495_/Y
 _08496_/Y
 _08497_/Y
 _08498_/Y
 _08499_/Y
 _08500_/Y
 _08501_/Y
 _08502_/Y
 _08503_/Y
 _08504_/Y
 _08505_/Y
 _08506_/Y
 _08507_/Y
 _08508_/Y
 _08509_/Y
 _08510_/Y
 _08511_/X
 _08512_/Y
 _08513_/Y
 _08514_/Y
 _08515_/Y
 _08516_/Y
 _08517_/Y
 _08518_/Y
 _08519_/Y
 _08520_/Y
 _08521_/Y
 _08522_/Y
 _08523_/Y
 _08524_/Y
 _08525_/Y
 _08526_/Y
 _08527_/Y
 _08528_/Y
 _08529_/Y
 _08530_/Y
 _08531_/X
 _08532_/Y
 _08533_/Y
 _08534_/Y
 _08535_/Y
 _08536_/Y
 _08537_/Y
 _08538_/Y
 _08539_/Y
 _08540_/Y
 _08541_/Y
 _08542_/Y
 _08543_/Y
 _08544_/Y
 _08545_/Y
 _08546_/Y
 _08547_/Y
 _08548_/Y
 _08549_/Y
 _08550_/Y
 _08551_/X
 _08552_/Y
 _08553_/Y
 _08554_/Y
 _08555_/Y
 _08556_/Y
 _08557_/Y
 _08558_/Y
 _08559_/Y
 _08560_/Y
 _08561_/Y
 _08562_/Y
 _08563_/Y
 _08564_/Y
 _08565_/Y
 _08566_/Y
 _08567_/Y
 _08568_/Y
 _08569_/Y
 _08570_/Y
 _08571_/X
 _08572_/Y
 _08573_/Y
 _08574_/Y
 _08575_/Y
 _08576_/Y
 _08577_/Y
 _08578_/Y
 _08579_/Y
 _08580_/Y
 _08581_/Y
 _08582_/Y
 _08583_/Y
 _08584_/Y
 _08585_/Y
 _08586_/Y
 _08587_/Y
 _08588_/Y
 _08589_/Y
 _08590_/Y
 _08591_/X
 _08592_/Y
 _08593_/Y
 _08594_/Y
 _08595_/Y
 _08596_/Y
 _08597_/Y
 _08598_/Y
 _08599_/Y
 _08600_/Y
 _08601_/Y
 _08602_/Y
 _08603_/Y
 _08604_/Y
 _08605_/Y
 _08606_/Y
 _08607_/Y
 _08608_/Y
 _08609_/Y
 _08610_/Y
 _08611_/X
 _08612_/X
 _08613_/Y
 _08614_/Y
 _08615_/Y
 _08616_/Y
 _08617_/Y
 _08618_/Y
 _08619_/Y
 _08620_/Y
 _08621_/Y
 _08622_/Y
 _08623_/Y
 _08624_/Y
 _08625_/Y
 _08626_/Y
 _08627_/Y
 _08628_/Y
 _08629_/Y
 _08630_/Y
 _08631_/Y
 _08632_/X
 _08633_/Y
 _08634_/Y
 _08635_/Y
 _08636_/Y
 _08637_/Y
 _08638_/Y
 _08639_/Y
 _08640_/Y
 _08641_/Y
 _08642_/Y
 _08643_/Y
 _08644_/Y
 _08645_/Y
 _08646_/Y
 _08647_/Y
 _08648_/Y
 _08649_/Y
 _08650_/Y
 _08651_/Y
 _08652_/X
 _08653_/Y
 _08654_/Y
 _08655_/Y
 _08656_/Y
 _08657_/Y
 _08658_/Y
 _08659_/Y
 _08660_/Y
 _08661_/Y
 _08662_/Y
 _08663_/Y
 _08664_/Y
 _08665_/Y
 _08666_/Y
 _08667_/Y
 _08668_/Y
 _08669_/Y
 _08670_/Y
 _08671_/Y
 _08672_/X
 _08673_/Y
 _08674_/Y
 _08675_/Y
 _08676_/Y
 _08677_/Y
 _08678_/Y
 _08679_/Y
 _08680_/Y
 _08681_/Y
 _08682_/Y
 _08683_/Y
 _08684_/Y
 _08685_/Y
 _08686_/Y
 _08687_/Y
 _08688_/Y
 _08689_/Y
 _08690_/Y
 _08691_/Y
 _08692_/X
 _08693_/Y
 _08694_/Y
 _08695_/Y
 _08696_/Y
 _08697_/Y
 _08698_/Y
 _08699_/Y
 _08700_/Y
 _08701_/Y
 _08702_/Y
 _08703_/Y
 _08704_/Y
 _08705_/Y
 _08706_/Y
 _08707_/Y
 _08708_/Y
 _08709_/Y
 _08710_/Y
 _08711_/Y
 _08712_/X
 _08713_/Y
 _08714_/Y
 _08715_/Y
 _08716_/Y
 _08717_/Y
 _08718_/Y
 _08719_/Y
 _08720_/Y
 _08721_/Y
 _08722_/Y
 _08723_/Y
 _08724_/Y
 _08725_/Y
 _08726_/Y
 _08727_/Y
 _08728_/Y
 _08729_/Y
 _08730_/Y
 _08731_/Y
 _08732_/X
 _08733_/Y
 _08734_/Y
 _08735_/Y
 _08736_/Y
 _08737_/Y
 _08738_/Y
 _08739_/Y
 _08740_/Y
 _08741_/Y
 _08742_/Y
 _08743_/Y
 _08744_/Y
 _08745_/Y
 _08746_/Y
 _08747_/Y
 _08748_/Y
 _08749_/Y
 _08750_/Y
 _08751_/Y
 _08752_/X
 _08753_/Y
 _08754_/Y
 _08755_/Y
 _08756_/Y
 _08757_/Y
 _08758_/Y
 _08759_/Y
 _08760_/Y
 _08761_/Y
 _08762_/Y
 _08763_/Y
 _08764_/Y
 _08765_/Y
 _08766_/Y
 _08767_/Y
 _08768_/Y
 _08769_/Y
 _08770_/Y
 _08771_/Y
 _08772_/X
 _08773_/Y
 _08774_/Y
 _08775_/Y
 _08776_/Y
 _08777_/Y
 _08778_/Y
 _08779_/Y
 _08780_/Y
 _08781_/Y
 _08782_/Y
 _08783_/Y
 _08784_/Y
 _08785_/Y
 _08786_/Y
 _08787_/Y
 _08788_/Y
 _08789_/Y
 _08790_/Y
 _08791_/Y
 _08792_/X
 _08793_/Y
 _08794_/Y
 _08795_/Y
 _08796_/Y
 _08797_/Y
 _08798_/Y
 _08799_/Y
 _08800_/Y
 _08801_/Y
 _08802_/Y
 _08803_/Y
 _08804_/Y
 _08805_/Y
 _08806_/Y
 _08807_/Y
 _08808_/Y
 _08809_/Y
 _08810_/Y
 _08811_/Y
 _08812_/X
 _08813_/X
 _08814_/Y
 _08815_/Y
 _08816_/Y
 _08817_/Y
 _08818_/Y
 _08819_/Y
 _08820_/Y
 _08821_/Y
 _08822_/Y
 _08823_/Y
 _08824_/Y
 _08825_/Y
 _08826_/Y
 _08827_/Y
 _08828_/Y
 _08829_/Y
 _08830_/Y
 _08831_/Y
 _08832_/Y
 _08833_/X
 _08834_/Y
 _08835_/Y
 _08836_/Y
 _08837_/Y
 _08838_/Y
 _08839_/Y
 _08840_/Y
 _08841_/Y
 _08842_/Y
 _08843_/Y
 _08844_/Y
 _08845_/Y
 _08846_/Y
 _08847_/Y
 _08848_/Y
 _08849_/Y
 _08850_/Y
 _08851_/Y
 _08852_/Y
 _08853_/X
 _08854_/Y
 _08855_/Y
 _08856_/Y
 _08857_/Y
 _08858_/Y
 _08859_/Y
 _08860_/Y
 _08861_/Y
 _08862_/Y
 _08863_/Y
 _08864_/Y
 _08865_/Y
 _08866_/Y
 _08867_/Y
 _08868_/Y
 _08869_/Y
 _08870_/Y
 _08871_/Y
 _08872_/Y
 _08873_/X
 _08874_/Y
 _08875_/Y
 _08876_/Y
 _08877_/Y
 _08878_/Y
 _08879_/Y
 _08880_/Y
 _08881_/Y
 _08882_/Y
 _08883_/Y
 _08884_/Y
 _08885_/Y
 _08886_/Y
 _08887_/Y
 _08888_/Y
 _08889_/Y
 _08890_/Y
 _08891_/Y
 _08892_/Y
 _08893_/X
 _08894_/Y
 _08895_/Y
 _08896_/Y
 _08897_/Y
 _08898_/Y
 _08899_/Y
 _08900_/Y
 _08901_/Y
 _08902_/Y
 _08903_/Y
 _08904_/Y
 _08905_/Y
 _08906_/Y
 _08907_/Y
 _08908_/Y
 _08909_/Y
 _08910_/Y
 _08911_/Y
 _08912_/Y
 _08913_/X
 _08914_/Y
 _08915_/Y
 _08916_/Y
 _08917_/Y
 _08918_/Y
 _08919_/Y
 _08920_/Y
 _08921_/Y
 _08922_/Y
 _08923_/Y
 _08924_/Y
 _08925_/Y
 _08926_/Y
 _08927_/Y
 _08928_/Y
 _08929_/Y
 _08930_/Y
 _08931_/Y
 _08932_/Y
 _08933_/X
 _08934_/Y
 _08935_/Y
 _08936_/Y
 _08937_/Y
 _08938_/Y
 _08939_/Y
 _08940_/Y
 _08941_/Y
 _08942_/Y
 _08943_/Y
 _08944_/Y
 _08945_/Y
 _08946_/Y
 _08947_/Y
 _08948_/Y
 _08949_/Y
 _08950_/Y
 _08951_/Y
 _08952_/Y
 _08953_/X
 _08954_/Y
 _08955_/Y
 _08956_/Y
 _08957_/Y
 _08958_/Y
 _08959_/Y
 _08960_/Y
 _08961_/Y
 _08962_/Y
 _08963_/Y
 _08964_/Y
 _08965_/Y
 _08966_/Y
 _08967_/Y
 _08968_/Y
 _08969_/Y
 _08970_/Y
 _08971_/Y
 _08972_/Y
 _08973_/X
 _08974_/Y
 _08975_/Y
 _08976_/Y
 _08977_/Y
 _08978_/Y
 _08979_/Y
 _08980_/Y
 _08981_/Y
 _08982_/Y
 _08983_/Y
 _08984_/Y
 _08985_/Y
 _08986_/Y
 _08987_/Y
 _08988_/Y
 _08989_/Y
 _08990_/Y
 _08991_/Y
 _08992_/Y
 _08993_/X
 _08994_/Y
 _08995_/Y
 _08996_/Y
 _08997_/Y
 _08998_/Y
 _08999_/Y
 _09000_/Y
 _09001_/Y
 _09002_/Y
 _09003_/Y
 _09004_/Y
 _09005_/Y
 _09006_/Y
 _09007_/Y
 _09008_/Y
 _09009_/Y
 _09010_/Y
 _09011_/Y
 _09012_/Y
 _09013_/X
 _09014_/Y
 _09015_/Y
 _09016_/Y
 _09017_/Y
 _09018_/Y
 _09019_/Y
 _09020_/Y
 _09021_/Y
 _09022_/Y
 _09023_/Y
 _09024_/Y
 _09025_/Y
 _09026_/Y
 _09027_/Y
 _09028_/Y
 _09029_/Y
 _09030_/Y
 _09031_/Y
 _09032_/Y
 _09033_/X
 _09034_/Y
 _09035_/Y
 _09036_/Y
 _09037_/Y
 _09038_/Y
 _09039_/Y
 _09040_/Y
 _09041_/Y
 _09042_/Y
 _09043_/Y
 _09044_/Y
 _09045_/Y
 _09046_/Y
 _09047_/Y
 _09048_/Y
 _09049_/Y
 _09050_/Y
 _09051_/Y
 _09052_/Y
 _09053_/Y
 _09054_/Y
 _09055_/Y
 _09056_/Y
 _09057_/Y
 _09058_/Y
 _09059_/Y
 _09060_/Y
 _09061_/Y
 _09062_/Y
 _09063_/Y
 _09064_/Y
 _09065_/Y
 _09066_/Y
 _09067_/Y
 _09068_/Y
 _09069_/Y
 _09070_/Q
 _09071_/Q
 _09072_/Q
 _09073_/Q
 _09074_/Q
 _09075_/Q
 _09076_/Q
 _09077_/Q
 _09078_/Q
 _09079_/Q
 _09080_/Q
 _09081_/Q
 _09082_/Q
 _09083_/Q
 _09084_/Q
 _09085_/Q
 _09086_/Q
 _09087_/Q
 _09088_/Q
 _09089_/Q
 _09090_/Q
 _09091_/Q
 _09092_/Q
 _09093_/Q
 _09094_/Q
 _09095_/Q
 _09096_/Q
 _09097_/Q
 _09098_/Q
 _09099_/Q
 _09100_/Q
 _09101_/Q
 _09102_/Q
 _09103_/Q
 _09104_/Q
 _09105_/Q
 _09106_/Q
 _09107_/Q
 _09108_/Q
 _09109_/Q
 _09110_/Q
 _09111_/Q
 _09112_/Q
 _09113_/Q
 _09114_/Q
 _09115_/Q
 _09116_/Q
 _09117_/Q
 _09118_/Q
 _09119_/Q
 _09120_/Q
 _09121_/Q
 _09122_/Q
 _09123_/Q
 _09124_/Q
 _09125_/Q
 _09126_/Q
 _09127_/Q
 _09128_/Q
 _09129_/Q
 _09130_/Q
 _09131_/Q
 _09132_/Q
 _09133_/Q
 _09134_/Q
 _09135_/Q
 _09136_/Q
 _09137_/Q
 _09138_/Q
 _09139_/Q
 _09140_/Q
 _09141_/Q
 _09142_/Q
 _09143_/Q
 _09144_/Q
 _09145_/Q
 _09146_/Q
 _09147_/Q
 _09148_/Q
 _09149_/Q
 _09150_/Q
 _09151_/Q
 _09152_/Q
 _09153_/Q
 _09154_/Q
 _09155_/Q
 _09156_/Q
 _09157_/Q
 _09158_/Q
 _09159_/Q
 _09160_/Q
 _09161_/Q
 _09162_/Q
 _09163_/Q
 _09164_/Q
 _09165_/Q
 _09166_/Q
 _09167_/Q
 _09168_/Q
 _09169_/Q
 _09170_/Q
 _09171_/Q
 _09172_/Q
 _09173_/Q
 _09174_/Q
 _09175_/Q
 _09176_/Q
 _09177_/Q
 _09178_/Q
 _09179_/Q
 _09180_/Q
 _09181_/Q
 _09182_/Q
 _09183_/Q
 _09184_/Q
 _09185_/Q
 _09186_/Q
 _09187_/Q
 _09188_/Q
 _09189_/Q
 _09190_/Q
 _09191_/Q
 _09192_/Q
 _09193_/Q
 _09194_/Q
 _09195_/Q
 _09196_/Q
 _09197_/Q
 _09198_/Q
 _09199_/Q
 _09200_/Q
 _09201_/Q
 _09202_/Q
 _09203_/Q
 _09204_/Q
 _09205_/Q
 _09206_/Q
 _09207_/Q
 _09208_/Q
 _09209_/Q
 _09210_/Q
 _09211_/Q
 _09212_/Q
 _09213_/Q
 _09214_/Q
 _09215_/Q
 _09216_/Q
 _09217_/Q
 _09218_/Q
 _09219_/Q
 _09220_/Q
 _09221_/Q
 _09222_/Q
 _09223_/Q
 _09224_/Q
 _09225_/Q
 _09226_/Q
 _09227_/Q
 _09228_/Q
 _09229_/Q
 _09230_/Q
 _09231_/Q
 _09232_/Q
 _09233_/Q
 _09234_/Q
 _09235_/Q
 _09236_/Q
 _09237_/Q
 _09238_/Q
 _09239_/Q
 _09240_/Q
 _09241_/Q
 _09242_/Q
 _09243_/Q
 _09244_/Q
 _09245_/Q
 _09246_/Q
 _09247_/Q
 _09248_/Q
 _09249_/Q
 _09250_/Q
 _09251_/Q
 _09252_/Q
 _09253_/Q
 _09254_/Q
 _09255_/Q
 _09256_/Q
 _09257_/Q
 _09258_/Q
 _09259_/Q
 _09260_/Q
 _09261_/Q
 _09262_/Q
 _09263_/Q
 _09264_/Q
 _09265_/Q
 _09266_/Q
 _09267_/Q
 _09268_/Q
 _09269_/Q
 _09270_/Q
 _09271_/Q
 _09272_/Q
 _09273_/Q
 _09274_/Q
 _09275_/Q
 _09276_/Q
 _09277_/Q
 _09278_/Q
 _09279_/Q
 _09280_/Q
 _09281_/Q
 _09282_/Q
 _09283_/Q
 _09284_/Q
 _09285_/Q
 _09286_/Q
 _09287_/Q
 _09288_/Q
 _09289_/Q
 _09290_/Q
 _09291_/Q
 _09292_/Q
 _09293_/Q
 _09294_/Q
 _09295_/Q
 _09296_/Q
 _09297_/Q
 _09298_/Q
 _09299_/Q
 _09300_/Q
 _09301_/Q
 _09302_/Q
 _09303_/Q
 _09304_/Q
 _09305_/Q
 _09306_/Q
 _09307_/Q
 _09308_/Q
 _09309_/Q
 _09310_/Q
 _09311_/Q
 _09312_/Q
 _09313_/Q
 _09314_/Q
 _09315_/Q
 _09316_/Q
 _09317_/Q
 _09318_/Q
 _09319_/Q
 _09320_/Q
 _09321_/Q
 _09322_/Q
 _09323_/Q
 _09324_/Q
 _09325_/Q
 _09326_/Q
 _09327_/Q
 _09328_/Q
 _09329_/Q
 _09330_/Q
 _09331_/Q
 _09332_/Q
 _09333_/Q
 _09334_/Q
 _09335_/Q
 _09336_/Q
 _09337_/Q
 _09338_/Q
 _09339_/Q
 _09340_/Q
 _09341_/Q
 _09342_/Q
 _09343_/Q
 _09344_/Q
 _09345_/Q
 _09346_/Q
 _09347_/Q
 _09348_/Q
 _09349_/Q
 _09350_/Q
 _09351_/Q
 _09352_/Q
 _09353_/Q
 _09354_/Q
 _09355_/Q
 _09356_/Q
 _09357_/Q
 _09358_/Q
 _09359_/Q
 _09360_/Q
 _09361_/Q
 _09362_/Q
 _09363_/Q
 _09364_/Q
 _09365_/Q
 _09366_/Q
 _09367_/Q
 _09368_/Q
 _09369_/Q
 _09370_/Q
 _09371_/Q
 _09372_/Q
 _09373_/Q
 _09374_/Q
 _09375_/Q
 _09376_/Q
 _09377_/Q
 _09378_/Q
 _09379_/Q
 _09380_/Q
 _09381_/Q
 _09382_/Q
 _09383_/Q
 _09384_/Q
 _09385_/Q
 _09386_/Q
 _09387_/Q
 _09388_/Q
 _09389_/Q
 _09390_/Q
 _09391_/Q
 _09392_/Q
 _09393_/Q
 _09394_/Q
 _09395_/Q
 _09396_/Q
 _09397_/Q
 _09398_/Q
 _09399_/Q
 _09400_/Q
 _09401_/Q
 _09402_/Q
 _09403_/Q
 _09404_/Q
 _09405_/Q
 _09406_/Q
 _09407_/Q
 _09408_/Q
 _09409_/Q
 _09410_/Q
 _09411_/Q
 _09412_/Q
 _09413_/Q
 _09414_/Q
 _09415_/Q
 _09416_/Q
 _09417_/Q
 _09418_/Q
 _09419_/Q
 _09420_/Q
 _09421_/Q
 _09422_/Q
 _09423_/Q
 _09424_/Q
 _09425_/Q
 _09426_/Q
 _09427_/Q
 _09428_/Q
 _09429_/Q
 _09430_/Q
 _09431_/Q
 _09432_/Q
 _09433_/Q
 _09434_/Q
 _09435_/Q
 _09436_/Q
 _09437_/Q
 _09438_/Q
 _09439_/Q
 _09440_/Q
 _09441_/Q
 _09442_/Q
 _09443_/Q
 _09444_/Q
 _09445_/Q
 _09446_/Q
 _09447_/Q
 _09448_/Q
 _09449_/Q
 _09450_/Q
 _09451_/Q
 _09452_/Q
 _09453_/Q
 _09454_/Q
 _09455_/Q
 _09456_/Q
 _09457_/Q
 _09458_/Q
 _09459_/Q
 _09460_/Q
 _09461_/Q
 _09462_/Q
 _09463_/Q
 _09464_/Q
 _09465_/Q
 _09466_/Q
 _09467_/Q
 _09468_/Q
 _09469_/Q
 _09470_/Q
 _09471_/Q
 _09472_/Q
 _09473_/Q
 _09474_/Q
 _09475_/Q
 _09476_/Q
 _09477_/Q
 _09478_/Q
 _09479_/Q
 _09480_/Q
 _09481_/Q
 _09482_/Q
 _09483_/Q
 _09484_/Q
 _09485_/Q
 _09486_/Q
 _09487_/Q
 _09488_/Q
 _09489_/Q
 _09490_/Q
 _09491_/Q
 _09492_/Q
 _09493_/Q
 _09494_/Q
 _09495_/Q
 _09496_/Q
 _09497_/Q
 _09498_/Q
 _09499_/Q
 _09500_/Q
 _09501_/Q
 _09502_/Q
 _09503_/Q
 _09504_/Q
 _09505_/Q
 _09506_/Q
 _09507_/Q
 _09508_/Q
 _09509_/Q
 _09510_/Q
 _09511_/Q
 _09512_/Q
 _09513_/Q
 _09514_/Q
 _09515_/Q
 _09516_/Q
 _09517_/Q
 _09518_/Q
 _09519_/Q
 _09520_/Q
 _09521_/Q
 _09522_/Q
 _09523_/Q
 _09524_/Q
 _09525_/Q
 _09526_/Q
 _09527_/Q
 _09528_/Q
 _09529_/Q
 _09530_/Q
 _09531_/Q
 _09532_/Q
 _09533_/Q
 _09534_/Q
 _09535_/Q
 _09536_/Q
 _09537_/Q
 _09538_/Q
 _09539_/Q
 _09540_/Q
 _09541_/Q
 _09542_/Q
 _09543_/Q
 _09544_/Q
 _09545_/Q
 _09546_/Q
 _09547_/Q
 _09548_/Q
 _09549_/Q
 _09550_/Q
 _09551_/Q
 _09552_/Q
 _09553_/Q
 _09554_/Q
 _09555_/Q
 _09556_/Q
 _09557_/Q
 _09558_/Q
 _09559_/Q
 _09560_/Q
 _09561_/Q
 _09562_/Q
 _09563_/Q
 _09564_/Q
 _09565_/Q
 _09566_/Q
 _09567_/Q
 _09568_/Q
 _09569_/Q
 _09570_/Q
 _09571_/Q
 _09572_/Q
 _09573_/Q
 _09574_/Q
 _09575_/Q
 _09576_/Q
 _09577_/Q
 _09578_/Q
 _09579_/Q
 _09580_/Q
 _09581_/Q
 _09582_/Q
 _09583_/Q
 _09584_/Q
 _09585_/Q
 _09586_/Q
 _09587_/Q
 _09588_/Q
 _09589_/Q
 _09590_/Q
 _09591_/Q
 _09592_/Q
 _09593_/Q
 _09594_/Q
 _09595_/Q
 _09596_/Q
 _09597_/Q
 _09598_/Q
 _09599_/Q
 _09600_/Q
 _09601_/Q
 _09602_/Q
 _09603_/Q
 _09604_/Q
 _09605_/Q
 _09606_/Q
 _09607_/Q
 _09608_/Q
 _09609_/Q
 _09610_/Q
 _09611_/Q
 _09612_/Q
 _09613_/Q
 _09614_/Q
 _09615_/Q
 _09616_/Q
 _09617_/Q
 _09618_/Q
 _09619_/Q
 _09620_/Q
 _09621_/Q
 _09622_/Q
 _09623_/Q
 _09624_/Q
 _09625_/Q
 _09626_/Q
 _09627_/Q
 _09628_/Q
 _09629_/Q
 _09630_/Q
 _09631_/Q
 _09632_/Q
 _09633_/Q
 _09634_/Q
 _09635_/Q
 _09636_/Q
 _09637_/Q
 _09638_/Q
 _09639_/Q
 _09640_/Q
 _09641_/Q
 _09642_/Q
 _09643_/Q
 _09644_/Q
 _09645_/Q
 _09646_/Q
 _09647_/Q
 _09648_/Q
 _09649_/Q
 _09650_/Q
 _09651_/Q
 _09652_/Q
 _09653_/Q
 _09654_/Q
 _09655_/Q
 _09656_/Q
 _09657_/Q
 _09658_/Q
 _09659_/Q
 _09660_/Q
 _09661_/Q
 _09662_/Q
 _09663_/Q
 _09664_/Q
 _09665_/Q
 _09666_/Q
 _09667_/Q
 _09668_/Q
 _09669_/Q
 _09670_/Q
 _09671_/Q
 _09672_/Q
 _09673_/Q
 _09674_/Q
 _09675_/Q
 _09676_/Q
 _09677_/Q
 _09678_/Q
 _09679_/Q
 _09680_/Q
 _09681_/Q
 _09682_/Q
 _09683_/Q
 _09684_/Q
 _09685_/Q
 _09686_/Q
 _09687_/Q
 _09688_/Q
 _09689_/Q
 _09690_/Q
 _09691_/Q
 _09692_/Q
 _09693_/Q
 _09694_/Q
 _09695_/Q
 _09696_/Q
 _09697_/Q
 _09698_/Q
 _09699_/Q
 _09700_/Q
 _09701_/Q
 _09702_/Q
 _09703_/Q
 _09704_/Q
 _09705_/Q
 _09706_/Q
 _09707_/Q
 _09708_/Q
 _09709_/Q
 _09710_/Q
 _09711_/Q
 _09712_/Q
 _09713_/Q
 _09714_/Q
 _09715_/Q
 _09716_/Q
 _09717_/Q
 _09718_/Q
 _09719_/Q
 _09720_/Q
 _09721_/Q
 _09722_/Q
 _09723_/Q
 _09724_/Q
 _09725_/Q
 _09726_/Q
 _09727_/Q
 _09728_/Q
 _09729_/Q
 _09730_/Q
 _09731_/Q
 _09732_/Q
 _09733_/Q
 _09734_/Q
 _09735_/Q
 _09736_/Q
 _09737_/Q
 _09738_/Q
 _09739_/Q
 _09740_/Q
 _09741_/Q
 _09742_/Q
 _09743_/Q
 _09744_/Q
 _09745_/Q
 _09746_/Q
 _09747_/Q
 _09748_/Q
 _09749_/Q
 _09750_/Q
 _09751_/Q
 _09752_/Q
 _09753_/Q
 _09754_/Q
 _09755_/Q
 _09756_/Q
 _09757_/Q
 _09758_/Q
 _09759_/Q
 _09760_/Q
 _09761_/Q
 _09762_/Q
 _09763_/Q
 _09764_/Q
 _09765_/Q
 _09766_/Q
 _09767_/Q
 _09768_/Q
 _09769_/Q
 _09770_/Q
 _09771_/Q
 _09772_/Q
 _09773_/Q
 _09774_/Q
 _09775_/Q
 _09776_/Q
 _09777_/Q
 _09778_/Q
 _09779_/Q
 _09780_/Q
 _09781_/Q
 _09782_/Q
 _09783_/Q
 _09784_/Q
 _09785_/Q
 _09786_/Q
 _09787_/Q
 _09788_/Q
 _09789_/Q
 _09790_/Q
 _09791_/Q
 _09792_/Q
 _09793_/Q
 _09794_/Q
 _09795_/Q
 _09796_/Q
 _09797_/Q
 _09798_/Q
 _09799_/Q
 _09800_/Q
 _09801_/Q
 _09802_/Q
 _09803_/Q
 _09804_/Q
 _09805_/Q
 _09806_/Q
 _09807_/Q
 _09808_/Q
 _09809_/Q
 _09810_/Q
 _09811_/Q
 _09812_/Q
 _09813_/Q
 _09814_/Q
 _09815_/Q
 _09816_/Q
 _09817_/Q
 _09818_/Q
 _09819_/Q
 _09820_/Q
 _09821_/Q
 _09822_/Q
 _09823_/Q
 _09824_/Q
 _09825_/Q
 _09826_/Q
 _09827_/Q
 _09828_/Q
 _09829_/Q
 _09830_/Q
 _09831_/Q
 _09832_/Q
 _09833_/Q
 _09834_/Q
 _09835_/Q
 _09836_/Q
 _09837_/Q
 _09838_/Q
 _09839_/Q
 _09840_/Q
 _09841_/Q
 _09842_/Q
 _09843_/Q
 _09844_/Q
 _09845_/Q
 _09846_/Q
 _09847_/Q
 _09848_/Q
 _09849_/Q
 _09850_/Q
 _09851_/Q
 _09852_/Q
 _09853_/Q
 _09854_/Q
 _09855_/Q
 _09856_/Q
 _09857_/Q
 _09858_/Q
 _09859_/Q
 _09860_/Q
 _09861_/Q
 _09862_/Q
 _09863_/Q
 _09864_/Q
 _09865_/Q
 _09866_/Q
 _09867_/Q
 _09868_/Q
 _09869_/Q
 _09870_/Q
 _09871_/Q
 _09872_/Q
 _09873_/Q
 _09874_/Q
 _09875_/Q
 _09876_/Q
 _09877_/Q
 _09878_/Q
 _09879_/Q
 _09880_/Q
 _09881_/Q
 _09882_/Q
 _09883_/Q
 _09884_/Q
 _09885_/Q
 _09886_/Q
 _09887_/Q
 _09888_/Q
 _09889_/Q
 _09890_/Q
 _09891_/Q
 _09892_/Q
 _09893_/Q
 _09894_/Q
 _09895_/Q
 _09896_/Q
 _09897_/Q
 _09898_/Q
 _09899_/Q
 _09900_/Q
 _09901_/Q
 _09902_/Q
 _09903_/Q
 _09904_/Q
 _09905_/Q
 _09906_/Q
 _09907_/Q
 _09908_/Q
 _09909_/Q
 _09910_/Q
 _09911_/Q
 _09912_/Q
 _09913_/Q
 _09914_/Q
 _09915_/Q
 _09916_/Q
 _09917_/Q
 _09918_/Q
 _09919_/Q
 _09920_/Q
 _09921_/Q
 _09922_/Q
 _09923_/Q
 _09924_/Q
 _09925_/Q
 _09926_/Q
 _09927_/Q
 _09928_/Q
 _09929_/Q
 _09930_/Q
 _09931_/Q
 _09932_/Q
 _09933_/Q
 _09934_/Q
 _09935_/Q
 _09936_/Q
 _09937_/Q
 _09938_/Q
 _09939_/Q
 _09940_/Q
 _09941_/Q
 _09942_/Q
 _09943_/Q
 _09944_/Q
 _09945_/Q
 _09946_/Q
 _09947_/Q
 _09948_/Q
 _09949_/Q
 _09950_/Q
 _09951_/Q
 _09952_/Q
 _09953_/Q
 _09954_/Q
 _09955_/Q
 _09956_/Q
 _09957_/Q
 _09958_/Q
 _09959_/Q
 _09960_/Q
 _09961_/Q
 _09962_/Q
 _09963_/Q
 _09964_/Q
 _09965_/Q
 _09966_/Q
 _09967_/Q
 _09968_/Q
 _09969_/Q
 _09970_/Q
 _09971_/Q
 _09972_/Q
 _09973_/Q
 _09974_/Q
 _09975_/Q
 _09976_/Q
 _09977_/Q
 _09978_/Q
 _09979_/Q
 _09980_/Q
 _09981_/Q
 _09982_/Q
 _09983_/Q
 _09984_/Q
 _09985_/Q
 _09986_/Q
 _09987_/Q
 _09988_/Q
 _09989_/Q
 _09990_/Q
 _09991_/Q
 _09992_/Q
 _09993_/Q
 _09994_/Q
 _09995_/Q
 _09996_/Q
 _09997_/Q
 _09998_/Q
 _09999_/Q
 _10000_/Q
 _10001_/Q
 _10002_/Q
 _10003_/Q
 _10004_/Q
 _10005_/Q
 _10006_/Q
 _10007_/Q
 _10008_/Q
 _10009_/Q
 _10010_/Q
 _10011_/Q
 _10012_/Q
 _10013_/Q
 _10014_/Q
 _10015_/Q
 _10016_/Q
 _10017_/Q
 _10018_/Q
 _10019_/Q
 _10020_/Q
 _10021_/Q
 _10022_/Q
 _10023_/Q
 _10024_/Q
 _10025_/Q
 _10026_/Q
 _10027_/Q
 _10028_/Q
 _10029_/Q
 _10030_/Q
 _10031_/Q
 _10032_/Q
 _10033_/Q
 _10034_/Q
 _10035_/Q
 _10036_/Q
 _10037_/Q
 _10038_/Q
 _10039_/Q
 _10040_/Q
 _10041_/Q
 _10042_/Q
 _10043_/Q
 _10044_/Q
 _10045_/Q
 _10046_/Q
 _10047_/Q
 _10048_/Q
 _10049_/Q
 _10050_/Q
 _10051_/Q
 _10052_/Q
 _10053_/Q
 _10054_/Q
 _10055_/Q
 _10056_/Q
 _10057_/Q
 _10058_/Q
 _10059_/Q
 _10060_/Q
 _10061_/Q
 _10062_/Q
 _10063_/Q
 _10064_/Q
 _10065_/Q
 _10066_/Q
 _10067_/Q
 _10068_/Q
 _10069_/Q
 _10070_/Q
 _10071_/Q
 _10072_/Q
 _10073_/Q
 _10074_/Q
 _10075_/Q
 _10076_/Q
 _10077_/Q
 _10078_/Q
 _10079_/Q
 _10080_/Q
 _10081_/Q
 _10082_/Q
 _10083_/Q
 _10084_/Q
 _10085_/Q
 _10086_/Q
 _10087_/Q
 _10088_/Q
 _10089_/Q
 _10090_/Q
 _10091_/Q
 _10092_/Q
 _10093_/Q
 input1/X
 input10/X
 input11/X
 input12/X
 input13/X
 input14/X
 input15/X
 input16/X
 input17/X
 input18/X
 input19/X
 input2/X
 input20/X
 input21/X
 input22/X
 input23/X
 input24/X
 input25/X
 input26/X
 input27/X
 input28/X
 input29/X
 input3/X
 input30/X
 input31/X
 input32/X
 input33/X
 input34/X
 input35/X
 input36/X
 input37/X
 input38/X
 input39/X
 input4/X
 input40/X
 input41/X
 input42/X
 input43/X
 input44/X
 input45/X
 input46/X
 input47/X
 input48/X
 input5/X
 input6/X
 input7/X
 input8/X
 input9/X
 output100/X
 output101/X
 output102/X
 output103/X
 output104/X
 output105/X
 output106/X
 output107/X
 output108/X
 output109/X
 output110/X
 output111/X
 output112/X
 output49/X
 output50/X
 output51/X
 output52/X
 output53/X
 output54/X
 output55/X
 output56/X
 output57/X
 output58/X
 output59/X
 output60/X
 output61/X
 output62/X
 output63/X
 output64/X
 output65/X
 output66/X
 output67/X
 output68/X
 output69/X
 output70/X
 output71/X
 output72/X
 output73/X
 output74/X
 output75/X
 output76/X
 output77/X
 output78/X
 output79/X
 output80/X
 output81/X
 output82/X
 output83/X
 output84/X
 output85/X
 output86/X
 output87/X
 output88/X
 output89/X
 output90/X
 output91/X
 output92/X
 output93/X
 output94/X
 output95/X
 output96/X
 output97/X
 output98/X
 output99/X
Found 0 partially unannotated drivers.

===========================================================================
max slew violation count 0
max fanout violation count 0
max cap violation count 0
============================================================================

===========================================================================
check_setup -verbose -unconstrained_endpoints -multiple_clock -no_clock -no_input_delay -loops -generated_clocks
===========================================================================
