
===========================================================================
report_checks -unconstrained
===========================================================================
======================= Fastest Corner ===================================

Startpoint: rst_ni (input port clocked by clk_i)
Endpoint: _4926_ (recovery check against rising-edge clock clk_i)
Path Group: asynchronous
Path Type: max
Corner: Fastest

Fanout     Cap    Slew   Delay    Time   Description
-----------------------------------------------------------------------------
                          0.00    0.00   clock clk_i (rise edge)
                          0.00    0.00   clock network delay (propagated)
                          2.40    2.40 ^ input external delay
                  0.02    0.01    2.41 ^ rst_ni (in)
     1    0.00                           rst_ni (net)
                  0.02    0.00    2.41 ^ input131/A (sky130_fd_sc_hd__clkbuf_4)
                  0.14    0.17    2.58 ^ input131/X (sky130_fd_sc_hd__clkbuf_4)
     2    0.06                           net131 (net)
                  0.14    0.00    2.58 ^ fanout293/A (sky130_fd_sc_hd__buf_12)
                  0.16    0.18    2.76 ^ fanout293/X (sky130_fd_sc_hd__buf_12)
    17    0.18                           net293 (net)
                  0.16    0.01    2.77 ^ fanout288/A (sky130_fd_sc_hd__buf_6)
                  0.14    0.17    2.93 ^ fanout288/X (sky130_fd_sc_hd__buf_6)
    17    0.09                           net288 (net)
                  0.14    0.00    2.93 ^ fanout286/A (sky130_fd_sc_hd__buf_12)
                  0.13    0.16    3.09 ^ fanout286/X (sky130_fd_sc_hd__buf_12)
    30    0.15                           net286 (net)
                  0.13    0.01    3.10 ^ _4926_/RESET_B (sky130_fd_sc_hd__dfrtp_4)
                                  3.10   data arrival time

                         12.00   12.00   clock clk_i (rise edge)
                          0.00   12.00   clock source latency
                  0.18    0.12   12.12 ^ clk_i (in)
     1    0.05                           clk_i (net)
                  0.18    0.00   12.12 ^ clkbuf_0_clk_i/A (sky130_fd_sc_hd__clkbuf_16)
                  0.08    0.15   12.27 ^ clkbuf_0_clk_i/X (sky130_fd_sc_hd__clkbuf_16)
     4    0.09                           clknet_0_clk_i (net)
                  0.08    0.00   12.27 ^ clkbuf_2_1__f_clk_i/A (sky130_fd_sc_hd__clkbuf_16)
                  0.11    0.15   12.42 ^ clkbuf_2_1__f_clk_i/X (sky130_fd_sc_hd__clkbuf_16)
    10    0.13                           clknet_2_1__leaf_clk_i (net)
                  0.11    0.00   12.43 ^ clkbuf_leaf_22_clk_i/A (sky130_fd_sc_hd__clkbuf_16)
                  0.05    0.11   12.54 ^ clkbuf_leaf_22_clk_i/X (sky130_fd_sc_hd__clkbuf_16)
    13    0.04                           clknet_leaf_22_clk_i (net)
                  0.05    0.00   12.54 ^ _4926_/CLK (sky130_fd_sc_hd__dfrtp_4)
                         -0.25   12.29   clock uncertainty
                          0.00   12.29   clock reconvergence pessimism
                          0.10   12.39   library recovery time
                                 12.39   data required time
-----------------------------------------------------------------------------
                                 12.39   data required time
                                 -3.10   data arrival time
-----------------------------------------------------------------------------
                                  9.29   slack (MET)


Startpoint: _5200_ (rising edge-triggered flip-flop clocked by clk_i)
Endpoint: dmem_be_o[2] (output port clocked by clk_i)
Path Group: clk_i
Path Type: max
Corner: Fastest

Fanout     Cap    Slew   Delay    Time   Description
-----------------------------------------------------------------------------
                          0.00    0.00   clock clk_i (rise edge)
                          0.00    0.00   clock source latency
                  0.18    0.14    0.14 ^ clk_i (in)
     1    0.05                           clk_i (net)
                  0.18    0.00    0.14 ^ clkbuf_0_clk_i/A (sky130_fd_sc_hd__clkbuf_16)
                  0.08    0.16    0.30 ^ clkbuf_0_clk_i/X (sky130_fd_sc_hd__clkbuf_16)
     4    0.09                           clknet_0_clk_i (net)
                  0.08    0.00    0.30 ^ clkbuf_2_0__f_clk_i/A (sky130_fd_sc_hd__clkbuf_16)
                  0.11    0.17    0.47 ^ clkbuf_2_0__f_clk_i/X (sky130_fd_sc_hd__clkbuf_16)
    10    0.14                           clknet_2_0__leaf_clk_i (net)
                  0.11    0.00    0.47 ^ clkbuf_leaf_27_clk_i/A (sky130_fd_sc_hd__clkbuf_16)
                  0.06    0.14    0.61 ^ clkbuf_leaf_27_clk_i/X (sky130_fd_sc_hd__clkbuf_16)
    20    0.06                           clknet_leaf_27_clk_i (net)
                  0.06    0.00    0.61 ^ _5200_/CLK (sky130_fd_sc_hd__dfrtp_4)
                  0.08    0.36    0.98 v _5200_/Q (sky130_fd_sc_hd__dfrtp_4)
     4    0.04                           net279 (net)
                  0.08    0.00    0.98 v _2347_/B (sky130_fd_sc_hd__xor2_2)
                  0.05    0.12    1.10 v _2347_/X (sky130_fd_sc_hd__xor2_2)
     2    0.01                           _2337_ (net)
                  0.05    0.00    1.10 v _2371_/A (sky130_fd_sc_hd__or4b_1)
                  0.07    0.34    1.44 v _2371_/X (sky130_fd_sc_hd__or4b_1)
     1    0.01                           _0325_ (net)
                  0.07    0.00    1.44 v _2372_/A (sky130_fd_sc_hd__buf_4)
                  0.05    0.15    1.59 v _2372_/X (sky130_fd_sc_hd__buf_4)
    15    0.05                           _0326_ (net)
                  0.05    0.00    1.59 v _2438_/A2 (sky130_fd_sc_hd__o21a_1)
                  0.04    0.14    1.72 v _2438_/X (sky130_fd_sc_hd__o21a_1)
     1    0.01                           _0389_ (net)
                  0.04    0.00    1.72 v _2440_/A3 (sky130_fd_sc_hd__o31ai_4)
                  0.29    0.25    1.98 ^ _2440_/Y (sky130_fd_sc_hd__o31ai_4)
     4    0.03                           _0391_ (net)
                  0.29    0.00    1.98 ^ _2441_/A (sky130_fd_sc_hd__clkinv_2)
                  0.15    0.17    2.15 v _2441_/Y (sky130_fd_sc_hd__clkinv_2)
     4    0.04                           net178 (net)
                  0.15    0.00    2.15 v _2587_/A2 (sky130_fd_sc_hd__mux4_1)
                  0.10    0.38    2.53 v _2587_/X (sky130_fd_sc_hd__mux4_1)
     1    0.01                           _0526_ (net)
                  0.10    0.00    2.53 v _2588_/A (sky130_fd_sc_hd__buf_2)
                  0.08    0.17    2.70 v _2588_/X (sky130_fd_sc_hd__buf_2)
     6    0.04                           _0527_ (net)
                  0.08    0.00    2.70 v _2976_/A (sky130_fd_sc_hd__nor2_1)
                  0.09    0.10    2.80 ^ _2976_/Y (sky130_fd_sc_hd__nor2_1)
     1    0.00                           _0888_ (net)
                  0.09    0.00    2.80 ^ _2977_/B1 (sky130_fd_sc_hd__a21oi_2)
                  0.06    0.04    2.84 v _2977_/Y (sky130_fd_sc_hd__a21oi_2)
     5    0.01                           _0889_ (net)
                  0.06    0.00    2.84 v _2984_/A2 (sky130_fd_sc_hd__o311a_1)
                  0.06    0.24    3.08 v _2984_/X (sky130_fd_sc_hd__o311a_1)
     3    0.01                           _0896_ (net)
                  0.06    0.00    3.08 v _2985_/D (sky130_fd_sc_hd__or4_2)
                  0.09    0.36    3.44 v _2985_/X (sky130_fd_sc_hd__or4_2)
     3    0.01                           _0897_ (net)
                  0.09    0.00    3.44 v _3026_/A1 (sky130_fd_sc_hd__a21oi_2)
                  0.19    0.21    3.65 ^ _3026_/Y (sky130_fd_sc_hd__a21oi_2)
     2    0.02                           _0938_ (net)
                  0.19    0.00    3.65 ^ _3046_/A2 (sky130_fd_sc_hd__a21oi_4)
                  0.07    0.07    3.72 v _3046_/Y (sky130_fd_sc_hd__a21oi_4)
     5    0.03                           _0958_ (net)
                  0.07    0.00    3.72 v _3091_/A1 (sky130_fd_sc_hd__o21ai_2)
                  0.14    0.16    3.88 ^ _3091_/Y (sky130_fd_sc_hd__o21ai_2)
     4    0.01                           _1003_ (net)
                  0.14    0.00    3.88 ^ _3092_/D_N (sky130_fd_sc_hd__or4bb_2)
                  0.09    0.36    4.24 v _3092_/X (sky130_fd_sc_hd__or4bb_2)
     3    0.02                           _1004_ (net)
                  0.09    0.00    4.24 v _3105_/A1 (sky130_fd_sc_hd__a211o_1)
                  0.06    0.21    4.45 v _3105_/X (sky130_fd_sc_hd__a211o_1)
     3    0.01                           _1017_ (net)
                  0.06    0.00    4.45 v _3114_/A2 (sky130_fd_sc_hd__a21o_1)
                  0.04    0.15    4.60 v _3114_/X (sky130_fd_sc_hd__a21o_1)
     3    0.01                           _1026_ (net)
                  0.04    0.00    4.60 v _3124_/A1 (sky130_fd_sc_hd__a21o_1)
                  0.03    0.12    4.72 v _3124_/X (sky130_fd_sc_hd__a21o_1)
     2    0.01                           _1036_ (net)
                  0.03    0.00    4.72 v _3192_/A2 (sky130_fd_sc_hd__a31o_1)
                  0.03    0.14    4.85 v _3192_/X (sky130_fd_sc_hd__a31o_1)
     1    0.00                           _1104_ (net)
                  0.03    0.00    4.85 v _3193_/A (sky130_fd_sc_hd__buf_4)
                  0.08    0.15    5.01 v _3193_/X (sky130_fd_sc_hd__buf_4)
    10    0.08                           i_exec_stage.alu_out[0] (net)
                  0.08    0.00    5.01 v _3202_/D (sky130_fd_sc_hd__or4_1)
                  0.07    0.27    5.28 v _3202_/X (sky130_fd_sc_hd__or4_1)
     2    0.01                           _1111_ (net)
                  0.07    0.00    5.28 v _3203_/A2 (sky130_fd_sc_hd__a21oi_1)
                  0.08    0.12    5.40 ^ _3203_/Y (sky130_fd_sc_hd__a21oi_1)
     1    0.00                           net164 (net)
                  0.08    0.00    5.40 ^ output164/A (sky130_fd_sc_hd__clkbuf_4)
                  0.09    0.15    5.55 ^ output164/X (sky130_fd_sc_hd__clkbuf_4)
     1    0.04                           dmem_be_o[2] (net)
                  0.09    0.00    5.55 ^ dmem_be_o[2] (out)
                                  5.55   data arrival time

                         12.00   12.00   clock clk_i (rise edge)
                          0.00   12.00   clock network delay (propagated)
                         -0.25   11.75   clock uncertainty
                          0.00   11.75   clock reconvergence pessimism
                         -2.40    9.35   output external delay
                                  9.35   data required time
-----------------------------------------------------------------------------
                                  9.35   data required time
                                 -5.55   data arrival time
-----------------------------------------------------------------------------
                                  3.80   slack (MET)



======================= Slowest Corner ===================================

Startpoint: rst_ni (input port clocked by clk_i)
Endpoint: _4926_ (recovery check against rising-edge clock clk_i)
Path Group: asynchronous
Path Type: max
Corner: Slowest

Fanout     Cap    Slew   Delay    Time   Description
-----------------------------------------------------------------------------
                          0.00    0.00   clock clk_i (rise edge)
                          0.00    0.00   clock network delay (propagated)
                          2.40    2.40 ^ input external delay
                  0.04    0.02    2.42 ^ rst_ni (in)
     1    0.00                           rst_ni (net)
                  0.04    0.00    2.42 ^ input131/A (sky130_fd_sc_hd__clkbuf_4)
                  0.29    0.41    2.83 ^ input131/X (sky130_fd_sc_hd__clkbuf_4)
     2    0.06                           net131 (net)
                  0.29    0.00    2.84 ^ fanout293/A (sky130_fd_sc_hd__buf_12)
                  0.32    0.48    3.32 ^ fanout293/X (sky130_fd_sc_hd__buf_12)
    17    0.18                           net293 (net)
                  0.32    0.01    3.32 ^ fanout288/A (sky130_fd_sc_hd__buf_6)
                  0.28    0.46    3.78 ^ fanout288/X (sky130_fd_sc_hd__buf_6)
    17    0.09                           net288 (net)
                  0.28    0.00    3.78 ^ fanout286/A (sky130_fd_sc_hd__buf_12)
                  0.25    0.43    4.21 ^ fanout286/X (sky130_fd_sc_hd__buf_12)
    30    0.14                           net286 (net)
                  0.25    0.01    4.21 ^ _4926_/RESET_B (sky130_fd_sc_hd__dfrtp_4)
                                  4.21   data arrival time

                         12.00   12.00   clock clk_i (rise edge)
                          0.00   12.00   clock source latency
                  0.38    0.25   12.25 ^ clk_i (in)
     1    0.05                           clk_i (net)
                  0.38    0.00   12.25 ^ clkbuf_0_clk_i/A (sky130_fd_sc_hd__clkbuf_16)
                  0.16    0.41   12.67 ^ clkbuf_0_clk_i/X (sky130_fd_sc_hd__clkbuf_16)
     4    0.09                           clknet_0_clk_i (net)
                  0.16    0.00   12.67 ^ clkbuf_2_1__f_clk_i/A (sky130_fd_sc_hd__clkbuf_16)
                  0.22    0.37   13.04 ^ clkbuf_2_1__f_clk_i/X (sky130_fd_sc_hd__clkbuf_16)
    10    0.13                           clknet_2_1__leaf_clk_i (net)
                  0.22    0.00   13.04 ^ clkbuf_leaf_22_clk_i/A (sky130_fd_sc_hd__clkbuf_16)
                  0.09    0.30   13.34 ^ clkbuf_leaf_22_clk_i/X (sky130_fd_sc_hd__clkbuf_16)
    13    0.04                           clknet_leaf_22_clk_i (net)
                  0.09    0.00   13.34 ^ _4926_/CLK (sky130_fd_sc_hd__dfrtp_4)
                         -0.25   13.09   clock uncertainty
                          0.00   13.09   clock reconvergence pessimism
                          0.36   13.45   library recovery time
                                 13.45   data required time
-----------------------------------------------------------------------------
                                 13.45   data required time
                                 -4.21   data arrival time
-----------------------------------------------------------------------------
                                  9.24   slack (MET)


Startpoint: _5200_ (rising edge-triggered flip-flop clocked by clk_i)
Endpoint: dmem_be_o[2] (output port clocked by clk_i)
Path Group: clk_i
Path Type: max
Corner: Slowest

Fanout     Cap    Slew   Delay    Time   Description
-----------------------------------------------------------------------------
                          0.00    0.00   clock clk_i (rise edge)
                          0.00    0.00   clock source latency
                  0.38    0.28    0.28 ^ clk_i (in)
     1    0.05                           clk_i (net)
                  0.38    0.00    0.28 ^ clkbuf_0_clk_i/A (sky130_fd_sc_hd__clkbuf_16)
                  0.16    0.46    0.74 ^ clkbuf_0_clk_i/X (sky130_fd_sc_hd__clkbuf_16)
     4    0.09                           clknet_0_clk_i (net)
                  0.16    0.00    0.74 ^ clkbuf_2_0__f_clk_i/A (sky130_fd_sc_hd__clkbuf_16)
                  0.23    0.41    1.16 ^ clkbuf_2_0__f_clk_i/X (sky130_fd_sc_hd__clkbuf_16)
    10    0.14                           clknet_2_0__leaf_clk_i (net)
                  0.23    0.00    1.16 ^ clkbuf_leaf_27_clk_i/A (sky130_fd_sc_hd__clkbuf_16)
                  0.12    0.36    1.52 ^ clkbuf_leaf_27_clk_i/X (sky130_fd_sc_hd__clkbuf_16)
    20    0.06                           clknet_leaf_27_clk_i (net)
                  0.12    0.00    1.52 ^ _5200_/CLK (sky130_fd_sc_hd__dfrtp_4)
                  0.20    1.19    2.71 v _5200_/Q (sky130_fd_sc_hd__dfrtp_4)
     4    0.04                           net279 (net)
                  0.20    0.00    2.71 v _2347_/B (sky130_fd_sc_hd__xor2_2)
                  0.14    0.36    3.07 v _2347_/X (sky130_fd_sc_hd__xor2_2)
     2    0.01                           _2337_ (net)
                  0.14    0.00    3.07 v _2371_/A (sky130_fd_sc_hd__or4b_1)
                  0.23    1.38    4.45 v _2371_/X (sky130_fd_sc_hd__or4b_1)
     1    0.01                           _0325_ (net)
                  0.23    0.00    4.45 v _2372_/A (sky130_fd_sc_hd__buf_4)
                  0.13    0.42    4.87 v _2372_/X (sky130_fd_sc_hd__buf_4)
    15    0.05                           _0326_ (net)
                  0.13    0.00    4.87 v _2438_/A2 (sky130_fd_sc_hd__o21a_1)
                  0.11    0.40    5.28 v _2438_/X (sky130_fd_sc_hd__o21a_1)
     1    0.01                           _0389_ (net)
                  0.11    0.00    5.28 v _2440_/A3 (sky130_fd_sc_hd__o31ai_4)
                  0.60    0.60    5.87 ^ _2440_/Y (sky130_fd_sc_hd__o31ai_4)
     4    0.03                           _0391_ (net)
                  0.60    0.00    5.87 ^ _2441_/A (sky130_fd_sc_hd__clkinv_2)
                  0.33    0.53    6.41 v _2441_/Y (sky130_fd_sc_hd__clkinv_2)
     4    0.04                           net178 (net)
                  0.33    0.00    6.41 v _2587_/A2 (sky130_fd_sc_hd__mux4_1)
                  0.27    1.43    7.84 v _2587_/X (sky130_fd_sc_hd__mux4_1)
     1    0.01                           _0526_ (net)
                  0.27    0.00    7.84 v _2588_/A (sky130_fd_sc_hd__buf_2)
                  0.20    0.49    8.33 v _2588_/X (sky130_fd_sc_hd__buf_2)
     6    0.04                           _0527_ (net)
                  0.20    0.00    8.33 v _2976_/A (sky130_fd_sc_hd__nor2_1)
                  0.21    0.27    8.60 ^ _2976_/Y (sky130_fd_sc_hd__nor2_1)
     1    0.00                           _0888_ (net)
                  0.21    0.00    8.60 ^ _2977_/B1 (sky130_fd_sc_hd__a21oi_2)
                  0.15    0.16    8.76 v _2977_/Y (sky130_fd_sc_hd__a21oi_2)
     5    0.01                           _0889_ (net)
                  0.15    0.00    8.76 v _2984_/A2 (sky130_fd_sc_hd__o311a_1)
                  0.14    0.74    9.50 v _2984_/X (sky130_fd_sc_hd__o311a_1)
     3    0.01                           _0896_ (net)
                  0.14    0.00    9.50 v _2985_/D (sky130_fd_sc_hd__or4_2)
                  0.30    1.55   11.05 v _2985_/X (sky130_fd_sc_hd__or4_2)
     3    0.01                           _0897_ (net)
                  0.30    0.00   11.05 v _3026_/A1 (sky130_fd_sc_hd__a21oi_2)
                  0.41    0.53   11.58 ^ _3026_/Y (sky130_fd_sc_hd__a21oi_2)
     2    0.02                           _0938_ (net)
                  0.41    0.00   11.58 ^ _3046_/A2 (sky130_fd_sc_hd__a21oi_4)
                  0.16    0.30   11.88 v _3046_/Y (sky130_fd_sc_hd__a21oi_4)
     5    0.03                           _0958_ (net)
                  0.16    0.00   11.88 v _3091_/A1 (sky130_fd_sc_hd__o21ai_2)
                  0.30    0.39   12.27 ^ _3091_/Y (sky130_fd_sc_hd__o21ai_2)
     4    0.01                           _1003_ (net)
                  0.30    0.00   12.27 ^ _3092_/D_N (sky130_fd_sc_hd__or4bb_2)
                  0.30    1.56   13.83 v _3092_/X (sky130_fd_sc_hd__or4bb_2)
     3    0.02                           _1004_ (net)
                  0.30    0.00   13.83 v _3105_/A1 (sky130_fd_sc_hd__a211o_1)
                  0.15    0.68   14.52 v _3105_/X (sky130_fd_sc_hd__a211o_1)
     3    0.01                           _1017_ (net)
                  0.15    0.00   14.52 v _3114_/A2 (sky130_fd_sc_hd__a21o_1)
                  0.11    0.42   14.94 v _3114_/X (sky130_fd_sc_hd__a21o_1)
     3    0.01                           _1026_ (net)
                  0.11    0.00   14.94 v _3124_/A1 (sky130_fd_sc_hd__a21o_1)
                  0.09    0.35   15.29 v _3124_/X (sky130_fd_sc_hd__a21o_1)
     2    0.01                           _1036_ (net)
                  0.09    0.00   15.29 v _3192_/A2 (sky130_fd_sc_hd__a31o_1)
                  0.07    0.40   15.69 v _3192_/X (sky130_fd_sc_hd__a31o_1)
     1    0.00                           _1104_ (net)
                  0.07    0.00   15.69 v _3193_/A (sky130_fd_sc_hd__buf_4)
                  0.20    0.41   16.09 v _3193_/X (sky130_fd_sc_hd__buf_4)
    10    0.08                           i_exec_stage.alu_out[0] (net)
                  0.20    0.00   16.10 v _3202_/D (sky130_fd_sc_hd__or4_1)
                  0.23    1.14   17.24 v _3202_/X (sky130_fd_sc_hd__or4_1)
     2    0.01                           _1111_ (net)
                  0.23    0.00   17.24 v _3203_/A2 (sky130_fd_sc_hd__a21oi_1)
                  0.19    0.32   17.56 ^ _3203_/Y (sky130_fd_sc_hd__a21oi_1)
     1    0.00                           net164 (net)
                  0.19    0.00   17.56 ^ output164/A (sky130_fd_sc_hd__clkbuf_4)
                  0.19    0.41   17.97 ^ output164/X (sky130_fd_sc_hd__clkbuf_4)
     1    0.04                           dmem_be_o[2] (net)
                  0.19    0.00   17.97 ^ dmem_be_o[2] (out)
                                 17.97   data arrival time

                         12.00   12.00   clock clk_i (rise edge)
                          0.00   12.00   clock network delay (propagated)
                         -0.25   11.75   clock uncertainty
                          0.00   11.75   clock reconvergence pessimism
                         -2.40    9.35   output external delay
                                  9.35   data required time
-----------------------------------------------------------------------------
                                  9.35   data required time
                                -17.97   data arrival time
-----------------------------------------------------------------------------
                                 -8.62   slack (VIOLATED)



======================= Typical Corner ===================================

Startpoint: rst_ni (input port clocked by clk_i)
Endpoint: _4926_ (recovery check against rising-edge clock clk_i)
Path Group: asynchronous
Path Type: max
Corner: Typical

Fanout     Cap    Slew   Delay    Time   Description
-----------------------------------------------------------------------------
                          0.00    0.00   clock clk_i (rise edge)
                          0.00    0.00   clock network delay (propagated)
                          2.40    2.40 ^ input external delay
                  0.02    0.01    2.41 ^ rst_ni (in)
     1    0.00                           rst_ni (net)
                  0.02    0.00    2.41 ^ input131/A (sky130_fd_sc_hd__clkbuf_4)
                  0.18    0.24    2.65 ^ input131/X (sky130_fd_sc_hd__clkbuf_4)
     2    0.06                           net131 (net)
                  0.18    0.00    2.66 ^ fanout293/A (sky130_fd_sc_hd__buf_12)
                  0.21    0.27    2.93 ^ fanout293/X (sky130_fd_sc_hd__buf_12)
    17    0.18                           net293 (net)
                  0.21    0.01    2.93 ^ fanout288/A (sky130_fd_sc_hd__buf_6)
                  0.18    0.26    3.19 ^ fanout288/X (sky130_fd_sc_hd__buf_6)
    17    0.09                           net288 (net)
                  0.18    0.00    3.19 ^ fanout286/A (sky130_fd_sc_hd__buf_12)
                  0.17    0.25    3.44 ^ fanout286/X (sky130_fd_sc_hd__buf_12)
    30    0.15                           net286 (net)
                  0.17    0.01    3.44 ^ _4926_/RESET_B (sky130_fd_sc_hd__dfrtp_4)
                                  3.44   data arrival time

                         12.00   12.00   clock clk_i (rise edge)
                          0.00   12.00   clock source latency
                  0.24    0.16   12.16 ^ clk_i (in)
     1    0.05                           clk_i (net)
                  0.24    0.00   12.16 ^ clkbuf_0_clk_i/A (sky130_fd_sc_hd__clkbuf_16)
                  0.10    0.23   12.39 ^ clkbuf_0_clk_i/X (sky130_fd_sc_hd__clkbuf_16)
     4    0.09                           clknet_0_clk_i (net)
                  0.11    0.00   12.39 ^ clkbuf_2_1__f_clk_i/A (sky130_fd_sc_hd__clkbuf_16)
                  0.14    0.22   12.61 ^ clkbuf_2_1__f_clk_i/X (sky130_fd_sc_hd__clkbuf_16)
    10    0.13                           clknet_2_1__leaf_clk_i (net)
                  0.14    0.00   12.61 ^ clkbuf_leaf_22_clk_i/A (sky130_fd_sc_hd__clkbuf_16)
                  0.06    0.17   12.78 ^ clkbuf_leaf_22_clk_i/X (sky130_fd_sc_hd__clkbuf_16)
    13    0.04                           clknet_leaf_22_clk_i (net)
                  0.06    0.00   12.78 ^ _4926_/CLK (sky130_fd_sc_hd__dfrtp_4)
                         -0.25   12.53   clock uncertainty
                          0.00   12.53   clock reconvergence pessimism
                          0.18   12.71   library recovery time
                                 12.71   data required time
-----------------------------------------------------------------------------
                                 12.71   data required time
                                 -3.44   data arrival time
-----------------------------------------------------------------------------
                                  9.26   slack (MET)


Startpoint: _5200_ (rising edge-triggered flip-flop clocked by clk_i)
Endpoint: dmem_be_o[2] (output port clocked by clk_i)
Path Group: clk_i
Path Type: max
Corner: Typical

Fanout     Cap    Slew   Delay    Time   Description
-----------------------------------------------------------------------------
                          0.00    0.00   clock clk_i (rise edge)
                          0.00    0.00   clock source latency
                  0.24    0.18    0.18 ^ clk_i (in)
     1    0.05                           clk_i (net)
                  0.24    0.00    0.18 ^ clkbuf_0_clk_i/A (sky130_fd_sc_hd__clkbuf_16)
                  0.10    0.25    0.43 ^ clkbuf_0_clk_i/X (sky130_fd_sc_hd__clkbuf_16)
     4    0.09                           clknet_0_clk_i (net)
                  0.11    0.00    0.44 ^ clkbuf_2_0__f_clk_i/A (sky130_fd_sc_hd__clkbuf_16)
                  0.15    0.24    0.68 ^ clkbuf_2_0__f_clk_i/X (sky130_fd_sc_hd__clkbuf_16)
    10    0.14                           clknet_2_0__leaf_clk_i (net)
                  0.15    0.00    0.68 ^ clkbuf_leaf_27_clk_i/A (sky130_fd_sc_hd__clkbuf_16)
                  0.08    0.20    0.89 ^ clkbuf_leaf_27_clk_i/X (sky130_fd_sc_hd__clkbuf_16)
    20    0.06                           clknet_leaf_27_clk_i (net)
                  0.08    0.00    0.89 ^ _5200_/CLK (sky130_fd_sc_hd__dfrtp_4)
                  0.11    0.57    1.46 v _5200_/Q (sky130_fd_sc_hd__dfrtp_4)
     4    0.04                           net279 (net)
                  0.11    0.00    1.46 v _2347_/B (sky130_fd_sc_hd__xor2_2)
                  0.08    0.19    1.65 v _2347_/X (sky130_fd_sc_hd__xor2_2)
     2    0.01                           _2337_ (net)
                  0.08    0.00    1.65 v _2371_/A (sky130_fd_sc_hd__or4b_1)
                  0.11    0.59    2.24 v _2371_/X (sky130_fd_sc_hd__or4b_1)
     1    0.01                           _0325_ (net)
                  0.11    0.00    2.24 v _2372_/A (sky130_fd_sc_hd__buf_4)
                  0.08    0.22    2.46 v _2372_/X (sky130_fd_sc_hd__buf_4)
    15    0.05                           _0326_ (net)
                  0.08    0.00    2.46 v _2438_/A2 (sky130_fd_sc_hd__o21a_1)
                  0.06    0.21    2.68 v _2438_/X (sky130_fd_sc_hd__o21a_1)
     1    0.01                           _0389_ (net)
                  0.06    0.00    2.68 v _2440_/A3 (sky130_fd_sc_hd__o31ai_4)
                  0.38    0.36    3.04 ^ _2440_/Y (sky130_fd_sc_hd__o31ai_4)
     4    0.03                           _0391_ (net)
                  0.38    0.00    3.04 ^ _2441_/A (sky130_fd_sc_hd__clkinv_2)
                  0.21    0.28    3.31 v _2441_/Y (sky130_fd_sc_hd__clkinv_2)
     4    0.04                           net178 (net)
                  0.21    0.00    3.32 v _2587_/A2 (sky130_fd_sc_hd__mux4_1)
                  0.14    0.65    3.97 v _2587_/X (sky130_fd_sc_hd__mux4_1)
     1    0.01                           _0526_ (net)
                  0.14    0.00    3.97 v _2588_/A (sky130_fd_sc_hd__buf_2)
                  0.11    0.25    4.21 v _2588_/X (sky130_fd_sc_hd__buf_2)
     6    0.04                           _0527_ (net)
                  0.11    0.00    4.21 v _2976_/A (sky130_fd_sc_hd__nor2_1)
                  0.13    0.15    4.36 ^ _2976_/Y (sky130_fd_sc_hd__nor2_1)
     1    0.00                           _0888_ (net)
                  0.13    0.00    4.37 ^ _2977_/B1 (sky130_fd_sc_hd__a21oi_2)
                  0.08    0.07    4.44 v _2977_/Y (sky130_fd_sc_hd__a21oi_2)
     5    0.01                           _0889_ (net)
                  0.08    0.00    4.44 v _2984_/A2 (sky130_fd_sc_hd__o311a_1)
                  0.08    0.39    4.83 v _2984_/X (sky130_fd_sc_hd__o311a_1)
     3    0.01                           _0896_ (net)
                  0.08    0.00    4.83 v _2985_/D (sky130_fd_sc_hd__or4_2)
                  0.14    0.65    5.47 v _2985_/X (sky130_fd_sc_hd__or4_2)
     3    0.01                           _0897_ (net)
                  0.14    0.00    5.47 v _3026_/A1 (sky130_fd_sc_hd__a21oi_2)
                  0.25    0.30    5.77 ^ _3026_/Y (sky130_fd_sc_hd__a21oi_2)
     2    0.02                           _0938_ (net)
                  0.25    0.00    5.77 ^ _3046_/A2 (sky130_fd_sc_hd__a21oi_4)
                  0.09    0.14    5.91 v _3046_/Y (sky130_fd_sc_hd__a21oi_4)
     5    0.03                           _0958_ (net)
                  0.09    0.00    5.91 v _3091_/A1 (sky130_fd_sc_hd__o21ai_2)
                  0.19    0.23    6.14 ^ _3091_/Y (sky130_fd_sc_hd__o21ai_2)
     4    0.01                           _1003_ (net)
                  0.19    0.00    6.14 ^ _3092_/D_N (sky130_fd_sc_hd__or4bb_2)
                  0.14    0.65    6.78 v _3092_/X (sky130_fd_sc_hd__or4bb_2)
     3    0.02                           _1004_ (net)
                  0.14    0.00    6.78 v _3105_/A1 (sky130_fd_sc_hd__a211o_1)
                  0.08    0.34    7.13 v _3105_/X (sky130_fd_sc_hd__a211o_1)
     3    0.01                           _1017_ (net)
                  0.08    0.00    7.13 v _3114_/A2 (sky130_fd_sc_hd__a21o_1)
                  0.06    0.23    7.36 v _3114_/X (sky130_fd_sc_hd__a21o_1)
     3    0.01                           _1026_ (net)
                  0.06    0.00    7.36 v _3124_/A1 (sky130_fd_sc_hd__a21o_1)
                  0.05    0.18    7.54 v _3124_/X (sky130_fd_sc_hd__a21o_1)
     2    0.01                           _1036_ (net)
                  0.05    0.00    7.54 v _3192_/A2 (sky130_fd_sc_hd__a31o_1)
                  0.04    0.21    7.75 v _3192_/X (sky130_fd_sc_hd__a31o_1)
     1    0.00                           _1104_ (net)
                  0.04    0.00    7.75 v _3193_/A (sky130_fd_sc_hd__buf_4)
                  0.11    0.22    7.97 v _3193_/X (sky130_fd_sc_hd__buf_4)
    10    0.08                           i_exec_stage.alu_out[0] (net)
                  0.11    0.00    7.98 v _3202_/D (sky130_fd_sc_hd__or4_1)
                  0.11    0.48    8.45 v _3202_/X (sky130_fd_sc_hd__or4_1)
     2    0.01                           _1111_ (net)
                  0.11    0.00    8.45 v _3203_/A2 (sky130_fd_sc_hd__a21oi_1)
                  0.11    0.18    8.63 ^ _3203_/Y (sky130_fd_sc_hd__a21oi_1)
     1    0.00                           net164 (net)
                  0.11    0.00    8.63 ^ output164/A (sky130_fd_sc_hd__clkbuf_4)
                  0.12    0.22    8.86 ^ output164/X (sky130_fd_sc_hd__clkbuf_4)
     1    0.04                           dmem_be_o[2] (net)
                  0.12    0.00    8.86 ^ dmem_be_o[2] (out)
                                  8.86   data arrival time

                         12.00   12.00   clock clk_i (rise edge)
                          0.00   12.00   clock network delay (propagated)
                         -0.25   11.75   clock uncertainty
                          0.00   11.75   clock reconvergence pessimism
                         -2.40    9.35   output external delay
                                  9.35   data required time
-----------------------------------------------------------------------------
                                  9.35   data required time
                                 -8.86   data arrival time
-----------------------------------------------------------------------------
                                  0.49   slack (MET)




===========================================================================
report_checks --slack_max -0.01
============================================================================
======================= Fastest Corner ===================================

No paths found.

======================= Slowest Corner ===================================

Startpoint: _5200_ (rising edge-triggered flip-flop clocked by clk_i)
Endpoint: dmem_be_o[2] (output port clocked by clk_i)
Path Group: clk_i
Path Type: max
Corner: Slowest

Fanout     Cap    Slew   Delay    Time   Description
-----------------------------------------------------------------------------
                          0.00    0.00   clock clk_i (rise edge)
                          0.00    0.00   clock source latency
                  0.38    0.28    0.28 ^ clk_i (in)
     1    0.05                           clk_i (net)
                  0.38    0.00    0.28 ^ clkbuf_0_clk_i/A (sky130_fd_sc_hd__clkbuf_16)
                  0.16    0.46    0.74 ^ clkbuf_0_clk_i/X (sky130_fd_sc_hd__clkbuf_16)
     4    0.09                           clknet_0_clk_i (net)
                  0.16    0.00    0.74 ^ clkbuf_2_0__f_clk_i/A (sky130_fd_sc_hd__clkbuf_16)
                  0.23    0.41    1.16 ^ clkbuf_2_0__f_clk_i/X (sky130_fd_sc_hd__clkbuf_16)
    10    0.14                           clknet_2_0__leaf_clk_i (net)
                  0.23    0.00    1.16 ^ clkbuf_leaf_27_clk_i/A (sky130_fd_sc_hd__clkbuf_16)
                  0.12    0.36    1.52 ^ clkbuf_leaf_27_clk_i/X (sky130_fd_sc_hd__clkbuf_16)
    20    0.06                           clknet_leaf_27_clk_i (net)
                  0.12    0.00    1.52 ^ _5200_/CLK (sky130_fd_sc_hd__dfrtp_4)
                  0.20    1.19    2.71 v _5200_/Q (sky130_fd_sc_hd__dfrtp_4)
     4    0.04                           net279 (net)
                  0.20    0.00    2.71 v _2347_/B (sky130_fd_sc_hd__xor2_2)
                  0.14    0.36    3.07 v _2347_/X (sky130_fd_sc_hd__xor2_2)
     2    0.01                           _2337_ (net)
                  0.14    0.00    3.07 v _2371_/A (sky130_fd_sc_hd__or4b_1)
                  0.23    1.38    4.45 v _2371_/X (sky130_fd_sc_hd__or4b_1)
     1    0.01                           _0325_ (net)
                  0.23    0.00    4.45 v _2372_/A (sky130_fd_sc_hd__buf_4)
                  0.13    0.42    4.87 v _2372_/X (sky130_fd_sc_hd__buf_4)
    15    0.05                           _0326_ (net)
                  0.13    0.00    4.87 v _2438_/A2 (sky130_fd_sc_hd__o21a_1)
                  0.11    0.40    5.28 v _2438_/X (sky130_fd_sc_hd__o21a_1)
     1    0.01                           _0389_ (net)
                  0.11    0.00    5.28 v _2440_/A3 (sky130_fd_sc_hd__o31ai_4)
                  0.60    0.60    5.87 ^ _2440_/Y (sky130_fd_sc_hd__o31ai_4)
     4    0.03                           _0391_ (net)
                  0.60    0.00    5.87 ^ _2441_/A (sky130_fd_sc_hd__clkinv_2)
                  0.33    0.53    6.41 v _2441_/Y (sky130_fd_sc_hd__clkinv_2)
     4    0.04                           net178 (net)
                  0.33    0.00    6.41 v _2587_/A2 (sky130_fd_sc_hd__mux4_1)
                  0.27    1.43    7.84 v _2587_/X (sky130_fd_sc_hd__mux4_1)
     1    0.01                           _0526_ (net)
                  0.27    0.00    7.84 v _2588_/A (sky130_fd_sc_hd__buf_2)
                  0.20    0.49    8.33 v _2588_/X (sky130_fd_sc_hd__buf_2)
     6    0.04                           _0527_ (net)
                  0.20    0.00    8.33 v _2976_/A (sky130_fd_sc_hd__nor2_1)
                  0.21    0.27    8.60 ^ _2976_/Y (sky130_fd_sc_hd__nor2_1)
     1    0.00                           _0888_ (net)
                  0.21    0.00    8.60 ^ _2977_/B1 (sky130_fd_sc_hd__a21oi_2)
                  0.15    0.16    8.76 v _2977_/Y (sky130_fd_sc_hd__a21oi_2)
     5    0.01                           _0889_ (net)
                  0.15    0.00    8.76 v _2984_/A2 (sky130_fd_sc_hd__o311a_1)
                  0.14    0.74    9.50 v _2984_/X (sky130_fd_sc_hd__o311a_1)
     3    0.01                           _0896_ (net)
                  0.14    0.00    9.50 v _2985_/D (sky130_fd_sc_hd__or4_2)
                  0.30    1.55   11.05 v _2985_/X (sky130_fd_sc_hd__or4_2)
     3    0.01                           _0897_ (net)
                  0.30    0.00   11.05 v _3026_/A1 (sky130_fd_sc_hd__a21oi_2)
                  0.41    0.53   11.58 ^ _3026_/Y (sky130_fd_sc_hd__a21oi_2)
     2    0.02                           _0938_ (net)
                  0.41    0.00   11.58 ^ _3046_/A2 (sky130_fd_sc_hd__a21oi_4)
                  0.16    0.30   11.88 v _3046_/Y (sky130_fd_sc_hd__a21oi_4)
     5    0.03                           _0958_ (net)
                  0.16    0.00   11.88 v _3091_/A1 (sky130_fd_sc_hd__o21ai_2)
                  0.30    0.39   12.27 ^ _3091_/Y (sky130_fd_sc_hd__o21ai_2)
     4    0.01                           _1003_ (net)
                  0.30    0.00   12.27 ^ _3092_/D_N (sky130_fd_sc_hd__or4bb_2)
                  0.30    1.56   13.83 v _3092_/X (sky130_fd_sc_hd__or4bb_2)
     3    0.02                           _1004_ (net)
                  0.30    0.00   13.83 v _3105_/A1 (sky130_fd_sc_hd__a211o_1)
                  0.15    0.68   14.52 v _3105_/X (sky130_fd_sc_hd__a211o_1)
     3    0.01                           _1017_ (net)
                  0.15    0.00   14.52 v _3114_/A2 (sky130_fd_sc_hd__a21o_1)
                  0.11    0.42   14.94 v _3114_/X (sky130_fd_sc_hd__a21o_1)
     3    0.01                           _1026_ (net)
                  0.11    0.00   14.94 v _3124_/A1 (sky130_fd_sc_hd__a21o_1)
                  0.09    0.35   15.29 v _3124_/X (sky130_fd_sc_hd__a21o_1)
     2    0.01                           _1036_ (net)
                  0.09    0.00   15.29 v _3192_/A2 (sky130_fd_sc_hd__a31o_1)
                  0.07    0.40   15.69 v _3192_/X (sky130_fd_sc_hd__a31o_1)
     1    0.00                           _1104_ (net)
                  0.07    0.00   15.69 v _3193_/A (sky130_fd_sc_hd__buf_4)
                  0.20    0.41   16.09 v _3193_/X (sky130_fd_sc_hd__buf_4)
    10    0.08                           i_exec_stage.alu_out[0] (net)
                  0.20    0.00   16.10 v _3202_/D (sky130_fd_sc_hd__or4_1)
                  0.23    1.14   17.24 v _3202_/X (sky130_fd_sc_hd__or4_1)
     2    0.01                           _1111_ (net)
                  0.23    0.00   17.24 v _3203_/A2 (sky130_fd_sc_hd__a21oi_1)
                  0.19    0.32   17.56 ^ _3203_/Y (sky130_fd_sc_hd__a21oi_1)
     1    0.00                           net164 (net)
                  0.19    0.00   17.56 ^ output164/A (sky130_fd_sc_hd__clkbuf_4)
                  0.19    0.41   17.97 ^ output164/X (sky130_fd_sc_hd__clkbuf_4)
     1    0.04                           dmem_be_o[2] (net)
                  0.19    0.00   17.97 ^ dmem_be_o[2] (out)
                                 17.97   data arrival time

                         12.00   12.00   clock clk_i (rise edge)
                          0.00   12.00   clock network delay (propagated)
                         -0.25   11.75   clock uncertainty
                          0.00   11.75   clock reconvergence pessimism
                         -2.40    9.35   output external delay
                                  9.35   data required time
-----------------------------------------------------------------------------
                                  9.35   data required time
                                -17.97   data arrival time
-----------------------------------------------------------------------------
                                 -8.62   slack (VIOLATED)



======================= Typical Corner ===================================

No paths found.


===========================================================================
 report_check_types -max_slew -max_cap -max_fanout -violators
============================================================================
======================= Fastest Corner ===================================


======================= Slowest Corner ===================================

max slew

Pin                                    Limit    Slew   Slack
------------------------------------------------------------
_2351_/Y                                1.49    2.02   -0.52 (VIOLATED)
_2812_/B                                1.50    2.02   -0.52 (VIOLATED)
_2832_/B                                1.50    2.02   -0.52 (VIOLATED)
_2824_/B                                1.50    2.02   -0.52 (VIOLATED)
_2842_/B                                1.50    2.02   -0.52 (VIOLATED)
_2859_/B                                1.50    2.02   -0.52 (VIOLATED)
_2813_/B                                1.50    2.02   -0.52 (VIOLATED)
_3106_/B                                1.50    2.02   -0.52 (VIOLATED)
_3116_/B                                1.50    2.02   -0.52 (VIOLATED)
_2869_/B                                1.50    2.02   -0.52 (VIOLATED)
_2877_/B                                1.50    2.02   -0.52 (VIOLATED)
_2886_/B                                1.50    2.02   -0.52 (VIOLATED)
_3047_/B                                1.50    2.02   -0.52 (VIOLATED)
_3055_/B                                1.50    2.02   -0.52 (VIOLATED)
_2938_/B                                1.50    2.02   -0.52 (VIOLATED)
_3072_/B                                1.50    2.02   -0.52 (VIOLATED)
_2895_/B                                1.50    2.02   -0.52 (VIOLATED)
_3064_/B                                1.50    2.02   -0.52 (VIOLATED)
_2946_/B                                1.50    2.02   -0.52 (VIOLATED)
_2851_/B                                1.50    2.02   -0.52 (VIOLATED)
_2929_/B                                1.50    2.02   -0.52 (VIOLATED)
_2352_/A2                               1.50    2.02   -0.52 (VIOLATED)
_2437_/B                                1.50    2.02   -0.52 (VIOLATED)
_2575_/A2                               1.50    2.02   -0.52 (VIOLATED)
_2642_/A2                               1.50    2.02   -0.52 (VIOLATED)
_2911_/B                                1.50    2.02   -0.52 (VIOLATED)
_2993_/B                                1.50    2.02   -0.52 (VIOLATED)
_3010_/B                                1.50    2.02   -0.52 (VIOLATED)
_3017_/B                                1.50    2.02   -0.52 (VIOLATED)

max capacitance

Pin                                    Limit     Cap   Slack
------------------------------------------------------------
_2351_/Y                                0.07    0.09   -0.03 (VIOLATED)


======================= Typical Corner ===================================



===========================================================================
report_parasitic_annotation -report_unannotated
============================================================================
Found 42 unannotated drivers.
 dmem_gnt_i
 dmem_rvalid_i
 core_299/HI
 core_300/HI
 core_301/HI
 core_302/HI
 core_303/HI
 core_304/HI
 core_305/HI
 core_306/HI
 core_307/HI
 core_308/HI
 core_309/HI
 core_310/HI
 core_311/HI
 core_312/HI
 core_313/HI
 core_314/HI
 core_315/HI
 core_316/HI
 core_317/HI
 core_318/HI
 core_319/HI
 core_320/HI
 core_321/HI
 core_322/HI
 core_323/HI
 core_324/HI
 core_325/HI
 core_326/HI
 core_327/HI
 core_328/HI
 core_329/HI
 core_330/HI
 core_331/HI
 core_332/HI
 core_333/HI
 core_334/HI
 core_335/HI
 core_336/HI
 core_337/HI
 core_338/LO
Found 0 partially unannotated drivers.

===========================================================================
max slew violation count 29
max fanout violation count 0
max cap violation count 1
============================================================================

===========================================================================
check_setup -verbose -unconstrained_endpoints -multiple_clock -no_clock -no_input_delay -loops -generated_clocks
===========================================================================
Warning: There are 40 unconstrained endpoints.
  dmem_addr_o[0]
  dmem_addr_o[1]
  imem_be_o[0]
  imem_be_o[1]
  imem_be_o[2]
  imem_be_o[3]
  imem_req_o
  imem_wdata_o[0]
  imem_wdata_o[10]
  imem_wdata_o[11]
  imem_wdata_o[12]
  imem_wdata_o[13]
  imem_wdata_o[14]
  imem_wdata_o[15]
  imem_wdata_o[16]
  imem_wdata_o[17]
  imem_wdata_o[18]
  imem_wdata_o[19]
  imem_wdata_o[1]
  imem_wdata_o[20]
  imem_wdata_o[21]
  imem_wdata_o[22]
  imem_wdata_o[23]
  imem_wdata_o[24]
  imem_wdata_o[25]
  imem_wdata_o[26]
  imem_wdata_o[27]
  imem_wdata_o[28]
  imem_wdata_o[29]
  imem_wdata_o[2]
  imem_wdata_o[30]
  imem_wdata_o[31]
  imem_wdata_o[3]
  imem_wdata_o[4]
  imem_wdata_o[5]
  imem_wdata_o[6]
  imem_wdata_o[7]
  imem_wdata_o[8]
  imem_wdata_o[9]
  imem_we_o
