OpenROAD b3db49ea3301a7e590bf24126d409bd40199b4af 
This program is licensed under the BSD-3 license. See the LICENSE file for details.
Components of this program may be licensed under more restrictive licenses which must be honored.
[INFO]: Reading ODB at '/openlane/designs/sv_core/runs/RUN_2023.05.11_22.16.27/tmp/15-core.odb'…
define_corners Typical
read_liberty -corner Typical /openlane/designs/sv_core/runs/RUN_2023.05.11_22.16.27/tmp/synthesis/resizer_sky130_fd_sc_hd__tt_025C_1v80.lib
[INFO]: Setting signal min routing layer to: met1 and clock min routing layer to met1. 
[INFO]: Setting signal max routing layer to: met5 and clock max routing layer to met5. 
-congestion_iterations 50 -verbose
[INFO GRT-0020] Min routing layer: met1
[INFO GRT-0021] Max routing layer: met5
[INFO GRT-0022] Global adjustment: 30%
[INFO GRT-0023] Grid origin: (0, 0)
[INFO GRT-0043] No OR_DEFAULT vias defined.
[INFO GRT-0088] Layer li1     Track-Pitch = 0.4600  line-2-Via Pitch: 0.3400
[INFO GRT-0088] Layer met1    Track-Pitch = 0.3400  line-2-Via Pitch: 0.3400
[INFO GRT-0088] Layer met2    Track-Pitch = 0.4600  line-2-Via Pitch: 0.3500
[INFO GRT-0088] Layer met3    Track-Pitch = 0.6800  line-2-Via Pitch: 0.6150
[INFO GRT-0088] Layer met4    Track-Pitch = 0.9200  line-2-Via Pitch: 1.0400
[INFO GRT-0088] Layer met5    Track-Pitch = 3.4000  line-2-Via Pitch: 3.1100
[INFO GRT-0019] Found 37 clock nets.
[INFO GRT-0001] Minimum degree: 2
[INFO GRT-0002] Maximum degree: 31
[INFO GRT-0003] Macros: 0
[INFO GRT-0004] Blockages: 6988

[INFO GRT-0053] Routing resources analysis:
          Routing      Original      Derated      Resource
Layer     Direction    Resources     Resources    Reduction (%)
---------------------------------------------------------------
li1        Vertical            0             0          0.00%
met1       Horizontal      82080         40509          50.65%
met2       Vertical        61560         41722          32.23%
met3       Horizontal      41040         28287          31.07%
met4       Vertical        24624         16139          34.46%
met5       Horizontal       8208          3920          52.24%
---------------------------------------------------------------

[INFO GRT-0101] Running extra iterations to remove overflow.
[INFO GRT-0197] Via related to pin nodes: 16388
[INFO GRT-0198] Via related Steiner nodes: 525
[INFO GRT-0199] Via filling finished.
[INFO GRT-0111] Final number of vias: 18924
[INFO GRT-0112] Final usage 3D: 78742

[INFO GRT-0096] Final congestion report:
Layer         Resource        Demand        Usage (%)    Max H / Max V / Total Overflow
---------------------------------------------------------------------------------------
li1                  0             0            0.00%             0 /  0 /  0
met1             40509          8937           22.06%             0 /  0 /  0
met2             41722          9148           21.93%             0 /  0 /  0
met3             28287          1852            6.55%             0 /  0 /  0
met4             16139          2012           12.47%             0 /  0 /  0
met5              3920            21            0.54%             0 /  0 /  0
---------------------------------------------------------------------------------------
Total           130577         21970           16.83%             0 /  0 /  0

[INFO GRT-0018] Total wirelength: 219868 um
[INFO GRT-0014] Routed nets: 3557
[INFO]: Setting RC values...
[INFO RSZ-0033] No hold violations found.
Placement Analysis
---------------------------------
total displacement          0.0 u
average displacement        0.0 u
max displacement            0.0 u
original HPWL          132315.8 u
legalized HPWL         135524.9 u
delta HPWL                    2 %

[INFO DPL-0020] Mirrored 1446 instances
[INFO DPL-0021] HPWL before          135524.9 u
[INFO DPL-0022] HPWL after           132315.8 u
[INFO DPL-0023] HPWL delta               -2.4 %
Setting global connections for newly added cells…
Writing OpenROAD database to '/openlane/designs/sv_core/runs/RUN_2023.05.11_22.16.27/tmp/17-core.odb'…
Writing netlist to '/openlane/designs/sv_core/runs/RUN_2023.05.11_22.16.27/tmp/17-core.nl.v'…
Writing powered netlist to '/openlane/designs/sv_core/runs/RUN_2023.05.11_22.16.27/tmp/17-core.pnl.v'…
Writing layout to '/openlane/designs/sv_core/runs/RUN_2023.05.11_22.16.27/tmp/17-core.def'…
Writing timing constraints to '/openlane/designs/sv_core/runs/RUN_2023.05.11_22.16.27/tmp/17-core.sdc'…
