OpenROAD b3db49ea3301a7e590bf24126d409bd40199b4af 
This program is licensed under the BSD-3 license. See the LICENSE file for details.
Components of this program may be licensed under more restrictive licenses which must be honored.
[INFO ODB-0222] Reading LEF file: /openlane/designs/core_regfile/runs/RUN_2023.05.05_23.56.43/tmp/merged.nom.lef
[WARNING ODB-0220] WARNING (LEFPARS-2036): SOURCE statement is obsolete in version 5.6 and later.
The LEF parser will ignore this statement.
To avoid this warning in the future, remove this statement from the LEF file with version 5.6 or later. See file /openlane/designs/core_regfile/runs/RUN_2023.05.05_23.56.43/tmp/merged.nom.lef at line 930.

[INFO ODB-0223]     Created 13 technology layers
[INFO ODB-0224]     Created 25 technology vias
[INFO ODB-0225]     Created 441 library cells
[INFO ODB-0226] Finished LEF file:  /openlane/designs/core_regfile/runs/RUN_2023.05.05_23.56.43/tmp/merged.nom.lef
[INFO ODB-0127] Reading DEF file: /openlane/designs/core_regfile/runs/RUN_2023.05.05_23.56.43/tmp/signoff/36-reg_file.p.def
[INFO ODB-0128] Design: reg_file
[INFO ODB-0130]     Created 115 pins.
[INFO ODB-0131]     Created 14823 components and 74773 component-terminals.
[INFO ODB-0132]     Created 2 special nets and 55964 connections.
[INFO ODB-0133]     Created 5932 nets and 18809 connections.
[INFO ODB-0134] Finished DEF file: /openlane/designs/core_regfile/runs/RUN_2023.05.05_23.56.43/tmp/signoff/36-reg_file.p.def
define_corners Typical
read_liberty -corner Typical /Users/timothylee/.volare/sky130A/libs.ref/sky130_fd_sc_hd/lib/sky130_fd_sc_hd__tt_025C_1v80.lib
Setting global connections for newly added cells…
[WARNING] Did not save OpenROAD database!
Writing netlist to '/openlane/designs/core_regfile/runs/RUN_2023.05.05_23.56.43/tmp/signoff/36-reg_file.nl.v'…
Writing powered netlist to '/openlane/designs/core_regfile/runs/RUN_2023.05.05_23.56.43/tmp/signoff/36-reg_file.pnl.v'…
