
===========================================================================
report_checks -unconstrained
===========================================================================
======================= Typical Corner ===================================

Startpoint: _09160_ (rising edge-triggered flip-flop clocked by clk_i')
Endpoint: port2_data_o[26] (output port clocked by clk_i)
Path Group: clk_i
Path Type: max

Fanout     Cap    Slew   Delay    Time   Description
-----------------------------------------------------------------------------
                          5.00    5.00   clock clk_i' (rise edge)
                          0.00    5.00   clock source latency
                  0.01    0.00    5.00 v clk_i (in)
     1    0.00                           clk_i (net)
                  0.01    0.00    5.00 v _07986_/A (sky130_fd_sc_hd__buf_1)
                  0.14    0.17    5.17 v _07986_/X (sky130_fd_sc_hd__buf_1)
     1    0.02                           _04443_ (net)
                  0.14    0.00    5.17 v clkbuf_0__04443_/A (sky130_fd_sc_hd__clkbuf_16)
                  0.04    0.20    5.38 v clkbuf_0__04443_/X (sky130_fd_sc_hd__clkbuf_16)
     2    0.02                           clknet_0__04443_ (net)
                  0.04    0.00    5.38 v clkbuf_1_0__f__04443_/A (sky130_fd_sc_hd__clkbuf_16)
                  0.04    0.16    5.54 v clkbuf_1_0__f__04443_/X (sky130_fd_sc_hd__clkbuf_16)
     4    0.03                           clknet_1_0__leaf__04443_ (net)
                  0.04    0.00    5.54 v _08008_/A (sky130_fd_sc_hd__buf_1)
                  0.21    0.24    5.78 v _08008_/X (sky130_fd_sc_hd__buf_1)
     1    0.04                           _04446_ (net)
                  0.21    0.00    5.78 v clkbuf_0__04446_/A (sky130_fd_sc_hd__clkbuf_16)
                  0.04    0.25    6.03 v clkbuf_0__04446_/X (sky130_fd_sc_hd__clkbuf_16)
     2    0.03                           clknet_0__04446_ (net)
                  0.04    0.00    6.03 v clkbuf_1_1__f__04446_/A (sky130_fd_sc_hd__clkbuf_16)
                  0.07    0.19    6.22 v clkbuf_1_1__f__04446_/X (sky130_fd_sc_hd__clkbuf_16)
     4    0.09                           clknet_1_1__leaf__04446_ (net)
                  0.07    0.00    6.22 v _08069_/A (sky130_fd_sc_hd__buf_1)
                  0.07    0.14    6.36 v _08069_/X (sky130_fd_sc_hd__buf_1)
     1    0.01                           _04450_ (net)
                  0.07    0.00    6.36 v clkbuf_0__04450_/A (sky130_fd_sc_hd__clkbuf_16)
                  0.03    0.16    6.53 v clkbuf_0__04450_/X (sky130_fd_sc_hd__clkbuf_16)
     2    0.02                           clknet_0__04450_ (net)
                  0.03    0.00    6.53 v clkbuf_1_0__f__04450_/A (sky130_fd_sc_hd__clkbuf_16)
                  0.05    0.17    6.70 v clkbuf_1_0__f__04450_/X (sky130_fd_sc_hd__clkbuf_16)
     9    0.05                           clknet_1_0__leaf__04450_ (net)
                  0.05    0.00    6.70 v _08084__146/A (sky130_fd_sc_hd__inv_2)
                  0.02    0.04    6.74 ^ _08084__146/Y (sky130_fd_sc_hd__inv_2)
     1    0.00                           net258 (net)
                  0.02    0.00    6.74 ^ _09160_/CLK (sky130_fd_sc_hd__dfxtp_1)
                  0.10    0.36    7.10 v _09160_/Q (sky130_fd_sc_hd__dfxtp_1)
     3    0.02                           rf[11][26] (net)
                  0.10    0.00    7.10 v _07622_/A3 (sky130_fd_sc_hd__mux4_1)
                  0.15    0.61    7.71 v _07622_/X (sky130_fd_sc_hd__mux4_1)
     1    0.02                           _04098_ (net)
                  0.15    0.00    7.71 v _07623_/A2 (sky130_fd_sc_hd__o21a_1)
                  0.04    0.22    7.93 v _07623_/X (sky130_fd_sc_hd__o21a_1)
     1    0.00                           _04099_ (net)
                  0.04    0.00    7.93 v _07628_/A2 (sky130_fd_sc_hd__a221o_1)
                  0.31    0.62    8.55 v _07628_/X (sky130_fd_sc_hd__a221o_1)
     1    0.06                           _04104_ (net)
                  0.31    0.01    8.56 v _07638_/B (sky130_fd_sc_hd__and3_4)
                  0.06    0.34    8.90 v _07638_/X (sky130_fd_sc_hd__and3_4)
     1    0.03                           _04114_ (net)
                  0.06    0.00    8.90 v _07639_/A (sky130_fd_sc_hd__clkbuf_1)
                  0.06    0.13    9.03 v _07639_/X (sky130_fd_sc_hd__clkbuf_1)
     1    0.01                           net99 (net)
                  0.06    0.00    9.03 v output99/A (sky130_fd_sc_hd__buf_4)
                  0.06    0.18    9.21 v output99/X (sky130_fd_sc_hd__buf_4)
     1    0.03                           port2_data_o[26] (net)
                  0.06    0.00    9.22 v port2_data_o[26] (out)
                                  9.22   data arrival time

                         10.00   10.00   clock clk_i (rise edge)
                          0.00   10.00   clock network delay (propagated)
                         -0.25    9.75   clock uncertainty
                          0.00    9.75   clock reconvergence pessimism
                         -2.00    7.75   output external delay
                                  7.75   data required time
-----------------------------------------------------------------------------
                                  7.75   data required time
                                 -9.22   data arrival time
-----------------------------------------------------------------------------
                                 -1.47   slack (VIOLATED)




===========================================================================
report_checks --slack_max -0.01
============================================================================
======================= Typical Corner ===================================

Startpoint: _09160_ (rising edge-triggered flip-flop clocked by clk_i')
Endpoint: port2_data_o[26] (output port clocked by clk_i)
Path Group: clk_i
Path Type: max

Fanout     Cap    Slew   Delay    Time   Description
-----------------------------------------------------------------------------
                          5.00    5.00   clock clk_i' (rise edge)
                          0.00    5.00   clock source latency
                  0.01    0.00    5.00 v clk_i (in)
     1    0.00                           clk_i (net)
                  0.01    0.00    5.00 v _07986_/A (sky130_fd_sc_hd__buf_1)
                  0.14    0.17    5.17 v _07986_/X (sky130_fd_sc_hd__buf_1)
     1    0.02                           _04443_ (net)
                  0.14    0.00    5.17 v clkbuf_0__04443_/A (sky130_fd_sc_hd__clkbuf_16)
                  0.04    0.20    5.38 v clkbuf_0__04443_/X (sky130_fd_sc_hd__clkbuf_16)
     2    0.02                           clknet_0__04443_ (net)
                  0.04    0.00    5.38 v clkbuf_1_0__f__04443_/A (sky130_fd_sc_hd__clkbuf_16)
                  0.04    0.16    5.54 v clkbuf_1_0__f__04443_/X (sky130_fd_sc_hd__clkbuf_16)
     4    0.03                           clknet_1_0__leaf__04443_ (net)
                  0.04    0.00    5.54 v _08008_/A (sky130_fd_sc_hd__buf_1)
                  0.21    0.24    5.78 v _08008_/X (sky130_fd_sc_hd__buf_1)
     1    0.04                           _04446_ (net)
                  0.21    0.00    5.78 v clkbuf_0__04446_/A (sky130_fd_sc_hd__clkbuf_16)
                  0.04    0.25    6.03 v clkbuf_0__04446_/X (sky130_fd_sc_hd__clkbuf_16)
     2    0.03                           clknet_0__04446_ (net)
                  0.04    0.00    6.03 v clkbuf_1_1__f__04446_/A (sky130_fd_sc_hd__clkbuf_16)
                  0.07    0.19    6.22 v clkbuf_1_1__f__04446_/X (sky130_fd_sc_hd__clkbuf_16)
     4    0.09                           clknet_1_1__leaf__04446_ (net)
                  0.07    0.00    6.22 v _08069_/A (sky130_fd_sc_hd__buf_1)
                  0.07    0.14    6.36 v _08069_/X (sky130_fd_sc_hd__buf_1)
     1    0.01                           _04450_ (net)
                  0.07    0.00    6.36 v clkbuf_0__04450_/A (sky130_fd_sc_hd__clkbuf_16)
                  0.03    0.16    6.53 v clkbuf_0__04450_/X (sky130_fd_sc_hd__clkbuf_16)
     2    0.02                           clknet_0__04450_ (net)
                  0.03    0.00    6.53 v clkbuf_1_0__f__04450_/A (sky130_fd_sc_hd__clkbuf_16)
                  0.05    0.17    6.70 v clkbuf_1_0__f__04450_/X (sky130_fd_sc_hd__clkbuf_16)
     9    0.05                           clknet_1_0__leaf__04450_ (net)
                  0.05    0.00    6.70 v _08084__146/A (sky130_fd_sc_hd__inv_2)
                  0.02    0.04    6.74 ^ _08084__146/Y (sky130_fd_sc_hd__inv_2)
     1    0.00                           net258 (net)
                  0.02    0.00    6.74 ^ _09160_/CLK (sky130_fd_sc_hd__dfxtp_1)
                  0.10    0.36    7.10 v _09160_/Q (sky130_fd_sc_hd__dfxtp_1)
     3    0.02                           rf[11][26] (net)
                  0.10    0.00    7.10 v _07622_/A3 (sky130_fd_sc_hd__mux4_1)
                  0.15    0.61    7.71 v _07622_/X (sky130_fd_sc_hd__mux4_1)
     1    0.02                           _04098_ (net)
                  0.15    0.00    7.71 v _07623_/A2 (sky130_fd_sc_hd__o21a_1)
                  0.04    0.22    7.93 v _07623_/X (sky130_fd_sc_hd__o21a_1)
     1    0.00                           _04099_ (net)
                  0.04    0.00    7.93 v _07628_/A2 (sky130_fd_sc_hd__a221o_1)
                  0.31    0.62    8.55 v _07628_/X (sky130_fd_sc_hd__a221o_1)
     1    0.06                           _04104_ (net)
                  0.31    0.01    8.56 v _07638_/B (sky130_fd_sc_hd__and3_4)
                  0.06    0.34    8.90 v _07638_/X (sky130_fd_sc_hd__and3_4)
     1    0.03                           _04114_ (net)
                  0.06    0.00    8.90 v _07639_/A (sky130_fd_sc_hd__clkbuf_1)
                  0.06    0.13    9.03 v _07639_/X (sky130_fd_sc_hd__clkbuf_1)
     1    0.01                           net99 (net)
                  0.06    0.00    9.03 v output99/A (sky130_fd_sc_hd__buf_4)
                  0.06    0.18    9.21 v output99/X (sky130_fd_sc_hd__buf_4)
     1    0.03                           port2_data_o[26] (net)
                  0.06    0.00    9.22 v port2_data_o[26] (out)
                                  9.22   data arrival time

                         10.00   10.00   clock clk_i (rise edge)
                          0.00   10.00   clock network delay (propagated)
                         -0.25    9.75   clock uncertainty
                          0.00    9.75   clock reconvergence pessimism
                         -2.00    7.75   output external delay
                                  7.75   data required time
-----------------------------------------------------------------------------
                                  7.75   data required time
                                 -9.22   data arrival time
-----------------------------------------------------------------------------
                                 -1.47   slack (VIOLATED)




===========================================================================
 report_check_types -max_slew -max_cap -max_fanout -violators
============================================================================
======================= Typical Corner ===================================



===========================================================================
report_parasitic_annotation -report_unannotated
============================================================================
Found 0 unannotated drivers.
Found 0 partially unannotated drivers.

===========================================================================
max slew violation count 0
max fanout violation count 0
max cap violation count 0
============================================================================

===========================================================================
check_setup -verbose -unconstrained_endpoints -multiple_clock -no_clock -no_input_delay -loops -generated_clocks
===========================================================================
