OpenROAD b3db49ea3301a7e590bf24126d409bd40199b4af 
This program is licensed under the BSD-3 license. See the LICENSE file for details.
Components of this program may be licensed under more restrictive licenses which must be honored.
[INFO]: Reading ODB at '/openlane/designs/core_regfile/runs/RUN_2023.05.05_23.56.43/tmp/17-reg_file.odb'…
define_corners Typical
read_liberty -corner Typical /Users/timothylee/.volare/sky130A/libs.ref/sky130_fd_sc_hd/lib/sky130_fd_sc_hd__tt_025C_1v80.lib
[INFO]: Setting signal min routing layer to: met1 and clock min routing layer to met1. 
[INFO]: Setting signal max routing layer to: met5 and clock max routing layer to met5. 
-congestion_iterations 50 -verbose
[INFO GRT-0020] Min routing layer: met1
[INFO GRT-0021] Max routing layer: met5
[INFO GRT-0022] Global adjustment: 30%
[INFO GRT-0023] Grid origin: (0, 0)
[INFO GRT-0043] No OR_DEFAULT vias defined.
[INFO GRT-0088] Layer li1     Track-Pitch = 0.4600  line-2-Via Pitch: 0.3400
[INFO GRT-0088] Layer met1    Track-Pitch = 0.3400  line-2-Via Pitch: 0.3400
[INFO GRT-0088] Layer met2    Track-Pitch = 0.4600  line-2-Via Pitch: 0.3500
[INFO GRT-0088] Layer met3    Track-Pitch = 0.6800  line-2-Via Pitch: 0.6150
[INFO GRT-0088] Layer met4    Track-Pitch = 0.9200  line-2-Via Pitch: 1.0400
[INFO GRT-0088] Layer met5    Track-Pitch = 3.4000  line-2-Via Pitch: 3.1100
[INFO GRT-0019] Found 1265 clock nets.
[INFO GRT-0001] Minimum degree: 2
[INFO GRT-0002] Maximum degree: 31
[INFO GRT-0003] Macros: 0
[INFO GRT-0004] Blockages: 24800

[INFO GRT-0053] Routing resources analysis:
          Routing      Original      Derated      Resource
Layer     Direction    Resources     Resources    Reduction (%)
---------------------------------------------------------------
li1        Vertical            0             0          0.00%
met1       Horizontal      54060         25635          52.58%
met2       Vertical        40545         27065          33.25%
met3       Horizontal      27030         18617          31.12%
met4       Vertical        16218         10422          35.74%
met5       Horizontal       5406          2500          53.76%
---------------------------------------------------------------

[INFO GRT-0101] Running extra iterations to remove overflow.
[INFO GRT-0197] Via related to pin nodes: 25355
[INFO GRT-0198] Via related Steiner nodes: 1165
[INFO GRT-0199] Via filling finished.
[INFO GRT-0111] Final number of vias: 30218
[INFO GRT-0112] Final usage 3D: 128759

[INFO GRT-0096] Final congestion report:
Layer         Resource        Demand        Usage (%)    Max H / Max V / Total Overflow
---------------------------------------------------------------------------------------
li1                  0             0            0.00%             0 /  0 /  0
met1             25635         13737           53.59%             0 /  0 /  0
met2             27065         14859           54.90%             0 /  0 /  0
met3             18617          5625           30.21%             0 /  0 /  0
met4             10422          3521           33.78%             0 /  0 /  0
met5              2500           363           14.52%             0 /  0 /  0
---------------------------------------------------------------------------------------
Total            84239         38105           45.23%             0 /  0 /  0

[INFO GRT-0018] Total wirelength: 366003 um
[INFO GRT-0014] Routed nets: 5932
[INFO GRT-0006] Repairing antennas, iteration 1.
[INFO GRT-0043] No OR_DEFAULT vias defined.
[INFO GRT-0012] Found 0 antenna violations.
Setting global connections for newly added cells…
Writing OpenROAD database to '/openlane/designs/core_regfile/runs/RUN_2023.05.05_23.56.43/tmp/routing/19-global.odb'…
Writing layout to '/openlane/designs/core_regfile/runs/RUN_2023.05.05_23.56.43/tmp/routing/19-global.def'…
Writing routing guides to '/openlane/designs/core_regfile/runs/RUN_2023.05.05_23.56.43/tmp/routing/19-global.guide'…
[INFO]: Setting RC values...
[INFO GRT-0020] Min routing layer: met1
[INFO GRT-0021] Max routing layer: met5
[INFO GRT-0022] Global adjustment: 30%
[INFO GRT-0023] Grid origin: (0, 0)
[INFO GRT-0043] No OR_DEFAULT vias defined.
[INFO GRT-0088] Layer li1     Track-Pitch = 0.4600  line-2-Via Pitch: 0.3400
[INFO GRT-0088] Layer met1    Track-Pitch = 0.3400  line-2-Via Pitch: 0.3400
[INFO GRT-0088] Layer met2    Track-Pitch = 0.4600  line-2-Via Pitch: 0.3500
[INFO GRT-0088] Layer met3    Track-Pitch = 0.6800  line-2-Via Pitch: 0.6150
[INFO GRT-0088] Layer met4    Track-Pitch = 0.9200  line-2-Via Pitch: 1.0400
[INFO GRT-0088] Layer met5    Track-Pitch = 3.4000  line-2-Via Pitch: 3.1100
[INFO GRT-0019] Found 1265 clock nets.
[INFO GRT-0001] Minimum degree: 2
[INFO GRT-0002] Maximum degree: 31
[INFO GRT-0003] Macros: 0
[INFO GRT-0004] Blockages: 24800

[INFO GRT-0053] Routing resources analysis:
          Routing      Original      Derated      Resource
Layer     Direction    Resources     Resources    Reduction (%)
---------------------------------------------------------------
li1        Vertical            0             0          0.00%
met1       Horizontal      54060         25635          52.58%
met2       Vertical        40545         27065          33.25%
met3       Horizontal      27030         18617          31.12%
met4       Vertical        16218         10422          35.74%
met5       Horizontal       5406          2500          53.76%
---------------------------------------------------------------

[INFO GRT-0101] Running extra iterations to remove overflow.
[INFO GRT-0197] Via related to pin nodes: 25355
[INFO GRT-0198] Via related Steiner nodes: 1165
[INFO GRT-0199] Via filling finished.
[INFO GRT-0111] Final number of vias: 30218
[INFO GRT-0112] Final usage 3D: 128759

[INFO GRT-0096] Final congestion report:
Layer         Resource        Demand        Usage (%)    Max H / Max V / Total Overflow
---------------------------------------------------------------------------------------
li1                  0             0            0.00%             0 /  0 /  0
met1             25635         13737           53.59%             0 /  0 /  0
met2             27065         14859           54.90%             0 /  0 /  0
met3             18617          5625           30.21%             0 /  0 /  0
met4             10422          3521           33.78%             0 /  0 /  0
met5              2500           363           14.52%             0 /  0 /  0
---------------------------------------------------------------------------------------
Total            84239         38105           45.23%             0 /  0 /  0

[INFO GRT-0018] Total wirelength: 366003 um
[INFO GRT-0014] Routed nets: 5932
