
===========================================================================
report_checks -unconstrained
===========================================================================
======================= Fastest Corner ===================================

Startpoint: rst_ni (input port clocked by clk_i)
Endpoint: _4926_ (recovery check against rising-edge clock clk_i)
Path Group: asynchronous
Path Type: max
Corner: Fastest

Fanout     Cap    Slew   Delay    Time   Description
-----------------------------------------------------------------------------
                          0.00    0.00   clock clk_i (rise edge)
                          0.00    0.00   clock network delay (propagated)
                          2.40    2.40 ^ input external delay
                  0.02    0.01    2.41 ^ rst_ni (in)
     1    0.00                           rst_ni (net)
                  0.02    0.00    2.41 ^ input131/A (sky130_fd_sc_hd__clkbuf_4)
                  0.15    0.17    2.58 ^ input131/X (sky130_fd_sc_hd__clkbuf_4)
     2    0.07                           net131 (net)
                  0.16    0.01    2.59 ^ fanout293/A (sky130_fd_sc_hd__buf_12)
                  0.17    0.18    2.77 ^ fanout293/X (sky130_fd_sc_hd__buf_12)
    17    0.20                           net293 (net)
                  0.18    0.02    2.79 ^ fanout288/A (sky130_fd_sc_hd__buf_6)
                  0.15    0.17    2.96 ^ fanout288/X (sky130_fd_sc_hd__buf_6)
    17    0.10                           net288 (net)
                  0.15    0.00    2.97 ^ fanout286/A (sky130_fd_sc_hd__buf_12)
                  0.14    0.16    3.13 ^ fanout286/X (sky130_fd_sc_hd__buf_12)
    30    0.16                           net286 (net)
                  0.14    0.01    3.14 ^ _4926_/RESET_B (sky130_fd_sc_hd__dfrtp_4)
                                  3.14   data arrival time

                         12.00   12.00   clock clk_i (rise edge)
                          0.00   12.00   clock source latency
                  0.21    0.14   12.14 ^ clk_i (in)
     1    0.06                           clk_i (net)
                  0.21    0.00   12.14 ^ clkbuf_0_clk_i/A (sky130_fd_sc_hd__clkbuf_16)
                  0.09    0.15   12.30 ^ clkbuf_0_clk_i/X (sky130_fd_sc_hd__clkbuf_16)
     4    0.10                           clknet_0_clk_i (net)
                  0.09    0.01   12.31 ^ clkbuf_2_1__f_clk_i/A (sky130_fd_sc_hd__clkbuf_16)
                  0.12    0.16   12.46 ^ clkbuf_2_1__f_clk_i/X (sky130_fd_sc_hd__clkbuf_16)
    10    0.14                           clknet_2_1__leaf_clk_i (net)
                  0.12    0.00   12.47 ^ clkbuf_leaf_22_clk_i/A (sky130_fd_sc_hd__clkbuf_16)
                  0.05    0.12   12.58 ^ clkbuf_leaf_22_clk_i/X (sky130_fd_sc_hd__clkbuf_16)
    13    0.04                           clknet_leaf_22_clk_i (net)
                  0.05    0.00   12.58 ^ _4926_/CLK (sky130_fd_sc_hd__dfrtp_4)
                         -0.25   12.33   clock uncertainty
                          0.00   12.33   clock reconvergence pessimism
                          0.10   12.43   library recovery time
                                 12.43   data required time
-----------------------------------------------------------------------------
                                 12.43   data required time
                                 -3.14   data arrival time
-----------------------------------------------------------------------------
                                  9.29   slack (MET)


Startpoint: _5200_ (rising edge-triggered flip-flop clocked by clk_i)
Endpoint: dmem_be_o[2] (output port clocked by clk_i)
Path Group: clk_i
Path Type: max
Corner: Fastest

Fanout     Cap    Slew   Delay    Time   Description
-----------------------------------------------------------------------------
                          0.00    0.00   clock clk_i (rise edge)
                          0.00    0.00   clock source latency
                  0.21    0.16    0.16 ^ clk_i (in)
     1    0.06                           clk_i (net)
                  0.21    0.00    0.16 ^ clkbuf_0_clk_i/A (sky130_fd_sc_hd__clkbuf_16)
                  0.09    0.17    0.33 ^ clkbuf_0_clk_i/X (sky130_fd_sc_hd__clkbuf_16)
     4    0.10                           clknet_0_clk_i (net)
                  0.09    0.01    0.34 ^ clkbuf_2_0__f_clk_i/A (sky130_fd_sc_hd__clkbuf_16)
                  0.13    0.18    0.51 ^ clkbuf_2_0__f_clk_i/X (sky130_fd_sc_hd__clkbuf_16)
    10    0.15                           clknet_2_0__leaf_clk_i (net)
                  0.13    0.01    0.52 ^ clkbuf_leaf_27_clk_i/A (sky130_fd_sc_hd__clkbuf_16)
                  0.07    0.14    0.67 ^ clkbuf_leaf_27_clk_i/X (sky130_fd_sc_hd__clkbuf_16)
    20    0.07                           clknet_leaf_27_clk_i (net)
                  0.07    0.00    0.67 ^ _5200_/CLK (sky130_fd_sc_hd__dfrtp_4)
                  0.08    0.37    1.04 v _5200_/Q (sky130_fd_sc_hd__dfrtp_4)
     4    0.05                           net279 (net)
                  0.08    0.00    1.04 v _2347_/B (sky130_fd_sc_hd__xor2_2)
                  0.06    0.13    1.17 v _2347_/X (sky130_fd_sc_hd__xor2_2)
     2    0.01                           _2337_ (net)
                  0.06    0.00    1.17 v _2371_/A (sky130_fd_sc_hd__or4b_1)
                  0.08    0.35    1.51 v _2371_/X (sky130_fd_sc_hd__or4b_1)
     1    0.01                           _0325_ (net)
                  0.08    0.00    1.51 v _2372_/A (sky130_fd_sc_hd__buf_4)
                  0.06    0.15    1.66 v _2372_/X (sky130_fd_sc_hd__buf_4)
    15    0.05                           _0326_ (net)
                  0.06    0.00    1.67 v _2438_/A2 (sky130_fd_sc_hd__o21a_1)
                  0.04    0.14    1.81 v _2438_/X (sky130_fd_sc_hd__o21a_1)
     1    0.01                           _0389_ (net)
                  0.04    0.00    1.81 v _2440_/A3 (sky130_fd_sc_hd__o31ai_4)
                  0.30    0.27    2.07 ^ _2440_/Y (sky130_fd_sc_hd__o31ai_4)
     4    0.03                           _0391_ (net)
                  0.30    0.00    2.08 ^ _2441_/A (sky130_fd_sc_hd__clkinv_2)
                  0.17    0.19    2.27 v _2441_/Y (sky130_fd_sc_hd__clkinv_2)
     4    0.05                           net178 (net)
                  0.17    0.00    2.27 v _2587_/A2 (sky130_fd_sc_hd__mux4_1)
                  0.11    0.40    2.67 v _2587_/X (sky130_fd_sc_hd__mux4_1)
     1    0.02                           _0526_ (net)
                  0.11    0.00    2.67 v _2588_/A (sky130_fd_sc_hd__buf_2)
                  0.08    0.17    2.85 v _2588_/X (sky130_fd_sc_hd__buf_2)
     6    0.05                           _0527_ (net)
                  0.08    0.00    2.85 v _2976_/A (sky130_fd_sc_hd__nor2_1)
                  0.09    0.11    2.96 ^ _2976_/Y (sky130_fd_sc_hd__nor2_1)
     1    0.00                           _0888_ (net)
                  0.09    0.00    2.96 ^ _2977_/B1 (sky130_fd_sc_hd__a21oi_2)
                  0.06    0.04    3.00 v _2977_/Y (sky130_fd_sc_hd__a21oi_2)
     5    0.01                           _0889_ (net)
                  0.06    0.00    3.00 v _2984_/A2 (sky130_fd_sc_hd__o311a_1)
                  0.06    0.25    3.25 v _2984_/X (sky130_fd_sc_hd__o311a_1)
     3    0.01                           _0896_ (net)
                  0.06    0.00    3.25 v _2985_/D (sky130_fd_sc_hd__or4_2)
                  0.10    0.37    3.61 v _2985_/X (sky130_fd_sc_hd__or4_2)
     3    0.02                           _0897_ (net)
                  0.10    0.00    3.61 v _3026_/A1 (sky130_fd_sc_hd__a21oi_2)
                  0.21    0.22    3.83 ^ _3026_/Y (sky130_fd_sc_hd__a21oi_2)
     2    0.02                           _0938_ (net)
                  0.21    0.00    3.84 ^ _3046_/A2 (sky130_fd_sc_hd__a21oi_4)
                  0.07    0.08    3.91 v _3046_/Y (sky130_fd_sc_hd__a21oi_4)
     5    0.03                           _0958_ (net)
                  0.07    0.00    3.92 v _3091_/A1 (sky130_fd_sc_hd__o21ai_2)
                  0.14    0.17    4.08 ^ _3091_/Y (sky130_fd_sc_hd__o21ai_2)
     4    0.01                           _1003_ (net)
                  0.14    0.00    4.08 ^ _3092_/D_N (sky130_fd_sc_hd__or4bb_2)
                  0.10    0.36    4.45 v _3092_/X (sky130_fd_sc_hd__or4bb_2)
     3    0.02                           _1004_ (net)
                  0.10    0.00    4.45 v _3105_/A1 (sky130_fd_sc_hd__a211o_1)
                  0.06    0.22    4.67 v _3105_/X (sky130_fd_sc_hd__a211o_1)
     3    0.01                           _1017_ (net)
                  0.06    0.00    4.67 v _3114_/A2 (sky130_fd_sc_hd__a21o_1)
                  0.05    0.15    4.82 v _3114_/X (sky130_fd_sc_hd__a21o_1)
     3    0.01                           _1026_ (net)
                  0.05    0.00    4.82 v _3124_/A1 (sky130_fd_sc_hd__a21o_1)
                  0.04    0.12    4.94 v _3124_/X (sky130_fd_sc_hd__a21o_1)
     2    0.01                           _1036_ (net)
                  0.04    0.00    4.94 v _3192_/A2 (sky130_fd_sc_hd__a31o_1)
                  0.03    0.14    5.08 v _3192_/X (sky130_fd_sc_hd__a31o_1)
     1    0.00                           _1104_ (net)
                  0.03    0.00    5.08 v _3193_/A (sky130_fd_sc_hd__buf_4)
                  0.09    0.16    5.24 v _3193_/X (sky130_fd_sc_hd__buf_4)
    10    0.10                           i_exec_stage.alu_out[0] (net)
                  0.09    0.01    5.24 v _3202_/D (sky130_fd_sc_hd__or4_1)
                  0.08    0.28    5.52 v _3202_/X (sky130_fd_sc_hd__or4_1)
     2    0.01                           _1111_ (net)
                  0.08    0.00    5.52 v _3203_/A2 (sky130_fd_sc_hd__a21oi_1)
                  0.09    0.12    5.65 ^ _3203_/Y (sky130_fd_sc_hd__a21oi_1)
     1    0.00                           net164 (net)
                  0.09    0.00    5.65 ^ output164/A (sky130_fd_sc_hd__clkbuf_4)
                  0.09    0.15    5.80 ^ output164/X (sky130_fd_sc_hd__clkbuf_4)
     1    0.04                           dmem_be_o[2] (net)
                  0.09    0.00    5.80 ^ dmem_be_o[2] (out)
                                  5.80   data arrival time

                         12.00   12.00   clock clk_i (rise edge)
                          0.00   12.00   clock network delay (propagated)
                         -0.25   11.75   clock uncertainty
                          0.00   11.75   clock reconvergence pessimism
                         -2.40    9.35   output external delay
                                  9.35   data required time
-----------------------------------------------------------------------------
                                  9.35   data required time
                                 -5.80   data arrival time
-----------------------------------------------------------------------------
                                  3.55   slack (MET)



======================= Slowest Corner ===================================

Startpoint: rst_ni (input port clocked by clk_i)
Endpoint: _4926_ (recovery check against rising-edge clock clk_i)
Path Group: asynchronous
Path Type: max
Corner: Slowest

Fanout     Cap    Slew   Delay    Time   Description
-----------------------------------------------------------------------------
                          0.00    0.00   clock clk_i (rise edge)
                          0.00    0.00   clock network delay (propagated)
                          2.40    2.40 ^ input external delay
                  0.04    0.02    2.42 ^ rst_ni (in)
     1    0.00                           rst_ni (net)
                  0.04    0.00    2.42 ^ input131/A (sky130_fd_sc_hd__clkbuf_4)
                  0.32    0.43    2.85 ^ input131/X (sky130_fd_sc_hd__clkbuf_4)
     2    0.07                           net131 (net)
                  0.32    0.01    2.86 ^ fanout293/A (sky130_fd_sc_hd__buf_12)
                  0.35    0.50    3.36 ^ fanout293/X (sky130_fd_sc_hd__buf_12)
    17    0.19                           net293 (net)
                  0.35    0.02    3.38 ^ fanout288/A (sky130_fd_sc_hd__buf_6)
                  0.29    0.48    3.86 ^ fanout288/X (sky130_fd_sc_hd__buf_6)
    17    0.09                           net288 (net)
                  0.29    0.00    3.86 ^ fanout286/A (sky130_fd_sc_hd__buf_12)
                  0.27    0.44    4.30 ^ fanout286/X (sky130_fd_sc_hd__buf_12)
    30    0.15                           net286 (net)
                  0.27    0.01    4.32 ^ _4926_/RESET_B (sky130_fd_sc_hd__dfrtp_4)
                                  4.32   data arrival time

                         12.00   12.00   clock clk_i (rise edge)
                          0.00   12.00   clock source latency
                  0.43    0.29   12.29 ^ clk_i (in)
     1    0.06                           clk_i (net)
                  0.43    0.00   12.29 ^ clkbuf_0_clk_i/A (sky130_fd_sc_hd__clkbuf_16)
                  0.18    0.45   12.74 ^ clkbuf_0_clk_i/X (sky130_fd_sc_hd__clkbuf_16)
     4    0.10                           clknet_0_clk_i (net)
                  0.18    0.01   12.75 ^ clkbuf_2_1__f_clk_i/A (sky130_fd_sc_hd__clkbuf_16)
                  0.24    0.39   13.13 ^ clkbuf_2_1__f_clk_i/X (sky130_fd_sc_hd__clkbuf_16)
    10    0.14                           clknet_2_1__leaf_clk_i (net)
                  0.24    0.00   13.14 ^ clkbuf_leaf_22_clk_i/A (sky130_fd_sc_hd__clkbuf_16)
                  0.09    0.31   13.45 ^ clkbuf_leaf_22_clk_i/X (sky130_fd_sc_hd__clkbuf_16)
    13    0.04                           clknet_leaf_22_clk_i (net)
                  0.09    0.00   13.45 ^ _4926_/CLK (sky130_fd_sc_hd__dfrtp_4)
                         -0.25   13.20   clock uncertainty
                          0.00   13.20   clock reconvergence pessimism
                          0.36   13.56   library recovery time
                                 13.56   data required time
-----------------------------------------------------------------------------
                                 13.56   data required time
                                 -4.32   data arrival time
-----------------------------------------------------------------------------
                                  9.24   slack (MET)


Startpoint: _5200_ (rising edge-triggered flip-flop clocked by clk_i)
Endpoint: dmem_be_o[2] (output port clocked by clk_i)
Path Group: clk_i
Path Type: max
Corner: Slowest

Fanout     Cap    Slew   Delay    Time   Description
-----------------------------------------------------------------------------
                          0.00    0.00   clock clk_i (rise edge)
                          0.00    0.00   clock source latency
                  0.43    0.32    0.32 ^ clk_i (in)
     1    0.06                           clk_i (net)
                  0.43    0.00    0.32 ^ clkbuf_0_clk_i/A (sky130_fd_sc_hd__clkbuf_16)
                  0.18    0.49    0.82 ^ clkbuf_0_clk_i/X (sky130_fd_sc_hd__clkbuf_16)
     4    0.10                           clknet_0_clk_i (net)
                  0.18    0.01    0.83 ^ clkbuf_2_0__f_clk_i/A (sky130_fd_sc_hd__clkbuf_16)
                  0.25    0.43    1.26 ^ clkbuf_2_0__f_clk_i/X (sky130_fd_sc_hd__clkbuf_16)
    10    0.15                           clknet_2_0__leaf_clk_i (net)
                  0.25    0.01    1.27 ^ clkbuf_leaf_27_clk_i/A (sky130_fd_sc_hd__clkbuf_16)
                  0.13    0.38    1.65 ^ clkbuf_leaf_27_clk_i/X (sky130_fd_sc_hd__clkbuf_16)
    20    0.07                           clknet_leaf_27_clk_i (net)
                  0.13    0.00    1.65 ^ _5200_/CLK (sky130_fd_sc_hd__dfrtp_4)
                  0.21    1.21    2.85 v _5200_/Q (sky130_fd_sc_hd__dfrtp_4)
     4    0.05                           net279 (net)
                  0.21    0.00    2.86 v _2347_/B (sky130_fd_sc_hd__xor2_2)
                  0.15    0.37    3.23 v _2347_/X (sky130_fd_sc_hd__xor2_2)
     2    0.01                           _2337_ (net)
                  0.15    0.00    3.23 v _2371_/A (sky130_fd_sc_hd__or4b_1)
                  0.24    1.40    4.62 v _2371_/X (sky130_fd_sc_hd__or4b_1)
     1    0.01                           _0325_ (net)
                  0.24    0.00    4.62 v _2372_/A (sky130_fd_sc_hd__buf_4)
                  0.14    0.44    5.06 v _2372_/X (sky130_fd_sc_hd__buf_4)
    15    0.05                           _0326_ (net)
                  0.14    0.00    5.06 v _2438_/A2 (sky130_fd_sc_hd__o21a_1)
                  0.12    0.41    5.47 v _2438_/X (sky130_fd_sc_hd__o21a_1)
     1    0.01                           _0389_ (net)
                  0.12    0.00    5.47 v _2440_/A3 (sky130_fd_sc_hd__o31ai_4)
                  0.64    0.63    6.10 ^ _2440_/Y (sky130_fd_sc_hd__o31ai_4)
     4    0.03                           _0391_ (net)
                  0.64    0.00    6.11 ^ _2441_/A (sky130_fd_sc_hd__clkinv_2)
                  0.38    0.59    6.70 v _2441_/Y (sky130_fd_sc_hd__clkinv_2)
     4    0.05                           net178 (net)
                  0.38    0.00    6.70 v _2587_/A2 (sky130_fd_sc_hd__mux4_1)
                  0.29    1.49    8.19 v _2587_/X (sky130_fd_sc_hd__mux4_1)
     1    0.02                           _0526_ (net)
                  0.29    0.00    8.19 v _2588_/A (sky130_fd_sc_hd__buf_2)
                  0.22    0.52    8.70 v _2588_/X (sky130_fd_sc_hd__buf_2)
     6    0.05                           _0527_ (net)
                  0.22    0.00    8.71 v _2976_/A (sky130_fd_sc_hd__nor2_1)
                  0.21    0.28    8.99 ^ _2976_/Y (sky130_fd_sc_hd__nor2_1)
     1    0.00                           _0888_ (net)
                  0.21    0.00    8.99 ^ _2977_/B1 (sky130_fd_sc_hd__a21oi_2)
                  0.15    0.16    9.15 v _2977_/Y (sky130_fd_sc_hd__a21oi_2)
     5    0.01                           _0889_ (net)
                  0.15    0.00    9.15 v _2984_/A2 (sky130_fd_sc_hd__o311a_1)
                  0.15    0.75    9.90 v _2984_/X (sky130_fd_sc_hd__o311a_1)
     3    0.01                           _0896_ (net)
                  0.15    0.00    9.91 v _2985_/D (sky130_fd_sc_hd__or4_2)
                  0.31    1.57   11.47 v _2985_/X (sky130_fd_sc_hd__or4_2)
     3    0.02                           _0897_ (net)
                  0.31    0.00   11.48 v _3026_/A1 (sky130_fd_sc_hd__a21oi_2)
                  0.45    0.57   12.04 ^ _3026_/Y (sky130_fd_sc_hd__a21oi_2)
     2    0.02                           _0938_ (net)
                  0.45    0.00   12.05 ^ _3046_/A2 (sky130_fd_sc_hd__a21oi_4)
                  0.18    0.32   12.37 v _3046_/Y (sky130_fd_sc_hd__a21oi_4)
     5    0.03                           _0958_ (net)
                  0.18    0.00   12.37 v _3091_/A1 (sky130_fd_sc_hd__o21ai_2)
                  0.32    0.42   12.79 ^ _3091_/Y (sky130_fd_sc_hd__o21ai_2)
     4    0.01                           _1003_ (net)
                  0.32    0.00   12.79 ^ _3092_/D_N (sky130_fd_sc_hd__or4bb_2)
                  0.32    1.59   14.38 v _3092_/X (sky130_fd_sc_hd__or4bb_2)
     3    0.02                           _1004_ (net)
                  0.32    0.00   14.39 v _3105_/A1 (sky130_fd_sc_hd__a211o_1)
                  0.16    0.70   15.09 v _3105_/X (sky130_fd_sc_hd__a211o_1)
     3    0.01                           _1017_ (net)
                  0.16    0.00   15.09 v _3114_/A2 (sky130_fd_sc_hd__a21o_1)
                  0.12    0.43   15.52 v _3114_/X (sky130_fd_sc_hd__a21o_1)
     3    0.01                           _1026_ (net)
                  0.12    0.00   15.52 v _3124_/A1 (sky130_fd_sc_hd__a21o_1)
                  0.09    0.36   15.87 v _3124_/X (sky130_fd_sc_hd__a21o_1)
     2    0.01                           _1036_ (net)
                  0.09    0.00   15.87 v _3192_/A2 (sky130_fd_sc_hd__a31o_1)
                  0.08    0.41   16.28 v _3192_/X (sky130_fd_sc_hd__a31o_1)
     1    0.00                           _1104_ (net)
                  0.08    0.00   16.28 v _3193_/A (sky130_fd_sc_hd__buf_4)
                  0.22    0.43   16.71 v _3193_/X (sky130_fd_sc_hd__buf_4)
    10    0.09                           i_exec_stage.alu_out[0] (net)
                  0.22    0.01   16.71 v _3202_/D (sky130_fd_sc_hd__or4_1)
                  0.24    1.16   17.88 v _3202_/X (sky130_fd_sc_hd__or4_1)
     2    0.01                           _1111_ (net)
                  0.24    0.00   17.88 v _3203_/A2 (sky130_fd_sc_hd__a21oi_1)
                  0.19    0.33   18.21 ^ _3203_/Y (sky130_fd_sc_hd__a21oi_1)
     1    0.00                           net164 (net)
                  0.19    0.00   18.21 ^ output164/A (sky130_fd_sc_hd__clkbuf_4)
                  0.19    0.41   18.62 ^ output164/X (sky130_fd_sc_hd__clkbuf_4)
     1    0.04                           dmem_be_o[2] (net)
                  0.19    0.00   18.62 ^ dmem_be_o[2] (out)
                                 18.62   data arrival time

                         12.00   12.00   clock clk_i (rise edge)
                          0.00   12.00   clock network delay (propagated)
                         -0.25   11.75   clock uncertainty
                          0.00   11.75   clock reconvergence pessimism
                         -2.40    9.35   output external delay
                                  9.35   data required time
-----------------------------------------------------------------------------
                                  9.35   data required time
                                -18.62   data arrival time
-----------------------------------------------------------------------------
                                 -9.27   slack (VIOLATED)



======================= Typical Corner ===================================

Startpoint: rst_ni (input port clocked by clk_i)
Endpoint: _4926_ (recovery check against rising-edge clock clk_i)
Path Group: asynchronous
Path Type: max
Corner: Typical

Fanout     Cap    Slew   Delay    Time   Description
-----------------------------------------------------------------------------
                          0.00    0.00   clock clk_i (rise edge)
                          0.00    0.00   clock network delay (propagated)
                          2.40    2.40 ^ input external delay
                  0.02    0.01    2.41 ^ rst_ni (in)
     1    0.00                           rst_ni (net)
                  0.02    0.00    2.41 ^ input131/A (sky130_fd_sc_hd__clkbuf_4)
                  0.20    0.25    2.66 ^ input131/X (sky130_fd_sc_hd__clkbuf_4)
     2    0.07                           net131 (net)
                  0.20    0.01    2.67 ^ fanout293/A (sky130_fd_sc_hd__buf_12)
                  0.23    0.28    2.95 ^ fanout293/X (sky130_fd_sc_hd__buf_12)
    17    0.20                           net293 (net)
                  0.23    0.02    2.97 ^ fanout288/A (sky130_fd_sc_hd__buf_6)
                  0.20    0.27    3.24 ^ fanout288/X (sky130_fd_sc_hd__buf_6)
    17    0.10                           net288 (net)
                  0.20    0.00    3.24 ^ fanout286/A (sky130_fd_sc_hd__buf_12)
                  0.19    0.25    3.49 ^ fanout286/X (sky130_fd_sc_hd__buf_12)
    30    0.16                           net286 (net)
                  0.19    0.02    3.51 ^ _4926_/RESET_B (sky130_fd_sc_hd__dfrtp_4)
                                  3.51   data arrival time

                         12.00   12.00   clock clk_i (rise edge)
                          0.00   12.00   clock source latency
                  0.28    0.19   12.19 ^ clk_i (in)
     1    0.06                           clk_i (net)
                  0.28    0.00   12.19 ^ clkbuf_0_clk_i/A (sky130_fd_sc_hd__clkbuf_16)
                  0.12    0.25   12.43 ^ clkbuf_0_clk_i/X (sky130_fd_sc_hd__clkbuf_16)
     4    0.10                           clknet_0_clk_i (net)
                  0.12    0.01   12.44 ^ clkbuf_2_1__f_clk_i/A (sky130_fd_sc_hd__clkbuf_16)
                  0.15    0.23   12.67 ^ clkbuf_2_1__f_clk_i/X (sky130_fd_sc_hd__clkbuf_16)
    10    0.14                           clknet_2_1__leaf_clk_i (net)
                  0.15    0.00   12.67 ^ clkbuf_leaf_22_clk_i/A (sky130_fd_sc_hd__clkbuf_16)
                  0.06    0.17   12.84 ^ clkbuf_leaf_22_clk_i/X (sky130_fd_sc_hd__clkbuf_16)
    13    0.04                           clknet_leaf_22_clk_i (net)
                  0.06    0.00   12.85 ^ _4926_/CLK (sky130_fd_sc_hd__dfrtp_4)
                         -0.25   12.60   clock uncertainty
                          0.00   12.60   clock reconvergence pessimism
                          0.18   12.77   library recovery time
                                 12.77   data required time
-----------------------------------------------------------------------------
                                 12.77   data required time
                                 -3.51   data arrival time
-----------------------------------------------------------------------------
                                  9.26   slack (MET)


Startpoint: _5200_ (rising edge-triggered flip-flop clocked by clk_i)
Endpoint: dmem_be_o[2] (output port clocked by clk_i)
Path Group: clk_i
Path Type: max
Corner: Typical

Fanout     Cap    Slew   Delay    Time   Description
-----------------------------------------------------------------------------
                          0.00    0.00   clock clk_i (rise edge)
                          0.00    0.00   clock source latency
                  0.28    0.21    0.21 ^ clk_i (in)
     1    0.06                           clk_i (net)
                  0.28    0.00    0.21 ^ clkbuf_0_clk_i/A (sky130_fd_sc_hd__clkbuf_16)
                  0.12    0.27    0.48 ^ clkbuf_0_clk_i/X (sky130_fd_sc_hd__clkbuf_16)
     4    0.10                           clknet_0_clk_i (net)
                  0.12    0.01    0.49 ^ clkbuf_2_0__f_clk_i/A (sky130_fd_sc_hd__clkbuf_16)
                  0.16    0.25    0.74 ^ clkbuf_2_0__f_clk_i/X (sky130_fd_sc_hd__clkbuf_16)
    10    0.15                           clknet_2_0__leaf_clk_i (net)
                  0.16    0.01    0.75 ^ clkbuf_leaf_27_clk_i/A (sky130_fd_sc_hd__clkbuf_16)
                  0.09    0.21    0.96 ^ clkbuf_leaf_27_clk_i/X (sky130_fd_sc_hd__clkbuf_16)
    20    0.07                           clknet_leaf_27_clk_i (net)
                  0.09    0.00    0.97 ^ _5200_/CLK (sky130_fd_sc_hd__dfrtp_4)
                  0.12    0.58    1.55 v _5200_/Q (sky130_fd_sc_hd__dfrtp_4)
     4    0.05                           net279 (net)
                  0.12    0.00    1.55 v _2347_/B (sky130_fd_sc_hd__xor2_2)
                  0.08    0.20    1.75 v _2347_/X (sky130_fd_sc_hd__xor2_2)
     2    0.01                           _2337_ (net)
                  0.08    0.00    1.75 v _2371_/A (sky130_fd_sc_hd__or4b_1)
                  0.12    0.60    2.35 v _2371_/X (sky130_fd_sc_hd__or4b_1)
     1    0.01                           _0325_ (net)
                  0.12    0.00    2.35 v _2372_/A (sky130_fd_sc_hd__buf_4)
                  0.08    0.23    2.58 v _2372_/X (sky130_fd_sc_hd__buf_4)
    15    0.05                           _0326_ (net)
                  0.08    0.00    2.58 v _2438_/A2 (sky130_fd_sc_hd__o21a_1)
                  0.06    0.22    2.80 v _2438_/X (sky130_fd_sc_hd__o21a_1)
     1    0.01                           _0389_ (net)
                  0.06    0.00    2.80 v _2440_/A3 (sky130_fd_sc_hd__o31ai_4)
                  0.41    0.38    3.18 ^ _2440_/Y (sky130_fd_sc_hd__o31ai_4)
     4    0.03                           _0391_ (net)
                  0.41    0.00    3.18 ^ _2441_/A (sky130_fd_sc_hd__clkinv_2)
                  0.22    0.31    3.49 v _2441_/Y (sky130_fd_sc_hd__clkinv_2)
     4    0.05                           net178 (net)
                  0.22    0.00    3.49 v _2587_/A2 (sky130_fd_sc_hd__mux4_1)
                  0.15    0.68    4.17 v _2587_/X (sky130_fd_sc_hd__mux4_1)
     1    0.02                           _0526_ (net)
                  0.15    0.00    4.17 v _2588_/A (sky130_fd_sc_hd__buf_2)
                  0.12    0.26    4.43 v _2588_/X (sky130_fd_sc_hd__buf_2)
     6    0.05                           _0527_ (net)
                  0.12    0.00    4.43 v _2976_/A (sky130_fd_sc_hd__nor2_1)
                  0.13    0.16    4.59 ^ _2976_/Y (sky130_fd_sc_hd__nor2_1)
     1    0.00                           _0888_ (net)
                  0.13    0.00    4.59 ^ _2977_/B1 (sky130_fd_sc_hd__a21oi_2)
                  0.08    0.08    4.67 v _2977_/Y (sky130_fd_sc_hd__a21oi_2)
     5    0.01                           _0889_ (net)
                  0.08    0.00    4.67 v _2984_/A2 (sky130_fd_sc_hd__o311a_1)
                  0.08    0.39    5.06 v _2984_/X (sky130_fd_sc_hd__o311a_1)
     3    0.01                           _0896_ (net)
                  0.08    0.00    5.06 v _2985_/D (sky130_fd_sc_hd__or4_2)
                  0.15    0.65    5.71 v _2985_/X (sky130_fd_sc_hd__or4_2)
     3    0.02                           _0897_ (net)
                  0.15    0.00    5.72 v _3026_/A1 (sky130_fd_sc_hd__a21oi_2)
                  0.28    0.32    6.03 ^ _3026_/Y (sky130_fd_sc_hd__a21oi_2)
     2    0.02                           _0938_ (net)
                  0.28    0.00    6.04 ^ _3046_/A2 (sky130_fd_sc_hd__a21oi_4)
                  0.10    0.15    6.18 v _3046_/Y (sky130_fd_sc_hd__a21oi_4)
     5    0.03                           _0958_ (net)
                  0.10    0.00    6.19 v _3091_/A1 (sky130_fd_sc_hd__o21ai_2)
                  0.20    0.24    6.43 ^ _3091_/Y (sky130_fd_sc_hd__o21ai_2)
     4    0.01                           _1003_ (net)
                  0.20    0.00    6.43 ^ _3092_/D_N (sky130_fd_sc_hd__or4bb_2)
                  0.15    0.66    7.09 v _3092_/X (sky130_fd_sc_hd__or4bb_2)
     3    0.02                           _1004_ (net)
                  0.15    0.00    7.09 v _3105_/A1 (sky130_fd_sc_hd__a211o_1)
                  0.08    0.35    7.44 v _3105_/X (sky130_fd_sc_hd__a211o_1)
     3    0.01                           _1017_ (net)
                  0.08    0.00    7.44 v _3114_/A2 (sky130_fd_sc_hd__a21o_1)
                  0.06    0.23    7.67 v _3114_/X (sky130_fd_sc_hd__a21o_1)
     3    0.01                           _1026_ (net)
                  0.06    0.00    7.67 v _3124_/A1 (sky130_fd_sc_hd__a21o_1)
                  0.05    0.18    7.86 v _3124_/X (sky130_fd_sc_hd__a21o_1)
     2    0.01                           _1036_ (net)
                  0.05    0.00    7.86 v _3192_/A2 (sky130_fd_sc_hd__a31o_1)
                  0.04    0.22    8.08 v _3192_/X (sky130_fd_sc_hd__a31o_1)
     1    0.00                           _1104_ (net)
                  0.04    0.00    8.08 v _3193_/A (sky130_fd_sc_hd__buf_4)
                  0.12    0.23    8.31 v _3193_/X (sky130_fd_sc_hd__buf_4)
    10    0.09                           i_exec_stage.alu_out[0] (net)
                  0.12    0.01    8.31 v _3202_/D (sky130_fd_sc_hd__or4_1)
                  0.12    0.49    8.81 v _3202_/X (sky130_fd_sc_hd__or4_1)
     2    0.01                           _1111_ (net)
                  0.12    0.00    8.81 v _3203_/A2 (sky130_fd_sc_hd__a21oi_1)
                  0.12    0.18    8.99 ^ _3203_/Y (sky130_fd_sc_hd__a21oi_1)
     1    0.00                           net164 (net)
                  0.12    0.00    8.99 ^ output164/A (sky130_fd_sc_hd__clkbuf_4)
                  0.12    0.23    9.22 ^ output164/X (sky130_fd_sc_hd__clkbuf_4)
     1    0.04                           dmem_be_o[2] (net)
                  0.12    0.00    9.22 ^ dmem_be_o[2] (out)
                                  9.22   data arrival time

                         12.00   12.00   clock clk_i (rise edge)
                          0.00   12.00   clock network delay (propagated)
                         -0.25   11.75   clock uncertainty
                          0.00   11.75   clock reconvergence pessimism
                         -2.40    9.35   output external delay
                                  9.35   data required time
-----------------------------------------------------------------------------
                                  9.35   data required time
                                 -9.22   data arrival time
-----------------------------------------------------------------------------
                                  0.13   slack (MET)




===========================================================================
report_checks --slack_max -0.01
============================================================================
======================= Fastest Corner ===================================

No paths found.

======================= Slowest Corner ===================================

Startpoint: _5200_ (rising edge-triggered flip-flop clocked by clk_i)
Endpoint: dmem_be_o[2] (output port clocked by clk_i)
Path Group: clk_i
Path Type: max
Corner: Slowest

Fanout     Cap    Slew   Delay    Time   Description
-----------------------------------------------------------------------------
                          0.00    0.00   clock clk_i (rise edge)
                          0.00    0.00   clock source latency
                  0.43    0.32    0.32 ^ clk_i (in)
     1    0.06                           clk_i (net)
                  0.43    0.00    0.32 ^ clkbuf_0_clk_i/A (sky130_fd_sc_hd__clkbuf_16)
                  0.18    0.49    0.82 ^ clkbuf_0_clk_i/X (sky130_fd_sc_hd__clkbuf_16)
     4    0.10                           clknet_0_clk_i (net)
                  0.18    0.01    0.83 ^ clkbuf_2_0__f_clk_i/A (sky130_fd_sc_hd__clkbuf_16)
                  0.25    0.43    1.26 ^ clkbuf_2_0__f_clk_i/X (sky130_fd_sc_hd__clkbuf_16)
    10    0.15                           clknet_2_0__leaf_clk_i (net)
                  0.25    0.01    1.27 ^ clkbuf_leaf_27_clk_i/A (sky130_fd_sc_hd__clkbuf_16)
                  0.13    0.38    1.65 ^ clkbuf_leaf_27_clk_i/X (sky130_fd_sc_hd__clkbuf_16)
    20    0.07                           clknet_leaf_27_clk_i (net)
                  0.13    0.00    1.65 ^ _5200_/CLK (sky130_fd_sc_hd__dfrtp_4)
                  0.21    1.21    2.85 v _5200_/Q (sky130_fd_sc_hd__dfrtp_4)
     4    0.05                           net279 (net)
                  0.21    0.00    2.86 v _2347_/B (sky130_fd_sc_hd__xor2_2)
                  0.15    0.37    3.23 v _2347_/X (sky130_fd_sc_hd__xor2_2)
     2    0.01                           _2337_ (net)
                  0.15    0.00    3.23 v _2371_/A (sky130_fd_sc_hd__or4b_1)
                  0.24    1.40    4.62 v _2371_/X (sky130_fd_sc_hd__or4b_1)
     1    0.01                           _0325_ (net)
                  0.24    0.00    4.62 v _2372_/A (sky130_fd_sc_hd__buf_4)
                  0.14    0.44    5.06 v _2372_/X (sky130_fd_sc_hd__buf_4)
    15    0.05                           _0326_ (net)
                  0.14    0.00    5.06 v _2438_/A2 (sky130_fd_sc_hd__o21a_1)
                  0.12    0.41    5.47 v _2438_/X (sky130_fd_sc_hd__o21a_1)
     1    0.01                           _0389_ (net)
                  0.12    0.00    5.47 v _2440_/A3 (sky130_fd_sc_hd__o31ai_4)
                  0.64    0.63    6.10 ^ _2440_/Y (sky130_fd_sc_hd__o31ai_4)
     4    0.03                           _0391_ (net)
                  0.64    0.00    6.11 ^ _2441_/A (sky130_fd_sc_hd__clkinv_2)
                  0.38    0.59    6.70 v _2441_/Y (sky130_fd_sc_hd__clkinv_2)
     4    0.05                           net178 (net)
                  0.38    0.00    6.70 v _2587_/A2 (sky130_fd_sc_hd__mux4_1)
                  0.29    1.49    8.19 v _2587_/X (sky130_fd_sc_hd__mux4_1)
     1    0.02                           _0526_ (net)
                  0.29    0.00    8.19 v _2588_/A (sky130_fd_sc_hd__buf_2)
                  0.22    0.52    8.70 v _2588_/X (sky130_fd_sc_hd__buf_2)
     6    0.05                           _0527_ (net)
                  0.22    0.00    8.71 v _2976_/A (sky130_fd_sc_hd__nor2_1)
                  0.21    0.28    8.99 ^ _2976_/Y (sky130_fd_sc_hd__nor2_1)
     1    0.00                           _0888_ (net)
                  0.21    0.00    8.99 ^ _2977_/B1 (sky130_fd_sc_hd__a21oi_2)
                  0.15    0.16    9.15 v _2977_/Y (sky130_fd_sc_hd__a21oi_2)
     5    0.01                           _0889_ (net)
                  0.15    0.00    9.15 v _2984_/A2 (sky130_fd_sc_hd__o311a_1)
                  0.15    0.75    9.90 v _2984_/X (sky130_fd_sc_hd__o311a_1)
     3    0.01                           _0896_ (net)
                  0.15    0.00    9.91 v _2985_/D (sky130_fd_sc_hd__or4_2)
                  0.31    1.57   11.47 v _2985_/X (sky130_fd_sc_hd__or4_2)
     3    0.02                           _0897_ (net)
                  0.31    0.00   11.48 v _3026_/A1 (sky130_fd_sc_hd__a21oi_2)
                  0.45    0.57   12.04 ^ _3026_/Y (sky130_fd_sc_hd__a21oi_2)
     2    0.02                           _0938_ (net)
                  0.45    0.00   12.05 ^ _3046_/A2 (sky130_fd_sc_hd__a21oi_4)
                  0.18    0.32   12.37 v _3046_/Y (sky130_fd_sc_hd__a21oi_4)
     5    0.03                           _0958_ (net)
                  0.18    0.00   12.37 v _3091_/A1 (sky130_fd_sc_hd__o21ai_2)
                  0.32    0.42   12.79 ^ _3091_/Y (sky130_fd_sc_hd__o21ai_2)
     4    0.01                           _1003_ (net)
                  0.32    0.00   12.79 ^ _3092_/D_N (sky130_fd_sc_hd__or4bb_2)
                  0.32    1.59   14.38 v _3092_/X (sky130_fd_sc_hd__or4bb_2)
     3    0.02                           _1004_ (net)
                  0.32    0.00   14.39 v _3105_/A1 (sky130_fd_sc_hd__a211o_1)
                  0.16    0.70   15.09 v _3105_/X (sky130_fd_sc_hd__a211o_1)
     3    0.01                           _1017_ (net)
                  0.16    0.00   15.09 v _3114_/A2 (sky130_fd_sc_hd__a21o_1)
                  0.12    0.43   15.52 v _3114_/X (sky130_fd_sc_hd__a21o_1)
     3    0.01                           _1026_ (net)
                  0.12    0.00   15.52 v _3124_/A1 (sky130_fd_sc_hd__a21o_1)
                  0.09    0.36   15.87 v _3124_/X (sky130_fd_sc_hd__a21o_1)
     2    0.01                           _1036_ (net)
                  0.09    0.00   15.87 v _3192_/A2 (sky130_fd_sc_hd__a31o_1)
                  0.08    0.41   16.28 v _3192_/X (sky130_fd_sc_hd__a31o_1)
     1    0.00                           _1104_ (net)
                  0.08    0.00   16.28 v _3193_/A (sky130_fd_sc_hd__buf_4)
                  0.22    0.43   16.71 v _3193_/X (sky130_fd_sc_hd__buf_4)
    10    0.09                           i_exec_stage.alu_out[0] (net)
                  0.22    0.01   16.71 v _3202_/D (sky130_fd_sc_hd__or4_1)
                  0.24    1.16   17.88 v _3202_/X (sky130_fd_sc_hd__or4_1)
     2    0.01                           _1111_ (net)
                  0.24    0.00   17.88 v _3203_/A2 (sky130_fd_sc_hd__a21oi_1)
                  0.19    0.33   18.21 ^ _3203_/Y (sky130_fd_sc_hd__a21oi_1)
     1    0.00                           net164 (net)
                  0.19    0.00   18.21 ^ output164/A (sky130_fd_sc_hd__clkbuf_4)
                  0.19    0.41   18.62 ^ output164/X (sky130_fd_sc_hd__clkbuf_4)
     1    0.04                           dmem_be_o[2] (net)
                  0.19    0.00   18.62 ^ dmem_be_o[2] (out)
                                 18.62   data arrival time

                         12.00   12.00   clock clk_i (rise edge)
                          0.00   12.00   clock network delay (propagated)
                         -0.25   11.75   clock uncertainty
                          0.00   11.75   clock reconvergence pessimism
                         -2.40    9.35   output external delay
                                  9.35   data required time
-----------------------------------------------------------------------------
                                  9.35   data required time
                                -18.62   data arrival time
-----------------------------------------------------------------------------
                                 -9.27   slack (VIOLATED)



======================= Typical Corner ===================================

No paths found.


===========================================================================
 report_check_types -max_slew -max_cap -max_fanout -violators
============================================================================
======================= Fastest Corner ===================================


======================= Slowest Corner ===================================

max slew

Pin                                    Limit    Slew   Slack
------------------------------------------------------------
_2351_/Y                                1.49    2.18   -0.69 (VIOLATED)
_2812_/B                                1.50    2.18   -0.68 (VIOLATED)
_2832_/B                                1.50    2.18   -0.68 (VIOLATED)
_2824_/B                                1.50    2.18   -0.68 (VIOLATED)
_2842_/B                                1.50    2.18   -0.68 (VIOLATED)
_2813_/B                                1.50    2.18   -0.68 (VIOLATED)
_2859_/B                                1.50    2.18   -0.68 (VIOLATED)
_3116_/B                                1.50    2.18   -0.68 (VIOLATED)
_3106_/B                                1.50    2.18   -0.68 (VIOLATED)
_2869_/B                                1.50    2.18   -0.68 (VIOLATED)
_3047_/B                                1.50    2.18   -0.68 (VIOLATED)
_2877_/B                                1.50    2.18   -0.68 (VIOLATED)
_2886_/B                                1.50    2.18   -0.68 (VIOLATED)
_3055_/B                                1.50    2.18   -0.68 (VIOLATED)
_2938_/B                                1.50    2.18   -0.68 (VIOLATED)
_3072_/B                                1.50    2.18   -0.68 (VIOLATED)
_2895_/B                                1.50    2.18   -0.68 (VIOLATED)
_3064_/B                                1.50    2.18   -0.68 (VIOLATED)
_2946_/B                                1.50    2.18   -0.68 (VIOLATED)
_2851_/B                                1.50    2.18   -0.68 (VIOLATED)
_2929_/B                                1.50    2.18   -0.68 (VIOLATED)
_2352_/A2                               1.50    2.18   -0.68 (VIOLATED)
_2575_/A2                               1.50    2.18   -0.68 (VIOLATED)
_2642_/A2                               1.50    2.18   -0.68 (VIOLATED)
_2437_/B                                1.50    2.18   -0.68 (VIOLATED)
_2911_/B                                1.50    2.18   -0.68 (VIOLATED)
_3010_/B                                1.50    2.18   -0.68 (VIOLATED)
_3017_/B                                1.50    2.18   -0.68 (VIOLATED)
_2993_/B                                1.50    2.18   -0.68 (VIOLATED)

max capacitance

Pin                                    Limit     Cap   Slack
------------------------------------------------------------
_2351_/Y                                0.07    0.10   -0.04 (VIOLATED)


======================= Typical Corner ===================================



===========================================================================
report_parasitic_annotation -report_unannotated
============================================================================
Found 42 unannotated drivers.
 dmem_gnt_i
 dmem_rvalid_i
 core_299/HI
 core_300/HI
 core_301/HI
 core_302/HI
 core_303/HI
 core_304/HI
 core_305/HI
 core_306/HI
 core_307/HI
 core_308/HI
 core_309/HI
 core_310/HI
 core_311/HI
 core_312/HI
 core_313/HI
 core_314/HI
 core_315/HI
 core_316/HI
 core_317/HI
 core_318/HI
 core_319/HI
 core_320/HI
 core_321/HI
 core_322/HI
 core_323/HI
 core_324/HI
 core_325/HI
 core_326/HI
 core_327/HI
 core_328/HI
 core_329/HI
 core_330/HI
 core_331/HI
 core_332/HI
 core_333/HI
 core_334/HI
 core_335/HI
 core_336/HI
 core_337/HI
 core_338/LO
Found 0 partially unannotated drivers.

===========================================================================
max slew violation count 29
max fanout violation count 0
max cap violation count 1
============================================================================

===========================================================================
check_setup -verbose -unconstrained_endpoints -multiple_clock -no_clock -no_input_delay -loops -generated_clocks
===========================================================================
Warning: There are 40 unconstrained endpoints.
  dmem_addr_o[0]
  dmem_addr_o[1]
  imem_be_o[0]
  imem_be_o[1]
  imem_be_o[2]
  imem_be_o[3]
  imem_req_o
  imem_wdata_o[0]
  imem_wdata_o[10]
  imem_wdata_o[11]
  imem_wdata_o[12]
  imem_wdata_o[13]
  imem_wdata_o[14]
  imem_wdata_o[15]
  imem_wdata_o[16]
  imem_wdata_o[17]
  imem_wdata_o[18]
  imem_wdata_o[19]
  imem_wdata_o[1]
  imem_wdata_o[20]
  imem_wdata_o[21]
  imem_wdata_o[22]
  imem_wdata_o[23]
  imem_wdata_o[24]
  imem_wdata_o[25]
  imem_wdata_o[26]
  imem_wdata_o[27]
  imem_wdata_o[28]
  imem_wdata_o[29]
  imem_wdata_o[2]
  imem_wdata_o[30]
  imem_wdata_o[31]
  imem_wdata_o[3]
  imem_wdata_o[4]
  imem_wdata_o[5]
  imem_wdata_o[6]
  imem_wdata_o[7]
  imem_wdata_o[8]
  imem_wdata_o[9]
  imem_we_o
