
===========================================================================
report_checks -unconstrained
===========================================================================
======================= Typical Corner ===================================

Startpoint: rst_ni (input port clocked by clk_i)
Endpoint: _4821_ (recovery check against rising-edge clock clk_i)
Path Group: asynchronous
Path Type: max

Fanout     Cap    Slew   Delay    Time   Description
-----------------------------------------------------------------------------
                  0.15    0.00    0.00   clock clk_i (rise edge)
                          0.00    0.00   clock network delay (ideal)
                          2.40    2.40 ^ input external delay
                  7.21    5.17    7.57 ^ rst_ni (in)
   447    1.61                           rst_ni (net)
                  7.21    0.00    7.57 ^ _4821_/RESET_B (sky130_fd_sc_hd__dfrtp_2)
                                  7.57   data arrival time

                  0.15   12.00   12.00   clock clk_i (rise edge)
                          0.00   12.00   clock network delay (ideal)
                         -0.25   11.75   clock uncertainty
                          0.00   11.75   clock reconvergence pessimism
                                 11.75 ^ _4821_/CLK (sky130_fd_sc_hd__dfrtp_2)
                         -2.17    9.58   library recovery time
                                  9.58   data required time
-----------------------------------------------------------------------------
                                  9.58   data required time
                                 -7.57   data arrival time
-----------------------------------------------------------------------------
                                  2.01   slack (MET)


Startpoint: _5200_ (rising edge-triggered flip-flop clocked by clk_i)
Endpoint: dmem_be_o[3] (output port clocked by clk_i)
Path Group: clk_i
Path Type: max

Fanout     Cap    Slew   Delay    Time   Description
-----------------------------------------------------------------------------
                  0.15    0.00    0.00   clock clk_i (rise edge)
                          0.00    0.00   clock network delay (ideal)
                  0.15    0.00    0.00 ^ _5200_/CLK (sky130_fd_sc_hd__dfrtp_2)
                  0.13    0.55    0.55 v _5200_/Q (sky130_fd_sc_hd__dfrtp_2)
     4    0.04                           rf_wr_reg_o[4] (net)
                  0.13    0.00    0.55 v _2347_/B (sky130_fd_sc_hd__xor2_2)
                  0.07    0.19    0.74 v _2347_/X (sky130_fd_sc_hd__xor2_2)
     2    0.01                           _2337_ (net)
                  0.07    0.00    0.74 v _2371_/A (sky130_fd_sc_hd__or4b_2)
                  0.09    0.69    1.43 v _2371_/X (sky130_fd_sc_hd__or4b_2)
     1    0.00                           _0325_ (net)
                  0.09    0.00    1.43 v _2372_/A (sky130_fd_sc_hd__buf_1)
                  0.21    0.26    1.69 v _2372_/X (sky130_fd_sc_hd__buf_1)
    15    0.04                           _0326_ (net)
                  0.21    0.00    1.69 v _2378_/B (sky130_fd_sc_hd__or3_2)
                  0.08    0.53    2.22 v _2378_/X (sky130_fd_sc_hd__or3_2)
     1    0.00                           _0331_ (net)
                  0.08    0.00    2.22 v _2383_/A3 (sky130_fd_sc_hd__a31oi_2)
                  0.31    0.34    2.57 ^ _2383_/Y (sky130_fd_sc_hd__a31oi_2)
     7    0.02                           _0336_ (net)
                  0.31    0.00    2.57 ^ _2389_/A2 (sky130_fd_sc_hd__a21bo_2)
                  0.05    0.19    2.76 ^ _2389_/X (sky130_fd_sc_hd__a21bo_2)
     1    0.00                           _0342_ (net)
                  0.05    0.00    2.76 ^ _2390_/A (sky130_fd_sc_hd__buf_1)
                  0.73    0.58    3.34 ^ _2390_/X (sky130_fd_sc_hd__buf_1)
    18    0.06                           _0343_ (net)
                  0.73    0.00    3.34 ^ _2478_/A (sky130_fd_sc_hd__or2_2)
                  0.11    0.30    3.64 ^ _2478_/X (sky130_fd_sc_hd__or2_2)
     4    0.02                           _0428_ (net)
                  0.11    0.00    3.64 ^ _2977_/A1 (sky130_fd_sc_hd__a21oi_2)
                  0.10    0.09    3.73 v _2977_/Y (sky130_fd_sc_hd__a21oi_2)
     5    0.01                           _0889_ (net)
                  0.10    0.00    3.73 v _2984_/A2 (sky130_fd_sc_hd__o311a_2)
                  0.08    0.44    4.17 v _2984_/X (sky130_fd_sc_hd__o311a_2)
     3    0.01                           _0896_ (net)
                  0.08    0.00    4.17 v _2985_/D (sky130_fd_sc_hd__or4_2)
                  0.13    0.62    4.79 v _2985_/X (sky130_fd_sc_hd__or4_2)
     3    0.01                           _0897_ (net)
                  0.13    0.00    4.79 v _3026_/A1 (sky130_fd_sc_hd__a21oi_2)
                  0.12    0.18    4.97 ^ _3026_/Y (sky130_fd_sc_hd__a21oi_2)
     2    0.01                           _0938_ (net)
                  0.12    0.00    4.97 ^ _3046_/A2 (sky130_fd_sc_hd__a21oi_2)
                  0.08    0.11    5.09 v _3046_/Y (sky130_fd_sc_hd__a21oi_2)
     5    0.02                           _0958_ (net)
                  0.08    0.00    5.09 v _3091_/A1 (sky130_fd_sc_hd__o21ai_2)
                  0.17    0.21    5.29 ^ _3091_/Y (sky130_fd_sc_hd__o21ai_2)
     4    0.01                           _1003_ (net)
                  0.17    0.00    5.29 ^ _3092_/D_N (sky130_fd_sc_hd__or4bb_2)
                  0.12    0.60    5.90 v _3092_/X (sky130_fd_sc_hd__or4bb_2)
     3    0.01                           _1004_ (net)
                  0.12    0.00    5.90 v _3105_/A1 (sky130_fd_sc_hd__a211o_2)
                  0.07    0.36    6.25 v _3105_/X (sky130_fd_sc_hd__a211o_2)
     3    0.01                           _1017_ (net)
                  0.07    0.00    6.25 v _3114_/A2 (sky130_fd_sc_hd__a21o_2)
                  0.05    0.24    6.50 v _3114_/X (sky130_fd_sc_hd__a21o_2)
     3    0.01                           _1026_ (net)
                  0.05    0.00    6.50 v _3124_/A1 (sky130_fd_sc_hd__a21o_2)
                  0.04    0.20    6.69 v _3124_/X (sky130_fd_sc_hd__a21o_2)
     2    0.00                           _1036_ (net)
                  0.04    0.00    6.69 v _3192_/A2 (sky130_fd_sc_hd__a31o_2)
                  0.04    0.23    6.92 v _3192_/X (sky130_fd_sc_hd__a31o_2)
     1    0.00                           _1104_ (net)
                  0.04    0.00    6.92 v _3193_/A (sky130_fd_sc_hd__buf_1)
                  0.14    0.18    7.10 v _3193_/X (sky130_fd_sc_hd__buf_1)
    10    0.02                           i_exec_stage.alu_out[0] (net)
                  0.14    0.00    7.10 v _3202_/D (sky130_fd_sc_hd__or4_2)
                  0.13    0.63    7.74 v _3202_/X (sky130_fd_sc_hd__or4_2)
     2    0.01                           _1111_ (net)
                  0.13    0.00    7.74 v _3207_/A1 (sky130_fd_sc_hd__a31oi_2)
                  0.48    0.42    8.15 ^ _3207_/Y (sky130_fd_sc_hd__a31oi_2)
     1    0.03                           dmem_be_o[3] (net)
                  0.48    0.00    8.15 ^ dmem_be_o[3] (out)
                                  8.15   data arrival time

                  0.15   12.00   12.00   clock clk_i (rise edge)
                          0.00   12.00   clock network delay (ideal)
                         -0.25   11.75   clock uncertainty
                          0.00   11.75   clock reconvergence pessimism
                         -2.40    9.35   output external delay
                                  9.35   data required time
-----------------------------------------------------------------------------
                                  9.35   data required time
                                 -8.15   data arrival time
-----------------------------------------------------------------------------
                                  1.20   slack (MET)




===========================================================================
report_checks --slack_max -0.01
============================================================================
======================= Typical Corner ===================================

No paths found.


===========================================================================
 report_check_types -max_slew -max_cap -max_fanout -violators
============================================================================
======================= Typical Corner ===================================

max slew

Pin                                    Limit    Slew   Slack
------------------------------------------------------------
rst_ni                                  1.50    7.21   -5.71 (VIOLATED)
_4020_/A                                1.50    7.21   -5.71 (VIOLATED)
_4821_/RESET_B                          1.50    7.21   -5.71 (VIOLATED)
_4822_/RESET_B                          1.50    7.21   -5.71 (VIOLATED)
_4823_/RESET_B                          1.50    7.21   -5.71 (VIOLATED)
_4824_/RESET_B                          1.50    7.21   -5.71 (VIOLATED)
_4825_/RESET_B                          1.50    7.21   -5.71 (VIOLATED)
_4826_/RESET_B                          1.50    7.21   -5.71 (VIOLATED)
_4827_/RESET_B                          1.50    7.21   -5.71 (VIOLATED)
_4828_/RESET_B                          1.50    7.21   -5.71 (VIOLATED)
_4829_/RESET_B                          1.50    7.21   -5.71 (VIOLATED)
_4830_/RESET_B                          1.50    7.21   -5.71 (VIOLATED)
_4831_/RESET_B                          1.50    7.21   -5.71 (VIOLATED)
_4832_/RESET_B                          1.50    7.21   -5.71 (VIOLATED)
_4833_/RESET_B                          1.50    7.21   -5.71 (VIOLATED)
_4834_/RESET_B                          1.50    7.21   -5.71 (VIOLATED)
_4835_/RESET_B                          1.50    7.21   -5.71 (VIOLATED)
_4836_/RESET_B                          1.50    7.21   -5.71 (VIOLATED)
_4837_/RESET_B                          1.50    7.21   -5.71 (VIOLATED)
_4838_/RESET_B                          1.50    7.21   -5.71 (VIOLATED)
_4839_/RESET_B                          1.50    7.21   -5.71 (VIOLATED)
_4840_/RESET_B                          1.50    7.21   -5.71 (VIOLATED)
_4841_/RESET_B                          1.50    7.21   -5.71 (VIOLATED)
_4842_/RESET_B                          1.50    7.21   -5.71 (VIOLATED)
_4843_/RESET_B                          1.50    7.21   -5.71 (VIOLATED)
_4844_/RESET_B                          1.50    7.21   -5.71 (VIOLATED)
_4845_/RESET_B                          1.50    7.21   -5.71 (VIOLATED)
_4846_/RESET_B                          1.50    7.21   -5.71 (VIOLATED)
_4847_/RESET_B                          1.50    7.21   -5.71 (VIOLATED)
_4848_/RESET_B                          1.50    7.21   -5.71 (VIOLATED)
_4849_/RESET_B                          1.50    7.21   -5.71 (VIOLATED)
_4850_/RESET_B                          1.50    7.21   -5.71 (VIOLATED)
_4851_/RESET_B                          1.50    7.21   -5.71 (VIOLATED)
_4852_/RESET_B                          1.50    7.21   -5.71 (VIOLATED)
_4853_/RESET_B                          1.50    7.21   -5.71 (VIOLATED)
_4854_/RESET_B                          1.50    7.21   -5.71 (VIOLATED)
_4855_/RESET_B                          1.50    7.21   -5.71 (VIOLATED)
_4856_/RESET_B                          1.50    7.21   -5.71 (VIOLATED)
_4857_/RESET_B                          1.50    7.21   -5.71 (VIOLATED)
_4858_/RESET_B                          1.50    7.21   -5.71 (VIOLATED)
_4859_/RESET_B                          1.50    7.21   -5.71 (VIOLATED)
_4860_/RESET_B                          1.50    7.21   -5.71 (VIOLATED)
_4861_/RESET_B                          1.50    7.21   -5.71 (VIOLATED)
_4862_/RESET_B                          1.50    7.21   -5.71 (VIOLATED)
_4863_/RESET_B                          1.50    7.21   -5.71 (VIOLATED)
_4864_/RESET_B                          1.50    7.21   -5.71 (VIOLATED)
_4865_/RESET_B                          1.50    7.21   -5.71 (VIOLATED)
_4866_/RESET_B                          1.50    7.21   -5.71 (VIOLATED)
_4867_/RESET_B                          1.50    7.21   -5.71 (VIOLATED)
_4868_/RESET_B                          1.50    7.21   -5.71 (VIOLATED)
_4869_/RESET_B                          1.50    7.21   -5.71 (VIOLATED)
_4870_/RESET_B                          1.50    7.21   -5.71 (VIOLATED)
_4871_/RESET_B                          1.50    7.21   -5.71 (VIOLATED)
_4872_/RESET_B                          1.50    7.21   -5.71 (VIOLATED)
_4873_/RESET_B                          1.50    7.21   -5.71 (VIOLATED)
_4874_/RESET_B                          1.50    7.21   -5.71 (VIOLATED)
_4875_/RESET_B                          1.50    7.21   -5.71 (VIOLATED)
_4876_/RESET_B                          1.50    7.21   -5.71 (VIOLATED)
_4877_/RESET_B                          1.50    7.21   -5.71 (VIOLATED)
_4878_/RESET_B                          1.50    7.21   -5.71 (VIOLATED)
_4879_/RESET_B                          1.50    7.21   -5.71 (VIOLATED)
_4880_/RESET_B                          1.50    7.21   -5.71 (VIOLATED)
_4881_/RESET_B                          1.50    7.21   -5.71 (VIOLATED)
_4882_/RESET_B                          1.50    7.21   -5.71 (VIOLATED)
_4883_/RESET_B                          1.50    7.21   -5.71 (VIOLATED)
_4884_/RESET_B                          1.50    7.21   -5.71 (VIOLATED)
_4885_/RESET_B                          1.50    7.21   -5.71 (VIOLATED)
_4886_/RESET_B                          1.50    7.21   -5.71 (VIOLATED)
_4887_/RESET_B                          1.50    7.21   -5.71 (VIOLATED)
_4888_/RESET_B                          1.50    7.21   -5.71 (VIOLATED)
_4889_/RESET_B                          1.50    7.21   -5.71 (VIOLATED)
_4890_/RESET_B                          1.50    7.21   -5.71 (VIOLATED)
_4891_/RESET_B                          1.50    7.21   -5.71 (VIOLATED)
_4892_/RESET_B                          1.50    7.21   -5.71 (VIOLATED)
_4893_/RESET_B                          1.50    7.21   -5.71 (VIOLATED)
_4894_/RESET_B                          1.50    7.21   -5.71 (VIOLATED)
_4895_/RESET_B                          1.50    7.21   -5.71 (VIOLATED)
_4896_/RESET_B                          1.50    7.21   -5.71 (VIOLATED)
_4897_/RESET_B                          1.50    7.21   -5.71 (VIOLATED)
_4898_/RESET_B                          1.50    7.21   -5.71 (VIOLATED)
_4899_/RESET_B                          1.50    7.21   -5.71 (VIOLATED)
_4900_/RESET_B                          1.50    7.21   -5.71 (VIOLATED)
_4901_/RESET_B                          1.50    7.21   -5.71 (VIOLATED)
_4902_/RESET_B                          1.50    7.21   -5.71 (VIOLATED)
_4903_/RESET_B                          1.50    7.21   -5.71 (VIOLATED)
_4904_/RESET_B                          1.50    7.21   -5.71 (VIOLATED)
_4905_/RESET_B                          1.50    7.21   -5.71 (VIOLATED)
_4906_/RESET_B                          1.50    7.21   -5.71 (VIOLATED)
_4907_/RESET_B                          1.50    7.21   -5.71 (VIOLATED)
_4908_/RESET_B                          1.50    7.21   -5.71 (VIOLATED)
_4909_/RESET_B                          1.50    7.21   -5.71 (VIOLATED)
_4910_/RESET_B                          1.50    7.21   -5.71 (VIOLATED)
_4911_/RESET_B                          1.50    7.21   -5.71 (VIOLATED)
_4912_/RESET_B                          1.50    7.21   -5.71 (VIOLATED)
_4913_/RESET_B                          1.50    7.21   -5.71 (VIOLATED)
_4914_/RESET_B                          1.50    7.21   -5.71 (VIOLATED)
_4915_/RESET_B                          1.50    7.21   -5.71 (VIOLATED)
_4916_/RESET_B                          1.50    7.21   -5.71 (VIOLATED)
_4917_/RESET_B                          1.50    7.21   -5.71 (VIOLATED)
_4918_/RESET_B                          1.50    7.21   -5.71 (VIOLATED)
_4919_/RESET_B                          1.50    7.21   -5.71 (VIOLATED)
_4920_/RESET_B                          1.50    7.21   -5.71 (VIOLATED)
_4921_/RESET_B                          1.50    7.21   -5.71 (VIOLATED)
_4922_/RESET_B                          1.50    7.21   -5.71 (VIOLATED)
_4923_/RESET_B                          1.50    7.21   -5.71 (VIOLATED)
_4924_/RESET_B                          1.50    7.21   -5.71 (VIOLATED)
_4925_/RESET_B                          1.50    7.21   -5.71 (VIOLATED)
_4926_/RESET_B                          1.50    7.21   -5.71 (VIOLATED)
_4927_/RESET_B                          1.50    7.21   -5.71 (VIOLATED)
_4928_/RESET_B                          1.50    7.21   -5.71 (VIOLATED)
_4929_/RESET_B                          1.50    7.21   -5.71 (VIOLATED)
_4930_/RESET_B                          1.50    7.21   -5.71 (VIOLATED)
_4931_/RESET_B                          1.50    7.21   -5.71 (VIOLATED)
_4932_/RESET_B                          1.50    7.21   -5.71 (VIOLATED)
_4933_/RESET_B                          1.50    7.21   -5.71 (VIOLATED)
_4934_/RESET_B                          1.50    7.21   -5.71 (VIOLATED)
_4935_/RESET_B                          1.50    7.21   -5.71 (VIOLATED)
_4936_/RESET_B                          1.50    7.21   -5.71 (VIOLATED)
_4937_/RESET_B                          1.50    7.21   -5.71 (VIOLATED)
_4938_/RESET_B                          1.50    7.21   -5.71 (VIOLATED)
_4939_/RESET_B                          1.50    7.21   -5.71 (VIOLATED)
_4940_/RESET_B                          1.50    7.21   -5.71 (VIOLATED)
_4941_/RESET_B                          1.50    7.21   -5.71 (VIOLATED)
_4942_/RESET_B                          1.50    7.21   -5.71 (VIOLATED)
_4943_/RESET_B                          1.50    7.21   -5.71 (VIOLATED)
_4944_/RESET_B                          1.50    7.21   -5.71 (VIOLATED)
_4945_/RESET_B                          1.50    7.21   -5.71 (VIOLATED)
_4946_/RESET_B                          1.50    7.21   -5.71 (VIOLATED)
_4947_/RESET_B                          1.50    7.21   -5.71 (VIOLATED)
_4948_/RESET_B                          1.50    7.21   -5.71 (VIOLATED)
_4949_/RESET_B                          1.50    7.21   -5.71 (VIOLATED)
_4950_/RESET_B                          1.50    7.21   -5.71 (VIOLATED)
_4951_/RESET_B                          1.50    7.21   -5.71 (VIOLATED)
_4952_/RESET_B                          1.50    7.21   -5.71 (VIOLATED)
_4953_/RESET_B                          1.50    7.21   -5.71 (VIOLATED)
_4954_/RESET_B                          1.50    7.21   -5.71 (VIOLATED)
_4955_/RESET_B                          1.50    7.21   -5.71 (VIOLATED)
_4956_/RESET_B                          1.50    7.21   -5.71 (VIOLATED)
_4957_/RESET_B                          1.50    7.21   -5.71 (VIOLATED)
_4958_/RESET_B                          1.50    7.21   -5.71 (VIOLATED)
_4959_/RESET_B                          1.50    7.21   -5.71 (VIOLATED)
_4960_/RESET_B                          1.50    7.21   -5.71 (VIOLATED)
_4961_/RESET_B                          1.50    7.21   -5.71 (VIOLATED)
_4962_/RESET_B                          1.50    7.21   -5.71 (VIOLATED)
_4963_/RESET_B                          1.50    7.21   -5.71 (VIOLATED)
_4964_/RESET_B                          1.50    7.21   -5.71 (VIOLATED)
_4965_/RESET_B                          1.50    7.21   -5.71 (VIOLATED)
_4966_/RESET_B                          1.50    7.21   -5.71 (VIOLATED)
_4967_/RESET_B                          1.50    7.21   -5.71 (VIOLATED)
_4968_/RESET_B                          1.50    7.21   -5.71 (VIOLATED)
_4969_/RESET_B                          1.50    7.21   -5.71 (VIOLATED)
_4970_/RESET_B                          1.50    7.21   -5.71 (VIOLATED)
_4971_/RESET_B                          1.50    7.21   -5.71 (VIOLATED)
_4972_/RESET_B                          1.50    7.21   -5.71 (VIOLATED)
_4973_/RESET_B                          1.50    7.21   -5.71 (VIOLATED)
_4974_/RESET_B                          1.50    7.21   -5.71 (VIOLATED)
_4975_/RESET_B                          1.50    7.21   -5.71 (VIOLATED)
_4976_/RESET_B                          1.50    7.21   -5.71 (VIOLATED)
_4977_/RESET_B                          1.50    7.21   -5.71 (VIOLATED)
_4978_/RESET_B                          1.50    7.21   -5.71 (VIOLATED)
_4979_/RESET_B                          1.50    7.21   -5.71 (VIOLATED)
_4980_/RESET_B                          1.50    7.21   -5.71 (VIOLATED)
_4981_/RESET_B                          1.50    7.21   -5.71 (VIOLATED)
_4982_/RESET_B                          1.50    7.21   -5.71 (VIOLATED)
_4983_/RESET_B                          1.50    7.21   -5.71 (VIOLATED)
_4984_/RESET_B                          1.50    7.21   -5.71 (VIOLATED)
_4985_/RESET_B                          1.50    7.21   -5.71 (VIOLATED)
_4986_/RESET_B                          1.50    7.21   -5.71 (VIOLATED)
_4987_/RESET_B                          1.50    7.21   -5.71 (VIOLATED)
_4988_/RESET_B                          1.50    7.21   -5.71 (VIOLATED)
_4989_/RESET_B                          1.50    7.21   -5.71 (VIOLATED)
_4990_/RESET_B                          1.50    7.21   -5.71 (VIOLATED)
_4991_/RESET_B                          1.50    7.21   -5.71 (VIOLATED)
_4992_/RESET_B                          1.50    7.21   -5.71 (VIOLATED)
_4993_/RESET_B                          1.50    7.21   -5.71 (VIOLATED)
_4994_/RESET_B                          1.50    7.21   -5.71 (VIOLATED)
_4995_/RESET_B                          1.50    7.21   -5.71 (VIOLATED)
_4996_/RESET_B                          1.50    7.21   -5.71 (VIOLATED)
_4997_/RESET_B                          1.50    7.21   -5.71 (VIOLATED)
_4998_/RESET_B                          1.50    7.21   -5.71 (VIOLATED)
_4999_/RESET_B                          1.50    7.21   -5.71 (VIOLATED)
_5000_/RESET_B                          1.50    7.21   -5.71 (VIOLATED)
_5001_/RESET_B                          1.50    7.21   -5.71 (VIOLATED)
_5002_/RESET_B                          1.50    7.21   -5.71 (VIOLATED)
_5003_/RESET_B                          1.50    7.21   -5.71 (VIOLATED)
_5004_/RESET_B                          1.50    7.21   -5.71 (VIOLATED)
_5005_/RESET_B                          1.50    7.21   -5.71 (VIOLATED)
_5006_/RESET_B                          1.50    7.21   -5.71 (VIOLATED)
_5007_/RESET_B                          1.50    7.21   -5.71 (VIOLATED)
_5008_/RESET_B                          1.50    7.21   -5.71 (VIOLATED)
_5009_/RESET_B                          1.50    7.21   -5.71 (VIOLATED)
_5010_/RESET_B                          1.50    7.21   -5.71 (VIOLATED)
_5011_/RESET_B                          1.50    7.21   -5.71 (VIOLATED)
_5012_/RESET_B                          1.50    7.21   -5.71 (VIOLATED)
_5013_/RESET_B                          1.50    7.21   -5.71 (VIOLATED)
_5014_/RESET_B                          1.50    7.21   -5.71 (VIOLATED)
_5015_/RESET_B                          1.50    7.21   -5.71 (VIOLATED)
_5016_/RESET_B                          1.50    7.21   -5.71 (VIOLATED)
_5017_/RESET_B                          1.50    7.21   -5.71 (VIOLATED)
_5018_/RESET_B                          1.50    7.21   -5.71 (VIOLATED)
_5019_/RESET_B                          1.50    7.21   -5.71 (VIOLATED)
_5020_/RESET_B                          1.50    7.21   -5.71 (VIOLATED)
_5021_/RESET_B                          1.50    7.21   -5.71 (VIOLATED)
_5022_/RESET_B                          1.50    7.21   -5.71 (VIOLATED)
_5023_/RESET_B                          1.50    7.21   -5.71 (VIOLATED)
_5024_/RESET_B                          1.50    7.21   -5.71 (VIOLATED)
_5025_/RESET_B                          1.50    7.21   -5.71 (VIOLATED)
_5026_/RESET_B                          1.50    7.21   -5.71 (VIOLATED)
_5027_/RESET_B                          1.50    7.21   -5.71 (VIOLATED)
_5028_/RESET_B                          1.50    7.21   -5.71 (VIOLATED)
_5029_/RESET_B                          1.50    7.21   -5.71 (VIOLATED)
_5030_/RESET_B                          1.50    7.21   -5.71 (VIOLATED)
_5031_/RESET_B                          1.50    7.21   -5.71 (VIOLATED)
_5032_/RESET_B                          1.50    7.21   -5.71 (VIOLATED)
_5033_/RESET_B                          1.50    7.21   -5.71 (VIOLATED)
_5034_/RESET_B                          1.50    7.21   -5.71 (VIOLATED)
_5035_/RESET_B                          1.50    7.21   -5.71 (VIOLATED)
_5036_/RESET_B                          1.50    7.21   -5.71 (VIOLATED)
_5037_/RESET_B                          1.50    7.21   -5.71 (VIOLATED)
_5038_/RESET_B                          1.50    7.21   -5.71 (VIOLATED)
_5039_/RESET_B                          1.50    7.21   -5.71 (VIOLATED)
_5040_/RESET_B                          1.50    7.21   -5.71 (VIOLATED)
_5041_/RESET_B                          1.50    7.21   -5.71 (VIOLATED)
_5042_/RESET_B                          1.50    7.21   -5.71 (VIOLATED)
_5043_/RESET_B                          1.50    7.21   -5.71 (VIOLATED)
_5044_/RESET_B                          1.50    7.21   -5.71 (VIOLATED)
_5045_/RESET_B                          1.50    7.21   -5.71 (VIOLATED)
_5046_/RESET_B                          1.50    7.21   -5.71 (VIOLATED)
_5047_/RESET_B                          1.50    7.21   -5.71 (VIOLATED)
_5048_/RESET_B                          1.50    7.21   -5.71 (VIOLATED)
_5049_/RESET_B                          1.50    7.21   -5.71 (VIOLATED)
_5050_/RESET_B                          1.50    7.21   -5.71 (VIOLATED)
_5051_/RESET_B                          1.50    7.21   -5.71 (VIOLATED)
_5052_/RESET_B                          1.50    7.21   -5.71 (VIOLATED)
_5053_/RESET_B                          1.50    7.21   -5.71 (VIOLATED)
_5054_/RESET_B                          1.50    7.21   -5.71 (VIOLATED)
_5055_/RESET_B                          1.50    7.21   -5.71 (VIOLATED)
_5056_/RESET_B                          1.50    7.21   -5.71 (VIOLATED)
_5057_/RESET_B                          1.50    7.21   -5.71 (VIOLATED)
_5058_/RESET_B                          1.50    7.21   -5.71 (VIOLATED)
_5059_/RESET_B                          1.50    7.21   -5.71 (VIOLATED)
_5060_/RESET_B                          1.50    7.21   -5.71 (VIOLATED)
_5061_/RESET_B                          1.50    7.21   -5.71 (VIOLATED)
_5062_/RESET_B                          1.50    7.21   -5.71 (VIOLATED)
_5063_/RESET_B                          1.50    7.21   -5.71 (VIOLATED)
_5064_/RESET_B                          1.50    7.21   -5.71 (VIOLATED)
_5065_/RESET_B                          1.50    7.21   -5.71 (VIOLATED)
_5066_/RESET_B                          1.50    7.21   -5.71 (VIOLATED)
_5067_/RESET_B                          1.50    7.21   -5.71 (VIOLATED)
_5068_/RESET_B                          1.50    7.21   -5.71 (VIOLATED)
_5069_/RESET_B                          1.50    7.21   -5.71 (VIOLATED)
_5070_/RESET_B                          1.50    7.21   -5.71 (VIOLATED)
_5071_/RESET_B                          1.50    7.21   -5.71 (VIOLATED)
_5072_/RESET_B                          1.50    7.21   -5.71 (VIOLATED)
_5073_/RESET_B                          1.50    7.21   -5.71 (VIOLATED)
_5074_/RESET_B                          1.50    7.21   -5.71 (VIOLATED)
_5075_/RESET_B                          1.50    7.21   -5.71 (VIOLATED)
_5076_/RESET_B                          1.50    7.21   -5.71 (VIOLATED)
_5077_/RESET_B                          1.50    7.21   -5.71 (VIOLATED)
_5078_/RESET_B                          1.50    7.21   -5.71 (VIOLATED)
_5079_/RESET_B                          1.50    7.21   -5.71 (VIOLATED)
_5080_/RESET_B                          1.50    7.21   -5.71 (VIOLATED)
_5081_/RESET_B                          1.50    7.21   -5.71 (VIOLATED)
_5082_/RESET_B                          1.50    7.21   -5.71 (VIOLATED)
_5083_/RESET_B                          1.50    7.21   -5.71 (VIOLATED)
_5084_/RESET_B                          1.50    7.21   -5.71 (VIOLATED)
_5085_/RESET_B                          1.50    7.21   -5.71 (VIOLATED)
_5086_/RESET_B                          1.50    7.21   -5.71 (VIOLATED)
_5087_/RESET_B                          1.50    7.21   -5.71 (VIOLATED)
_5088_/RESET_B                          1.50    7.21   -5.71 (VIOLATED)
_5089_/RESET_B                          1.50    7.21   -5.71 (VIOLATED)
_5090_/RESET_B                          1.50    7.21   -5.71 (VIOLATED)
_5091_/RESET_B                          1.50    7.21   -5.71 (VIOLATED)
_5092_/RESET_B                          1.50    7.21   -5.71 (VIOLATED)
_5093_/RESET_B                          1.50    7.21   -5.71 (VIOLATED)
_5094_/RESET_B                          1.50    7.21   -5.71 (VIOLATED)
_5095_/RESET_B                          1.50    7.21   -5.71 (VIOLATED)
_5096_/RESET_B                          1.50    7.21   -5.71 (VIOLATED)
_5097_/RESET_B                          1.50    7.21   -5.71 (VIOLATED)
_5098_/RESET_B                          1.50    7.21   -5.71 (VIOLATED)
_5099_/RESET_B                          1.50    7.21   -5.71 (VIOLATED)
_5100_/RESET_B                          1.50    7.21   -5.71 (VIOLATED)
_5101_/RESET_B                          1.50    7.21   -5.71 (VIOLATED)
_5102_/RESET_B                          1.50    7.21   -5.71 (VIOLATED)
_5103_/RESET_B                          1.50    7.21   -5.71 (VIOLATED)
_5104_/RESET_B                          1.50    7.21   -5.71 (VIOLATED)
_5105_/RESET_B                          1.50    7.21   -5.71 (VIOLATED)
_5106_/RESET_B                          1.50    7.21   -5.71 (VIOLATED)
_5107_/RESET_B                          1.50    7.21   -5.71 (VIOLATED)
_5108_/RESET_B                          1.50    7.21   -5.71 (VIOLATED)
_5109_/RESET_B                          1.50    7.21   -5.71 (VIOLATED)
_5110_/RESET_B                          1.50    7.21   -5.71 (VIOLATED)
_5111_/RESET_B                          1.50    7.21   -5.71 (VIOLATED)
_5112_/RESET_B                          1.50    7.21   -5.71 (VIOLATED)
_5113_/RESET_B                          1.50    7.21   -5.71 (VIOLATED)
_5114_/RESET_B                          1.50    7.21   -5.71 (VIOLATED)
_5115_/RESET_B                          1.50    7.21   -5.71 (VIOLATED)
_5116_/RESET_B                          1.50    7.21   -5.71 (VIOLATED)
_5117_/RESET_B                          1.50    7.21   -5.71 (VIOLATED)
_5118_/RESET_B                          1.50    7.21   -5.71 (VIOLATED)
_5119_/RESET_B                          1.50    7.21   -5.71 (VIOLATED)
_5120_/RESET_B                          1.50    7.21   -5.71 (VIOLATED)
_5121_/RESET_B                          1.50    7.21   -5.71 (VIOLATED)
_5122_/RESET_B                          1.50    7.21   -5.71 (VIOLATED)
_5123_/RESET_B                          1.50    7.21   -5.71 (VIOLATED)
_5124_/RESET_B                          1.50    7.21   -5.71 (VIOLATED)
_5125_/RESET_B                          1.50    7.21   -5.71 (VIOLATED)
_5126_/RESET_B                          1.50    7.21   -5.71 (VIOLATED)
_5127_/RESET_B                          1.50    7.21   -5.71 (VIOLATED)
_5128_/RESET_B                          1.50    7.21   -5.71 (VIOLATED)
_5129_/RESET_B                          1.50    7.21   -5.71 (VIOLATED)
_5130_/RESET_B                          1.50    7.21   -5.71 (VIOLATED)
_5131_/RESET_B                          1.50    7.21   -5.71 (VIOLATED)
_5132_/RESET_B                          1.50    7.21   -5.71 (VIOLATED)
_5133_/RESET_B                          1.50    7.21   -5.71 (VIOLATED)
_5134_/RESET_B                          1.50    7.21   -5.71 (VIOLATED)
_5135_/RESET_B                          1.50    7.21   -5.71 (VIOLATED)
_5136_/RESET_B                          1.50    7.21   -5.71 (VIOLATED)
_5137_/RESET_B                          1.50    7.21   -5.71 (VIOLATED)
_5138_/RESET_B                          1.50    7.21   -5.71 (VIOLATED)
_5139_/RESET_B                          1.50    7.21   -5.71 (VIOLATED)
_5140_/RESET_B                          1.50    7.21   -5.71 (VIOLATED)
_5141_/RESET_B                          1.50    7.21   -5.71 (VIOLATED)
_5142_/RESET_B                          1.50    7.21   -5.71 (VIOLATED)
_5143_/RESET_B                          1.50    7.21   -5.71 (VIOLATED)
_5144_/RESET_B                          1.50    7.21   -5.71 (VIOLATED)
_5145_/RESET_B                          1.50    7.21   -5.71 (VIOLATED)
_5146_/RESET_B                          1.50    7.21   -5.71 (VIOLATED)
_5147_/RESET_B                          1.50    7.21   -5.71 (VIOLATED)
_5148_/RESET_B                          1.50    7.21   -5.71 (VIOLATED)
_5149_/RESET_B                          1.50    7.21   -5.71 (VIOLATED)
_5150_/RESET_B                          1.50    7.21   -5.71 (VIOLATED)
_5151_/RESET_B                          1.50    7.21   -5.71 (VIOLATED)
_5152_/RESET_B                          1.50    7.21   -5.71 (VIOLATED)
_5153_/RESET_B                          1.50    7.21   -5.71 (VIOLATED)
_5154_/RESET_B                          1.50    7.21   -5.71 (VIOLATED)
_5155_/RESET_B                          1.50    7.21   -5.71 (VIOLATED)
_5156_/RESET_B                          1.50    7.21   -5.71 (VIOLATED)
_5157_/RESET_B                          1.50    7.21   -5.71 (VIOLATED)
_5158_/RESET_B                          1.50    7.21   -5.71 (VIOLATED)
_5159_/RESET_B                          1.50    7.21   -5.71 (VIOLATED)
_5160_/RESET_B                          1.50    7.21   -5.71 (VIOLATED)
_5161_/RESET_B                          1.50    7.21   -5.71 (VIOLATED)
_5162_/RESET_B                          1.50    7.21   -5.71 (VIOLATED)
_5163_/RESET_B                          1.50    7.21   -5.71 (VIOLATED)
_5164_/RESET_B                          1.50    7.21   -5.71 (VIOLATED)
_5165_/RESET_B                          1.50    7.21   -5.71 (VIOLATED)
_5166_/RESET_B                          1.50    7.21   -5.71 (VIOLATED)
_5167_/RESET_B                          1.50    7.21   -5.71 (VIOLATED)
_5168_/RESET_B                          1.50    7.21   -5.71 (VIOLATED)
_5169_/RESET_B                          1.50    7.21   -5.71 (VIOLATED)
_5170_/RESET_B                          1.50    7.21   -5.71 (VIOLATED)
_5171_/RESET_B                          1.50    7.21   -5.71 (VIOLATED)
_5172_/RESET_B                          1.50    7.21   -5.71 (VIOLATED)
_5173_/RESET_B                          1.50    7.21   -5.71 (VIOLATED)
_5174_/RESET_B                          1.50    7.21   -5.71 (VIOLATED)
_5175_/RESET_B                          1.50    7.21   -5.71 (VIOLATED)
_5176_/RESET_B                          1.50    7.21   -5.71 (VIOLATED)
_5177_/RESET_B                          1.50    7.21   -5.71 (VIOLATED)
_5178_/RESET_B                          1.50    7.21   -5.71 (VIOLATED)
_5179_/RESET_B                          1.50    7.21   -5.71 (VIOLATED)
_5180_/RESET_B                          1.50    7.21   -5.71 (VIOLATED)
_5181_/RESET_B                          1.50    7.21   -5.71 (VIOLATED)
_5182_/RESET_B                          1.50    7.21   -5.71 (VIOLATED)
_5183_/RESET_B                          1.50    7.21   -5.71 (VIOLATED)
_5184_/RESET_B                          1.50    7.21   -5.71 (VIOLATED)
_5185_/RESET_B                          1.50    7.21   -5.71 (VIOLATED)
_5186_/RESET_B                          1.50    7.21   -5.71 (VIOLATED)
_5187_/RESET_B                          1.50    7.21   -5.71 (VIOLATED)
_5188_/RESET_B                          1.50    7.21   -5.71 (VIOLATED)
_5189_/RESET_B                          1.50    7.21   -5.71 (VIOLATED)
_5190_/RESET_B                          1.50    7.21   -5.71 (VIOLATED)
_5191_/RESET_B                          1.50    7.21   -5.71 (VIOLATED)
_5192_/RESET_B                          1.50    7.21   -5.71 (VIOLATED)
_5193_/RESET_B                          1.50    7.21   -5.71 (VIOLATED)
_5194_/RESET_B                          1.50    7.21   -5.71 (VIOLATED)
_5195_/RESET_B                          1.50    7.21   -5.71 (VIOLATED)
_5196_/RESET_B                          1.50    7.21   -5.71 (VIOLATED)
_5197_/RESET_B                          1.50    7.21   -5.71 (VIOLATED)
_5198_/RESET_B                          1.50    7.21   -5.71 (VIOLATED)
_5199_/RESET_B                          1.50    7.21   -5.71 (VIOLATED)
_5200_/RESET_B                          1.50    7.21   -5.71 (VIOLATED)
_5201_/RESET_B                          1.50    7.21   -5.71 (VIOLATED)
_5202_/RESET_B                          1.50    7.21   -5.71 (VIOLATED)
_5203_/RESET_B                          1.50    7.21   -5.71 (VIOLATED)
_5204_/RESET_B                          1.50    7.21   -5.71 (VIOLATED)
_5205_/RESET_B                          1.50    7.21   -5.71 (VIOLATED)
_5206_/RESET_B                          1.50    7.21   -5.71 (VIOLATED)
_5207_/RESET_B                          1.50    7.21   -5.71 (VIOLATED)
_5208_/RESET_B                          1.50    7.21   -5.71 (VIOLATED)
_5209_/RESET_B                          1.50    7.21   -5.71 (VIOLATED)
_5210_/RESET_B                          1.50    7.21   -5.71 (VIOLATED)
_5211_/RESET_B                          1.50    7.21   -5.71 (VIOLATED)
_5212_/RESET_B                          1.50    7.21   -5.71 (VIOLATED)
_5213_/RESET_B                          1.50    7.21   -5.71 (VIOLATED)
_5214_/RESET_B                          1.50    7.21   -5.71 (VIOLATED)
_5215_/RESET_B                          1.50    7.21   -5.71 (VIOLATED)
_5216_/RESET_B                          1.50    7.21   -5.71 (VIOLATED)
_5217_/RESET_B                          1.50    7.21   -5.71 (VIOLATED)
_5218_/RESET_B                          1.50    7.21   -5.71 (VIOLATED)
_5219_/RESET_B                          1.50    7.21   -5.71 (VIOLATED)
_5220_/RESET_B                          1.50    7.21   -5.71 (VIOLATED)
_5221_/RESET_B                          1.50    7.21   -5.71 (VIOLATED)
_5222_/RESET_B                          1.50    7.21   -5.71 (VIOLATED)
_5223_/RESET_B                          1.50    7.21   -5.71 (VIOLATED)
_5224_/RESET_B                          1.50    7.21   -5.71 (VIOLATED)
_5225_/RESET_B                          1.50    7.21   -5.71 (VIOLATED)
_5226_/RESET_B                          1.50    7.21   -5.71 (VIOLATED)
_5227_/RESET_B                          1.50    7.21   -5.71 (VIOLATED)
_5228_/RESET_B                          1.50    7.21   -5.71 (VIOLATED)
_5229_/RESET_B                          1.50    7.21   -5.71 (VIOLATED)
_5230_/RESET_B                          1.50    7.21   -5.71 (VIOLATED)
_5231_/RESET_B                          1.50    7.21   -5.71 (VIOLATED)
_5232_/RESET_B                          1.50    7.21   -5.71 (VIOLATED)
_5233_/RESET_B                          1.50    7.21   -5.71 (VIOLATED)
_5234_/RESET_B                          1.50    7.21   -5.71 (VIOLATED)
_5235_/RESET_B                          1.50    7.21   -5.71 (VIOLATED)
_5236_/RESET_B                          1.50    7.21   -5.71 (VIOLATED)
_5237_/RESET_B                          1.50    7.21   -5.71 (VIOLATED)
_5238_/RESET_B                          1.50    7.21   -5.71 (VIOLATED)
_5239_/RESET_B                          1.50    7.21   -5.71 (VIOLATED)
_5240_/RESET_B                          1.50    7.21   -5.71 (VIOLATED)
_5241_/RESET_B                          1.50    7.21   -5.71 (VIOLATED)
_5242_/RESET_B                          1.50    7.21   -5.71 (VIOLATED)
_5243_/RESET_B                          1.50    7.21   -5.71 (VIOLATED)
_5244_/RESET_B                          1.50    7.21   -5.71 (VIOLATED)
_5245_/RESET_B                          1.50    7.21   -5.71 (VIOLATED)
_5246_/RESET_B                          1.50    7.21   -5.71 (VIOLATED)
_5247_/RESET_B                          1.50    7.21   -5.71 (VIOLATED)
_5248_/RESET_B                          1.50    7.21   -5.71 (VIOLATED)
_5249_/RESET_B                          1.50    7.21   -5.71 (VIOLATED)
_5250_/RESET_B                          1.50    7.21   -5.71 (VIOLATED)
_5251_/RESET_B                          1.50    7.21   -5.71 (VIOLATED)
_5252_/RESET_B                          1.50    7.21   -5.71 (VIOLATED)
_5253_/RESET_B                          1.50    7.21   -5.71 (VIOLATED)
_5254_/RESET_B                          1.50    7.21   -5.71 (VIOLATED)
_5255_/RESET_B                          1.50    7.21   -5.71 (VIOLATED)
_5256_/RESET_B                          1.50    7.21   -5.71 (VIOLATED)
_5257_/RESET_B                          1.50    7.21   -5.71 (VIOLATED)
_5258_/RESET_B                          1.50    7.21   -5.71 (VIOLATED)
_5259_/RESET_B                          1.50    7.21   -5.71 (VIOLATED)
_5260_/RESET_B                          1.50    7.21   -5.71 (VIOLATED)
_5261_/RESET_B                          1.50    7.21   -5.71 (VIOLATED)
_5262_/RESET_B                          1.50    7.21   -5.71 (VIOLATED)
_5263_/RESET_B                          1.50    7.21   -5.71 (VIOLATED)
_5264_/RESET_B                          1.50    7.21   -5.71 (VIOLATED)
_5265_/RESET_B                          1.50    7.21   -5.71 (VIOLATED)
_5306_/RESET_B                          1.50    7.21   -5.71 (VIOLATED)

max fanout

Pin                                   Limit Fanout  Slack
---------------------------------------------------------
rst_ni                                   30    447   -417 (VIOLATED)

max capacitance

Pin                                    Limit     Cap   Slack
------------------------------------------------------------
rst_ni                                  0.33    1.61   -1.28 (VIOLATED)



===========================================================================
report_parasitic_annotation -report_unannotated
============================================================================
Found 3189 unannotated drivers.
 clk_i
 dmem_gnt_i
 dmem_rdata_i[0]
 dmem_rdata_i[10]
 dmem_rdata_i[11]
 dmem_rdata_i[12]
 dmem_rdata_i[13]
 dmem_rdata_i[14]
 dmem_rdata_i[15]
 dmem_rdata_i[16]
 dmem_rdata_i[17]
 dmem_rdata_i[18]
 dmem_rdata_i[19]
 dmem_rdata_i[1]
 dmem_rdata_i[20]
 dmem_rdata_i[21]
 dmem_rdata_i[22]
 dmem_rdata_i[23]
 dmem_rdata_i[24]
 dmem_rdata_i[25]
 dmem_rdata_i[26]
 dmem_rdata_i[27]
 dmem_rdata_i[28]
 dmem_rdata_i[29]
 dmem_rdata_i[2]
 dmem_rdata_i[30]
 dmem_rdata_i[31]
 dmem_rdata_i[3]
 dmem_rdata_i[4]
 dmem_rdata_i[5]
 dmem_rdata_i[6]
 dmem_rdata_i[7]
 dmem_rdata_i[8]
 dmem_rdata_i[9]
 dmem_rvalid_i
 imem_gnt_i
 imem_rdata_i[0]
 imem_rdata_i[10]
 imem_rdata_i[11]
 imem_rdata_i[12]
 imem_rdata_i[13]
 imem_rdata_i[14]
 imem_rdata_i[15]
 imem_rdata_i[16]
 imem_rdata_i[17]
 imem_rdata_i[18]
 imem_rdata_i[19]
 imem_rdata_i[1]
 imem_rdata_i[20]
 imem_rdata_i[21]
 imem_rdata_i[22]
 imem_rdata_i[23]
 imem_rdata_i[24]
 imem_rdata_i[25]
 imem_rdata_i[26]
 imem_rdata_i[27]
 imem_rdata_i[28]
 imem_rdata_i[29]
 imem_rdata_i[2]
 imem_rdata_i[30]
 imem_rdata_i[31]
 imem_rdata_i[3]
 imem_rdata_i[4]
 imem_rdata_i[5]
 imem_rdata_i[6]
 imem_rdata_i[7]
 imem_rdata_i[8]
 imem_rdata_i[9]
 imem_rvalid_i
 rf_rs1_i[0]
 rf_rs1_i[10]
 rf_rs1_i[11]
 rf_rs1_i[12]
 rf_rs1_i[13]
 rf_rs1_i[14]
 rf_rs1_i[15]
 rf_rs1_i[16]
 rf_rs1_i[17]
 rf_rs1_i[18]
 rf_rs1_i[19]
 rf_rs1_i[1]
 rf_rs1_i[20]
 rf_rs1_i[21]
 rf_rs1_i[22]
 rf_rs1_i[23]
 rf_rs1_i[24]
 rf_rs1_i[25]
 rf_rs1_i[26]
 rf_rs1_i[27]
 rf_rs1_i[28]
 rf_rs1_i[29]
 rf_rs1_i[2]
 rf_rs1_i[30]
 rf_rs1_i[31]
 rf_rs1_i[3]
 rf_rs1_i[4]
 rf_rs1_i[5]
 rf_rs1_i[6]
 rf_rs1_i[7]
 rf_rs1_i[8]
 rf_rs1_i[9]
 rf_rs2_i[0]
 rf_rs2_i[10]
 rf_rs2_i[11]
 rf_rs2_i[12]
 rf_rs2_i[13]
 rf_rs2_i[14]
 rf_rs2_i[15]
 rf_rs2_i[16]
 rf_rs2_i[17]
 rf_rs2_i[18]
 rf_rs2_i[19]
 rf_rs2_i[1]
 rf_rs2_i[20]
 rf_rs2_i[21]
 rf_rs2_i[22]
 rf_rs2_i[23]
 rf_rs2_i[24]
 rf_rs2_i[25]
 rf_rs2_i[26]
 rf_rs2_i[27]
 rf_rs2_i[28]
 rf_rs2_i[29]
 rf_rs2_i[2]
 rf_rs2_i[30]
 rf_rs2_i[31]
 rf_rs2_i[3]
 rf_rs2_i[4]
 rf_rs2_i[5]
 rf_rs2_i[6]
 rf_rs2_i[7]
 rf_rs2_i[8]
 rf_rs2_i[9]
 rst_ni
 _2342_/Y
 _2343_/X
 _2344_/X
 _2345_/X
 _2346_/Y
 _2347_/X
 _2348_/X
 _2349_/X
 _2350_/X
 _2351_/Y
 _2352_/X
 _2353_/X
 _2354_/X
 _2355_/X
 _2356_/X
 _2357_/Y
 _2358_/X
 _2359_/X
 _2360_/X
 _2361_/X
 _2362_/Y
 _2363_/X
 _2364_/X
 _2365_/X
 _2366_/Y
 _2367_/X
 _2368_/X
 _2369_/X
 _2370_/X
 _2371_/X
 _2372_/X
 _2373_/X
 _2374_/X
 _2375_/X
 _2376_/Y
 _2377_/X
 _2378_/X
 _2379_/X
 _2380_/X
 _2381_/X
 _2382_/X
 _2383_/Y
 _2384_/Y
 _2385_/Y
 _2386_/Y
 _2387_/X
 _2388_/X
 _2389_/X
 _2390_/X
 _2391_/X
 _2392_/X
 _2393_/X
 _2394_/Y
 _2395_/Y
 _2396_/X
 _2397_/X
 _2398_/X
 _2399_/Y
 _2400_/Y
 _2401_/X
 _2402_/X
 _2403_/Y
 _2404_/Y
 _2405_/Y
 _2406_/Y
 _2407_/X
 _2408_/X
 _2409_/X
 _2410_/X
 _2411_/X
 _2412_/X
 _2413_/X
 _2414_/X
 _2415_/X
 _2416_/X
 _2417_/X
 _2418_/X
 _2419_/X
 _2420_/X
 _2421_/X
 _2422_/X
 _2423_/X
 _2424_/Y
 _2425_/Y
 _2426_/Y
 _2427_/X
 _2428_/X
 _2429_/X
 _2430_/Y
 _2431_/X
 _2432_/X
 _2433_/X
 _2434_/X
 _2435_/X
 _2436_/X
 _2437_/X
 _2438_/X
 _2439_/X
 _2440_/Y
 _2441_/Y
 _2442_/X
 _2443_/X
 _2444_/Y
 _2445_/Y
 _2446_/Y
 _2447_/Y
 _2448_/Y
 _2449_/Y
 _2450_/Y
 _2451_/X
 _2452_/Y
 _2453_/X
 _2454_/Y
 _2455_/Y
 _2456_/X
 _2457_/Y
 _2458_/X
 _2459_/Y
 _2460_/X
 _2461_/X
 _2462_/X
 _2463_/X
 _2464_/X
 _2465_/X
 _2466_/X
 _2467_/Y
 _2468_/Y
 _2469_/X
 _2470_/X
 _2471_/X
 _2472_/X
 _2473_/X
 _2474_/X
 _2475_/X
 _2476_/X
 _2477_/X
 _2478_/X
 _2479_/Y
 _2480_/Y
 _2481_/Y
 _2482_/Y
 _2483_/Y
 _2484_/X
 _2485_/X
 _2486_/X
 _2487_/X
 _2488_/X
 _2489_/X
 _2490_/X
 _2491_/X
 _2492_/Y
 _2493_/X
 _2494_/X
 _2495_/Y
 _2496_/Y
 _2497_/X
 _2498_/X
 _2499_/X
 _2500_/X
 _2501_/X
 _2502_/X
 _2503_/X
 _2504_/X
 _2505_/X
 _2506_/X
 _2507_/X
 _2508_/X
 _2509_/X
 _2510_/X
 _2511_/X
 _2512_/X
 _2513_/X
 _2514_/X
 _2515_/Y
 _2516_/X
 _2517_/X
 _2518_/Y
 _2519_/X
 _2520_/X
 _2521_/X
 _2522_/X
 _2523_/X
 _2524_/X
 _2525_/X
 _2526_/X
 _2527_/X
 _2528_/X
 _2529_/X
 _2530_/X
 _2531_/Y
 _2532_/Y
 _2533_/Y
 _2534_/X
 _2535_/X
 _2536_/X
 _2537_/X
 _2538_/Y
 _2539_/Y
 _2540_/Y
 _2541_/X
 _2542_/X
 _2543_/X
 _2544_/X
 _2545_/X
 _2546_/X
 _2547_/X
 _2548_/X
 _2549_/Y
 _2550_/Y
 _2551_/Y
 _2552_/X
 _2553_/X
 _2554_/X
 _2555_/X
 _2556_/X
 _2557_/X
 _2558_/X
 _2559_/X
 _2560_/X
 _2561_/X
 _2562_/X
 _2563_/X
 _2564_/X
 _2565_/Y
 _2566_/X
 _2567_/X
 _2568_/X
 _2569_/X
 _2570_/X
 _2571_/Y
 _2572_/X
 _2573_/X
 _2574_/X
 _2575_/X
 _2576_/X
 _2577_/X
 _2578_/X
 _2579_/X
 _2580_/Y
 _2581_/X
 _2582_/Y
 _2583_/X
 _2584_/X
 _2585_/X
 _2586_/Y
 _2587_/X
 _2588_/X
 _2589_/X
 _2590_/X
 _2591_/X
 _2592_/X
 _2593_/X
 _2594_/X
 _2595_/X
 _2596_/X
 _2597_/X
 _2598_/X
 _2599_/X
 _2600_/X
 _2601_/X
 _2602_/X
 _2603_/X
 _2604_/X
 _2605_/X
 _2606_/X
 _2607_/X
 _2608_/X
 _2609_/X
 _2610_/Y
 _2611_/X
 _2612_/X
 _2613_/X
 _2614_/X
 _2615_/X
 _2616_/X
 _2617_/X
 _2618_/X
 _2619_/X
 _2620_/X
 _2621_/X
 _2622_/X
 _2623_/X
 _2624_/X
 _2625_/X
 _2626_/X
 _2627_/X
 _2628_/X
 _2629_/X
 _2630_/X
 _2631_/X
 _2632_/X
 _2633_/X
 _2634_/X
 _2635_/X
 _2636_/X
 _2637_/X
 _2638_/X
 _2639_/X
 _2640_/X
 _2641_/X
 _2642_/X
 _2643_/X
 _2644_/X
 _2645_/X
 _2646_/X
 _2647_/Y
 _2648_/Y
 _2649_/X
 _2650_/X
 _2651_/X
 _2652_/X
 _2653_/X
 _2654_/Y
 _2655_/X
 _2656_/Y
 _2657_/X
 _2658_/X
 _2659_/Y
 _2660_/X
 _2661_/X
 _2662_/X
 _2663_/Y
 _2664_/Y
 _2665_/X
 _2666_/X
 _2667_/X
 _2668_/X
 _2669_/X
 _2670_/X
 _2671_/X
 _2672_/X
 _2673_/Y
 _2674_/X
 _2675_/X
 _2676_/X
 _2677_/X
 _2678_/X
 _2679_/Y
 _2680_/X
 _2681_/X
 _2682_/X
 _2683_/X
 _2684_/X
 _2685_/X
 _2686_/X
 _2687_/X
 _2688_/X
 _2689_/Y
 _2690_/X
 _2691_/X
 _2692_/X
 _2693_/X
 _2694_/X
 _2695_/Y
 _2696_/X
 _2697_/X
 _2698_/X
 _2699_/X
 _2700_/X
 _2701_/X
 _2702_/X
 _2703_/X
 _2704_/X
 _2705_/X
 _2706_/Y
 _2707_/X
 _2708_/Y
 _2709_/X
 _2710_/X
 _2711_/X
 _2712_/X
 _2713_/X
 _2714_/X
 _2715_/Y
 _2716_/X
 _2717_/X
 _2718_/X
 _2719_/Y
 _2720_/X
 _2721_/Y
 _2722_/X
 _2723_/Y
 _2724_/X
 _2725_/Y
 _2726_/Y
 _2727_/X
 _2728_/X
 _2729_/X
 _2730_/X
 _2731_/X
 _2732_/X
 _2733_/Y
 _2734_/X
 _2735_/X
 _2736_/X
 _2737_/X
 _2738_/X
 _2739_/X
 _2740_/X
 _2741_/X
 _2742_/X
 _2743_/X
 _2744_/Y
 _2745_/X
 _2746_/X
 _2747_/X
 _2748_/X
 _2749_/X
 _2750_/X
 _2751_/Y
 _2752_/X
 _2753_/X
 _2754_/X
 _2755_/X
 _2756_/X
 _2757_/Y
 _2758_/X
 _2759_/X
 _2760_/X
 _2761_/X
 _2762_/X
 _2763_/X
 _2764_/Y
 _2765_/X
 _2766_/X
 _2767_/X
 _2768_/X
 _2769_/X
 _2770_/X
 _2771_/X
 _2772_/X
 _2773_/X
 _2774_/X
 _2775_/X
 _2776_/X
 _2777_/X
 _2778_/Y
 _2779_/X
 _2780_/X
 _2781_/X
 _2782_/X
 _2783_/X
 _2784_/X
 _2785_/X
 _2786_/X
 _2787_/Y
 _2788_/X
 _2789_/X
 _2790_/Y
 _2791_/X
 _2792_/Y
 _2793_/Y
 _2794_/X
 _2795_/Y
 _2796_/X
 _2797_/X
 _2798_/X
 _2799_/Y
 _2800_/X
 _2801_/X
 _2802_/Y
 _2803_/X
 _2804_/X
 _2805_/X
 _2806_/X
 _2807_/X
 _2808_/X
 _2809_/X
 _2810_/Y
 _2811_/X
 _2812_/Y
 _2813_/X
 _2814_/X
 _2815_/Y
 _2816_/X
 _2817_/Y
 _2818_/Y
 _2819_/Y
 _2820_/X
 _2821_/Y
 _2822_/X
 _2823_/X
 _2824_/X
 _2825_/X
 _2826_/Y
 _2827_/Y
 _2828_/X
 _2829_/X
 _2830_/X
 _2831_/Y
 _2832_/X
 _2833_/X
 _2834_/Y
 _2835_/Y
 _2836_/Y
 _2837_/Y
 _2838_/X
 _2839_/Y
 _2840_/X
 _2841_/X
 _2842_/X
 _2843_/X
 _2844_/Y
 _2845_/Y
 _2846_/X
 _2847_/Y
 _2848_/Y
 _2849_/Y
 _2850_/X
 _2851_/X
 _2852_/X
 _2853_/Y
 _2854_/Y
 _2855_/X
 _2856_/Y
 _2857_/Y
 _2858_/Y
 _2859_/X
 _2860_/X
 _2861_/Y
 _2862_/Y
 _2863_/X
 _2864_/Y
 _2865_/X
 _2866_/X
 _2867_/X
 _2868_/Y
 _2869_/X
 _2870_/X
 _2871_/Y
 _2872_/Y
 _2873_/X
 _2874_/Y
 _2875_/Y
 _2876_/X
 _2877_/X
 _2878_/X
 _2879_/Y
 _2880_/Y
 _2881_/X
 _2882_/Y
 _2883_/X
 _2884_/Y
 _2885_/Y
 _2886_/X
 _2887_/X
 _2888_/Y
 _2889_/Y
 _2890_/X
 _2891_/Y
 _2892_/Y
 _2893_/X
 _2894_/X
 _2895_/X
 _2896_/X
 _2897_/Y
 _2898_/Y
 _2899_/X
 _2900_/Y
 _2901_/Y
 _2902_/Y
 _2903_/X
 _2904_/X
 _2905_/X
 _2906_/X
 _2907_/X
 _2908_/X
 _2909_/X
 _2910_/X
 _2911_/X
 _2912_/X
 _2913_/X
 _2914_/Y
 _2915_/Y
 _2916_/X
 _2917_/Y
 _2918_/Y
 _2919_/Y
 _2920_/X
 _2921_/Y
 _2922_/X
 _2923_/X
 _2924_/Y
 _2925_/X
 _2926_/Y
 _2927_/Y
 _2928_/Y
 _2929_/X
 _2930_/X
 _2931_/Y
 _2932_/Y
 _2933_/Y
 _2934_/X
 _2935_/Y
 _2936_/X
 _2937_/Y
 _2938_/X
 _2939_/X
 _2940_/Y
 _2941_/Y
 _2942_/X
 _2943_/Y
 _2944_/Y
 _2945_/Y
 _2946_/X
 _2947_/X
 _2948_/X
 _2949_/Y
 _2950_/Y
 _2951_/X
 _2952_/Y
 _2953_/Y
 _2954_/Y
 _2955_/X
 _2956_/Y
 _2957_/Y
 _2958_/Y
 _2959_/X
 _2960_/Y
 _2961_/X
 _2962_/Y
 _2963_/Y
 _2964_/X
 _2965_/X
 _2966_/X
 _2967_/X
 _2968_/Y
 _2969_/Y
 _2970_/Y
 _2971_/Y
 _2972_/Y
 _2973_/Y
 _2974_/Y
 _2975_/Y
 _2976_/Y
 _2977_/Y
 _2978_/X
 _2979_/Y
 _2980_/Y
 _2981_/Y
 _2982_/X
 _2983_/Y
 _2984_/X
 _2985_/X
 _2986_/Y
 _2987_/X
 _2988_/X
 _2989_/X
 _2990_/X
 _2991_/X
 _2992_/Y
 _2993_/X
 _2994_/X
 _2995_/X
 _2996_/Y
 _2997_/X
 _2998_/X
 _2999_/Y
 _3000_/X
 _3001_/Y
 _3002_/X
 _3003_/Y
 _3004_/X
 _3005_/Y
 _3006_/X
 _3007_/Y
 _3008_/Y
 _3009_/Y
 _3010_/X
 _3011_/X
 _3012_/X
 _3013_/Y
 _3014_/Y
 _3015_/Y
 _3016_/Y
 _3017_/X
 _3018_/X
 _3019_/X
 _3020_/X
 _3021_/X
 _3022_/Y
 _3023_/X
 _3024_/Y
 _3025_/X
 _3026_/Y
 _3027_/X
 _3028_/X
 _3029_/X
 _3030_/X
 _3031_/X
 _3032_/X
 _3033_/X
 _3034_/Y
 _3035_/X
 _3036_/X
 _3037_/X
 _3038_/Y
 _3039_/X
 _3040_/Y
 _3041_/Y
 _3042_/Y
 _3043_/Y
 _3044_/X
 _3045_/X
 _3046_/Y
 _3047_/X
 _3048_/X
 _3049_/Y
 _3050_/Y
 _3051_/X
 _3052_/Y
 _3053_/X
 _3054_/Y
 _3055_/X
 _3056_/X
 _3057_/Y
 _3058_/Y
 _3059_/X
 _3060_/Y
 _3061_/Y
 _3062_/X
 _3063_/X
 _3064_/X
 _3065_/X
 _3066_/Y
 _3067_/Y
 _3068_/X
 _3069_/Y
 _3070_/Y
 _3071_/Y
 _3072_/X
 _3073_/X
 _3074_/Y
 _3075_/Y
 _3076_/X
 _3077_/Y
 _3078_/X
 _3079_/X
 _3080_/X
 _3081_/X
 _3082_/X
 _3083_/X
 _3084_/X
 _3085_/X
 _3086_/X
 _3087_/X
 _3088_/X
 _3089_/X
 _3090_/Y
 _3091_/Y
 _3092_/X
 _3093_/Y
 _3094_/X
 _3095_/X
 _3096_/Y
 _3097_/Y
 _3098_/X
 _3099_/Y
 _3100_/X
 _3101_/Y
 _3102_/Y
 _3103_/X
 _3104_/Y
 _3105_/X
 _3106_/X
 _3107_/X
 _3108_/Y
 _3109_/Y
 _3110_/X
 _3111_/Y
 _3112_/X
 _3113_/Y
 _3114_/X
 _3115_/X
 _3116_/X
 _3117_/X
 _3118_/Y
 _3119_/Y
 _3120_/X
 _3121_/X
 _3122_/Y
 _3123_/Y
 _3124_/X
 _3125_/X
 _3126_/X
 _3127_/X
 _3128_/X
 _3129_/X
 _3130_/Y
 _3131_/Y
 _3132_/Y
 _3133_/Y
 _3134_/X
 _3135_/X
 _3136_/X
 _3137_/Y
 _3138_/X
 _3139_/Y
 _3140_/X
 _3141_/Y
 _3142_/X
 _3143_/X
 _3144_/Y
 _3145_/X
 _3146_/Y
 _3147_/X
 _3148_/X
 _3149_/Y
 _3150_/Y
 _3151_/Y
 _3152_/X
 _3153_/X
 _3154_/Y
 _3155_/X
 _3156_/Y
 _3157_/X
 _3158_/Y
 _3159_/X
 _3160_/X
 _3161_/X
 _3162_/X
 _3163_/X
 _3164_/Y
 _3165_/X
 _3166_/Y
 _3167_/X
 _3168_/Y
 _3169_/X
 _3170_/Y
 _3171_/X
 _3172_/X
 _3173_/Y
 _3174_/X
 _3175_/Y
 _3176_/Y
 _3177_/X
 _3178_/X
 _3179_/X
 _3180_/X
 _3181_/Y
 _3182_/X
 _3183_/X
 _3184_/X
 _3185_/X
 _3186_/Y
 _3187_/X
 _3188_/Y
 _3189_/X
 _3190_/X
 _3191_/X
 _3192_/X
 _3193_/X
 _3194_/X
 _3195_/Y
 _3196_/Y
 _3197_/Y
 _3198_/X
 _3199_/Y
 _3200_/X
 _3201_/Y
 _3202_/X
 _3203_/Y
 _3204_/Y
 _3205_/X
 _3206_/Y
 _3207_/Y
 _3208_/Y
 _3209_/X
 _3210_/Y
 _3211_/X
 _3212_/Y
 _3213_/Y
 _3214_/X
 _3215_/X
 _3216_/Y
 _3217_/X
 _3218_/Y
 _3219_/X
 _3220_/Y
 _3221_/X
 _3222_/X
 _3223_/X
 _3224_/Y
 _3225_/X
 _3226_/Y
 _3227_/X
 _3228_/Y
 _3229_/Y
 _3230_/Y
 _3231_/X
 _3232_/X
 _3233_/Y
 _3234_/X
 _3235_/X
 _3236_/X
 _3237_/X
 _3238_/Y
 _3239_/X
 _3240_/X
 _3241_/Y
 _3242_/Y
 _3243_/X
 _3244_/Y
 _3245_/X
 _3246_/X
 _3247_/X
 _3248_/X
 _3249_/X
 _3250_/X
 _3251_/X
 _3252_/X
 _3253_/X
 _3254_/X
 _3255_/Y
 _3256_/X
 _3257_/X
 _3258_/Y
 _3259_/X
 _3260_/Y
 _3261_/X
 _3262_/X
 _3263_/Y
 _3264_/X
 _3265_/X
 _3266_/X
 _3267_/X
 _3268_/X
 _3269_/X
 _3270_/Y
 _3271_/X
 _3272_/Y
 _3273_/X
 _3274_/Y
 _3275_/X
 _3276_/X
 _3277_/X
 _3278_/X
 _3279_/Y
 _3280_/X
 _3281_/Y
 _3282_/X
 _3283_/Y
 _3284_/X
 _3285_/X
 _3286_/Y
 _3287_/X
 _3288_/Y
 _3289_/Y
 _3290_/Y
 _3291_/Y
 _3292_/X
 _3293_/X
 _3294_/Y
 _3295_/X
 _3296_/Y
 _3297_/X
 _3298_/Y
 _3299_/X
 _3300_/Y
 _3301_/Y
 _3302_/X
 _3303_/X
 _3304_/X
 _3305_/Y
 _3306_/X
 _3307_/Y
 _3308_/Y
 _3309_/X
 _3310_/Y
 _3311_/X
 _3312_/X
 _3313_/Y
 _3314_/X
 _3315_/X
 _3316_/Y
 _3317_/Y
 _3318_/X
 _3319_/X
 _3320_/X
 _3321_/X
 _3322_/X
 _3323_/X
 _3324_/Y
 _3325_/X
 _3326_/X
 _3327_/X
 _3328_/Y
 _3329_/X
 _3330_/Y
 _3331_/X
 _3332_/Y
 _3333_/X
 _3334_/X
 _3335_/Y
 _3336_/X
 _3337_/X
 _3338_/X
 _3339_/Y
 _3340_/X
 _3341_/Y
 _3342_/X
 _3343_/Y
 _3344_/X
 _3345_/X
 _3346_/X
 _3347_/X
 _3348_/Y
 _3349_/X
 _3350_/Y
 _3351_/X
 _3352_/Y
 _3353_/X
 _3354_/X
 _3355_/Y
 _3356_/X
 _3357_/X
 _3358_/X
 _3359_/X
 _3360_/Y
 _3361_/X
 _3362_/X
 _3363_/X
 _3364_/Y
 _3365_/Y
 _3366_/Y
 _3367_/X
 _3368_/Y
 _3369_/X
 _3370_/X
 _3371_/X
 _3372_/X
 _3373_/X
 _3374_/Y
 _3375_/Y
 _3376_/X
 _3377_/X
 _3378_/Y
 _3379_/Y
 _3380_/Y
 _3381_/Y
 _3382_/X
 _3383_/X
 _3384_/X
 _3385_/Y
 _3386_/X
 _3387_/Y
 _3388_/X
 _3389_/X
 _3390_/X
 _3391_/X
 _3392_/X
 _3393_/Y
 _3394_/X
 _3395_/X
 _3396_/Y
 _3397_/X
 _3398_/X
 _3399_/X
 _3400_/Y
 _3401_/X
 _3402_/Y
 _3403_/X
 _3404_/Y
 _3405_/X
 _3406_/Y
 _3407_/Y
 _3408_/X
 _3409_/Y
 _3410_/X
 _3411_/X
 _3412_/X
 _3413_/X
 _3414_/X
 _3415_/X
 _3416_/X
 _3417_/Y
 _3418_/X
 _3419_/Y
 _3420_/X
 _3421_/X
 _3422_/Y
 _3423_/Y
 _3424_/X
 _3425_/X
 _3426_/X
 _3427_/Y
 _3428_/X
 _3429_/X
 _3430_/Y
 _3431_/X
 _3432_/Y
 _3433_/X
 _3434_/Y
 _3435_/X
 _3436_/Y
 _3437_/Y
 _3438_/X
 _3439_/X
 _3440_/X
 _3441_/Y
 _3442_/X
 _3443_/X
 _3444_/Y
 _3445_/X
 _3446_/Y
 _3447_/X
 _3448_/Y
 _3449_/Y
 _3450_/Y
 _3451_/X
 _3452_/Y
 _3453_/Y
 _3454_/X
 _3455_/X
 _3456_/Y
 _3457_/X
 _3458_/X
 _3459_/X
 _3460_/X
 _3461_/X
 _3462_/Y
 _3463_/X
 _3464_/X
 _3465_/X
 _3466_/X
 _3467_/X
 _3468_/X
 _3469_/X
 _3470_/Y
 _3471_/X
 _3472_/Y
 _3473_/X
 _3474_/X
 _3475_/Y
 _3476_/X
 _3477_/Y
 _3478_/X
 _3479_/Y
 _3480_/X
 _3481_/Y
 _3482_/X
 _3483_/X
 _3484_/Y
 _3485_/X
 _3486_/X
 _3487_/X
 _3488_/Y
 _3489_/Y
 _3490_/Y
 _3491_/X
 _3492_/X
 _3493_/Y
 _3494_/X
 _3495_/Y
 _3496_/X
 _3497_/X
 _3498_/X
 _3499_/Y
 _3500_/X
 _3501_/X
 _3502_/X
 _3503_/X
 _3504_/X
 _3505_/Y
 _3506_/X
 _3507_/X
 _3508_/Y
 _3509_/Y
 _3510_/Y
 _3511_/Y
 _3512_/Y
 _3513_/X
 _3514_/Y
 _3515_/X
 _3516_/Y
 _3517_/Y
 _3518_/X
 _3519_/X
 _3520_/X
 _3521_/X
 _3522_/Y
 _3523_/X
 _3524_/Y
 _3525_/Y
 _3526_/X
 _3527_/X
 _3528_/Y
 _3529_/X
 _3530_/X
 _3531_/X
 _3532_/X
 _3533_/Y
 _3534_/X
 _3535_/Y
 _3536_/X
 _3537_/X
 _3538_/X
 _3539_/X
 _3540_/Y
 _3541_/X
 _3542_/Y
 _3543_/X
 _3544_/Y
 _3545_/X
 _3546_/X
 _3547_/Y
 _3548_/X
 _3549_/X
 _3550_/X
 _3551_/X
 _3552_/X
 _3553_/Y
 _3554_/Y
 _3555_/Y
 _3556_/X
 _3557_/X
 _3558_/X
 _3559_/X
 _3560_/Y
 _3561_/Y
 _3562_/Y
 _3563_/X
 _3564_/X
 _3565_/X
 _3566_/Y
 _3567_/X
 _3568_/X
 _3569_/X
 _3570_/X
 _3571_/X
 _3572_/X
 _3573_/X
 _3574_/X
 _3575_/Y
 _3576_/Y
 _3577_/Y
 _3578_/X
 _3579_/X
 _3580_/X
 _3581_/Y
 _3582_/X
 _3583_/X
 _3584_/Y
 _3585_/X
 _3586_/Y
 _3587_/X
 _3588_/X
 _3589_/Y
 _3590_/X
 _3591_/X
 _3592_/X
 _3593_/X
 _3594_/X
 _3595_/X
 _3596_/X
 _3597_/X
 _3598_/X
 _3599_/X
 _3600_/Y
 _3601_/Y
 _3602_/Y
 _3603_/X
 _3604_/Y
 _3605_/X
 _3606_/X
 _3607_/Y
 _3608_/X
 _3609_/Y
 _3610_/Y
 _3611_/X
 _3612_/X
 _3613_/X
 _3614_/X
 _3615_/X
 _3616_/X
 _3617_/X
 _3618_/X
 _3619_/Y
 _3620_/X
 _3621_/Y
 _3622_/X
 _3623_/Y
 _3624_/X
 _3625_/X
 _3626_/X
 _3627_/X
 _3628_/X
 _3629_/X
 _3630_/X
 _3631_/X
 _3632_/X
 _3633_/Y
 _3634_/X
 _3635_/Y
 _3636_/X
 _3637_/X
 _3638_/X
 _3639_/Y
 _3640_/X
 _3641_/Y
 _3642_/X
 _3643_/Y
 _3644_/Y
 _3645_/X
 _3646_/Y
 _3647_/Y
 _3648_/X
 _3649_/Y
 _3650_/X
 _3651_/X
 _3652_/X
 _3653_/X
 _3654_/Y
 _3655_/X
 _3656_/X
 _3657_/X
 _3658_/Y
 _3659_/X
 _3660_/Y
 _3661_/Y
 _3662_/Y
 _3663_/X
 _3664_/X
 _3665_/X
 _3666_/X
 _3667_/X
 _3668_/Y
 _3669_/Y
 _3670_/X
 _3671_/X
 _3672_/X
 _3673_/X
 _3674_/X
 _3675_/X
 _3676_/Y
 _3677_/X
 _3678_/Y
 _3679_/Y
 _3680_/X
 _3681_/X
 _3682_/Y
 _3683_/X
 _3684_/X
 _3685_/X
 _3686_/X
 _3687_/X
 _3688_/X
 _3689_/Y
 _3690_/X
 _3691_/X
 _3692_/X
 _3693_/Y
 _3694_/Y
 _3695_/X
 _3696_/X
 _3697_/X
 _3698_/Y
 _3699_/X
 _3700_/X
 _3701_/X
 _3702_/Y
 _3703_/X
 _3704_/Y
 _3705_/X
 _3706_/X
 _3707_/X
 _3708_/X
 _3709_/Y
 _3710_/X
 _3711_/X
 _3712_/X
 _3713_/X
 _3714_/Y
 _3715_/X
 _3716_/X
 _3717_/X
 _3718_/X
 _3719_/Y
 _3720_/X
 _3721_/X
 _3722_/Y
 _3723_/Y
 _3724_/X
 _3725_/X
 _3726_/X
 _3727_/Y
 _3728_/X
 _3729_/X
 _3730_/Y
 _3731_/X
 _3732_/X
 _3733_/Y
 _3734_/Y
 _3735_/Y
 _3736_/X
 _3737_/X
 _3738_/Y
 _3739_/X
 _3740_/X
 _3741_/Y
 _3742_/X
 _3743_/X
 _3744_/Y
 _3745_/X
 _3746_/Y
 _3747_/X
 _3748_/X
 _3749_/X
 _3750_/X
 _3751_/X
 _3752_/X
 _3753_/X
 _3754_/Y
 _3755_/X
 _3756_/Y
 _3757_/X
 _3758_/Y
 _3759_/Y
 _3760_/Y
 _3761_/X
 _3762_/X
 _3763_/Y
 _3764_/Y
 _3765_/X
 _3766_/Y
 _3767_/X
 _3768_/X
 _3769_/X
 _3770_/Y
 _3771_/X
 _3772_/X
 _3773_/Y
 _3774_/Y
 _3775_/Y
 _3776_/X
 _3777_/X
 _3778_/X
 _3779_/X
 _3780_/X
 _3781_/X
 _3782_/Y
 _3783_/X
 _3784_/Y
 _3785_/X
 _3786_/X
 _3787_/X
 _3788_/X
 _3789_/X
 _3790_/X
 _3791_/X
 _3792_/Y
 _3793_/X
 _3794_/Y
 _3795_/X
 _3796_/Y
 _3797_/Y
 _3798_/X
 _3799_/Y
 _3800_/X
 _3801_/Y
 _3802_/Y
 _3803_/X
 _3804_/X
 _3805_/Y
 _3806_/X
 _3807_/Y
 _3808_/X
 _3809_/Y
 _3810_/X
 _3811_/Y
 _3812_/Y
 _3813_/X
 _3814_/Y
 _3815_/X
 _3816_/Y
 _3817_/Y
 _3818_/X
 _3819_/Y
 _3820_/X
 _3821_/X
 _3822_/X
 _3823_/Y
 _3824_/X
 _3825_/X
 _3826_/X
 _3827_/Y
 _3828_/X
 _3829_/X
 _3830_/X
 _3831_/Y
 _3832_/X
 _3833_/Y
 _3834_/X
 _3835_/Y
 _3836_/Y
 _3837_/X
 _3838_/X
 _3839_/Y
 _3840_/X
 _3841_/X
 _3842_/X
 _3843_/Y
 _3844_/X
 _3845_/X
 _3846_/X
 _3847_/X
 _3848_/Y
 _3849_/X
 _3850_/Y
 _3851_/X
 _3852_/Y
 _3853_/X
 _3854_/X
 _3855_/X
 _3856_/X
 _3857_/Y
 _3858_/X
 _3859_/X
 _3860_/Y
 _3861_/X
 _3862_/X
 _3863_/X
 _3864_/X
 _3865_/X
 _3866_/X
 _3867_/Y
 _3868_/X
 _3869_/X
 _3870_/X
 _3871_/X
 _3872_/X
 _3873_/Y
 _3874_/Y
 _3875_/Y
 _3876_/X
 _3877_/Y
 _3878_/X
 _3879_/X
 _3880_/X
 _3881_/Y
 _3882_/Y
 _3883_/Y
 _3884_/Y
 _3885_/X
 _3886_/X
 _3887_/Y
 _3888_/X
 _3889_/Y
 _3890_/Y
 _3891_/Y
 _3892_/X
 _3893_/X
 _3894_/Y
 _3895_/X
 _3896_/X
 _3897_/Y
 _3898_/X
 _3899_/X
 _3900_/X
 _3901_/Y
 _3902_/Y
 _3903_/X
 _3904_/Y
 _3905_/Y
 _3906_/X
 _3907_/X
 _3908_/Y
 _3909_/X
 _3910_/X
 _3911_/Y
 _3912_/X
 _3913_/Y
 _3914_/Y
 _3915_/X
 _3916_/Y
 _3917_/Y
 _3918_/X
 _3919_/Y
 _3920_/Y
 _3921_/X
 _3922_/Y
 _3923_/Y
 _3924_/X
 _3925_/X
 _3926_/X
 _3927_/Y
 _3928_/X
 _3929_/Y
 _3930_/X
 _3931_/Y
 _3932_/Y
 _3933_/X
 _3934_/X
 _3935_/Y
 _3936_/X
 _3937_/X
 _3938_/Y
 _3939_/Y
 _3940_/X
 _3941_/Y
 _3942_/Y
 _3943_/X
 _3944_/X
 _3945_/Y
 _3946_/X
 _3947_/Y
 _3948_/X
 _3949_/Y
 _3950_/X
 _3951_/Y
 _3952_/X
 _3953_/Y
 _3954_/Y
 _3955_/X
 _3956_/X
 _3957_/X
 _3958_/Y
 _3959_/Y
 _3960_/Y
 _3961_/X
 _3962_/X
 _3963_/X
 _3964_/Y
 _3965_/X
 _3966_/X
 _3967_/X
 _3968_/X
 _3969_/X
 _3970_/X
 _3971_/X
 _3972_/X
 _3973_/X
 _3974_/X
 _3975_/X
 _3976_/X
 _3977_/X
 _3978_/X
 _3979_/X
 _3980_/X
 _3981_/X
 _3982_/X
 _3983_/X
 _3984_/X
 _3985_/X
 _3986_/X
 _3987_/X
 _3988_/X
 _3989_/Y
 _3990_/Y
 _3991_/X
 _3992_/Y
 _3993_/X
 _3994_/X
 _3995_/X
 _3996_/X
 _3997_/X
 _3998_/X
 _3999_/X
 _4000_/X
 _4001_/Y
 _4002_/X
 _4003_/X
 _4004_/X
 _4005_/X
 _4006_/X
 _4007_/X
 _4008_/X
 _4009_/X
 _4010_/X
 _4011_/X
 _4012_/X
 _4013_/X
 _4014_/X
 _4015_/X
 _4016_/X
 _4017_/X
 _4018_/X
 _4019_/X
 _4020_/X
 _4021_/X
 _4022_/X
 _4023_/X
 _4024_/Y
 _4025_/Y
 _4026_/X
 _4027_/X
 _4028_/X
 _4029_/X
 _4030_/X
 _4031_/Y
 _4032_/X
 _4033_/X
 _4034_/X
 _4035_/Y
 _4036_/Y
 _4037_/Y
 _4038_/X
 _4039_/Y
 _4040_/X
 _4041_/X
 _4042_/X
 _4043_/Y
 _4044_/Y
 _4045_/X
 _4046_/Y
 _4047_/X
 _4048_/X
 _4049_/Y
 _4050_/X
 _4051_/Y
 _4052_/X
 _4053_/Y
 _4054_/X
 _4055_/X
 _4056_/X
 _4057_/X
 _4058_/X
 _4059_/X
 _4060_/X
 _4061_/X
 _4062_/X
 _4063_/X
 _4064_/Y
 _4065_/Y
 _4066_/X
 _4067_/X
 _4068_/X
 _4069_/X
 _4070_/X
 _4071_/Y
 _4072_/Y
 _4073_/X
 _4074_/X
 _4075_/X
 _4076_/Y
 _4077_/Y
 _4078_/Y
 _4079_/X
 _4080_/X
 _4081_/X
 _4082_/Y
 _4083_/X
 _4084_/X
 _4085_/X
 _4086_/Y
 _4087_/Y
 _4088_/X
 _4089_/X
 _4090_/X
 _4091_/X
 _4092_/X
 _4093_/Y
 _4094_/X
 _4095_/Y
 _4096_/Y
 _4097_/X
 _4098_/X
 _4099_/X
 _4100_/Y
 _4101_/X
 _4102_/X
 _4103_/X
 _4104_/Y
 _4105_/X
 _4106_/Y
 _4107_/Y
 _4108_/X
 _4109_/Y
 _4110_/X
 _4111_/X
 _4112_/X
 _4113_/X
 _4114_/Y
 _4115_/Y
 _4116_/X
 _4117_/X
 _4118_/X
 _4119_/Y
 _4120_/X
 _4121_/X
 _4122_/X
 _4123_/X
 _4124_/Y
 _4125_/Y
 _4126_/X
 _4127_/X
 _4128_/X
 _4129_/X
 _4130_/X
 _4131_/X
 _4132_/X
 _4133_/X
 _4134_/X
 _4135_/X
 _4136_/X
 _4137_/X
 _4138_/X
 _4139_/X
 _4140_/X
 _4141_/X
 _4142_/X
 _4143_/X
 _4144_/X
 _4145_/X
 _4146_/X
 _4147_/X
 _4148_/X
 _4149_/X
 _4150_/X
 _4151_/X
 _4152_/X
 _4153_/X
 _4154_/X
 _4155_/X
 _4156_/X
 _4157_/X
 _4158_/X
 _4159_/X
 _4160_/X
 _4161_/X
 _4162_/X
 _4163_/X
 _4164_/X
 _4165_/X
 _4166_/X
 _4167_/X
 _4168_/X
 _4169_/X
 _4170_/X
 _4171_/X
 _4172_/X
 _4173_/X
 _4174_/X
 _4175_/X
 _4176_/X
 _4177_/X
 _4178_/X
 _4179_/X
 _4180_/X
 _4181_/X
 _4182_/X
 _4183_/X
 _4184_/X
 _4185_/X
 _4186_/X
 _4187_/X
 _4188_/X
 _4189_/X
 _4190_/X
 _4191_/X
 _4192_/X
 _4193_/X
 _4194_/X
 _4195_/X
 _4196_/X
 _4197_/X
 _4198_/X
 _4199_/X
 _4200_/X
 _4201_/X
 _4202_/X
 _4203_/X
 _4204_/X
 _4205_/X
 _4206_/X
 _4207_/X
 _4208_/X
 _4209_/X
 _4210_/X
 _4211_/X
 _4212_/X
 _4213_/X
 _4214_/X
 _4215_/X
 _4216_/X
 _4217_/X
 _4218_/X
 _4219_/X
 _4220_/X
 _4221_/X
 _4222_/X
 _4223_/X
 _4224_/X
 _4225_/X
 _4226_/X
 _4227_/X
 _4228_/X
 _4229_/X
 _4230_/X
 _4231_/X
 _4232_/X
 _4233_/X
 _4234_/X
 _4235_/X
 _4236_/X
 _4237_/X
 _4238_/X
 _4239_/X
 _4240_/X
 _4241_/X
 _4242_/X
 _4243_/X
 _4244_/X
 _4245_/X
 _4246_/X
 _4247_/X
 _4248_/X
 _4249_/X
 _4250_/X
 _4251_/X
 _4252_/X
 _4253_/X
 _4254_/X
 _4255_/X
 _4256_/X
 _4257_/X
 _4258_/X
 _4259_/X
 _4260_/X
 _4261_/X
 _4262_/X
 _4263_/X
 _4264_/X
 _4265_/X
 _4266_/X
 _4267_/X
 _4268_/X
 _4269_/X
 _4270_/X
 _4271_/X
 _4272_/X
 _4273_/X
 _4274_/X
 _4275_/X
 _4276_/X
 _4277_/X
 _4278_/X
 _4279_/X
 _4280_/Y
 _4281_/X
 _4282_/X
 _4283_/Y
 _4284_/Y
 _4285_/X
 _4286_/X
 _4287_/X
 _4288_/X
 _4289_/X
 _4290_/Y
 _4291_/X
 _4292_/Y
 _4293_/Y
 _4294_/X
 _4295_/X
 _4296_/Y
 _4297_/Y
 _4298_/X
 _4299_/X
 _4300_/X
 _4301_/X
 _4302_/X
 _4303_/X
 _4304_/Y
 _4305_/X
 _4306_/X
 _4307_/X
 _4308_/X
 _4309_/Y
 _4310_/X
 _4311_/X
 _4312_/X
 _4313_/X
 _4314_/Y
 _4315_/Y
 _4316_/X
 _4317_/X
 _4318_/X
 _4319_/X
 _4320_/Y
 _4321_/Y
 _4322_/X
 _4323_/X
 _4324_/X
 _4325_/X
 _4326_/Y
 _4327_/Y
 _4328_/X
 _4329_/X
 _4330_/X
 _4331_/Y
 _4332_/Y
 _4333_/X
 _4334_/X
 _4335_/Y
 _4336_/X
 _4337_/X
 _4338_/X
 _4339_/X
 _4340_/Y
 _4341_/X
 _4342_/X
 _4343_/X
 _4344_/X
 _4345_/X
 _4346_/X
 _4347_/X
 _4348_/X
 _4349_/X
 _4350_/X
 _4351_/X
 _4352_/Y
 _4353_/Y
 _4354_/X
 _4355_/X
 _4356_/X
 _4357_/Y
 _4358_/Y
 _4359_/X
 _4360_/X
 _4361_/X
 _4362_/X
 _4363_/X
 _4364_/X
 _4365_/Y
 _4366_/Y
 _4367_/X
 _4368_/X
 _4369_/X
 _4370_/Y
 _4371_/Y
 _4372_/X
 _4373_/X
 _4374_/X
 _4375_/X
 _4376_/X
 _4377_/X
 _4378_/Y
 _4379_/Y
 _4380_/X
 _4381_/X
 _4382_/X
 _4383_/Y
 _4384_/Y
 _4385_/X
 _4386_/X
 _4387_/X
 _4388_/X
 _4389_/X
 _4390_/X
 _4391_/Y
 _4392_/Y
 _4393_/X
 _4394_/X
 _4395_/X
 _4396_/Y
 _4397_/Y
 _4398_/X
 _4399_/X
 _4400_/Y
 _4401_/Y
 _4402_/X
 _4403_/X
 _4404_/X
 _4405_/X
 _4406_/X
 _4407_/X
 _4408_/X
 _4409_/Y
 _4410_/X
 _4411_/Y
 _4412_/X
 _4413_/X
 _4414_/X
 _4415_/X
 _4416_/Y
 _4417_/X
 _4418_/X
 _4419_/X
 _4420_/X
 _4421_/X
 _4422_/X
 _4423_/X
 _4424_/X
 _4425_/Y
 _4426_/Y
 _4427_/X
 _4428_/Y
 _4429_/X
 _4430_/X
 _4431_/X
 _4432_/X
 _4433_/Y
 _4434_/X
 _4435_/X
 _4436_/X
 _4437_/X
 _4438_/X
 _4439_/X
 _4440_/X
 _4441_/X
 _4442_/X
 _4443_/X
 _4444_/X
 _4445_/Y
 _4446_/X
 _4447_/X
 _4448_/X
 _4449_/Y
 _4450_/X
 _4451_/Y
 _4452_/X
 _4453_/Y
 _4454_/X
 _4455_/Y
 _4456_/X
 _4457_/X
 _4458_/X
 _4459_/X
 _4460_/X
 _4461_/X
 _4462_/X
 _4463_/X
 _4464_/X
 _4465_/X
 _4466_/X
 _4467_/X
 _4468_/X
 _4469_/X
 _4470_/X
 _4471_/X
 _4472_/X
 _4473_/X
 _4474_/X
 _4475_/X
 _4476_/X
 _4477_/X
 _4478_/X
 _4479_/X
 _4480_/X
 _4481_/X
 _4482_/X
 _4483_/X
 _4484_/X
 _4485_/X
 _4486_/X
 _4487_/X
 _4488_/X
 _4489_/X
 _4490_/X
 _4491_/X
 _4492_/X
 _4493_/X
 _4494_/X
 _4495_/X
 _4496_/X
 _4497_/X
 _4498_/X
 _4499_/X
 _4500_/X
 _4501_/X
 _4502_/X
 _4503_/X
 _4504_/X
 _4505_/X
 _4506_/X
 _4507_/X
 _4508_/X
 _4509_/X
 _4510_/X
 _4511_/X
 _4512_/X
 _4513_/X
 _4514_/X
 _4515_/X
 _4516_/X
 _4517_/X
 _4518_/X
 _4519_/X
 _4520_/X
 _4521_/X
 _4522_/X
 _4523_/X
 _4524_/X
 _4525_/X
 _4526_/X
 _4527_/X
 _4528_/X
 _4529_/X
 _4530_/X
 _4531_/X
 _4532_/X
 _4533_/X
 _4534_/X
 _4535_/X
 _4536_/X
 _4537_/X
 _4538_/X
 _4539_/X
 _4540_/X
 _4541_/X
 _4542_/X
 _4543_/Y
 _4544_/X
 _4545_/X
 _4546_/X
 _4547_/X
 _4548_/X
 _4549_/X
 _4550_/X
 _4551_/X
 _4552_/X
 _4553_/X
 _4554_/X
 _4555_/X
 _4556_/X
 _4557_/X
 _4558_/X
 _4559_/X
 _4560_/X
 _4561_/X
 _4562_/X
 _4563_/X
 _4564_/X
 _4565_/X
 _4566_/X
 _4567_/X
 _4568_/X
 _4569_/X
 _4570_/X
 _4571_/X
 _4572_/X
 _4573_/X
 _4574_/X
 _4575_/X
 _4576_/X
 _4577_/X
 _4578_/X
 _4579_/X
 _4580_/X
 _4581_/X
 _4582_/X
 _4583_/X
 _4584_/X
 _4585_/X
 _4586_/X
 _4587_/X
 _4588_/X
 _4589_/X
 _4590_/X
 _4591_/X
 _4592_/X
 _4593_/X
 _4594_/X
 _4595_/X
 _4596_/X
 _4597_/X
 _4598_/X
 _4599_/X
 _4600_/X
 _4601_/X
 _4602_/X
 _4603_/X
 _4604_/X
 _4605_/X
 _4606_/X
 _4607_/X
 _4608_/X
 _4609_/X
 _4610_/X
 _4611_/X
 _4612_/X
 _4613_/X
 _4614_/X
 _4615_/X
 _4616_/X
 _4617_/X
 _4618_/X
 _4619_/X
 _4620_/X
 _4621_/X
 _4622_/X
 _4623_/X
 _4624_/X
 _4625_/X
 _4626_/X
 _4627_/X
 _4628_/X
 _4629_/X
 _4630_/X
 _4631_/X
 _4632_/X
 _4633_/X
 _4634_/X
 _4635_/X
 _4636_/X
 _4637_/X
 _4638_/X
 _4639_/X
 _4640_/X
 _4641_/X
 _4642_/X
 _4643_/X
 _4644_/X
 _4645_/X
 _4646_/X
 _4647_/X
 _4648_/X
 _4649_/X
 _4650_/X
 _4651_/X
 _4652_/X
 _4653_/X
 _4654_/X
 _4655_/X
 _4656_/X
 _4657_/X
 _4658_/X
 _4659_/X
 _4660_/X
 _4661_/X
 _4662_/X
 _4663_/X
 _4664_/X
 _4665_/X
 _4666_/X
 _4667_/X
 _4668_/X
 _4669_/X
 _4670_/X
 _4671_/X
 _4672_/X
 _4673_/X
 _4674_/X
 _4675_/X
 _4676_/X
 _4677_/X
 _4678_/X
 _4679_/X
 _4680_/X
 _4681_/X
 _4682_/X
 _4683_/X
 _4684_/X
 _4685_/X
 _4686_/X
 _4687_/X
 _4688_/X
 _4689_/X
 _4690_/X
 _4691_/X
 _4692_/X
 _4693_/X
 _4694_/X
 _4695_/X
 _4696_/X
 _4697_/X
 _4698_/X
 _4699_/X
 _4700_/X
 _4701_/X
 _4702_/X
 _4703_/X
 _4704_/X
 _4705_/X
 _4706_/X
 _4707_/X
 _4708_/X
 _4709_/X
 _4710_/X
 _4711_/X
 _4712_/X
 _4713_/X
 _4714_/X
 _4715_/X
 _4716_/X
 _4717_/X
 _4718_/X
 _4719_/X
 _4720_/X
 _4721_/X
 _4722_/X
 _4723_/X
 _4724_/X
 _4725_/X
 _4726_/X
 _4727_/X
 _4728_/X
 _4729_/X
 _4730_/X
 _4731_/X
 _4732_/X
 _4733_/X
 _4734_/X
 _4735_/X
 _4736_/X
 _4737_/X
 _4738_/X
 _4739_/X
 _4740_/X
 _4741_/X
 _4742_/X
 _4743_/X
 _4744_/X
 _4745_/X
 _4746_/X
 _4747_/X
 _4748_/X
 _4749_/X
 _4750_/X
 _4751_/X
 _4752_/X
 _4753_/X
 _4754_/X
 _4755_/X
 _4756_/X
 _4757_/X
 _4758_/X
 _4759_/X
 _4760_/X
 _4761_/X
 _4762_/X
 _4763_/X
 _4764_/X
 _4765_/X
 _4766_/X
 _4767_/X
 _4768_/X
 _4769_/X
 _4770_/X
 _4771_/X
 _4772_/X
 _4773_/X
 _4774_/X
 _4775_/X
 _4776_/X
 _4777_/X
 _4778_/X
 _4779_/X
 _4780_/X
 _4781_/X
 _4782_/X
 _4783_/X
 _4784_/X
 _4785_/X
 _4786_/X
 _4787_/X
 _4788_/X
 _4789_/X
 _4790_/X
 _4791_/X
 _4792_/X
 _4793_/X
 _4794_/X
 _4795_/X
 _4796_/X
 _4797_/X
 _4798_/X
 _4799_/X
 _4800_/X
 _4801_/X
 _4802_/X
 _4803_/X
 _4804_/X
 _4805_/X
 _4806_/X
 _4807_/X
 _4808_/X
 _4809_/X
 _4810_/X
 _4811_/X
 _4812_/X
 _4813_/X
 _4814_/X
 _4815_/X
 _4816_/X
 _4817_/X
 _4818_/X
 _4819_/X
 _4820_/Q
 _4821_/Q
 _4822_/Q
 _4823_/Q
 _4824_/Q
 _4825_/Q
 _4826_/Q
 _4827_/Q
 _4828_/Q
 _4829_/Q
 _4830_/Q
 _4831_/Q
 _4832_/Q
 _4833_/Q
 _4834_/Q
 _4835_/Q
 _4836_/Q
 _4837_/Q
 _4838_/Q
 _4839_/Q
 _4840_/Q
 _4841_/Q
 _4842_/Q
 _4843_/Q
 _4844_/Q
 _4845_/Q
 _4846_/Q
 _4847_/Q
 _4848_/Q
 _4849_/Q
 _4850_/Q
 _4851_/Q
 _4852_/Q
 _4853_/Q
 _4854_/Q
 _4855_/Q
 _4856_/Q
 _4857_/Q
 _4858_/Q
 _4859_/Q
 _4860_/Q
 _4861_/Q
 _4862_/Q
 _4863_/Q
 _4864_/Q
 _4865_/Q
 _4866_/Q
 _4867_/Q
 _4868_/Q
 _4869_/Q
 _4870_/Q
 _4871_/Q
 _4872_/Q
 _4873_/Q
 _4874_/Q
 _4875_/Q
 _4876_/Q
 _4877_/Q
 _4878_/Q
 _4879_/Q
 _4880_/Q
 _4881_/Q
 _4882_/Q
 _4883_/Q
 _4884_/Q
 _4885_/Q
 _4886_/Q
 _4887_/Q
 _4888_/Q
 _4889_/Q
 _4890_/Q
 _4891_/Q
 _4892_/Q
 _4893_/Q
 _4894_/Q
 _4895_/Q
 _4896_/Q
 _4897_/Q
 _4898_/Q
 _4899_/Q
 _4900_/Q
 _4901_/Q
 _4902_/Q
 _4903_/Q
 _4904_/Q
 _4905_/Q
 _4906_/Q
 _4907_/Q
 _4908_/Q
 _4909_/Q
 _4910_/Q
 _4911_/Q
 _4912_/Q
 _4913_/Q
 _4914_/Q
 _4915_/Q
 _4916_/Q
 _4917_/Q
 _4918_/Q
 _4919_/Q
 _4920_/Q
 _4921_/Q
 _4922_/Q
 _4923_/Q
 _4924_/Q
 _4925_/Q
 _4926_/Q
 _4927_/Q
 _4928_/Q
 _4929_/Q
 _4930_/Q
 _4931_/Q
 _4932_/Q
 _4933_/Q
 _4934_/Q
 _4935_/Q
 _4936_/Q
 _4937_/Q
 _4938_/Q
 _4939_/Q
 _4940_/Q
 _4941_/Q
 _4942_/Q
 _4943_/Q
 _4944_/Q
 _4945_/Q
 _4946_/Q
 _4947_/Q
 _4948_/Q
 _4949_/Q
 _4950_/Q
 _4951_/Q
 _4952_/Q
 _4953_/Q
 _4954_/Q
 _4955_/Q
 _4956_/Q
 _4957_/Q
 _4958_/Q
 _4959_/Q
 _4960_/Q
 _4961_/Q
 _4962_/Q
 _4963_/Q
 _4964_/Q
 _4965_/Q
 _4966_/Q
 _4967_/Q
 _4968_/Q
 _4969_/Q
 _4970_/Q
 _4971_/Q
 _4972_/Q
 _4973_/Q
 _4974_/Q
 _4975_/Q
 _4976_/Q
 _4977_/Q
 _4978_/Q
 _4979_/Q
 _4980_/Q
 _4981_/Q
 _4982_/Q
 _4983_/Q
 _4984_/Q
 _4985_/Q
 _4986_/Q
 _4987_/Q
 _4988_/Q
 _4989_/Q
 _4990_/Q
 _4991_/Q
 _4992_/Q
 _4993_/Q
 _4994_/Q
 _4995_/Q
 _4996_/Q
 _4997_/Q
 _4998_/Q
 _4999_/Q
 _5000_/Q
 _5001_/Q
 _5002_/Q
 _5003_/Q
 _5004_/Q
 _5005_/Q
 _5006_/Q
 _5007_/Q
 _5008_/Q
 _5009_/Q
 _5010_/Q
 _5011_/Q
 _5012_/Q
 _5013_/Q
 _5014_/Q
 _5015_/Q
 _5016_/Q
 _5017_/Q
 _5018_/Q
 _5019_/Q
 _5020_/Q
 _5021_/Q
 _5022_/Q
 _5023_/Q
 _5024_/Q
 _5025_/Q
 _5026_/Q
 _5027_/Q
 _5028_/Q
 _5029_/Q
 _5030_/Q
 _5031_/Q
 _5032_/Q
 _5033_/Q
 _5034_/Q
 _5035_/Q
 _5036_/Q
 _5037_/Q
 _5038_/Q
 _5039_/Q
 _5040_/Q
 _5041_/Q
 _5042_/Q
 _5043_/Q
 _5044_/Q
 _5045_/Q
 _5046_/Q
 _5047_/Q
 _5048_/Q
 _5049_/Q
 _5050_/Q
 _5051_/Q
 _5052_/Q
 _5053_/Q
 _5054_/Q
 _5055_/Q
 _5056_/Q
 _5057_/Q
 _5058_/Q
 _5059_/Q
 _5060_/Q
 _5061_/Q
 _5062_/Q
 _5063_/Q
 _5064_/Q
 _5065_/Q
 _5066_/Q
 _5067_/Q
 _5068_/Q
 _5069_/Q
 _5070_/Q
 _5071_/Q
 _5072_/Q
 _5073_/Q
 _5074_/Q
 _5075_/Q
 _5076_/Q
 _5077_/Q
 _5078_/Q
 _5079_/Q
 _5080_/Q
 _5081_/Q
 _5082_/Q
 _5083_/Q
 _5084_/Q
 _5085_/Q
 _5086_/Q
 _5087_/Q
 _5088_/Q
 _5089_/Q
 _5090_/Q
 _5091_/Q
 _5092_/Q
 _5093_/Q
 _5094_/Q
 _5095_/Q
 _5096_/Q
 _5097_/Q
 _5098_/Q
 _5099_/Q
 _5100_/Q
 _5101_/Q
 _5102_/Q
 _5103_/Q
 _5104_/Q
 _5105_/Q
 _5106_/Q
 _5107_/Q
 _5108_/Q
 _5109_/Q
 _5110_/Q
 _5111_/Q
 _5112_/Q
 _5113_/Q
 _5114_/Q
 _5115_/Q
 _5116_/Q
 _5117_/Q
 _5118_/Q
 _5119_/Q
 _5120_/Q
 _5121_/Q
 _5122_/Q
 _5123_/Q
 _5124_/Q
 _5125_/Q
 _5126_/Q
 _5127_/Q
 _5128_/Q
 _5129_/Q
 _5130_/Q
 _5131_/Q
 _5132_/Q
 _5133_/Q
 _5134_/Q
 _5135_/Q
 _5136_/Q
 _5137_/Q
 _5138_/Q
 _5139_/Q
 _5140_/Q
 _5141_/Q
 _5142_/Q
 _5143_/Q
 _5144_/Q
 _5145_/Q
 _5146_/Q
 _5147_/Q
 _5148_/Q
 _5149_/Q
 _5150_/Q
 _5151_/Q
 _5152_/Q
 _5153_/Q
 _5154_/Q
 _5155_/Q
 _5156_/Q
 _5157_/Q
 _5158_/Q
 _5159_/Q
 _5160_/Q
 _5161_/Q
 _5162_/Q
 _5163_/Q
 _5164_/Q
 _5165_/Q
 _5166_/Q
 _5167_/Q
 _5168_/Q
 _5169_/Q
 _5170_/Q
 _5171_/Q
 _5172_/Q
 _5173_/Q
 _5174_/Q
 _5175_/Q
 _5176_/Q
 _5177_/Q
 _5178_/Q
 _5179_/Q
 _5180_/Q
 _5181_/Q
 _5182_/Q
 _5183_/Q
 _5184_/Q
 _5185_/Q
 _5186_/Q
 _5187_/Q
 _5188_/Q
 _5189_/Q
 _5190_/Q
 _5191_/Q
 _5192_/Q
 _5193_/Q
 _5194_/Q
 _5195_/Q
 _5196_/Q
 _5197_/Q
 _5198_/Q
 _5199_/Q
 _5200_/Q
 _5201_/Q
 _5202_/Q
 _5203_/Q
 _5204_/Q
 _5205_/Q
 _5206_/Q
 _5207_/Q
 _5208_/Q
 _5209_/Q
 _5210_/Q
 _5211_/Q
 _5212_/Q
 _5213_/Q
 _5214_/Q
 _5215_/Q
 _5216_/Q
 _5217_/Q
 _5218_/Q
 _5219_/Q
 _5220_/Q
 _5221_/Q
 _5222_/Q
 _5223_/Q
 _5224_/Q
 _5225_/Q
 _5226_/Q
 _5227_/Q
 _5228_/Q
 _5229_/Q
 _5230_/Q
 _5231_/Q
 _5232_/Q
 _5233_/Q
 _5234_/Q
 _5235_/Q
 _5236_/Q
 _5237_/Q
 _5238_/Q
 _5239_/Q
 _5240_/Q
 _5241_/Q
 _5242_/Q
 _5243_/Q
 _5244_/Q
 _5245_/Q
 _5246_/Q
 _5247_/Q
 _5248_/Q
 _5249_/Q
 _5250_/Q
 _5251_/Q
 _5252_/Q
 _5253_/Q
 _5254_/Q
 _5255_/Q
 _5256_/Q
 _5257_/Q
 _5258_/Q
 _5259_/Q
 _5260_/Q
 _5261_/Q
 _5262_/Q
 _5263_/Q
 _5264_/Q
 _5265_/Q
 _5266_/Q
 _5267_/Q
 _5268_/Q
 _5269_/Q
 _5270_/Q
 _5271_/Q
 _5272_/Q
 _5273_/Q
 _5274_/Q
 _5275_/Q
 _5276_/Q
 _5277_/Q
 _5278_/Q
 _5279_/Q
 _5280_/Q
 _5281_/Q
 _5282_/Q
 _5283_/Q
 _5284_/Q
 _5285_/Q
 _5286_/Q
 _5287_/Q
 _5288_/Q
 _5289_/Q
 _5290_/Q
 _5291_/Q
 _5292_/Q
 _5293_/Q
 _5294_/Q
 _5295_/Q
 _5296_/Q
 _5297_/Q
 _5298_/Q
 _5299_/Q
 _5300_/Q
 _5301_/Q
 _5302_/Q
 _5303_/Q
 _5304_/Q
 _5305_/Q
 _5306_/Q
 _5307_/HI
 _5307_/LO
 _5308_/HI
 _5308_/LO
 _5309_/HI
 _5309_/LO
 _5310_/HI
 _5310_/LO
 _5311_/HI
 _5311_/LO
 _5312_/HI
 _5312_/LO
 _5313_/HI
 _5313_/LO
 _5314_/HI
 _5314_/LO
 _5315_/HI
 _5315_/LO
 _5316_/HI
 _5316_/LO
 _5317_/HI
 _5317_/LO
 _5318_/HI
 _5318_/LO
 _5319_/HI
 _5319_/LO
 _5320_/HI
 _5320_/LO
 _5321_/HI
 _5321_/LO
 _5322_/HI
 _5322_/LO
 _5323_/HI
 _5323_/LO
 _5324_/HI
 _5324_/LO
 _5325_/HI
 _5325_/LO
 _5326_/HI
 _5326_/LO
 _5327_/HI
 _5327_/LO
 _5328_/HI
 _5328_/LO
 _5329_/HI
 _5329_/LO
 _5330_/HI
 _5330_/LO
 _5331_/HI
 _5331_/LO
 _5332_/HI
 _5332_/LO
 _5333_/HI
 _5333_/LO
 _5334_/HI
 _5334_/LO
 _5335_/HI
 _5335_/LO
 _5336_/HI
 _5336_/LO
 _5337_/HI
 _5337_/LO
 _5338_/HI
 _5338_/LO
 _5339_/HI
 _5339_/LO
 _5340_/HI
 _5340_/LO
 _5341_/HI
 _5341_/LO
 _5342_/HI
 _5342_/LO
 _5343_/HI
 _5343_/LO
 _5344_/HI
 _5344_/LO
 _5345_/HI
 _5345_/LO
 _5346_/HI
 _5346_/LO
 _5347_/X
 _5348_/X
 _5349_/X
 _5350_/X
 _5351_/X
 _5352_/X
 _5353_/X
 _5354_/X
 _5355_/X
 _5356_/X
Found 0 partially unannotated drivers.

===========================================================================
max slew violation count 448
max fanout violation count 1
max cap violation count 1
============================================================================

===========================================================================
check_setup -verbose -unconstrained_endpoints -multiple_clock -no_clock -no_input_delay -loops -generated_clocks
===========================================================================
Warning: There are 40 unconstrained endpoints.
  dmem_addr_o[0]
  dmem_addr_o[1]
  imem_be_o[0]
  imem_be_o[1]
  imem_be_o[2]
  imem_be_o[3]
  imem_req_o
  imem_wdata_o[0]
  imem_wdata_o[10]
  imem_wdata_o[11]
  imem_wdata_o[12]
  imem_wdata_o[13]
  imem_wdata_o[14]
  imem_wdata_o[15]
  imem_wdata_o[16]
  imem_wdata_o[17]
  imem_wdata_o[18]
  imem_wdata_o[19]
  imem_wdata_o[1]
  imem_wdata_o[20]
  imem_wdata_o[21]
  imem_wdata_o[22]
  imem_wdata_o[23]
  imem_wdata_o[24]
  imem_wdata_o[25]
  imem_wdata_o[26]
  imem_wdata_o[27]
  imem_wdata_o[28]
  imem_wdata_o[29]
  imem_wdata_o[2]
  imem_wdata_o[30]
  imem_wdata_o[31]
  imem_wdata_o[3]
  imem_wdata_o[4]
  imem_wdata_o[5]
  imem_wdata_o[6]
  imem_wdata_o[7]
  imem_wdata_o[8]
  imem_wdata_o[9]
  imem_we_o
